[ 2016-08-18T10:06:34+08:00 ] 127.0.0.1 /Extra/Index/poster_manage
INFO: [ app_init ] --START--
INFO: Run Behavior\BuildLiteBehavior [ RunTime:0.000008s ]
INFO: [ app_init ] --END-- [ RunTime:0.000236s ]
INFO: [ app_begin ] --START--
INFO: Run Behavior\ReadHtmlCacheBehavior [ RunTime:0.000325s ]
INFO: [ app_begin ] --END-- [ RunTime:0.000370s ]
SQL: SHOW COLUMNS FROM `menu` [ RunTime:0.0063s ]
SQL: SELECT * FROM `menu` WHERE ( level = 1 AND trash = '0' ) ORDER BY sort ASC  [ RunTime:0.0003s ]
SQL: SELECT * FROM `menu` WHERE ( father = 1 AND trash = '0' ) ORDER BY sort ASC  [ RunTime:0.0002s ]
SQL: SELECT * FROM `menu` WHERE ( father = 2 AND trash = '0' ) ORDER BY sort ASC  [ RunTime:0.0002s ]
SQL: SELECT * FROM `menu` WHERE ( father = 3 AND trash = '0' ) ORDER BY sort ASC  [ RunTime:0.0002s ]
SQL: SELECT * FROM `menu` WHERE ( father = 6 AND trash = '0' ) ORDER BY sort ASC  [ RunTime:0.0002s ]
SQL: SELECT * FROM `menu` WHERE ( father = 7 AND trash = '0' ) ORDER BY sort ASC  [ RunTime:0.0002s ]
SQL: SHOW COLUMNS FROM `poster_place` [ RunTime:0.0045s ]
SQL: SHOW COLUMNS FROM `poster` [ RunTime:0.0039s ]
SQL: SHOW COLUMNS FROM `poster_btn` [ RunTime:0.0045s ]
SQL: SELECT * FROM `poster_place` WHERE ( trash = '0' )  [ RunTime:0.0002s ]
INFO: [ view_parse ] --START--
INFO: [ template_filter ] --START--
INFO: Run Behavior\ContentReplaceBehavior [ RunTime:0.000039s ]
INFO: [ template_filter ] --END-- [ RunTime:0.000097s ]
NOTIC: [8] Use of undefined constant poster_place - assumed 'poster_place' D:\www\ctspace\Application\Runtime\Cache\Extra\1d50a370ef2387876126677e11554798.php 第 23 行.
NOTIC: [2] Invalid argument supplied for foreach() D:\www\ctspace\Application\Runtime\Cache\Extra\1d50a370ef2387876126677e11554798.php 第 23 行.
INFO: Run Behavior\ParseTemplateBehavior [ RunTime:0.026072s ]
INFO: [ view_parse ] --END-- [ RunTime:0.026104s ]
INFO: [ view_filter ] --START--
INFO: Run Behavior\WriteHtmlCacheBehavior [ RunTime:0.000146s ]
INFO: [ view_filter ] --END-- [ RunTime:0.000168s ]
INFO: [ app_end ] --START--
INFO: Run Behavior\ShowPageTraceBehavior [ RunTime:0.000261s ]
INFO: [ app_end ] --END-- [ RunTime:0.000285s ]

[ 2016-08-18T10:07:00+08:00 ] 127.0.0.1 /Extra/Index/poster_manage
INFO: [ app_init ] --START--
INFO: Run Behavior\BuildLiteBehavior [ RunTime:0.000009s ]
INFO: [ app_init ] --END-- [ RunTime:0.000257s ]
INFO: [ app_begin ] --START--
INFO: Run Behavior\ReadHtmlCacheBehavior [ RunTime:0.000353s ]
INFO: [ app_begin ] --END-- [ RunTime:0.000386s ]
SQL: SHOW COLUMNS FROM `menu` [ RunTime:0.0061s ]
SQL: SELECT * FROM `menu` WHERE ( level = 1 AND trash = '0' ) ORDER BY sort ASC  [ RunTime:0.0003s ]
SQL: SELECT * FROM `menu` WHERE ( father = 1 AND trash = '0' ) ORDER BY sort ASC  [ RunTime:0.0002s ]
SQL: SELECT * FROM `menu` WHERE ( father = 2 AND trash = '0' ) ORDER BY sort ASC  [ RunTime:0.0002s ]
SQL: SELECT * FROM `menu` WHERE ( father = 3 AND trash = '0' ) ORDER BY sort ASC  [ RunTime:0.0002s ]
SQL: SELECT * FROM `menu` WHERE ( father = 6 AND trash = '0' ) ORDER BY sort ASC  [ RunTime:0.0002s ]
SQL: SELECT * FROM `menu` WHERE ( father = 7 AND trash = '0' ) ORDER BY sort ASC  [ RunTime:0.0002s ]
SQL: SHOW COLUMNS FROM `poster_place` [ RunTime:0.0040s ]
SQL: SHOW COLUMNS FROM `poster` [ RunTime:0.0055s ]
SQL: SHOW COLUMNS FROM `poster_btn` [ RunTime:0.0041s ]
SQL: SELECT * FROM `poster_place` WHERE ( trash = '0' )  [ RunTime:0.0002s ]
INFO: [ view_parse ] --START--
INFO: [ template_filter ] --START--
INFO: Run Behavior\ContentReplaceBehavior [ RunTime:0.000028s ]
INFO: [ template_filter ] --END-- [ RunTime:0.000056s ]
NOTIC: [8] Use of undefined constant poster_place - assumed 'poster_place' D:\www\ctspace\Application\Runtime\Cache\Extra\1d50a370ef2387876126677e11554798.php 第 23 行.
NOTIC: [2] Invalid argument supplied for foreach() D:\www\ctspace\Application\Runtime\Cache\Extra\1d50a370ef2387876126677e11554798.php 第 23 行.
INFO: Run Behavior\ParseTemplateBehavior [ RunTime:0.003921s ]
INFO: [ view_parse ] --END-- [ RunTime:0.003950s ]
INFO: [ view_filter ] --START--
INFO: Run Behavior\WriteHtmlCacheBehavior [ RunTime:0.000184s ]
INFO: [ view_filter ] --END-- [ RunTime:0.000207s ]
INFO: [ app_end ] --START--
INFO: Run Behavior\ShowPageTraceBehavior [ RunTime:0.000307s ]
INFO: [ app_end ] --END-- [ RunTime:0.000333s ]

[ 2016-08-18T10:07:26+08:00 ] 127.0.0.1 /Extra/Index/poster_manage
INFO: [ app_init ] --START--
INFO: Run Behavior\BuildLiteBehavior [ RunTime:0.000008s ]
INFO: [ app_init ] --END-- [ RunTime:0.000256s ]
INFO: [ app_begin ] --START--
INFO: Run Behavior\ReadHtmlCacheBehavior [ RunTime:0.000354s ]
INFO: [ app_begin ] --END-- [ RunTime:0.000388s ]
SQL: SHOW COLUMNS FROM `menu` [ RunTime:0.0066s ]
SQL: SELECT * FROM `menu` WHERE ( level = 1 AND trash = '0' ) ORDER BY sort ASC  [ RunTime:0.0003s ]
SQL: SELECT * FROM `menu` WHERE ( father = 1 AND trash = '0' ) ORDER BY sort ASC  [ RunTime:0.0002s ]
SQL: SELECT * FROM `menu` WHERE ( father = 2 AND trash = '0' ) ORDER BY sort ASC  [ RunTime:0.0002s ]
SQL: SELECT * FROM `menu` WHERE ( father = 3 AND trash = '0' ) ORDER BY sort ASC  [ RunTime:0.0002s ]
SQL: SELECT * FROM `menu` WHERE ( father = 6 AND trash = '0' ) ORDER BY sort ASC  [ RunTime:0.0002s ]
SQL: SELECT * FROM `menu` WHERE ( father = 7 AND trash = '0' ) ORDER BY sort ASC  [ RunTime:0.0002s ]
SQL: SHOW COLUMNS FROM `poster_place` [ RunTime:0.0036s ]
SQL: SHOW COLUMNS FROM `poster` [ RunTime:0.0042s ]
SQL: SHOW COLUMNS FROM `poster_btn` [ RunTime:0.0043s ]
SQL: SELECT * FROM `poster_place` WHERE ( trash = '0' )  [ RunTime:0.0002s ]
INFO: [ view_parse ] --START--
INFO: [ template_filter ] --START--
INFO: Run Behavior\ContentReplaceBehavior [ RunTime:0.000032s ]
INFO: [ template_filter ] --END-- [ RunTime:0.000062s ]
INFO: Run Behavior\ParseTemplateBehavior [ RunTime:0.009073s ]
INFO: [ view_parse ] --END-- [ RunTime:0.009122s ]
INFO: [ view_filter ] --START--
INFO: Run Behavior\WriteHtmlCacheBehavior [ RunTime:0.000228s ]
INFO: [ view_filter ] --END-- [ RunTime:0.000254s ]
INFO: [ app_end ] --START--
INFO: Run Behavior\ShowPageTraceBehavior [ RunTime:0.000351s ]
INFO: [ app_end ] --END-- [ RunTime:0.000380s ]

[ 2016-08-18T10:09:11+08:00 ] 127.0.0.1 /Extra/Index/poster_manage
INFO: [ app_init ] --START--
INFO: Run Behavior\BuildLiteBehavior [ RunTime:0.000009s ]
INFO: [ app_init ] --END-- [ RunTime:0.000236s ]
INFO: [ app_begin ] --START--
INFO: Run Behavior\ReadHtmlCacheBehavior [ RunTime:0.000291s ]
INFO: [ app_begin ] --END-- [ RunTime:0.000326s ]
SQL: SHOW COLUMNS FROM `menu` [ RunTime:0.0058s ]
SQL: SELECT * FROM `menu` WHERE ( level = 1 AND trash = '0' ) ORDER BY sort ASC  [ RunTime:0.0003s ]
SQL: SELECT * FROM `menu` WHERE ( father = 1 AND trash = '0' ) ORDER BY sort ASC  [ RunTime:0.0002s ]
SQL: SELECT * FROM `menu` WHERE ( father = 2 AND trash = '0' ) ORDER BY sort ASC  [ RunTime:0.0002s ]
SQL: SELECT * FROM `menu` WHERE ( father = 3 AND trash = '0' ) ORDER BY sort ASC  [ RunTime:0.0002s ]
SQL: SELECT * FROM `menu` WHERE ( father = 6 AND trash = '0' ) ORDER BY sort ASC  [ RunTime:0.0002s ]
SQL: SELECT * FROM `menu` WHERE ( father = 7 AND trash = '0' ) ORDER BY sort ASC  [ RunTime:0.0002s ]
SQL: SHOW COLUMNS FROM `poster_place` [ RunTime:0.0039s ]
SQL: SHOW COLUMNS FROM `poster` [ RunTime:0.0042s ]
SQL: SHOW COLUMNS FROM `poster_btn` [ RunTime:0.0038s ]
SQL: SELECT * FROM `poster_place` WHERE ( trash = '0' )  [ RunTime:0.0002s ]
INFO: [ view_parse ] --START--
INFO: [ template_filter ] --START--
INFO: Run Behavior\ContentReplaceBehavior [ RunTime:0.000031s ]
INFO: [ template_filter ] --END-- [ RunTime:0.000070s ]
INFO: Run Behavior\ParseTemplateBehavior [ RunTime:0.008576s ]
INFO: [ view_parse ] --END-- [ RunTime:0.008622s ]
INFO: [ view_filter ] --START--
INFO: Run Behavior\WriteHtmlCacheBehavior [ RunTime:0.000152s ]
INFO: [ view_filter ] --END-- [ RunTime:0.000177s ]
INFO: [ app_end ] --START--
INFO: Run Behavior\ShowPageTraceBehavior [ RunTime:0.000270s ]
INFO: [ app_end ] --END-- [ RunTime:0.000296s ]

[ 2016-08-18T10:09:16+08:00 ] 127.0.0.1 /Extra/Index/poster_manage
INFO: [ app_init ] --START--
INFO: Run Behavior\BuildLiteBehavior [ RunTime:0.000008s ]
INFO: [ app_init ] --END-- [ RunTime:0.000305s ]
INFO: [ app_begin ] --START--
INFO: Run Behavior\ReadHtmlCacheBehavior [ RunTime:0.000357s ]
INFO: [ app_begin ] --END-- [ RunTime:0.000393s ]
SQL: SHOW COLUMNS FROM `menu` [ RunTime:0.0060s ]
SQL: SELECT * FROM `menu` WHERE ( level = 1 AND trash = '0' ) ORDER BY sort ASC  [ RunTime:0.0003s ]
SQL: SELECT * FROM `menu` WHERE ( father = 1 AND trash = '0' ) ORDER BY sort ASC  [ RunTime:0.0002s ]
SQL: SELECT * FROM `menu` WHERE ( father = 2 AND trash = '0' ) ORDER BY sort ASC  [ RunTime:0.0002s ]
SQL: SELECT * FROM `menu` WHERE ( father = 3 AND trash = '0' ) ORDER BY sort ASC  [ RunTime:0.0002s ]
SQL: SELECT * FROM `menu` WHERE ( father = 6 AND trash = '0' ) ORDER BY sort ASC  [ RunTime:0.0002s ]
SQL: SELECT * FROM `menu` WHERE ( father = 7 AND trash = '0' ) ORDER BY sort ASC  [ RunTime:0.0001s ]
SQL: SHOW COLUMNS FROM `poster_place` [ RunTime:0.0039s ]
SQL: SHOW COLUMNS FROM `poster` [ RunTime:0.0045s ]
SQL: SHOW COLUMNS FROM `poster_btn` [ RunTime:0.0041s ]
SQL: SELECT * FROM `poster_place` WHERE ( trash = '0' )  [ RunTime:0.0002s ]
INFO: [ view_parse ] --START--
INFO: [ template_filter ] --START--
INFO: Run Behavior\ContentReplaceBehavior [ RunTime:0.000030s ]
INFO: [ template_filter ] --END-- [ RunTime:0.000061s ]
INFO: Run Behavior\ParseTemplateBehavior [ RunTime:0.003862s ]
INFO: [ view_parse ] --END-- [ RunTime:0.003895s ]
INFO: [ view_filter ] --START--
INFO: Run Behavior\WriteHtmlCacheBehavior [ RunTime:0.000190s ]
INFO: [ view_filter ] --END-- [ RunTime:0.000213s ]
INFO: [ app_end ] --START--
INFO: Run Behavior\ShowPageTraceBehavior [ RunTime:0.000313s ]
INFO: [ app_end ] --END-- [ RunTime:0.000338s ]

[ 2016-08-18T10:09:17+08:00 ] 127.0.0.1 /Extra/Index/add_poster_place?action=edit&id=1
INFO: [ app_init ] --START--
INFO: Run Behavior\BuildLiteBehavior [ RunTime:0.000010s ]
INFO: [ app_init ] --END-- [ RunTime:0.000308s ]
INFO: [ app_begin ] --START--
INFO: Run Behavior\ReadHtmlCacheBehavior [ RunTime:0.000312s ]
INFO: [ app_begin ] --END-- [ RunTime:0.000346s ]
SQL: SHOW COLUMNS FROM `menu` [ RunTime:0.0065s ]
SQL: SELECT * FROM `menu` WHERE ( level = 1 AND trash = '0' ) ORDER BY sort ASC  [ RunTime:0.0005s ]
SQL: SELECT * FROM `menu` WHERE ( father = 1 AND trash = '0' ) ORDER BY sort ASC  [ RunTime:0.0002s ]
SQL: SELECT * FROM `menu` WHERE ( father = 2 AND trash = '0' ) ORDER BY sort ASC  [ RunTime:0.0002s ]
SQL: SELECT * FROM `menu` WHERE ( father = 3 AND trash = '0' ) ORDER BY sort ASC  [ RunTime:0.0002s ]
SQL: SELECT * FROM `menu` WHERE ( father = 6 AND trash = '0' ) ORDER BY sort ASC  [ RunTime:0.0002s ]
SQL: SELECT * FROM `menu` WHERE ( father = 7 AND trash = '0' ) ORDER BY sort ASC  [ RunTime:0.0002s ]
SQL: SHOW COLUMNS FROM `poster_place` [ RunTime:0.0040s ]
SQL: SHOW COLUMNS FROM `poster` [ RunTime:0.0042s ]
SQL: SHOW COLUMNS FROM `poster_btn` [ RunTime:0.0037s ]
SQL: SELECT * FROM `poster_place` WHERE ( id = 1 ) LIMIT 1   [ RunTime:0.0002s ]
INFO: [ view_parse ] --START--
INFO: [ template_filter ] --START--
INFO: Run Behavior\ContentReplaceBehavior [ RunTime:0.000033s ]
INFO: [ template_filter ] --END-- [ RunTime:0.000074s ]
INFO: Run Behavior\ParseTemplateBehavior [ RunTime:0.009995s ]
INFO: [ view_parse ] --END-- [ RunTime:0.010040s ]
INFO: [ view_filter ] --START--
INFO: Run Behavior\WriteHtmlCacheBehavior [ RunTime:0.000152s ]
INFO: [ view_filter ] --END-- [ RunTime:0.000179s ]
INFO: [ app_end ] --START--
INFO: Run Behavior\ShowPageTraceBehavior [ RunTime:0.000288s ]
INFO: [ app_end ] --END-- [ RunTime:0.000316s ]

[ 2016-08-18T10:09:26+08:00 ] 127.0.0.1 /Extra/Index/add_poster_place_submit
INFO: [ app_init ] --START--
INFO: Run Behavior\BuildLiteBehavior [ RunTime:0.000009s ]
INFO: [ app_init ] --END-- [ RunTime:0.000231s ]
INFO: [ app_begin ] --START--
INFO: Run Behavior\ReadHtmlCacheBehavior [ RunTime:0.000285s ]
INFO: [ app_begin ] --END-- [ RunTime:0.000320s ]
SQL: SHOW COLUMNS FROM `menu` [ RunTime:0.0108s ]
SQL: SELECT * FROM `menu` WHERE ( level = 1 AND trash = '0' ) ORDER BY sort ASC  [ RunTime:0.0003s ]
SQL: SELECT * FROM `menu` WHERE ( father = 1 AND trash = '0' ) ORDER BY sort ASC  [ RunTime:0.0002s ]
SQL: SELECT * FROM `menu` WHERE ( father = 2 AND trash = '0' ) ORDER BY sort ASC  [ RunTime:0.0002s ]
SQL: SELECT * FROM `menu` WHERE ( father = 3 AND trash = '0' ) ORDER BY sort ASC  [ RunTime:0.0002s ]
SQL: SELECT * FROM `menu` WHERE ( father = 6 AND trash = '0' ) ORDER BY sort ASC  [ RunTime:0.0002s ]
SQL: SELECT * FROM `menu` WHERE ( father = 7 AND trash = '0' ) ORDER BY sort ASC  [ RunTime:0.0002s ]
SQL: SHOW COLUMNS FROM `poster_place` [ RunTime:0.0311s ]
SQL: SHOW COLUMNS FROM `poster` [ RunTime:0.0304s ]
SQL: SHOW COLUMNS FROM `poster_btn` [ RunTime:0.0213s ]
SQL: UPDATE `poster_place` SET `cname`='主页版块按钮',`is_show`='N' WHERE ( id = 1 ) [ RunTime:0.0433s ]
INFO: [ view_parse ] --START--
INFO: [ template_filter ] --START--
INFO: Run Behavior\ContentReplaceBehavior [ RunTime:0.000078s ]
INFO: [ template_filter ] --END-- [ RunTime:0.000176s ]
INFO: Run Behavior\ParseTemplateBehavior [ RunTime:0.033855s ]
INFO: [ view_parse ] --END-- [ RunTime:0.033949s ]
INFO: [ view_filter ] --START--
INFO: Run Behavior\WriteHtmlCacheBehavior [ RunTime:0.000306s ]
INFO: [ view_filter ] --END-- [ RunTime:0.000354s ]
INFO: [ app_end ] --START--
INFO: Run Behavior\ShowPageTraceBehavior [ RunTime:0.000577s ]
INFO: [ app_end ] --END-- [ RunTime:0.000628s ]

[ 2016-08-18T10:09:27+08:00 ] 127.0.0.1 /Extra/Index/poster_manage
INFO: [ app_init ] --START--
INFO: Run Behavior\BuildLiteBehavior [ RunTime:0.000033s ]
INFO: [ app_init ] --END-- [ RunTime:0.000974s ]
INFO: [ app_begin ] --START--
INFO: Run Behavior\ReadHtmlCacheBehavior [ RunTime:0.001168s ]
INFO: [ app_begin ] --END-- [ RunTime:0.001302s ]
SQL: SHOW COLUMNS FROM `menu` [ RunTime:0.0095s ]
SQL: SELECT * FROM `menu` WHERE ( level = 1 AND trash = '0' ) ORDER BY sort ASC  [ RunTime:0.0007s ]
SQL: SELECT * FROM `menu` WHERE ( father = 1 AND trash = '0' ) ORDER BY sort ASC  [ RunTime:0.0005s ]
SQL: SELECT * FROM `menu` WHERE ( father = 2 AND trash = '0' ) ORDER BY sort ASC  [ RunTime:0.0004s ]
SQL: SELECT * FROM `menu` WHERE ( father = 3 AND trash = '0' ) ORDER BY sort ASC  [ RunTime:0.0005s ]
SQL: SELECT * FROM `menu` WHERE ( father = 6 AND trash = '0' ) ORDER BY sort ASC  [ RunTime:0.0004s ]
SQL: SELECT * FROM `menu` WHERE ( father = 7 AND trash = '0' ) ORDER BY sort ASC  [ RunTime:0.0003s ]
SQL: SHOW COLUMNS FROM `poster_place` [ RunTime:0.0066s ]
SQL: SHOW COLUMNS FROM `poster` [ RunTime:0.0065s ]
SQL: SHOW COLUMNS FROM `poster_btn` [ RunTime:0.0065s ]
SQL: SELECT * FROM `poster_place` WHERE ( trash = '0' )  [ RunTime:0.0003s ]
INFO: [ view_parse ] --START--
INFO: [ template_filter ] --START--
INFO: Run Behavior\ContentReplaceBehavior [ RunTime:0.000054s ]
INFO: [ template_filter ] --END-- [ RunTime:0.000113s ]
INFO: Run Behavior\ParseTemplateBehavior [ RunTime:0.016125s ]
INFO: [ view_parse ] --END-- [ RunTime:0.016207s ]
INFO: [ view_filter ] --START--
INFO: Run Behavior\WriteHtmlCacheBehavior [ RunTime:0.000301s ]
INFO: [ view_filter ] --END-- [ RunTime:0.000351s ]
INFO: [ app_end ] --START--
INFO: Run Behavior\ShowPageTraceBehavior [ RunTime:0.000561s ]
INFO: [ app_end ] --END-- [ RunTime:0.000615s ]

[ 2016-08-18T10:09:28+08:00 ] 127.0.0.1 /Extra/Index/poster_manage
INFO: [ app_init ] --START--
INFO: Run Behavior\BuildLiteBehavior [ RunTime:0.000009s ]
INFO: [ app_init ] --END-- [ RunTime:0.000232s ]
INFO: [ app_begin ] --START--
INFO: Run Behavior\ReadHtmlCacheBehavior [ RunTime:0.000287s ]
INFO: [ app_begin ] --END-- [ RunTime:0.000321s ]
SQL: SHOW COLUMNS FROM `menu` [ RunTime:0.0069s ]
SQL: SELECT * FROM `menu` WHERE ( level = 1 AND trash = '0' ) ORDER BY sort ASC  [ RunTime:0.0003s ]
SQL: SELECT * FROM `menu` WHERE ( father = 1 AND trash = '0' ) ORDER BY sort ASC  [ RunTime:0.0002s ]
SQL: SELECT * FROM `menu` WHERE ( father = 2 AND trash = '0' ) ORDER BY sort ASC  [ RunTime:0.0002s ]
SQL: SELECT * FROM `menu` WHERE ( father = 3 AND trash = '0' ) ORDER BY sort ASC  [ RunTime:0.0002s ]
SQL: SELECT * FROM `menu` WHERE ( father = 6 AND trash = '0' ) ORDER BY sort ASC  [ RunTime:0.0002s ]
SQL: SELECT * FROM `menu` WHERE ( father = 7 AND trash = '0' ) ORDER BY sort ASC  [ RunTime:0.0002s ]
SQL: SHOW COLUMNS FROM `poster_place` [ RunTime:0.0037s ]
SQL: SHOW COLUMNS FROM `poster` [ RunTime:0.0038s ]
SQL: SHOW COLUMNS FROM `poster_btn` [ RunTime:0.0038s ]
SQL: SELECT * FROM `poster_place` WHERE ( trash = '0' )  [ RunTime:0.0002s ]
INFO: [ view_parse ] --START--
INFO: [ template_filter ] --START--
INFO: Run Behavior\ContentReplaceBehavior [ RunTime:0.000033s ]
INFO: [ template_filter ] --END-- [ RunTime:0.000070s ]
INFO: Run Behavior\ParseTemplateBehavior [ RunTime:0.004766s ]
INFO: [ view_parse ] --END-- [ RunTime:0.004802s ]
INFO: [ view_filter ] --START--
INFO: Run Behavior\WriteHtmlCacheBehavior [ RunTime:0.000148s ]
INFO: [ view_filter ] --END-- [ RunTime:0.000173s ]
INFO: [ app_end ] --START--
INFO: Run Behavior\ShowPageTraceBehavior [ RunTime:0.000285s ]
INFO: [ app_end ] --END-- [ RunTime:0.000312s ]

[ 2016-08-18T10:09:30+08:00 ] 127.0.0.1 /Extra/Index/add_poster_place?action=edit&id=1
INFO: [ app_init ] --START--
INFO: Run Behavior\BuildLiteBehavior [ RunTime:0.000021s ]
INFO: [ app_init ] --END-- [ RunTime:0.000425s ]
INFO: [ app_begin ] --START--
INFO: Run Behavior\ReadHtmlCacheBehavior [ RunTime:0.000303s ]
INFO: [ app_begin ] --END-- [ RunTime:0.000337s ]
SQL: SHOW COLUMNS FROM `menu` [ RunTime:0.0055s ]
SQL: SELECT * FROM `menu` WHERE ( level = 1 AND trash = '0' ) ORDER BY sort ASC  [ RunTime:0.0003s ]
SQL: SELECT * FROM `menu` WHERE ( father = 1 AND trash = '0' ) ORDER BY sort ASC  [ RunTime:0.0002s ]
SQL: SELECT * FROM `menu` WHERE ( father = 2 AND trash = '0' ) ORDER BY sort ASC  [ RunTime:0.0002s ]
SQL: SELECT * FROM `menu` WHERE ( father = 3 AND trash = '0' ) ORDER BY sort ASC  [ RunTime:0.0002s ]
SQL: SELECT * FROM `menu` WHERE ( father = 6 AND trash = '0' ) ORDER BY sort ASC  [ RunTime:0.0002s ]
SQL: SELECT * FROM `menu` WHERE ( father = 7 AND trash = '0' ) ORDER BY sort ASC  [ RunTime:0.0002s ]
SQL: SHOW COLUMNS FROM `poster_place` [ RunTime:0.0045s ]
SQL: SHOW COLUMNS FROM `poster` [ RunTime:0.0040s ]
SQL: SHOW COLUMNS FROM `poster_btn` [ RunTime:0.0039s ]
SQL: SELECT * FROM `poster_place` WHERE ( id = 1 ) LIMIT 1   [ RunTime:0.0002s ]
INFO: [ view_parse ] --START--
INFO: [ template_filter ] --START--
INFO: Run Behavior\ContentReplaceBehavior [ RunTime:0.000030s ]
INFO: [ template_filter ] --END-- [ RunTime:0.000062s ]
INFO: Run Behavior\ParseTemplateBehavior [ RunTime:0.003769s ]
INFO: [ view_parse ] --END-- [ RunTime:0.003829s ]
INFO: [ view_filter ] --START--
INFO: Run Behavior\WriteHtmlCacheBehavior [ RunTime:0.000163s ]
INFO: [ view_filter ] --END-- [ RunTime:0.000201s ]
INFO: [ app_end ] --START--
INFO: Run Behavior\ShowPageTraceBehavior [ RunTime:0.000296s ]
INFO: [ app_end ] --END-- [ RunTime:0.000324s ]

[ 2016-08-18T10:09:32+08:00 ] 127.0.0.1 /Extra/Index/add_poster_place_submit
INFO: [ app_init ] --START--
INFO: Run Behavior\BuildLiteBehavior [ RunTime:0.000010s ]
INFO: [ app_init ] --END-- [ RunTime:0.000269s ]
INFO: [ app_begin ] --START--
INFO: Run Behavior\ReadHtmlCacheBehavior [ RunTime:0.000294s ]
INFO: [ app_begin ] --END-- [ RunTime:0.000330s ]
SQL: SHOW COLUMNS FROM `menu` [ RunTime:0.0056s ]
SQL: SELECT * FROM `menu` WHERE ( level = 1 AND trash = '0' ) ORDER BY sort ASC  [ RunTime:0.0003s ]
SQL: SELECT * FROM `menu` WHERE ( father = 1 AND trash = '0' ) ORDER BY sort ASC  [ RunTime:0.0002s ]
SQL: SELECT * FROM `menu` WHERE ( father = 2 AND trash = '0' ) ORDER BY sort ASC  [ RunTime:0.0002s ]
SQL: SELECT * FROM `menu` WHERE ( father = 3 AND trash = '0' ) ORDER BY sort ASC  [ RunTime:0.0002s ]
SQL: SELECT * FROM `menu` WHERE ( father = 6 AND trash = '0' ) ORDER BY sort ASC  [ RunTime:0.0003s ]
SQL: SELECT * FROM `menu` WHERE ( father = 7 AND trash = '0' ) ORDER BY sort ASC  [ RunTime:0.0002s ]
SQL: SHOW COLUMNS FROM `poster_place` [ RunTime:0.0040s ]
SQL: SHOW COLUMNS FROM `poster` [ RunTime:0.0044s ]
SQL: SHOW COLUMNS FROM `poster_btn` [ RunTime:0.0038s ]
SQL: UPDATE `poster_place` SET `cname`='主页版块按钮',`is_show`='Y' WHERE ( id = 1 ) [ RunTime:0.0425s ]
INFO: [ view_parse ] --START--
INFO: [ template_filter ] --START--
INFO: Run Behavior\ContentReplaceBehavior [ RunTime:0.000024s ]
INFO: [ template_filter ] --END-- [ RunTime:0.000052s ]
INFO: Run Behavior\ParseTemplateBehavior [ RunTime:0.003299s ]
INFO: [ view_parse ] --END-- [ RunTime:0.003330s ]
INFO: [ view_filter ] --START--
INFO: Run Behavior\WriteHtmlCacheBehavior [ RunTime:0.000132s ]
INFO: [ view_filter ] --END-- [ RunTime:0.000154s ]
INFO: [ app_end ] --START--
INFO: Run Behavior\ShowPageTraceBehavior [ RunTime:0.000269s ]
INFO: [ app_end ] --END-- [ RunTime:0.000305s ]

[ 2016-08-18T10:09:33+08:00 ] 127.0.0.1 /Extra/Index/poster_manage
INFO: [ app_init ] --START--
INFO: Run Behavior\BuildLiteBehavior [ RunTime:0.000034s ]
INFO: [ app_init ] --END-- [ RunTime:0.000915s ]
INFO: [ app_begin ] --START--
INFO: Run Behavior\ReadHtmlCacheBehavior [ RunTime:0.001640s ]
INFO: [ app_begin ] --END-- [ RunTime:0.001785s ]
SQL: SHOW COLUMNS FROM `menu` [ RunTime:0.0105s ]
SQL: SELECT * FROM `menu` WHERE ( level = 1 AND trash = '0' ) ORDER BY sort ASC  [ RunTime:0.0005s ]
SQL: SELECT * FROM `menu` WHERE ( father = 1 AND trash = '0' ) ORDER BY sort ASC  [ RunTime:0.0004s ]
SQL: SELECT * FROM `menu` WHERE ( father = 2 AND trash = '0' ) ORDER BY sort ASC  [ RunTime:0.0005s ]
SQL: SELECT * FROM `menu` WHERE ( father = 3 AND trash = '0' ) ORDER BY sort ASC  [ RunTime:0.0006s ]
SQL: SELECT * FROM `menu` WHERE ( father = 6 AND trash = '0' ) ORDER BY sort ASC  [ RunTime:0.0004s ]
SQL: SELECT * FROM `menu` WHERE ( father = 7 AND trash = '0' ) ORDER BY sort ASC  [ RunTime:0.0003s ]
SQL: SHOW COLUMNS FROM `poster_place` [ RunTime:0.0058s ]
SQL: SHOW COLUMNS FROM `poster` [ RunTime:0.0040s ]
SQL: SHOW COLUMNS FROM `poster_btn` [ RunTime:0.0037s ]
SQL: SELECT * FROM `poster_place` WHERE ( trash = '0' )  [ RunTime:0.0002s ]
INFO: [ view_parse ] --START--
INFO: [ template_filter ] --START--
INFO: Run Behavior\ContentReplaceBehavior [ RunTime:0.000033s ]
INFO: [ template_filter ] --END-- [ RunTime:0.000066s ]
INFO: Run Behavior\ParseTemplateBehavior [ RunTime:0.003918s ]
INFO: [ view_parse ] --END-- [ RunTime:0.003962s ]
INFO: [ view_filter ] --START--
INFO: Run Behavior\WriteHtmlCacheBehavior [ RunTime:0.000158s ]
INFO: [ view_filter ] --END-- [ RunTime:0.000185s ]
INFO: [ app_end ] --START--
INFO: Run Behavior\ShowPageTraceBehavior [ RunTime:0.000304s ]
INFO: [ app_end ] --END-- [ RunTime:0.000333s ]

[ 2016-08-18T10:11:32+08:00 ] 127.0.0.1 /Extra/Index/poster_manage
INFO: [ app_init ] --START--
INFO: Run Behavior\BuildLiteBehavior [ RunTime:0.000010s ]
INFO: [ app_init ] --END-- [ RunTime:0.000265s ]
INFO: [ app_begin ] --START--
INFO: Run Behavior\ReadHtmlCacheBehavior [ RunTime:0.000360s ]
INFO: [ app_begin ] --END-- [ RunTime:0.000395s ]
SQL: SHOW COLUMNS FROM `menu` [ RunTime:0.0297s ]
SQL: SELECT * FROM `menu` WHERE ( level = 1 AND trash = '0' ) ORDER BY sort ASC  [ RunTime:0.0003s ]
SQL: SELECT * FROM `menu` WHERE ( father = 1 AND trash = '0' ) ORDER BY sort ASC  [ RunTime:0.0002s ]
SQL: SELECT * FROM `menu` WHERE ( father = 2 AND trash = '0' ) ORDER BY sort ASC  [ RunTime:0.0002s ]
SQL: SELECT * FROM `menu` WHERE ( father = 3 AND trash = '0' ) ORDER BY sort ASC  [ RunTime:0.0002s ]
SQL: SELECT * FROM `menu` WHERE ( father = 6 AND trash = '0' ) ORDER BY sort ASC  [ RunTime:0.0002s ]
SQL: SELECT * FROM `menu` WHERE ( father = 7 AND trash = '0' ) ORDER BY sort ASC  [ RunTime:0.0002s ]
SQL: SHOW COLUMNS FROM `poster_place` [ RunTime:0.0038s ]
SQL: SHOW COLUMNS FROM `poster` [ RunTime:0.0040s ]
SQL: SHOW COLUMNS FROM `poster_btn` [ RunTime:0.0043s ]
SQL: SELECT * FROM `poster_place` WHERE ( trash = '0' )  [ RunTime:0.0002s ]
INFO: [ view_parse ] --START--
INFO: [ template_filter ] --START--
INFO: Run Behavior\ContentReplaceBehavior [ RunTime:0.000031s ]
INFO: [ template_filter ] --END-- [ RunTime:0.000062s ]
INFO: Run Behavior\ParseTemplateBehavior [ RunTime:0.004031s ]
INFO: [ view_parse ] --END-- [ RunTime:0.004067s ]
INFO: [ view_filter ] --START--
INFO: Run Behavior\WriteHtmlCacheBehavior [ RunTime:0.000210s ]
INFO: [ view_filter ] --END-- [ RunTime:0.000235s ]
INFO: [ app_end ] --START--
INFO: Run Behavior\ShowPageTraceBehavior [ RunTime:0.000386s ]
INFO: [ app_end ] --END-- [ RunTime:0.000414s ]

[ 2016-08-18T10:11:34+08:00 ] 127.0.0.1 /Extra/Index/delete?id=1
INFO: [ app_init ] --START--
INFO: Run Behavior\BuildLiteBehavior [ RunTime:0.000009s ]
INFO: [ app_init ] --END-- [ RunTime:0.000237s ]
INFO: [ app_begin ] --START--
INFO: Run Behavior\ReadHtmlCacheBehavior [ RunTime:0.000292s ]
INFO: [ app_begin ] --END-- [ RunTime:0.000325s ]
SQL: SHOW COLUMNS FROM `menu` [ RunTime:0.0065s ]
SQL: SELECT * FROM `menu` WHERE ( level = 1 AND trash = '0' ) ORDER BY sort ASC  [ RunTime:0.0004s ]
SQL: SELECT * FROM `menu` WHERE ( father = 1 AND trash = '0' ) ORDER BY sort ASC  [ RunTime:0.0003s ]
SQL: SELECT * FROM `menu` WHERE ( father = 2 AND trash = '0' ) ORDER BY sort ASC  [ RunTime:0.0002s ]
SQL: SELECT * FROM `menu` WHERE ( father = 3 AND trash = '0' ) ORDER BY sort ASC  [ RunTime:0.0003s ]
SQL: SELECT * FROM `menu` WHERE ( father = 6 AND trash = '0' ) ORDER BY sort ASC  [ RunTime:0.0002s ]
SQL: SELECT * FROM `menu` WHERE ( father = 7 AND trash = '0' ) ORDER BY sort ASC  [ RunTime:0.0002s ]
SQL: SHOW COLUMNS FROM `poster_place` [ RunTime:0.0041s ]
SQL: SHOW COLUMNS FROM `poster` [ RunTime:0.0059s ]
SQL: SHOW COLUMNS FROM `poster_btn` [ RunTime:0.0039s ]
ERR: 非法操作:delete

[ 2016-08-18T10:11:47+08:00 ] 127.0.0.1 /Extra/Index/poster_manage
INFO: [ app_init ] --START--
INFO: Run Behavior\BuildLiteBehavior [ RunTime:0.000009s ]
INFO: [ app_init ] --END-- [ RunTime:0.000233s ]
INFO: [ app_begin ] --START--
INFO: Run Behavior\ReadHtmlCacheBehavior [ RunTime:0.000295s ]
INFO: [ app_begin ] --END-- [ RunTime:0.000328s ]
SQL: SHOW COLUMNS FROM `menu` [ RunTime:0.0072s ]
SQL: SELECT * FROM `menu` WHERE ( level = 1 AND trash = '0' ) ORDER BY sort ASC  [ RunTime:0.0003s ]
SQL: SELECT * FROM `menu` WHERE ( father = 1 AND trash = '0' ) ORDER BY sort ASC  [ RunTime:0.0002s ]
SQL: SELECT * FROM `menu` WHERE ( father = 2 AND trash = '0' ) ORDER BY sort ASC  [ RunTime:0.0002s ]
SQL: SELECT * FROM `menu` WHERE ( father = 3 AND trash = '0' ) ORDER BY sort ASC  [ RunTime:0.0002s ]
SQL: SELECT * FROM `menu` WHERE ( father = 6 AND trash = '0' ) ORDER BY sort ASC  [ RunTime:0.0002s ]
SQL: SELECT * FROM `menu` WHERE ( father = 7 AND trash = '0' ) ORDER BY sort ASC  [ RunTime:0.0002s ]
SQL: SHOW COLUMNS FROM `poster_place` [ RunTime:0.0039s ]
SQL: SHOW COLUMNS FROM `poster` [ RunTime:0.0044s ]
SQL: SHOW COLUMNS FROM `poster_btn` [ RunTime:0.0057s ]
SQL: SELECT * FROM `poster_place` WHERE ( trash = '0' )  [ RunTime:0.0002s ]
INFO: [ view_parse ] --START--
INFO: [ template_filter ] --START--
INFO: Run Behavior\ContentReplaceBehavior [ RunTime:0.000031s ]
INFO: [ template_filter ] --END-- [ RunTime:0.000059s ]
INFO: Run Behavior\ParseTemplateBehavior [ RunTime:0.007578s ]
INFO: [ view_parse ] --END-- [ RunTime:0.007617s ]
INFO: [ view_filter ] --START--
INFO: Run Behavior\WriteHtmlCacheBehavior [ RunTime:0.000144s ]
INFO: [ view_filter ] --END-- [ RunTime:0.000167s ]
INFO: [ app_end ] --START--
INFO: Run Behavior\ShowPageTraceBehavior [ RunTime:0.000268s ]
INFO: [ app_end ] --END-- [ RunTime:0.000292s ]

[ 2016-08-18T10:11:50+08:00 ] 127.0.0.1 /Extra/Index/delete_poster_place?id=1
INFO: [ app_init ] --START--
INFO: Run Behavior\BuildLiteBehavior [ RunTime:0.000008s ]
INFO: [ app_init ] --END-- [ RunTime:0.000227s ]
INFO: [ app_begin ] --START--
INFO: Run Behavior\ReadHtmlCacheBehavior [ RunTime:0.000293s ]
INFO: [ app_begin ] --END-- [ RunTime:0.000326s ]
SQL: SHOW COLUMNS FROM `menu` [ RunTime:0.0056s ]
SQL: SELECT * FROM `menu` WHERE ( level = 1 AND trash = '0' ) ORDER BY sort ASC  [ RunTime:0.0003s ]
SQL: SELECT * FROM `menu` WHERE ( father = 1 AND trash = '0' ) ORDER BY sort ASC  [ RunTime:0.0002s ]
SQL: SELECT * FROM `menu` WHERE ( father = 2 AND trash = '0' ) ORDER BY sort ASC  [ RunTime:0.0002s ]
SQL: SELECT * FROM `menu` WHERE ( father = 3 AND trash = '0' ) ORDER BY sort ASC  [ RunTime:0.0002s ]
SQL: SELECT * FROM `menu` WHERE ( father = 6 AND trash = '0' ) ORDER BY sort ASC  [ RunTime:0.0002s ]
SQL: SELECT * FROM `menu` WHERE ( father = 7 AND trash = '0' ) ORDER BY sort ASC  [ RunTime:0.0002s ]
SQL: SHOW COLUMNS FROM `poster_place` [ RunTime:0.0038s ]
SQL: SHOW COLUMNS FROM `poster` [ RunTime:0.0056s ]
SQL: SHOW COLUMNS FROM `poster_btn` [ RunTime:0.0039s ]
INFO: [ view_parse ] --START--
INFO: [ template_filter ] --START--
INFO: Run Behavior\ContentReplaceBehavior [ RunTime:0.000026s ]
INFO: [ template_filter ] --END-- [ RunTime:0.000054s ]
INFO: Run Behavior\ParseTemplateBehavior [ RunTime:0.003176s ]
INFO: [ view_parse ] --END-- [ RunTime:0.003209s ]
INFO: [ view_filter ] --START--
INFO: Run Behavior\WriteHtmlCacheBehavior [ RunTime:0.000133s ]
INFO: [ view_filter ] --END-- [ RunTime:0.000156s ]

[ 2016-08-18T10:12:52+08:00 ] 127.0.0.1 /Extra/Index/poster_manage
INFO: [ app_init ] --START--
INFO: Run Behavior\BuildLiteBehavior [ RunTime:0.000009s ]
INFO: [ app_init ] --END-- [ RunTime:0.000262s ]
INFO: [ app_begin ] --START--
INFO: Run Behavior\ReadHtmlCacheBehavior [ RunTime:0.000369s ]
INFO: [ app_begin ] --END-- [ RunTime:0.000403s ]
SQL: SHOW COLUMNS FROM `menu` [ RunTime:0.0055s ]
SQL: SELECT * FROM `menu` WHERE ( level = 1 AND trash = '0' ) ORDER BY sort ASC  [ RunTime:0.0003s ]
SQL: SELECT * FROM `menu` WHERE ( father = 1 AND trash = '0' ) ORDER BY sort ASC  [ RunTime:0.0002s ]
SQL: SELECT * FROM `menu` WHERE ( father = 2 AND trash = '0' ) ORDER BY sort ASC  [ RunTime:0.0002s ]
SQL: SELECT * FROM `menu` WHERE ( father = 3 AND trash = '0' ) ORDER BY sort ASC  [ RunTime:0.0003s ]
SQL: SELECT * FROM `menu` WHERE ( father = 6 AND trash = '0' ) ORDER BY sort ASC  [ RunTime:0.0003s ]
SQL: SELECT * FROM `menu` WHERE ( father = 7 AND trash = '0' ) ORDER BY sort ASC  [ RunTime:0.0002s ]
SQL: SHOW COLUMNS FROM `poster_place` [ RunTime:0.0040s ]
SQL: SHOW COLUMNS FROM `poster` [ RunTime:0.0050s ]
SQL: SHOW COLUMNS FROM `poster_btn` [ RunTime:0.0039s ]
SQL: SELECT * FROM `poster_place` WHERE ( trash = '0' )  [ RunTime:0.0002s ]
INFO: [ view_parse ] --START--
INFO: [ template_filter ] --START--
INFO: Run Behavior\ContentReplaceBehavior [ RunTime:0.000030s ]
INFO: [ template_filter ] --END-- [ RunTime:0.000065s ]
INFO: Run Behavior\ParseTemplateBehavior [ RunTime:0.009371s ]
INFO: [ view_parse ] --END-- [ RunTime:0.009416s ]
INFO: [ view_filter ] --START--
INFO: Run Behavior\WriteHtmlCacheBehavior [ RunTime:0.000210s ]
INFO: [ view_filter ] --END-- [ RunTime:0.000235s ]
INFO: [ app_end ] --START--
INFO: Run Behavior\ShowPageTraceBehavior [ RunTime:0.000320s ]
INFO: [ app_end ] --END-- [ RunTime:0.000345s ]

[ 2016-08-18T10:13:16+08:00 ] 127.0.0.1 /Extra/Index/poster_manage
INFO: [ app_init ] --START--
INFO: Run Behavior\BuildLiteBehavior [ RunTime:0.000010s ]
INFO: [ app_init ] --END-- [ RunTime:0.000307s ]
INFO: [ app_begin ] --START--
INFO: Run Behavior\ReadHtmlCacheBehavior [ RunTime:0.000316s ]
INFO: [ app_begin ] --END-- [ RunTime:0.000356s ]
SQL: SHOW COLUMNS FROM `menu` [ RunTime:0.0055s ]
SQL: SELECT * FROM `menu` WHERE ( level = 1 AND trash = '0' ) ORDER BY sort ASC  [ RunTime:0.0003s ]
SQL: SELECT * FROM `menu` WHERE ( father = 1 AND trash = '0' ) ORDER BY sort ASC  [ RunTime:0.0022s ]
SQL: SELECT * FROM `menu` WHERE ( father = 2 AND trash = '0' ) ORDER BY sort ASC  [ RunTime:0.0002s ]
SQL: SELECT * FROM `menu` WHERE ( father = 3 AND trash = '0' ) ORDER BY sort ASC  [ RunTime:0.0002s ]
SQL: SELECT * FROM `menu` WHERE ( father = 6 AND trash = '0' ) ORDER BY sort ASC  [ RunTime:0.0002s ]
SQL: SELECT * FROM `menu` WHERE ( father = 7 AND trash = '0' ) ORDER BY sort ASC  [ RunTime:0.0002s ]
SQL: SHOW COLUMNS FROM `poster_place` [ RunTime:0.0038s ]
SQL: SHOW COLUMNS FROM `poster` [ RunTime:0.0043s ]
SQL: SHOW COLUMNS FROM `poster_btn` [ RunTime:0.0037s ]
SQL: SELECT * FROM `poster_place` WHERE ( trash = '0' )  [ RunTime:0.0002s ]
INFO: [ view_parse ] --START--
INFO: [ template_filter ] --START--
INFO: Run Behavior\ContentReplaceBehavior [ RunTime:0.000032s ]
INFO: [ template_filter ] --END-- [ RunTime:0.000065s ]
INFO: Run Behavior\ParseTemplateBehavior [ RunTime:0.004024s ]
INFO: [ view_parse ] --END-- [ RunTime:0.004075s ]
INFO: [ view_filter ] --START--
INFO: Run Behavior\WriteHtmlCacheBehavior [ RunTime:0.000189s ]
INFO: [ view_filter ] --END-- [ RunTime:0.000220s ]
INFO: [ app_end ] --START--
INFO: Run Behavior\ShowPageTraceBehavior [ RunTime:0.000363s ]
INFO: [ app_end ] --END-- [ RunTime:0.000395s ]

[ 2016-08-18T10:13:17+08:00 ] 127.0.0.1 /Extra/Index/delete_poster_place?id=1
INFO: [ app_init ] --START--
INFO: Run Behavior\BuildLiteBehavior [ RunTime:0.000008s ]
INFO: [ app_init ] --END-- [ RunTime:0.000226s ]
INFO: [ app_begin ] --START--
INFO: Run Behavior\ReadHtmlCacheBehavior [ RunTime:0.000289s ]
INFO: [ app_begin ] --END-- [ RunTime:0.000322s ]
SQL: SHOW COLUMNS FROM `menu` [ RunTime:0.0056s ]
SQL: SELECT * FROM `menu` WHERE ( level = 1 AND trash = '0' ) ORDER BY sort ASC  [ RunTime:0.0003s ]
SQL: SELECT * FROM `menu` WHERE ( father = 1 AND trash = '0' ) ORDER BY sort ASC  [ RunTime:0.0002s ]
SQL: SELECT * FROM `menu` WHERE ( father = 2 AND trash = '0' ) ORDER BY sort ASC  [ RunTime:0.0001s ]
SQL: SELECT * FROM `menu` WHERE ( father = 3 AND trash = '0' ) ORDER BY sort ASC  [ RunTime:0.0002s ]
SQL: SELECT * FROM `menu` WHERE ( father = 6 AND trash = '0' ) ORDER BY sort ASC  [ RunTime:0.0002s ]
SQL: SELECT * FROM `menu` WHERE ( father = 7 AND trash = '0' ) ORDER BY sort ASC  [ RunTime:0.0002s ]
SQL: SHOW COLUMNS FROM `poster_place` [ RunTime:0.0037s ]
SQL: SHOW COLUMNS FROM `poster` [ RunTime:0.0054s ]
SQL: SHOW COLUMNS FROM `poster_btn` [ RunTime:0.0039s ]
SQL: UPDATE `poster_place` SET `trash`='0' WHERE ( id = 1 ) [ RunTime:0.0713s ]
INFO: [ view_parse ] --START--
INFO: [ template_filter ] --START--
INFO: Run Behavior\ContentReplaceBehavior [ RunTime:0.000027s ]
INFO: [ template_filter ] --END-- [ RunTime:0.000056s ]
INFO: Run Behavior\ParseTemplateBehavior [ RunTime:0.003397s ]
INFO: [ view_parse ] --END-- [ RunTime:0.003431s ]
INFO: [ view_filter ] --START--
INFO: Run Behavior\WriteHtmlCacheBehavior [ RunTime:0.000139s ]
INFO: [ view_filter ] --END-- [ RunTime:0.000162s ]

[ 2016-08-18T10:13:23+08:00 ] 127.0.0.1 /Extra/Index/poster_manage
INFO: [ app_init ] --START--
INFO: Run Behavior\BuildLiteBehavior [ RunTime:0.000008s ]
INFO: [ app_init ] --END-- [ RunTime:0.000212s ]
INFO: [ app_begin ] --START--
INFO: Run Behavior\ReadHtmlCacheBehavior [ RunTime:0.000268s ]
INFO: [ app_begin ] --END-- [ RunTime:0.000299s ]
SQL: SHOW COLUMNS FROM `menu` [ RunTime:0.0071s ]
SQL: SELECT * FROM `menu` WHERE ( level = 1 AND trash = '0' ) ORDER BY sort ASC  [ RunTime:0.0003s ]
SQL: SELECT * FROM `menu` WHERE ( father = 1 AND trash = '0' ) ORDER BY sort ASC  [ RunTime:0.0002s ]
SQL: SELECT * FROM `menu` WHERE ( father = 2 AND trash = '0' ) ORDER BY sort ASC  [ RunTime:0.0002s ]
SQL: SELECT * FROM `menu` WHERE ( father = 3 AND trash = '0' ) ORDER BY sort ASC  [ RunTime:0.0002s ]
SQL: SELECT * FROM `menu` WHERE ( father = 6 AND trash = '0' ) ORDER BY sort ASC  [ RunTime:0.0002s ]
SQL: SELECT * FROM `menu` WHERE ( father = 7 AND trash = '0' ) ORDER BY sort ASC  [ RunTime:0.0002s ]
SQL: SHOW COLUMNS FROM `poster_place` [ RunTime:0.0044s ]
SQL: SHOW COLUMNS FROM `poster` [ RunTime:0.0043s ]
SQL: SHOW COLUMNS FROM `poster_btn` [ RunTime:0.0052s ]
SQL: SELECT * FROM `poster_place` WHERE ( trash = '0' )  [ RunTime:0.0002s ]
INFO: [ view_parse ] --START--
INFO: [ template_filter ] --START--
INFO: Run Behavior\ContentReplaceBehavior [ RunTime:0.000042s ]
INFO: [ template_filter ] --END-- [ RunTime:0.000075s ]
INFO: Run Behavior\ParseTemplateBehavior [ RunTime:0.004025s ]
INFO: [ view_parse ] --END-- [ RunTime:0.004061s ]
INFO: [ view_filter ] --START--
INFO: Run Behavior\WriteHtmlCacheBehavior [ RunTime:0.000204s ]
INFO: [ view_filter ] --END-- [ RunTime:0.000227s ]
INFO: [ app_end ] --START--
INFO: Run Behavior\ShowPageTraceBehavior [ RunTime:0.000304s ]
INFO: [ app_end ] --END-- [ RunTime:0.000355s ]

[ 2016-08-18T10:13:24+08:00 ] 127.0.0.1 /Extra/Index/delete_poster_place?id=1
INFO: [ app_init ] --START--
INFO: Run Behavior\BuildLiteBehavior [ RunTime:0.000008s ]
INFO: [ app_init ] --END-- [ RunTime:0.000228s ]
INFO: [ app_begin ] --START--
INFO: Run Behavior\ReadHtmlCacheBehavior [ RunTime:0.000293s ]
INFO: [ app_begin ] --END-- [ RunTime:0.000326s ]
SQL: SHOW COLUMNS FROM `menu` [ RunTime:0.0080s ]
SQL: SELECT * FROM `menu` WHERE ( level = 1 AND trash = '0' ) ORDER BY sort ASC  [ RunTime:0.0003s ]
SQL: SELECT * FROM `menu` WHERE ( father = 1 AND trash = '0' ) ORDER BY sort ASC  [ RunTime:0.0002s ]
SQL: SELECT * FROM `menu` WHERE ( father = 2 AND trash = '0' ) ORDER BY sort ASC  [ RunTime:0.0001s ]
SQL: SELECT * FROM `menu` WHERE ( father = 3 AND trash = '0' ) ORDER BY sort ASC  [ RunTime:0.0002s ]
SQL: SELECT * FROM `menu` WHERE ( father = 6 AND trash = '0' ) ORDER BY sort ASC  [ RunTime:0.0001s ]
SQL: SELECT * FROM `menu` WHERE ( father = 7 AND trash = '0' ) ORDER BY sort ASC  [ RunTime:0.0002s ]
SQL: SHOW COLUMNS FROM `poster_place` [ RunTime:0.0036s ]
SQL: SHOW COLUMNS FROM `poster` [ RunTime:0.0054s ]
SQL: SHOW COLUMNS FROM `poster_btn` [ RunTime:0.0037s ]
SQL: UPDATE `poster_place` SET `trash`='0' WHERE ( id = 1 ) [ RunTime:0.0491s ]
INFO: [ view_parse ] --START--
INFO: [ template_filter ] --START--
INFO: Run Behavior\ContentReplaceBehavior [ RunTime:0.000030s ]
INFO: [ template_filter ] --END-- [ RunTime:0.000069s ]
INFO: Run Behavior\ParseTemplateBehavior [ RunTime:0.003661s ]
INFO: [ view_parse ] --END-- [ RunTime:0.003704s ]
INFO: [ view_filter ] --START--
INFO: Run Behavior\WriteHtmlCacheBehavior [ RunTime:0.000165s ]
INFO: [ view_filter ] --END-- [ RunTime:0.000190s ]

[ 2016-08-18T10:13:43+08:00 ] 127.0.0.1 /Extra/Index/poster_manage
INFO: [ app_init ] --START--
INFO: Run Behavior\BuildLiteBehavior [ RunTime:0.000009s ]
INFO: [ app_init ] --END-- [ RunTime:0.000255s ]
INFO: [ app_begin ] --START--
INFO: Run Behavior\ReadHtmlCacheBehavior [ RunTime:0.000349s ]
INFO: [ app_begin ] --END-- [ RunTime:0.000383s ]
SQL: SHOW COLUMNS FROM `menu` [ RunTime:0.0065s ]
SQL: SELECT * FROM `menu` WHERE ( level = 1 AND trash = '0' ) ORDER BY sort ASC  [ RunTime:0.0003s ]
SQL: SELECT * FROM `menu` WHERE ( father = 1 AND trash = '0' ) ORDER BY sort ASC  [ RunTime:0.0002s ]
SQL: SELECT * FROM `menu` WHERE ( father = 2 AND trash = '0' ) ORDER BY sort ASC  [ RunTime:0.0002s ]
SQL: SELECT * FROM `menu` WHERE ( father = 3 AND trash = '0' ) ORDER BY sort ASC  [ RunTime:0.0002s ]
SQL: SELECT * FROM `menu` WHERE ( father = 6 AND trash = '0' ) ORDER BY sort ASC  [ RunTime:0.0002s ]
SQL: SELECT * FROM `menu` WHERE ( father = 7 AND trash = '0' ) ORDER BY sort ASC  [ RunTime:0.0002s ]
SQL: SHOW COLUMNS FROM `poster_place` [ RunTime:0.0050s ]
SQL: SHOW COLUMNS FROM `poster` [ RunTime:0.0044s ]
SQL: SHOW COLUMNS FROM `poster_btn` [ RunTime:0.0043s ]
SQL: SELECT * FROM `poster_place` WHERE ( trash = '0' )  [ RunTime:0.0002s ]
INFO: [ view_parse ] --START--
INFO: [ template_filter ] --START--
INFO: Run Behavior\ContentReplaceBehavior [ RunTime:0.000030s ]
INFO: [ template_filter ] --END-- [ RunTime:0.000059s ]
INFO: Run Behavior\ParseTemplateBehavior [ RunTime:0.004096s ]
INFO: [ view_parse ] --END-- [ RunTime:0.004147s ]
INFO: [ view_filter ] --START--
INFO: Run Behavior\WriteHtmlCacheBehavior [ RunTime:0.000270s ]
INFO: [ view_filter ] --END-- [ RunTime:0.000295s ]
INFO: [ app_end ] --START--
INFO: Run Behavior\ShowPageTraceBehavior [ RunTime:0.000322s ]
INFO: [ app_end ] --END-- [ RunTime:0.000347s ]

[ 2016-08-18T10:13:45+08:00 ] 127.0.0.1 /Extra/Index/delete_poster_place?id=1
INFO: [ app_init ] --START--
INFO: Run Behavior\BuildLiteBehavior [ RunTime:0.000008s ]
INFO: [ app_init ] --END-- [ RunTime:0.000234s ]
INFO: [ app_begin ] --START--
INFO: Run Behavior\ReadHtmlCacheBehavior [ RunTime:0.000292s ]
INFO: [ app_begin ] --END-- [ RunTime:0.000326s ]
SQL: SHOW COLUMNS FROM `menu` [ RunTime:0.0055s ]
SQL: SELECT * FROM `menu` WHERE ( level = 1 AND trash = '0' ) ORDER BY sort ASC  [ RunTime:0.0003s ]
SQL: SELECT * FROM `menu` WHERE ( father = 1 AND trash = '0' ) ORDER BY sort ASC  [ RunTime:0.0002s ]
SQL: SELECT * FROM `menu` WHERE ( father = 2 AND trash = '0' ) ORDER BY sort ASC  [ RunTime:0.0002s ]
SQL: SELECT * FROM `menu` WHERE ( father = 3 AND trash = '0' ) ORDER BY sort ASC  [ RunTime:0.0002s ]
SQL: SELECT * FROM `menu` WHERE ( father = 6 AND trash = '0' ) ORDER BY sort ASC  [ RunTime:0.0002s ]
SQL: SELECT * FROM `menu` WHERE ( father = 7 AND trash = '0' ) ORDER BY sort ASC  [ RunTime:0.0002s ]
SQL: SHOW COLUMNS FROM `poster_place` [ RunTime:0.0041s ]
SQL: SHOW COLUMNS FROM `poster` [ RunTime:0.0049s ]
SQL: SHOW COLUMNS FROM `poster_btn` [ RunTime:0.0037s ]
SQL: UPDATE `poster_place` SET `trash`='\'0\'' WHERE ( id = 1 ) [ RunTime:0.0650s ]
INFO: [ view_parse ] --START--
INFO: [ template_filter ] --START--
INFO: Run Behavior\ContentReplaceBehavior [ RunTime:0.000030s ]
INFO: [ template_filter ] --END-- [ RunTime:0.000061s ]
INFO: Run Behavior\ParseTemplateBehavior [ RunTime:0.003619s ]
INFO: [ view_parse ] --END-- [ RunTime:0.003657s ]
INFO: [ view_filter ] --START--
INFO: Run Behavior\WriteHtmlCacheBehavior [ RunTime:0.000151s ]
INFO: [ view_filter ] --END-- [ RunTime:0.000175s ]
INFO: [ app_end ] --START--
INFO: Run Behavior\ShowPageTraceBehavior [ RunTime:0.000283s ]
INFO: [ app_end ] --END-- [ RunTime:0.000311s ]

[ 2016-08-18T10:13:46+08:00 ] 127.0.0.1 /Extra/Index/poster_manage
INFO: [ app_init ] --START--
INFO: Run Behavior\BuildLiteBehavior [ RunTime:0.000033s ]
INFO: [ app_init ] --END-- [ RunTime:0.000931s ]
INFO: [ app_begin ] --START--
INFO: Run Behavior\ReadHtmlCacheBehavior [ RunTime:0.000572s ]
INFO: [ app_begin ] --END-- [ RunTime:0.000664s ]
SQL: SHOW COLUMNS FROM `menu` [ RunTime:0.0089s ]
SQL: SELECT * FROM `menu` WHERE ( level = 1 AND trash = '0' ) ORDER BY sort ASC  [ RunTime:0.0005s ]
SQL: SELECT * FROM `menu` WHERE ( father = 1 AND trash = '0' ) ORDER BY sort ASC  [ RunTime:0.0004s ]
SQL: SELECT * FROM `menu` WHERE ( father = 2 AND trash = '0' ) ORDER BY sort ASC  [ RunTime:0.0003s ]
SQL: SELECT * FROM `menu` WHERE ( father = 3 AND trash = '0' ) ORDER BY sort ASC  [ RunTime:0.0003s ]
SQL: SELECT * FROM `menu` WHERE ( father = 6 AND trash = '0' ) ORDER BY sort ASC  [ RunTime:0.0003s ]
SQL: SELECT * FROM `menu` WHERE ( father = 7 AND trash = '0' ) ORDER BY sort ASC  [ RunTime:0.0004s ]
SQL: SHOW COLUMNS FROM `poster_place` [ RunTime:0.0070s ]
SQL: SHOW COLUMNS FROM `poster` [ RunTime:0.0058s ]
SQL: SHOW COLUMNS FROM `poster_btn` [ RunTime:0.0065s ]
SQL: SELECT * FROM `poster_place` WHERE ( trash = '0' )  [ RunTime:0.0003s ]
INFO: [ view_parse ] --START--
INFO: [ template_filter ] --START--
INFO: Run Behavior\ContentReplaceBehavior [ RunTime:0.000051s ]
INFO: [ template_filter ] --END-- [ RunTime:0.000106s ]
INFO: Run Behavior\ParseTemplateBehavior [ RunTime:0.006189s ]
INFO: [ view_parse ] --END-- [ RunTime:0.006248s ]
INFO: [ view_filter ] --START--
INFO: Run Behavior\WriteHtmlCacheBehavior [ RunTime:0.000257s ]
INFO: [ view_filter ] --END-- [ RunTime:0.000299s ]
INFO: [ app_end ] --START--
INFO: Run Behavior\ShowPageTraceBehavior [ RunTime:0.000494s ]
INFO: [ app_end ] --END-- [ RunTime:0.000543s ]

[ 2016-08-18T10:14:14+08:00 ] 127.0.0.1 /Extra/Index/poster_manage
INFO: [ app_init ] --START--
INFO: Run Behavior\BuildLiteBehavior [ RunTime:0.000008s ]
INFO: [ app_init ] --END-- [ RunTime:0.000228s ]
INFO: [ app_begin ] --START--
INFO: Run Behavior\ReadHtmlCacheBehavior [ RunTime:0.000285s ]
INFO: [ app_begin ] --END-- [ RunTime:0.000320s ]
SQL: SHOW COLUMNS FROM `menu` [ RunTime:0.0064s ]
SQL: SELECT * FROM `menu` WHERE ( level = 1 AND trash = '0' ) ORDER BY sort ASC  [ RunTime:0.0003s ]
SQL: SELECT * FROM `menu` WHERE ( father = 1 AND trash = '0' ) ORDER BY sort ASC  [ RunTime:0.0002s ]
SQL: SELECT * FROM `menu` WHERE ( father = 2 AND trash = '0' ) ORDER BY sort ASC  [ RunTime:0.0002s ]
SQL: SELECT * FROM `menu` WHERE ( father = 3 AND trash = '0' ) ORDER BY sort ASC  [ RunTime:0.0002s ]
SQL: SELECT * FROM `menu` WHERE ( father = 6 AND trash = '0' ) ORDER BY sort ASC  [ RunTime:0.0002s ]
SQL: SELECT * FROM `menu` WHERE ( father = 7 AND trash = '0' ) ORDER BY sort ASC  [ RunTime:0.0002s ]
SQL: SHOW COLUMNS FROM `poster_place` [ RunTime:0.0042s ]
SQL: SHOW COLUMNS FROM `poster` [ RunTime:0.0057s ]
SQL: SHOW COLUMNS FROM `poster_btn` [ RunTime:0.0041s ]
SQL: SELECT * FROM `poster_place` WHERE ( trash = '0' )  [ RunTime:0.0002s ]
INFO: [ view_parse ] --START--
INFO: [ template_filter ] --START--
INFO: Run Behavior\ContentReplaceBehavior [ RunTime:0.000028s ]
INFO: [ template_filter ] --END-- [ RunTime:0.000057s ]
INFO: Run Behavior\ParseTemplateBehavior [ RunTime:0.003346s ]
INFO: [ view_parse ] --END-- [ RunTime:0.003378s ]
INFO: [ view_filter ] --START--
INFO: Run Behavior\WriteHtmlCacheBehavior [ RunTime:0.000134s ]
INFO: [ view_filter ] --END-- [ RunTime:0.000156s ]
INFO: [ app_end ] --START--
INFO: Run Behavior\ShowPageTraceBehavior [ RunTime:0.000258s ]
INFO: [ app_end ] --END-- [ RunTime:0.000283s ]

[ 2016-08-18T10:14:15+08:00 ] 127.0.0.1 /Extra/Index/delete_poster_place?id=1
INFO: [ app_init ] --START--
INFO: Run Behavior\BuildLiteBehavior [ RunTime:0.000008s ]
INFO: [ app_init ] --END-- [ RunTime:0.000227s ]
INFO: [ app_begin ] --START--
INFO: Run Behavior\ReadHtmlCacheBehavior [ RunTime:0.000290s ]
INFO: [ app_begin ] --END-- [ RunTime:0.000323s ]
SQL: SHOW COLUMNS FROM `menu` [ RunTime:0.0064s ]
SQL: SELECT * FROM `menu` WHERE ( level = 1 AND trash = '0' ) ORDER BY sort ASC  [ RunTime:0.0003s ]
SQL: SELECT * FROM `menu` WHERE ( father = 1 AND trash = '0' ) ORDER BY sort ASC  [ RunTime:0.0002s ]
SQL: SELECT * FROM `menu` WHERE ( father = 2 AND trash = '0' ) ORDER BY sort ASC  [ RunTime:0.0002s ]
SQL: SELECT * FROM `menu` WHERE ( father = 3 AND trash = '0' ) ORDER BY sort ASC  [ RunTime:0.0002s ]
SQL: SELECT * FROM `menu` WHERE ( father = 6 AND trash = '0' ) ORDER BY sort ASC  [ RunTime:0.0002s ]
SQL: SELECT * FROM `menu` WHERE ( father = 7 AND trash = '0' ) ORDER BY sort ASC  [ RunTime:0.0002s ]
SQL: SHOW COLUMNS FROM `poster_place` [ RunTime:0.0041s ]
SQL: SHOW COLUMNS FROM `poster` [ RunTime:0.0038s ]
SQL: SHOW COLUMNS FROM `poster_btn` [ RunTime:0.0047s ]
SQL: UPDATE `poster_place` SET `trash`='1' WHERE ( id = 1 ) [ RunTime:0.0428s ]
INFO: [ view_parse ] --START--
INFO: [ template_filter ] --START--
INFO: Run Behavior\ContentReplaceBehavior [ RunTime:0.000030s ]
INFO: [ template_filter ] --END-- [ RunTime:0.000089s ]
INFO: Run Behavior\ParseTemplateBehavior [ RunTime:0.003662s ]
INFO: [ view_parse ] --END-- [ RunTime:0.003697s ]
INFO: [ view_filter ] --START--
INFO: Run Behavior\WriteHtmlCacheBehavior [ RunTime:0.000157s ]
INFO: [ view_filter ] --END-- [ RunTime:0.000183s ]
INFO: [ app_end ] --START--
INFO: Run Behavior\ShowPageTraceBehavior [ RunTime:0.000306s ]
INFO: [ app_end ] --END-- [ RunTime:0.000334s ]

[ 2016-08-18T10:14:16+08:00 ] 127.0.0.1 /Extra/Index/poster_manage
INFO: [ app_init ] --START--
INFO: Run Behavior\BuildLiteBehavior [ RunTime:0.000018s ]
INFO: [ app_init ] --END-- [ RunTime:0.000495s ]
INFO: [ app_begin ] --START--
INFO: Run Behavior\ReadHtmlCacheBehavior [ RunTime:0.000629s ]
INFO: [ app_begin ] --END-- [ RunTime:0.000701s ]
SQL: SHOW COLUMNS FROM `menu` [ RunTime:0.0088s ]
SQL: SELECT * FROM `menu` WHERE ( level = 1 AND trash = '0' ) ORDER BY sort ASC  [ RunTime:0.0003s ]
SQL: SELECT * FROM `menu` WHERE ( father = 1 AND trash = '0' ) ORDER BY sort ASC  [ RunTime:0.0002s ]
SQL: SELECT * FROM `menu` WHERE ( father = 2 AND trash = '0' ) ORDER BY sort ASC  [ RunTime:0.0002s ]
SQL: SELECT * FROM `menu` WHERE ( father = 3 AND trash = '0' ) ORDER BY sort ASC  [ RunTime:0.0002s ]
SQL: SELECT * FROM `menu` WHERE ( father = 6 AND trash = '0' ) ORDER BY sort ASC  [ RunTime:0.0002s ]
SQL: SELECT * FROM `menu` WHERE ( father = 7 AND trash = '0' ) ORDER BY sort ASC  [ RunTime:0.0002s ]
SQL: SHOW COLUMNS FROM `poster_place` [ RunTime:0.0040s ]
SQL: SHOW COLUMNS FROM `poster` [ RunTime:0.0038s ]
SQL: SHOW COLUMNS FROM `poster_btn` [ RunTime:0.0049s ]
SQL: SELECT * FROM `poster_place` WHERE ( trash = '0' )  [ RunTime:0.0002s ]
INFO: [ view_parse ] --START--
INFO: [ template_filter ] --START--
INFO: Run Behavior\ContentReplaceBehavior [ RunTime:0.000034s ]
INFO: [ template_filter ] --END-- [ RunTime:0.000070s ]
INFO: Run Behavior\ParseTemplateBehavior [ RunTime:0.003979s ]
INFO: [ view_parse ] --END-- [ RunTime:0.004018s ]
INFO: [ view_filter ] --START--
INFO: Run Behavior\WriteHtmlCacheBehavior [ RunTime:0.000159s ]
INFO: [ view_filter ] --END-- [ RunTime:0.000188s ]
INFO: [ app_end ] --START--
INFO: Run Behavior\ShowPageTraceBehavior [ RunTime:0.000302s ]
INFO: [ app_end ] --END-- [ RunTime:0.000332s ]

[ 2016-08-18T10:14:25+08:00 ] 127.0.0.1 /Extra/Index/poster_manage
INFO: [ app_init ] --START--
INFO: Run Behavior\BuildLiteBehavior [ RunTime:0.000010s ]
INFO: [ app_init ] --END-- [ RunTime:0.000262s ]
INFO: [ app_begin ] --START--
INFO: Run Behavior\ReadHtmlCacheBehavior [ RunTime:0.000354s ]
INFO: [ app_begin ] --END-- [ RunTime:0.000390s ]
SQL: SHOW COLUMNS FROM `menu` [ RunTime:0.0056s ]
SQL: SELECT * FROM `menu` WHERE ( level = 1 AND trash = '0' ) ORDER BY sort ASC  [ RunTime:0.0002s ]
SQL: SELECT * FROM `menu` WHERE ( father = 1 AND trash = '0' ) ORDER BY sort ASC  [ RunTime:0.0002s ]
SQL: SELECT * FROM `menu` WHERE ( father = 2 AND trash = '0' ) ORDER BY sort ASC  [ RunTime:0.0002s ]
SQL: SELECT * FROM `menu` WHERE ( father = 3 AND trash = '0' ) ORDER BY sort ASC  [ RunTime:0.0002s ]
SQL: SELECT * FROM `menu` WHERE ( father = 6 AND trash = '0' ) ORDER BY sort ASC  [ RunTime:0.0002s ]
SQL: SELECT * FROM `menu` WHERE ( father = 7 AND trash = '0' ) ORDER BY sort ASC  [ RunTime:0.0001s ]
SQL: SHOW COLUMNS FROM `poster_place` [ RunTime:0.0038s ]
SQL: SHOW COLUMNS FROM `poster` [ RunTime:0.0055s ]
SQL: SHOW COLUMNS FROM `poster_btn` [ RunTime:0.0037s ]
SQL: SELECT * FROM `poster_place` WHERE ( trash = '0' )  [ RunTime:0.0002s ]
INFO: [ view_parse ] --START--
INFO: [ template_filter ] --START--
INFO: Run Behavior\ContentReplaceBehavior [ RunTime:0.000031s ]
INFO: [ template_filter ] --END-- [ RunTime:0.000060s ]
INFO: Run Behavior\ParseTemplateBehavior [ RunTime:0.004084s ]
INFO: [ view_parse ] --END-- [ RunTime:0.004118s ]
INFO: [ view_filter ] --START--
INFO: Run Behavior\WriteHtmlCacheBehavior [ RunTime:0.000189s ]
INFO: [ view_filter ] --END-- [ RunTime:0.000214s ]
INFO: [ app_end ] --START--
INFO: Run Behavior\ShowPageTraceBehavior [ RunTime:0.000314s ]
INFO: [ app_end ] --END-- [ RunTime:0.000339s ]

[ 2016-08-18T10:14:29+08:00 ] 127.0.0.1 /Extra/Index/add_poster_place?action=edit&id=1
INFO: [ app_init ] --START--
INFO: Run Behavior\BuildLiteBehavior [ RunTime:0.000009s ]
INFO: [ app_init ] --END-- [ RunTime:0.000251s ]
INFO: [ app_begin ] --START--
INFO: Run Behavior\ReadHtmlCacheBehavior [ RunTime:0.000289s ]
INFO: [ app_begin ] --END-- [ RunTime:0.000322s ]
SQL: SHOW COLUMNS FROM `menu` [ RunTime:0.0058s ]
SQL: SELECT * FROM `menu` WHERE ( level = 1 AND trash = '0' ) ORDER BY sort ASC  [ RunTime:0.0003s ]
SQL: SELECT * FROM `menu` WHERE ( father = 1 AND trash = '0' ) ORDER BY sort ASC  [ RunTime:0.0002s ]
SQL: SELECT * FROM `menu` WHERE ( father = 2 AND trash = '0' ) ORDER BY sort ASC  [ RunTime:0.0002s ]
SQL: SELECT * FROM `menu` WHERE ( father = 3 AND trash = '0' ) ORDER BY sort ASC  [ RunTime:0.0002s ]
SQL: SELECT * FROM `menu` WHERE ( father = 6 AND trash = '0' ) ORDER BY sort ASC  [ RunTime:0.0002s ]
SQL: SELECT * FROM `menu` WHERE ( father = 7 AND trash = '0' ) ORDER BY sort ASC  [ RunTime:0.0002s ]
SQL: SHOW COLUMNS FROM `poster_place` [ RunTime:0.0040s ]
SQL: SHOW COLUMNS FROM `poster` [ RunTime:0.0042s ]
SQL: SHOW COLUMNS FROM `poster_btn` [ RunTime:0.0037s ]
SQL: SELECT * FROM `poster_place` WHERE ( id = 1 ) LIMIT 1   [ RunTime:0.0002s ]
INFO: [ view_parse ] --START--
INFO: [ template_filter ] --START--
INFO: Run Behavior\ContentReplaceBehavior [ RunTime:0.000037s ]
INFO: [ template_filter ] --END-- [ RunTime:0.000078s ]
INFO: Run Behavior\ParseTemplateBehavior [ RunTime:0.008520s ]
INFO: [ view_parse ] --END-- [ RunTime:0.008568s ]
INFO: [ view_filter ] --START--
INFO: Run Behavior\WriteHtmlCacheBehavior [ RunTime:0.000166s ]
INFO: [ view_filter ] --END-- [ RunTime:0.000192s ]
INFO: [ app_end ] --START--
INFO: Run Behavior\ShowPageTraceBehavior [ RunTime:0.000298s ]
INFO: [ app_end ] --END-- [ RunTime:0.000326s ]

[ 2016-08-18T10:14:32+08:00 ] 127.0.0.1 /Extra/Index/add_poster_place_submit
INFO: [ app_init ] --START--
INFO: Run Behavior\BuildLiteBehavior [ RunTime:0.000008s ]
INFO: [ app_init ] --END-- [ RunTime:0.000228s ]
INFO: [ app_begin ] --START--
INFO: Run Behavior\ReadHtmlCacheBehavior [ RunTime:0.000284s ]
INFO: [ app_begin ] --END-- [ RunTime:0.000319s ]
SQL: SHOW COLUMNS FROM `menu` [ RunTime:0.0075s ]
SQL: SELECT * FROM `menu` WHERE ( level = 1 AND trash = '0' ) ORDER BY sort ASC  [ RunTime:0.0003s ]
SQL: SELECT * FROM `menu` WHERE ( father = 1 AND trash = '0' ) ORDER BY sort ASC  [ RunTime:0.0002s ]
SQL: SELECT * FROM `menu` WHERE ( father = 2 AND trash = '0' ) ORDER BY sort ASC  [ RunTime:0.0002s ]
SQL: SELECT * FROM `menu` WHERE ( father = 3 AND trash = '0' ) ORDER BY sort ASC  [ RunTime:0.0002s ]
SQL: SELECT * FROM `menu` WHERE ( father = 6 AND trash = '0' ) ORDER BY sort ASC  [ RunTime:0.0002s ]
SQL: SELECT * FROM `menu` WHERE ( father = 7 AND trash = '0' ) ORDER BY sort ASC  [ RunTime:0.0002s ]
SQL: SHOW COLUMNS FROM `poster_place` [ RunTime:0.0327s ]
SQL: SHOW COLUMNS FROM `poster` [ RunTime:0.0302s ]
SQL: SHOW COLUMNS FROM `poster_btn` [ RunTime:0.0205s ]
SQL: UPDATE `poster_place` SET `cname`='主页版块按钮1',`is_show`='Y' WHERE ( id = 1 ) [ RunTime:0.0367s ]
INFO: [ view_parse ] --START--
INFO: [ template_filter ] --START--
INFO: Run Behavior\ContentReplaceBehavior [ RunTime:0.000055s ]
INFO: [ template_filter ] --END-- [ RunTime:0.000124s ]
INFO: Run Behavior\ParseTemplateBehavior [ RunTime:0.005435s ]
INFO: [ view_parse ] --END-- [ RunTime:0.005497s ]
INFO: [ view_filter ] --START--
INFO: Run Behavior\WriteHtmlCacheBehavior [ RunTime:0.000326s ]
INFO: [ view_filter ] --END-- [ RunTime:0.000382s ]
INFO: [ app_end ] --START--
INFO: Run Behavior\ShowPageTraceBehavior [ RunTime:0.000624s ]
INFO: [ app_end ] --END-- [ RunTime:0.000685s ]

[ 2016-08-18T10:14:33+08:00 ] 127.0.0.1 /Extra/Index/poster_manage
INFO: [ app_init ] --START--
INFO: Run Behavior\BuildLiteBehavior [ RunTime:0.000060s ]
INFO: [ app_init ] --END-- [ RunTime:0.001302s ]
INFO: [ app_begin ] --START--
INFO: Run Behavior\ReadHtmlCacheBehavior [ RunTime:0.001003s ]
INFO: [ app_begin ] --END-- [ RunTime:0.001095s ]
SQL: SHOW COLUMNS FROM `menu` [ RunTime:0.0110s ]
SQL: SELECT * FROM `menu` WHERE ( level = 1 AND trash = '0' ) ORDER BY sort ASC  [ RunTime:0.0005s ]
SQL: SELECT * FROM `menu` WHERE ( father = 1 AND trash = '0' ) ORDER BY sort ASC  [ RunTime:0.0004s ]
SQL: SELECT * FROM `menu` WHERE ( father = 2 AND trash = '0' ) ORDER BY sort ASC  [ RunTime:0.0003s ]
SQL: SELECT * FROM `menu` WHERE ( father = 3 AND trash = '0' ) ORDER BY sort ASC  [ RunTime:0.0003s ]
SQL: SELECT * FROM `menu` WHERE ( father = 6 AND trash = '0' ) ORDER BY sort ASC  [ RunTime:0.0003s ]
SQL: SELECT * FROM `menu` WHERE ( father = 7 AND trash = '0' ) ORDER BY sort ASC  [ RunTime:0.0003s ]
SQL: SHOW COLUMNS FROM `poster_place` [ RunTime:0.0050s ]
SQL: SHOW COLUMNS FROM `poster` [ RunTime:0.0050s ]
SQL: SHOW COLUMNS FROM `poster_btn` [ RunTime:0.0042s ]
SQL: SELECT * FROM `poster_place` WHERE ( trash = '0' )  [ RunTime:0.0002s ]
INFO: [ view_parse ] --START--
INFO: [ template_filter ] --START--
INFO: Run Behavior\ContentReplaceBehavior [ RunTime:0.000035s ]
INFO: [ template_filter ] --END-- [ RunTime:0.000070s ]
INFO: Run Behavior\ParseTemplateBehavior [ RunTime:0.004078s ]
INFO: [ view_parse ] --END-- [ RunTime:0.004118s ]
INFO: [ view_filter ] --START--
INFO: Run Behavior\WriteHtmlCacheBehavior [ RunTime:0.000167s ]
INFO: [ view_filter ] --END-- [ RunTime:0.000195s ]
INFO: [ app_end ] --START--
INFO: Run Behavior\ShowPageTraceBehavior [ RunTime:0.000323s ]
INFO: [ app_end ] --END-- [ RunTime:0.000353s ]

[ 2016-08-18T10:14:34+08:00 ] 127.0.0.1 /Extra/Index/poster_manage
INFO: [ app_init ] --START--
INFO: Run Behavior\BuildLiteBehavior [ RunTime:0.000009s ]
INFO: [ app_init ] --END-- [ RunTime:0.000274s ]
INFO: [ app_begin ] --START--
INFO: Run Behavior\ReadHtmlCacheBehavior [ RunTime:0.000370s ]
INFO: [ app_begin ] --END-- [ RunTime:0.000437s ]
SQL: SHOW COLUMNS FROM `menu` [ RunTime:0.0057s ]
SQL: SELECT * FROM `menu` WHERE ( level = 1 AND trash = '0' ) ORDER BY sort ASC  [ RunTime:0.0003s ]
SQL: SELECT * FROM `menu` WHERE ( father = 1 AND trash = '0' ) ORDER BY sort ASC  [ RunTime:0.0002s ]
SQL: SELECT * FROM `menu` WHERE ( father = 2 AND trash = '0' ) ORDER BY sort ASC  [ RunTime:0.0001s ]
SQL: SELECT * FROM `menu` WHERE ( father = 3 AND trash = '0' ) ORDER BY sort ASC  [ RunTime:0.0002s ]
SQL: SELECT * FROM `menu` WHERE ( father = 6 AND trash = '0' ) ORDER BY sort ASC  [ RunTime:0.0001s ]
SQL: SELECT * FROM `menu` WHERE ( father = 7 AND trash = '0' ) ORDER BY sort ASC  [ RunTime:0.0001s ]
SQL: SHOW COLUMNS FROM `poster_place` [ RunTime:0.0039s ]
SQL: SHOW COLUMNS FROM `poster` [ RunTime:0.0041s ]
SQL: SHOW COLUMNS FROM `poster_btn` [ RunTime:0.0037s ]
SQL: SELECT * FROM `poster_place` WHERE ( trash = '0' )  [ RunTime:0.0002s ]
INFO: [ view_parse ] --START--
INFO: [ template_filter ] --START--
INFO: Run Behavior\ContentReplaceBehavior [ RunTime:0.000032s ]
INFO: [ template_filter ] --END-- [ RunTime:0.000064s ]
INFO: Run Behavior\ParseTemplateBehavior [ RunTime:0.003683s ]
INFO: [ view_parse ] --END-- [ RunTime:0.003723s ]
INFO: [ view_filter ] --START--
INFO: Run Behavior\WriteHtmlCacheBehavior [ RunTime:0.000155s ]
INFO: [ view_filter ] --END-- [ RunTime:0.000180s ]
INFO: [ app_end ] --START--
INFO: Run Behavior\ShowPageTraceBehavior [ RunTime:0.000305s ]
INFO: [ app_end ] --END-- [ RunTime:0.000332s ]

[ 2016-08-18T10:14:35+08:00 ] 127.0.0.1 /Extra/Index/add_poster_place?action=edit&id=1
INFO: [ app_init ] --START--
INFO: Run Behavior\BuildLiteBehavior [ RunTime:0.000009s ]
INFO: [ app_init ] --END-- [ RunTime:0.000236s ]
INFO: [ app_begin ] --START--
INFO: Run Behavior\ReadHtmlCacheBehavior [ RunTime:0.000291s ]
INFO: [ app_begin ] --END-- [ RunTime:0.000324s ]
SQL: SHOW COLUMNS FROM `menu` [ RunTime:0.0070s ]
SQL: SELECT * FROM `menu` WHERE ( level = 1 AND trash = '0' ) ORDER BY sort ASC  [ RunTime:0.0003s ]
SQL: SELECT * FROM `menu` WHERE ( father = 1 AND trash = '0' ) ORDER BY sort ASC  [ RunTime:0.0002s ]
SQL: SELECT * FROM `menu` WHERE ( father = 2 AND trash = '0' ) ORDER BY sort ASC  [ RunTime:0.0001s ]
SQL: SELECT * FROM `menu` WHERE ( father = 3 AND trash = '0' ) ORDER BY sort ASC  [ RunTime:0.0002s ]
SQL: SELECT * FROM `menu` WHERE ( father = 6 AND trash = '0' ) ORDER BY sort ASC  [ RunTime:0.0002s ]
SQL: SELECT * FROM `menu` WHERE ( father = 7 AND trash = '0' ) ORDER BY sort ASC  [ RunTime:0.0001s ]
SQL: SHOW COLUMNS FROM `poster_place` [ RunTime:0.0038s ]
SQL: SHOW COLUMNS FROM `poster` [ RunTime:0.0035s ]
SQL: SHOW COLUMNS FROM `poster_btn` [ RunTime:0.0032s ]
SQL: SELECT * FROM `poster_place` WHERE ( id = 1 ) LIMIT 1   [ RunTime:0.0002s ]
INFO: [ view_parse ] --START--
INFO: [ template_filter ] --START--
INFO: Run Behavior\ContentReplaceBehavior [ RunTime:0.000063s ]
INFO: [ template_filter ] --END-- [ RunTime:0.000124s ]
INFO: Run Behavior\ParseTemplateBehavior [ RunTime:0.004968s ]
INFO: [ view_parse ] --END-- [ RunTime:0.005002s ]
INFO: [ view_filter ] --START--
INFO: Run Behavior\WriteHtmlCacheBehavior [ RunTime:0.000148s ]
INFO: [ view_filter ] --END-- [ RunTime:0.000172s ]
INFO: [ app_end ] --START--
INFO: Run Behavior\ShowPageTraceBehavior [ RunTime:0.000274s ]
INFO: [ app_end ] --END-- [ RunTime:0.000298s ]

[ 2016-08-18T10:14:40+08:00 ] 127.0.0.1 /Extra/Index/add_poster_place_submit
INFO: [ app_init ] --START--
INFO: Run Behavior\BuildLiteBehavior [ RunTime:0.000010s ]
INFO: [ app_init ] --END-- [ RunTime:0.000234s ]
INFO: [ app_begin ] --START--
INFO: Run Behavior\ReadHtmlCacheBehavior [ RunTime:0.000288s ]
INFO: [ app_begin ] --END-- [ RunTime:0.000324s ]
SQL: SHOW COLUMNS FROM `menu` [ RunTime:0.0072s ]
SQL: SELECT * FROM `menu` WHERE ( level = 1 AND trash = '0' ) ORDER BY sort ASC  [ RunTime:0.0003s ]
SQL: SELECT * FROM `menu` WHERE ( father = 1 AND trash = '0' ) ORDER BY sort ASC  [ RunTime:0.0002s ]
SQL: SELECT * FROM `menu` WHERE ( father = 2 AND trash = '0' ) ORDER BY sort ASC  [ RunTime:0.0002s ]
SQL: SELECT * FROM `menu` WHERE ( father = 3 AND trash = '0' ) ORDER BY sort ASC  [ RunTime:0.0002s ]
SQL: SELECT * FROM `menu` WHERE ( father = 6 AND trash = '0' ) ORDER BY sort ASC  [ RunTime:0.0002s ]
SQL: SELECT * FROM `menu` WHERE ( father = 7 AND trash = '0' ) ORDER BY sort ASC  [ RunTime:0.0002s ]
SQL: SHOW COLUMNS FROM `poster_place` [ RunTime:0.0040s ]
SQL: SHOW COLUMNS FROM `poster` [ RunTime:0.0041s ]
SQL: SHOW COLUMNS FROM `poster_btn` [ RunTime:0.0037s ]
SQL: UPDATE `poster_place` SET `cname`='主页版块按钮V1',`is_show`='Y' WHERE ( id = 1 ) [ RunTime:0.0482s ]
INFO: [ view_parse ] --START--
INFO: [ template_filter ] --START--
INFO: Run Behavior\ContentReplaceBehavior [ RunTime:0.000030s ]
INFO: [ template_filter ] --END-- [ RunTime:0.000067s ]
INFO: Run Behavior\ParseTemplateBehavior [ RunTime:0.003652s ]
INFO: [ view_parse ] --END-- [ RunTime:0.003691s ]
INFO: [ view_filter ] --START--
INFO: Run Behavior\WriteHtmlCacheBehavior [ RunTime:0.000167s ]
INFO: [ view_filter ] --END-- [ RunTime:0.000207s ]
INFO: [ app_end ] --START--
INFO: Run Behavior\ShowPageTraceBehavior [ RunTime:0.000384s ]
INFO: [ app_end ] --END-- [ RunTime:0.000414s ]

[ 2016-08-18T10:14:41+08:00 ] 127.0.0.1 /Extra/Index/poster_manage
INFO: [ app_init ] --START--
INFO: Run Behavior\BuildLiteBehavior [ RunTime:0.000035s ]
INFO: [ app_init ] --END-- [ RunTime:0.001080s ]
INFO: [ app_begin ] --START--
INFO: Run Behavior\ReadHtmlCacheBehavior [ RunTime:0.001188s ]
INFO: [ app_begin ] --END-- [ RunTime:0.001323s ]
SQL: SHOW COLUMNS FROM `menu` [ RunTime:0.0103s ]
SQL: SELECT * FROM `menu` WHERE ( level = 1 AND trash = '0' ) ORDER BY sort ASC  [ RunTime:0.0005s ]
SQL: SELECT * FROM `menu` WHERE ( father = 1 AND trash = '0' ) ORDER BY sort ASC  [ RunTime:0.0005s ]
SQL: SELECT * FROM `menu` WHERE ( father = 2 AND trash = '0' ) ORDER BY sort ASC  [ RunTime:0.0004s ]
SQL: SELECT * FROM `menu` WHERE ( father = 3 AND trash = '0' ) ORDER BY sort ASC  [ RunTime:0.0004s ]
SQL: SELECT * FROM `menu` WHERE ( father = 6 AND trash = '0' ) ORDER BY sort ASC  [ RunTime:0.0003s ]
SQL: SELECT * FROM `menu` WHERE ( father = 7 AND trash = '0' ) ORDER BY sort ASC  [ RunTime:0.0003s ]
SQL: SHOW COLUMNS FROM `poster_place` [ RunTime:0.0065s ]
SQL: SHOW COLUMNS FROM `poster` [ RunTime:0.0077s ]
SQL: SHOW COLUMNS FROM `poster_btn` [ RunTime:0.0065s ]
SQL: SELECT * FROM `poster_place` WHERE ( trash = '0' )  [ RunTime:0.0003s ]
INFO: [ view_parse ] --START--
INFO: [ template_filter ] --START--
INFO: Run Behavior\ContentReplaceBehavior [ RunTime:0.000055s ]
INFO: [ template_filter ] --END-- [ RunTime:0.000115s ]
INFO: Run Behavior\ParseTemplateBehavior [ RunTime:0.007313s ]
INFO: [ view_parse ] --END-- [ RunTime:0.007395s ]
INFO: [ view_filter ] --START--
INFO: Run Behavior\WriteHtmlCacheBehavior [ RunTime:0.000323s ]
INFO: [ view_filter ] --END-- [ RunTime:0.000373s ]
INFO: [ app_end ] --START--
INFO: Run Behavior\ShowPageTraceBehavior [ RunTime:0.000671s ]
INFO: [ app_end ] --END-- [ RunTime:0.000730s ]

[ 2016-08-18T10:29:20+08:00 ] 127.0.0.1 /Extra/Index/poster_manage
INFO: [ app_init ] --START--
INFO: Run Behavior\BuildLiteBehavior [ RunTime:0.000010s ]
INFO: [ app_init ] --END-- [ RunTime:0.000330s ]
INFO: [ app_begin ] --START--
INFO: Run Behavior\ReadHtmlCacheBehavior [ RunTime:0.000390s ]
INFO: [ app_begin ] --END-- [ RunTime:0.000428s ]
SQL: SHOW COLUMNS FROM `menu` [ RunTime:0.0057s ]
SQL: SELECT * FROM `menu` WHERE ( level = 1 AND trash = '0' ) ORDER BY sort ASC  [ RunTime:0.0002s ]
SQL: SELECT * FROM `menu` WHERE ( father = 1 AND trash = '0' ) ORDER BY sort ASC  [ RunTime:0.0002s ]
SQL: SELECT * FROM `menu` WHERE ( father = 2 AND trash = '0' ) ORDER BY sort ASC  [ RunTime:0.0003s ]
SQL: SELECT * FROM `menu` WHERE ( father = 3 AND trash = '0' ) ORDER BY sort ASC  [ RunTime:0.0009s ]
SQL: SELECT * FROM `menu` WHERE ( father = 6 AND trash = '0' ) ORDER BY sort ASC  [ RunTime:0.0002s ]
SQL: SELECT * FROM `menu` WHERE ( father = 7 AND trash = '0' ) ORDER BY sort ASC  [ RunTime:0.0002s ]
SQL: SHOW COLUMNS FROM `poster_place` [ RunTime:0.0041s ]
SQL: SHOW COLUMNS FROM `poster` [ RunTime:0.0045s ]
SQL: SHOW COLUMNS FROM `poster_btn` [ RunTime:0.0038s ]
SQL: SELECT * FROM `poster_place` WHERE ( trash = '0' )  [ RunTime:0.0002s ]
INFO: [ view_parse ] --START--
INFO: [ template_filter ] --START--
INFO: Run Behavior\ContentReplaceBehavior [ RunTime:0.000030s ]
INFO: [ template_filter ] --END-- [ RunTime:0.000066s ]
INFO: Run Behavior\ParseTemplateBehavior [ RunTime:0.004467s ]
INFO: [ view_parse ] --END-- [ RunTime:0.004500s ]
INFO: [ view_filter ] --START--
INFO: Run Behavior\WriteHtmlCacheBehavior [ RunTime:0.000187s ]
INFO: [ view_filter ] --END-- [ RunTime:0.000211s ]
INFO: [ app_end ] --START--
INFO: Run Behavior\ShowPageTraceBehavior [ RunTime:0.000312s ]
INFO: [ app_end ] --END-- [ RunTime:0.000338s ]

[ 2016-08-18T10:29:21+08:00 ] 127.0.0.1 /Extra/Index/poster?id=1
INFO: [ app_init ] --START--
INFO: Run Behavior\BuildLiteBehavior [ RunTime:0.000016s ]
INFO: [ app_init ] --END-- [ RunTime:0.000352s ]
INFO: [ app_begin ] --START--
INFO: Run Behavior\ReadHtmlCacheBehavior [ RunTime:0.000291s ]
INFO: [ app_begin ] --END-- [ RunTime:0.000325s ]
SQL: SHOW COLUMNS FROM `menu` [ RunTime:0.0058s ]
SQL: SELECT * FROM `menu` WHERE ( level = 1 AND trash = '0' ) ORDER BY sort ASC  [ RunTime:0.0002s ]
SQL: SELECT * FROM `menu` WHERE ( father = 1 AND trash = '0' ) ORDER BY sort ASC  [ RunTime:0.0002s ]
SQL: SELECT * FROM `menu` WHERE ( father = 2 AND trash = '0' ) ORDER BY sort ASC  [ RunTime:0.0001s ]
SQL: SELECT * FROM `menu` WHERE ( father = 3 AND trash = '0' ) ORDER BY sort ASC  [ RunTime:0.0002s ]
SQL: SELECT * FROM `menu` WHERE ( father = 6 AND trash = '0' ) ORDER BY sort ASC  [ RunTime:0.0002s ]
SQL: SELECT * FROM `menu` WHERE ( father = 7 AND trash = '0' ) ORDER BY sort ASC  [ RunTime:0.0001s ]
SQL: SHOW COLUMNS FROM `poster_place` [ RunTime:0.0040s ]
SQL: SHOW COLUMNS FROM `poster` [ RunTime:0.0046s ]
SQL: SHOW COLUMNS FROM `poster_btn` [ RunTime:0.0039s ]
SQL: SELECT * FROM `poster` WHERE ( place_id = 1 AND trash = '0' )  [ RunTime:0.0004s ]
INFO: [ view_parse ] --START--
INFO: [ template_filter ] --START--
INFO: Run Behavior\ContentReplaceBehavior [ RunTime:0.000029s ]
INFO: [ template_filter ] --END-- [ RunTime:0.000059s ]
INFO: Run Behavior\ParseTemplateBehavior [ RunTime:0.007871s ]
INFO: [ view_parse ] --END-- [ RunTime:0.007920s ]
INFO: [ view_filter ] --START--
INFO: Run Behavior\WriteHtmlCacheBehavior [ RunTime:0.000175s ]
INFO: [ view_filter ] --END-- [ RunTime:0.000200s ]
INFO: [ app_end ] --START--
INFO: Run Behavior\ShowPageTraceBehavior [ RunTime:0.000332s ]
INFO: [ app_end ] --END-- [ RunTime:0.000358s ]

[ 2016-08-18T10:32:47+08:00 ] 127.0.0.1 /Extra/Index/poster_manage
INFO: [ app_init ] --START--
INFO: Run Behavior\BuildLiteBehavior [ RunTime:0.000009s ]
INFO: [ app_init ] --END-- [ RunTime:0.000256s ]
INFO: [ app_begin ] --START--
INFO: Run Behavior\ReadHtmlCacheBehavior [ RunTime:0.000357s ]
INFO: [ app_begin ] --END-- [ RunTime:0.000392s ]
SQL: SHOW COLUMNS FROM `menu` [ RunTime:0.0057s ]
SQL: SELECT * FROM `menu` WHERE ( level = 1 AND trash = '0' ) ORDER BY sort ASC  [ RunTime:0.0003s ]
SQL: SELECT * FROM `menu` WHERE ( father = 1 AND trash = '0' ) ORDER BY sort ASC  [ RunTime:0.0002s ]
SQL: SELECT * FROM `menu` WHERE ( father = 2 AND trash = '0' ) ORDER BY sort ASC  [ RunTime:0.0002s ]
SQL: SELECT * FROM `menu` WHERE ( father = 3 AND trash = '0' ) ORDER BY sort ASC  [ RunTime:0.0002s ]
SQL: SELECT * FROM `menu` WHERE ( father = 6 AND trash = '0' ) ORDER BY sort ASC  [ RunTime:0.0002s ]
SQL: SELECT * FROM `menu` WHERE ( father = 7 AND trash = '0' ) ORDER BY sort ASC  [ RunTime:0.0002s ]
SQL: SHOW COLUMNS FROM `poster_place` [ RunTime:0.0036s ]
SQL: SHOW COLUMNS FROM `poster` [ RunTime:0.0046s ]
SQL: SHOW COLUMNS FROM `poster_btn` [ RunTime:0.0037s ]
SQL: SELECT * FROM `poster_place` WHERE ( trash = '0' )  [ RunTime:0.0002s ]
INFO: [ view_parse ] --START--
INFO: [ template_filter ] --START--
INFO: Run Behavior\ContentReplaceBehavior [ RunTime:0.000032s ]
INFO: [ template_filter ] --END-- [ RunTime:0.000061s ]
INFO: Run Behavior\ParseTemplateBehavior [ RunTime:0.008582s ]
INFO: [ view_parse ] --END-- [ RunTime:0.008627s ]
INFO: [ view_filter ] --START--
INFO: Run Behavior\WriteHtmlCacheBehavior [ RunTime:0.000223s ]
INFO: [ view_filter ] --END-- [ RunTime:0.000251s ]
INFO: [ app_end ] --START--
INFO: Run Behavior\ShowPageTraceBehavior [ RunTime:0.000353s ]
INFO: [ app_end ] --END-- [ RunTime:0.000380s ]

[ 2016-08-18T10:32:48+08:00 ] 127.0.0.1 /Extra/Index/poster?id=1
INFO: [ app_init ] --START--
INFO: Run Behavior\BuildLiteBehavior [ RunTime:0.000009s ]
INFO: [ app_init ] --END-- [ RunTime:0.000231s ]
INFO: [ app_begin ] --START--
INFO: Run Behavior\ReadHtmlCacheBehavior [ RunTime:0.000292s ]
INFO: [ app_begin ] --END-- [ RunTime:0.000325s ]
SQL: SHOW COLUMNS FROM `menu` [ RunTime:0.0068s ]
SQL: SELECT * FROM `menu` WHERE ( level = 1 AND trash = '0' ) ORDER BY sort ASC  [ RunTime:0.0003s ]
SQL: SELECT * FROM `menu` WHERE ( father = 1 AND trash = '0' ) ORDER BY sort ASC  [ RunTime:0.0002s ]
SQL: SELECT * FROM `menu` WHERE ( father = 2 AND trash = '0' ) ORDER BY sort ASC  [ RunTime:0.0002s ]
SQL: SELECT * FROM `menu` WHERE ( father = 3 AND trash = '0' ) ORDER BY sort ASC  [ RunTime:0.0002s ]
SQL: SELECT * FROM `menu` WHERE ( father = 6 AND trash = '0' ) ORDER BY sort ASC  [ RunTime:0.0002s ]
SQL: SELECT * FROM `menu` WHERE ( father = 7 AND trash = '0' ) ORDER BY sort ASC  [ RunTime:0.0002s ]
SQL: SHOW COLUMNS FROM `poster_place` [ RunTime:0.0050s ]
SQL: SHOW COLUMNS FROM `poster` [ RunTime:0.0041s ]
SQL: SHOW COLUMNS FROM `poster_btn` [ RunTime:0.0049s ]
SQL: SELECT * FROM `poster` WHERE ( place_id = 1 AND trash = '0' )  [ RunTime:0.0003s ]
INFO: [ view_parse ] --START--
INFO: [ template_filter ] --START--
INFO: Run Behavior\ContentReplaceBehavior [ RunTime:0.000028s ]
INFO: [ template_filter ] --END-- [ RunTime:0.000055s ]
INFO: Run Behavior\ParseTemplateBehavior [ RunTime:0.006867s ]
INFO: [ view_parse ] --END-- [ RunTime:0.006913s ]
INFO: [ view_filter ] --START--
INFO: Run Behavior\WriteHtmlCacheBehavior [ RunTime:0.000178s ]
INFO: [ view_filter ] --END-- [ RunTime:0.000202s ]
INFO: [ app_end ] --START--
INFO: Run Behavior\ShowPageTraceBehavior [ RunTime:0.000278s ]
INFO: [ app_end ] --END-- [ RunTime:0.000305s ]

[ 2016-08-18T10:32:51+08:00 ] 127.0.0.1 /Extra/Index/add_poster?action=add
INFO: [ app_init ] --START--
INFO: Run Behavior\BuildLiteBehavior [ RunTime:0.000009s ]
INFO: [ app_init ] --END-- [ RunTime:0.000227s ]
INFO: [ app_begin ] --START--
INFO: Run Behavior\ReadHtmlCacheBehavior [ RunTime:0.000304s ]
INFO: [ app_begin ] --END-- [ RunTime:0.000337s ]
SQL: SHOW COLUMNS FROM `menu` [ RunTime:0.0064s ]
SQL: SELECT * FROM `menu` WHERE ( level = 1 AND trash = '0' ) ORDER BY sort ASC  [ RunTime:0.0003s ]
SQL: SELECT * FROM `menu` WHERE ( father = 1 AND trash = '0' ) ORDER BY sort ASC  [ RunTime:0.0002s ]
SQL: SELECT * FROM `menu` WHERE ( father = 2 AND trash = '0' ) ORDER BY sort ASC  [ RunTime:0.0002s ]
SQL: SELECT * FROM `menu` WHERE ( father = 3 AND trash = '0' ) ORDER BY sort ASC  [ RunTime:0.0002s ]
SQL: SELECT * FROM `menu` WHERE ( father = 6 AND trash = '0' ) ORDER BY sort ASC  [ RunTime:0.0002s ]
SQL: SELECT * FROM `menu` WHERE ( father = 7 AND trash = '0' ) ORDER BY sort ASC  [ RunTime:0.0002s ]
SQL: SHOW COLUMNS FROM `poster_place` [ RunTime:0.0048s ]
SQL: SHOW COLUMNS FROM `poster` [ RunTime:0.0045s ]
SQL: SHOW COLUMNS FROM `poster_btn` [ RunTime:0.0039s ]
INFO: [ view_parse ] --START--
INFO: [ template_filter ] --START--
INFO: Run Behavior\ContentReplaceBehavior [ RunTime:0.000026s ]
INFO: [ template_filter ] --END-- [ RunTime:0.000054s ]
NOTIC: [8] Undefined variable: id D:\www\ctspace\Application\Runtime\Cache\Extra\7484b9376c7b4d23a6068dc35a4ef335.php 第 18 行.
NOTIC: [8] Undefined variable: cname D:\www\ctspace\Application\Runtime\Cache\Extra\7484b9376c7b4d23a6068dc35a4ef335.php 第 35 行.
INFO: Run Behavior\ParseTemplateBehavior [ RunTime:0.006914s ]
INFO: [ view_parse ] --END-- [ RunTime:0.006947s ]
INFO: [ view_filter ] --START--
INFO: Run Behavior\WriteHtmlCacheBehavior [ RunTime:0.000145s ]
INFO: [ view_filter ] --END-- [ RunTime:0.000168s ]
INFO: [ app_end ] --START--
INFO: Run Behavior\ShowPageTraceBehavior [ RunTime:0.000269s ]
INFO: [ app_end ] --END-- [ RunTime:0.000294s ]

[ 2016-08-18T10:47:56+08:00 ] 127.0.0.1 /Extra/Index/poster_manage
INFO: [ app_init ] --START--
INFO: Run Behavior\BuildLiteBehavior [ RunTime:0.000009s ]
INFO: [ app_init ] --END-- [ RunTime:0.000259s ]
INFO: [ app_begin ] --START--
INFO: Run Behavior\ReadHtmlCacheBehavior [ RunTime:0.000353s ]
INFO: [ app_begin ] --END-- [ RunTime:0.000387s ]
SQL: SHOW COLUMNS FROM `menu` [ RunTime:0.0101s ]
SQL: SELECT * FROM `menu` WHERE ( level = 1 AND trash = '0' ) ORDER BY sort ASC  [ RunTime:0.0003s ]
SQL: SELECT * FROM `menu` WHERE ( father = 1 AND trash = '0' ) ORDER BY sort ASC  [ RunTime:0.0002s ]
SQL: SELECT * FROM `menu` WHERE ( father = 2 AND trash = '0' ) ORDER BY sort ASC  [ RunTime:0.0002s ]
SQL: SELECT * FROM `menu` WHERE ( father = 3 AND trash = '0' ) ORDER BY sort ASC  [ RunTime:0.0002s ]
SQL: SELECT * FROM `menu` WHERE ( father = 6 AND trash = '0' ) ORDER BY sort ASC  [ RunTime:0.0002s ]
SQL: SELECT * FROM `menu` WHERE ( father = 7 AND trash = '0' ) ORDER BY sort ASC  [ RunTime:0.0002s ]
SQL: SHOW COLUMNS FROM `poster_place` [ RunTime:0.0046s ]
SQL: SHOW COLUMNS FROM `poster` [ RunTime:0.0041s ]
SQL: SHOW COLUMNS FROM `poster_btn` [ RunTime:0.0048s ]
SQL: SELECT * FROM `poster_place` WHERE ( trash = '0' )  [ RunTime:0.0002s ]
INFO: [ view_parse ] --START--
INFO: [ template_filter ] --START--
INFO: Run Behavior\ContentReplaceBehavior [ RunTime:0.000029s ]
INFO: [ template_filter ] --END-- [ RunTime:0.000058s ]
INFO: Run Behavior\ParseTemplateBehavior [ RunTime:0.008174s ]
INFO: [ view_parse ] --END-- [ RunTime:0.008215s ]
INFO: [ view_filter ] --START--
INFO: Run Behavior\WriteHtmlCacheBehavior [ RunTime:0.000202s ]
INFO: [ view_filter ] --END-- [ RunTime:0.000227s ]
INFO: [ app_end ] --START--
INFO: Run Behavior\ShowPageTraceBehavior [ RunTime:0.000321s ]
INFO: [ app_end ] --END-- [ RunTime:0.000346s ]

[ 2016-08-18T10:47:57+08:00 ] 127.0.0.1 /Extra/Index/add_poster_place?action=add
INFO: [ app_init ] --START--
INFO: Run Behavior\BuildLiteBehavior [ RunTime:0.000009s ]
INFO: [ app_init ] --END-- [ RunTime:0.000380s ]
INFO: [ app_begin ] --START--
INFO: Run Behavior\ReadHtmlCacheBehavior [ RunTime:0.000297s ]
INFO: [ app_begin ] --END-- [ RunTime:0.000331s ]
SQL: SHOW COLUMNS FROM `menu` [ RunTime:0.0060s ]
SQL: SELECT * FROM `menu` WHERE ( level = 1 AND trash = '0' ) ORDER BY sort ASC  [ RunTime:0.0003s ]
SQL: SELECT * FROM `menu` WHERE ( father = 1 AND trash = '0' ) ORDER BY sort ASC  [ RunTime:0.0002s ]
SQL: SELECT * FROM `menu` WHERE ( father = 2 AND trash = '0' ) ORDER BY sort ASC  [ RunTime:0.0002s ]
SQL: SELECT * FROM `menu` WHERE ( father = 3 AND trash = '0' ) ORDER BY sort ASC  [ RunTime:0.0002s ]
SQL: SELECT * FROM `menu` WHERE ( father = 6 AND trash = '0' ) ORDER BY sort ASC  [ RunTime:0.0002s ]
SQL: SELECT * FROM `menu` WHERE ( father = 7 AND trash = '0' ) ORDER BY sort ASC  [ RunTime:0.0002s ]
SQL: SHOW COLUMNS FROM `poster_place` [ RunTime:0.0040s ]
SQL: SHOW COLUMNS FROM `poster` [ RunTime:0.0042s ]
SQL: SHOW COLUMNS FROM `poster_btn` [ RunTime:0.0037s ]
INFO: [ view_parse ] --START--
INFO: [ template_filter ] --START--
INFO: Run Behavior\ContentReplaceBehavior [ RunTime:0.000030s ]
INFO: [ template_filter ] --END-- [ RunTime:0.000062s ]
NOTIC: [8] Undefined variable: id D:\www\ctspace\Application\Runtime\Cache\Extra\91cb69449598a815f44efdcef149bd30.php 第 18 行.
NOTIC: [8] Undefined variable: cname D:\www\ctspace\Application\Runtime\Cache\Extra\91cb69449598a815f44efdcef149bd30.php 第 35 行.
INFO: Run Behavior\ParseTemplateBehavior [ RunTime:0.007846s ]
INFO: [ view_parse ] --END-- [ RunTime:0.007884s ]
INFO: [ view_filter ] --START--
INFO: Run Behavior\WriteHtmlCacheBehavior [ RunTime:0.000163s ]
INFO: [ view_filter ] --END-- [ RunTime:0.000188s ]
INFO: [ app_end ] --START--
INFO: Run Behavior\ShowPageTraceBehavior [ RunTime:0.000291s ]
INFO: [ app_end ] --END-- [ RunTime:0.000320s ]

[ 2016-08-18T10:47:58+08:00 ] 127.0.0.1 /Extra/Index/poster_manage
INFO: [ app_init ] --START--
INFO: Run Behavior\BuildLiteBehavior [ RunTime:0.000009s ]
INFO: [ app_init ] --END-- [ RunTime:0.000230s ]
INFO: [ app_begin ] --START--
INFO: Run Behavior\ReadHtmlCacheBehavior [ RunTime:0.000290s ]
INFO: [ app_begin ] --END-- [ RunTime:0.000325s ]
SQL: SHOW COLUMNS FROM `menu` [ RunTime:0.0055s ]
SQL: SELECT * FROM `menu` WHERE ( level = 1 AND trash = '0' ) ORDER BY sort ASC  [ RunTime:0.0003s ]
SQL: SELECT * FROM `menu` WHERE ( father = 1 AND trash = '0' ) ORDER BY sort ASC  [ RunTime:0.0002s ]
SQL: SELECT * FROM `menu` WHERE ( father = 2 AND trash = '0' ) ORDER BY sort ASC  [ RunTime:0.0002s ]
SQL: SELECT * FROM `menu` WHERE ( father = 3 AND trash = '0' ) ORDER BY sort ASC  [ RunTime:0.0002s ]
SQL: SELECT * FROM `menu` WHERE ( father = 6 AND trash = '0' ) ORDER BY sort ASC  [ RunTime:0.0002s ]
SQL: SELECT * FROM `menu` WHERE ( father = 7 AND trash = '0' ) ORDER BY sort ASC  [ RunTime:0.0002s ]
SQL: SHOW COLUMNS FROM `poster_place` [ RunTime:0.0037s ]
SQL: SHOW COLUMNS FROM `poster` [ RunTime:0.0038s ]
SQL: SHOW COLUMNS FROM `poster_btn` [ RunTime:0.0042s ]
SQL: SELECT * FROM `poster_place` WHERE ( trash = '0' )  [ RunTime:0.0002s ]
INFO: [ view_parse ] --START--
INFO: [ template_filter ] --START--
INFO: Run Behavior\ContentReplaceBehavior [ RunTime:0.000030s ]
INFO: [ template_filter ] --END-- [ RunTime:0.000057s ]
INFO: Run Behavior\ParseTemplateBehavior [ RunTime:0.003429s ]
INFO: [ view_parse ] --END-- [ RunTime:0.003461s ]
INFO: [ view_filter ] --START--
INFO: Run Behavior\WriteHtmlCacheBehavior [ RunTime:0.000134s ]
INFO: [ view_filter ] --END-- [ RunTime:0.000159s ]
INFO: [ app_end ] --START--
INFO: Run Behavior\ShowPageTraceBehavior [ RunTime:0.000263s ]
INFO: [ app_end ] --END-- [ RunTime:0.000288s ]

[ 2016-08-18T10:47:59+08:00 ] 127.0.0.1 /Extra/Index/poster?id=1
INFO: [ app_init ] --START--
INFO: Run Behavior\BuildLiteBehavior [ RunTime:0.000009s ]
INFO: [ app_init ] --END-- [ RunTime:0.000239s ]
INFO: [ app_begin ] --START--
INFO: Run Behavior\ReadHtmlCacheBehavior [ RunTime:0.000293s ]
INFO: [ app_begin ] --END-- [ RunTime:0.000327s ]
SQL: SHOW COLUMNS FROM `menu` [ RunTime:0.0063s ]
SQL: SELECT * FROM `menu` WHERE ( level = 1 AND trash = '0' ) ORDER BY sort ASC  [ RunTime:0.0005s ]
SQL: SELECT * FROM `menu` WHERE ( father = 1 AND trash = '0' ) ORDER BY sort ASC  [ RunTime:0.0002s ]
SQL: SELECT * FROM `menu` WHERE ( father = 2 AND trash = '0' ) ORDER BY sort ASC  [ RunTime:0.0002s ]
SQL: SELECT * FROM `menu` WHERE ( father = 3 AND trash = '0' ) ORDER BY sort ASC  [ RunTime:0.0002s ]
SQL: SELECT * FROM `menu` WHERE ( father = 6 AND trash = '0' ) ORDER BY sort ASC  [ RunTime:0.0002s ]
SQL: SELECT * FROM `menu` WHERE ( father = 7 AND trash = '0' ) ORDER BY sort ASC  [ RunTime:0.0002s ]
SQL: SHOW COLUMNS FROM `poster_place` [ RunTime:0.0040s ]
SQL: SHOW COLUMNS FROM `poster` [ RunTime:0.0047s ]
SQL: SHOW COLUMNS FROM `poster_btn` [ RunTime:0.0036s ]
SQL: SELECT * FROM `poster` WHERE ( place_id = 1 AND trash = '0' )  [ RunTime:0.0002s ]
INFO: [ view_parse ] --START--
INFO: [ template_filter ] --START--
INFO: Run Behavior\ContentReplaceBehavior [ RunTime:0.000058s ]
INFO: [ template_filter ] --END-- [ RunTime:0.000109s ]
INFO: Run Behavior\ParseTemplateBehavior [ RunTime:0.007441s ]
INFO: [ view_parse ] --END-- [ RunTime:0.007482s ]
INFO: [ view_filter ] --START--
INFO: Run Behavior\WriteHtmlCacheBehavior [ RunTime:0.000198s ]
INFO: [ view_filter ] --END-- [ RunTime:0.000222s ]
INFO: [ app_end ] --START--
INFO: Run Behavior\ShowPageTraceBehavior [ RunTime:0.000431s ]
INFO: [ app_end ] --END-- [ RunTime:0.000460s ]

[ 2016-08-18T10:48:01+08:00 ] 127.0.0.1 /Extra/Index/add_poster?action=add
INFO: [ app_init ] --START--
INFO: Run Behavior\BuildLiteBehavior [ RunTime:0.000009s ]
INFO: [ app_init ] --END-- [ RunTime:0.000234s ]
INFO: [ app_begin ] --START--
INFO: Run Behavior\ReadHtmlCacheBehavior [ RunTime:0.000288s ]
INFO: [ app_begin ] --END-- [ RunTime:0.000321s ]
SQL: SHOW COLUMNS FROM `menu` [ RunTime:0.0059s ]
SQL: SELECT * FROM `menu` WHERE ( level = 1 AND trash = '0' ) ORDER BY sort ASC  [ RunTime:0.0003s ]
SQL: SELECT * FROM `menu` WHERE ( father = 1 AND trash = '0' ) ORDER BY sort ASC  [ RunTime:0.0002s ]
SQL: SELECT * FROM `menu` WHERE ( father = 2 AND trash = '0' ) ORDER BY sort ASC  [ RunTime:0.0002s ]
SQL: SELECT * FROM `menu` WHERE ( father = 3 AND trash = '0' ) ORDER BY sort ASC  [ RunTime:0.0002s ]
SQL: SELECT * FROM `menu` WHERE ( father = 6 AND trash = '0' ) ORDER BY sort ASC  [ RunTime:0.0002s ]
SQL: SELECT * FROM `menu` WHERE ( father = 7 AND trash = '0' ) ORDER BY sort ASC  [ RunTime:0.0002s ]
SQL: SHOW COLUMNS FROM `poster_place` [ RunTime:0.0038s ]
SQL: SHOW COLUMNS FROM `poster` [ RunTime:0.0037s ]
SQL: SHOW COLUMNS FROM `poster_btn` [ RunTime:0.0041s ]
INFO: [ view_parse ] --START--
INFO: [ template_filter ] --START--
INFO: Run Behavior\ContentReplaceBehavior [ RunTime:0.000030s ]
INFO: [ template_filter ] --END-- [ RunTime:0.000063s ]
NOTIC: [8] Undefined variable: id D:\www\ctspace\Application\Runtime\Cache\Extra\7484b9376c7b4d23a6068dc35a4ef335.php 第 19 行.
NOTIC: [8] Undefined variable: name D:\www\ctspace\Application\Runtime\Cache\Extra\7484b9376c7b4d23a6068dc35a4ef335.php 第 28 行.
INFO: Run Behavior\ParseTemplateBehavior [ RunTime:0.007425s ]
INFO: [ view_parse ] --END-- [ RunTime:0.007459s ]
INFO: [ view_filter ] --START--
INFO: Run Behavior\WriteHtmlCacheBehavior [ RunTime:0.000156s ]
INFO: [ view_filter ] --END-- [ RunTime:0.000183s ]
INFO: [ app_end ] --START--
INFO: Run Behavior\ShowPageTraceBehavior [ RunTime:0.000289s ]
INFO: [ app_end ] --END-- [ RunTime:0.000316s ]

[ 2016-08-18T10:48:39+08:00 ] 127.0.0.1 /Extra/Index/poster_manage
INFO: [ app_init ] --START--
INFO: Run Behavior\BuildLiteBehavior [ RunTime:0.000010s ]
INFO: [ app_init ] --END-- [ RunTime:0.000238s ]
INFO: [ app_begin ] --START--
INFO: Run Behavior\ReadHtmlCacheBehavior [ RunTime:0.000324s ]
INFO: [ app_begin ] --END-- [ RunTime:0.000359s ]
SQL: SHOW COLUMNS FROM `menu` [ RunTime:0.0083s ]
SQL: SELECT * FROM `menu` WHERE ( level = 1 AND trash = '0' ) ORDER BY sort ASC  [ RunTime:0.0003s ]
SQL: SELECT * FROM `menu` WHERE ( father = 1 AND trash = '0' ) ORDER BY sort ASC  [ RunTime:0.0002s ]
SQL: SELECT * FROM `menu` WHERE ( father = 2 AND trash = '0' ) ORDER BY sort ASC  [ RunTime:0.0002s ]
SQL: SELECT * FROM `menu` WHERE ( father = 3 AND trash = '0' ) ORDER BY sort ASC  [ RunTime:0.0002s ]
SQL: SELECT * FROM `menu` WHERE ( father = 6 AND trash = '0' ) ORDER BY sort ASC  [ RunTime:0.0002s ]
SQL: SELECT * FROM `menu` WHERE ( father = 7 AND trash = '0' ) ORDER BY sort ASC  [ RunTime:0.0002s ]
SQL: SHOW COLUMNS FROM `poster_place` [ RunTime:0.0043s ]
SQL: SHOW COLUMNS FROM `poster` [ RunTime:0.0041s ]
SQL: SHOW COLUMNS FROM `poster_btn` [ RunTime:0.0041s ]
SQL: SELECT * FROM `poster_place` WHERE ( trash = '0' )  [ RunTime:0.0002s ]
INFO: [ view_parse ] --START--
INFO: [ template_filter ] --START--
INFO: Run Behavior\ContentReplaceBehavior [ RunTime:0.000032s ]
INFO: [ template_filter ] --END-- [ RunTime:0.000064s ]
INFO: Run Behavior\ParseTemplateBehavior [ RunTime:0.003720s ]
INFO: [ view_parse ] --END-- [ RunTime:0.003758s ]
INFO: [ view_filter ] --START--
INFO: Run Behavior\WriteHtmlCacheBehavior [ RunTime:0.000150s ]
INFO: [ view_filter ] --END-- [ RunTime:0.000177s ]
INFO: [ app_end ] --START--
INFO: Run Behavior\ShowPageTraceBehavior [ RunTime:0.000295s ]
INFO: [ app_end ] --END-- [ RunTime:0.000321s ]

[ 2016-08-18T10:48:40+08:00 ] 127.0.0.1 /Extra/Index/poster?id=1
INFO: [ app_init ] --START--
INFO: Run Behavior\BuildLiteBehavior [ RunTime:0.000010s ]
INFO: [ app_init ] --END-- [ RunTime:0.000268s ]
INFO: [ app_begin ] --START--
INFO: Run Behavior\ReadHtmlCacheBehavior [ RunTime:0.000357s ]
INFO: [ app_begin ] --END-- [ RunTime:0.000393s ]
SQL: SHOW COLUMNS FROM `menu` [ RunTime:0.0087s ]
SQL: SELECT * FROM `menu` WHERE ( level = 1 AND trash = '0' ) ORDER BY sort ASC  [ RunTime:0.0003s ]
SQL: SELECT * FROM `menu` WHERE ( father = 1 AND trash = '0' ) ORDER BY sort ASC  [ RunTime:0.0002s ]
SQL: SELECT * FROM `menu` WHERE ( father = 2 AND trash = '0' ) ORDER BY sort ASC  [ RunTime:0.0002s ]
SQL: SELECT * FROM `menu` WHERE ( father = 3 AND trash = '0' ) ORDER BY sort ASC  [ RunTime:0.0002s ]
SQL: SELECT * FROM `menu` WHERE ( father = 6 AND trash = '0' ) ORDER BY sort ASC  [ RunTime:0.0002s ]
SQL: SELECT * FROM `menu` WHERE ( father = 7 AND trash = '0' ) ORDER BY sort ASC  [ RunTime:0.0002s ]
SQL: SHOW COLUMNS FROM `poster_place` [ RunTime:0.0039s ]
SQL: SHOW COLUMNS FROM `poster` [ RunTime:0.0042s ]
SQL: SHOW COLUMNS FROM `poster_btn` [ RunTime:0.0037s ]
SQL: SELECT * FROM `poster` WHERE ( place_id = 1 AND trash = '0' )  [ RunTime:0.0002s ]
INFO: [ view_parse ] --START--
INFO: [ template_filter ] --START--
INFO: Run Behavior\ContentReplaceBehavior [ RunTime:0.000082s ]
INFO: [ template_filter ] --END-- [ RunTime:0.000180s ]
INFO: Run Behavior\ParseTemplateBehavior [ RunTime:0.008070s ]
INFO: [ view_parse ] --END-- [ RunTime:0.008158s ]
INFO: [ view_filter ] --START--
INFO: Run Behavior\WriteHtmlCacheBehavior [ RunTime:0.000232s ]
INFO: [ view_filter ] --END-- [ RunTime:0.000262s ]
INFO: [ app_end ] --START--
INFO: Run Behavior\ShowPageTraceBehavior [ RunTime:0.000304s ]
INFO: [ app_end ] --END-- [ RunTime:0.000337s ]

[ 2016-08-18T10:48:41+08:00 ] 127.0.0.1 /Extra/Index/add_poster?action=add
INFO: [ app_init ] --START--
INFO: Run Behavior\BuildLiteBehavior [ RunTime:0.000008s ]
INFO: [ app_init ] --END-- [ RunTime:0.000227s ]
INFO: [ app_begin ] --START--
INFO: Run Behavior\ReadHtmlCacheBehavior [ RunTime:0.000292s ]
INFO: [ app_begin ] --END-- [ RunTime:0.000325s ]
SQL: SHOW COLUMNS FROM `menu` [ RunTime:0.0063s ]
SQL: SELECT * FROM `menu` WHERE ( level = 1 AND trash = '0' ) ORDER BY sort ASC  [ RunTime:0.0003s ]
SQL: SELECT * FROM `menu` WHERE ( father = 1 AND trash = '0' ) ORDER BY sort ASC  [ RunTime:0.0002s ]
SQL: SELECT * FROM `menu` WHERE ( father = 2 AND trash = '0' ) ORDER BY sort ASC  [ RunTime:0.0002s ]
SQL: SELECT * FROM `menu` WHERE ( father = 3 AND trash = '0' ) ORDER BY sort ASC  [ RunTime:0.0002s ]
SQL: SELECT * FROM `menu` WHERE ( father = 6 AND trash = '0' ) ORDER BY sort ASC  [ RunTime:0.0001s ]
SQL: SELECT * FROM `menu` WHERE ( father = 7 AND trash = '0' ) ORDER BY sort ASC  [ RunTime:0.0001s ]
SQL: SHOW COLUMNS FROM `poster_place` [ RunTime:0.0037s ]
SQL: SHOW COLUMNS FROM `poster` [ RunTime:0.0038s ]
SQL: SHOW COLUMNS FROM `poster_btn` [ RunTime:0.0042s ]
INFO: [ view_parse ] --START--
INFO: [ template_filter ] --START--
INFO: Run Behavior\ContentReplaceBehavior [ RunTime:0.000031s ]
INFO: [ template_filter ] --END-- [ RunTime:0.000066s ]
NOTIC: [8] Undefined variable: id D:\www\ctspace\Application\Runtime\Cache\Extra\7484b9376c7b4d23a6068dc35a4ef335.php 第 19 行.
NOTIC: [8] Undefined variable: name D:\www\ctspace\Application\Runtime\Cache\Extra\7484b9376c7b4d23a6068dc35a4ef335.php 第 28 行.
INFO: Run Behavior\ParseTemplateBehavior [ RunTime:0.007217s ]
INFO: [ view_parse ] --END-- [ RunTime:0.007252s ]
INFO: [ view_filter ] --START--
INFO: Run Behavior\WriteHtmlCacheBehavior [ RunTime:0.000155s ]
INFO: [ view_filter ] --END-- [ RunTime:0.000181s ]
INFO: [ app_end ] --START--
INFO: Run Behavior\ShowPageTraceBehavior [ RunTime:0.000298s ]
INFO: [ app_end ] --END-- [ RunTime:0.000326s ]

