[ 2016-08-17T15:15:30+08:00 ] 127.0.0.1 /Admin/Index/index
INFO: [ app_init ] --START--
INFO: Run Behavior\BuildLiteBehavior [ RunTime:0.000012s ]
INFO: [ app_init ] --END-- [ RunTime:0.000431s ]
INFO: [ app_begin ] --START--
INFO: Run Behavior\ReadHtmlCacheBehavior [ RunTime:0.000890s ]
INFO: [ app_begin ] --END-- [ RunTime:0.000940s ]
ERR: 无法加载控制器:Admin

[ 2016-08-17T15:15:38+08:00 ] 127.0.0.1 /
INFO: [ app_init ] --START--
INFO: Run Behavior\BuildLiteBehavior [ RunTime:0.000009s ]
INFO: [ app_init ] --END-- [ RunTime:0.000376s ]
INFO: [ app_begin ] --START--
INFO: Run Behavior\ReadHtmlCacheBehavior [ RunTime:0.000361s ]
INFO: [ app_begin ] --END-- [ RunTime:0.000393s ]
INFO: [ view_parse ] --START--
INFO: [ template_filter ] --START--
INFO: Run Behavior\ContentReplaceBehavior [ RunTime:0.000023s ]
INFO: [ template_filter ] --END-- [ RunTime:0.000066s ]
INFO: Run Behavior\ParseTemplateBehavior [ RunTime:0.008114s ]
INFO: [ view_parse ] --END-- [ RunTime:0.008157s ]
INFO: [ view_filter ] --START--
INFO: Run Behavior\WriteHtmlCacheBehavior [ RunTime:0.000330s ]
INFO: [ view_filter ] --END-- [ RunTime:0.000359s ]
INFO: [ app_end ] --START--
INFO: Run Behavior\ShowPageTraceBehavior [ RunTime:0.000511s ]
INFO: [ app_end ] --END-- [ RunTime:0.000556s ]

[ 2016-08-17T15:18:33+08:00 ] 127.0.0.1 /Extra/Index/post_manage
INFO: [ app_init ] --START--
INFO: Run Behavior\BuildLiteBehavior [ RunTime:0.000008s ]
INFO: [ app_init ] --END-- [ RunTime:0.000248s ]
INFO: [ app_begin ] --START--
INFO: Run Behavior\ReadHtmlCacheBehavior [ RunTime:0.000401s ]
INFO: [ app_begin ] --END-- [ RunTime:0.000436s ]
SQL: SHOW COLUMNS FROM `menu` [ RunTime:0.0060s ]
SQL: SELECT * FROM `menu` WHERE ( level = 1 AND trash = '0' ) ORDER BY sort ASC  [ RunTime:0.0003s ]
SQL: SELECT * FROM `menu` WHERE ( father = 1 AND trash = '0' ) ORDER BY sort ASC  [ RunTime:0.0002s ]
SQL: SELECT * FROM `menu` WHERE ( father = 2 AND trash = '0' ) ORDER BY sort ASC  [ RunTime:0.0002s ]
SQL: SELECT * FROM `menu` WHERE ( father = 3 AND trash = '0' ) ORDER BY sort ASC  [ RunTime:0.0003s ]
SQL: SELECT * FROM `menu` WHERE ( father = 6 AND trash = '0' ) ORDER BY sort ASC  [ RunTime:0.0002s ]
SQL: SELECT * FROM `menu` WHERE ( father = 7 AND trash = '0' ) ORDER BY sort ASC  [ RunTime:0.0002s ]
INFO: [ app_end ] --START--
INFO: Run Behavior\ShowPageTraceBehavior [ RunTime:0.000906s ]
INFO: [ app_end ] --END-- [ RunTime:0.001011s ]

[ 2016-08-17T15:21:16+08:00 ] 127.0.0.1 /Extra/Index/post_manage
INFO: [ app_init ] --START--
INFO: Run Behavior\BuildLiteBehavior [ RunTime:0.000009s ]
INFO: [ app_init ] --END-- [ RunTime:0.000271s ]
INFO: [ app_begin ] --START--
INFO: Run Behavior\ReadHtmlCacheBehavior [ RunTime:0.000470s ]
INFO: [ app_begin ] --END-- [ RunTime:0.000516s ]
SQL: SHOW COLUMNS FROM `menu` [ RunTime:0.0061s ]
SQL: SELECT * FROM `menu` WHERE ( level = 1 AND trash = '0' ) ORDER BY sort ASC  [ RunTime:0.0003s ]
SQL: SELECT * FROM `menu` WHERE ( father = 1 AND trash = '0' ) ORDER BY sort ASC  [ RunTime:0.0002s ]
SQL: SELECT * FROM `menu` WHERE ( father = 2 AND trash = '0' ) ORDER BY sort ASC  [ RunTime:0.0002s ]
SQL: SELECT * FROM `menu` WHERE ( father = 3 AND trash = '0' ) ORDER BY sort ASC  [ RunTime:0.0002s ]
SQL: SELECT * FROM `menu` WHERE ( father = 6 AND trash = '0' ) ORDER BY sort ASC  [ RunTime:0.0002s ]
SQL: SELECT * FROM `menu` WHERE ( father = 7 AND trash = '0' ) ORDER BY sort ASC  [ RunTime:0.0002s ]
SQL: SHOW COLUMNS FROM `poster_place` [ RunTime:0.0059s ]
SQL: SHOW COLUMNS FROM `poster` [ RunTime:0.0041s ]
SQL: SHOW COLUMNS FROM `poster_btn` [ RunTime:0.0045s ]
SQL: SELECT * FROM `poster_place` WHERE ( trash = 0 )  [ RunTime:0.0086s ]
INFO: [ app_end ] --START--
INFO: Run Behavior\ShowPageTraceBehavior [ RunTime:0.000786s ]
INFO: [ app_end ] --END-- [ RunTime:0.000839s ]

[ 2016-08-17T15:59:49+08:00 ] 127.0.0.1 /Extra/Index/post_manage
INFO: [ app_init ] --START--
INFO: Run Behavior\BuildLiteBehavior [ RunTime:0.000009s ]
INFO: [ app_init ] --END-- [ RunTime:0.000255s ]
INFO: [ app_begin ] --START--
INFO: Run Behavior\ReadHtmlCacheBehavior [ RunTime:0.000391s ]
INFO: [ app_begin ] --END-- [ RunTime:0.000425s ]
SQL: SHOW COLUMNS FROM `menu` [ RunTime:0.0066s ]
SQL: SELECT * FROM `menu` WHERE ( level = 1 AND trash = '0' ) ORDER BY sort ASC  [ RunTime:0.0003s ]
SQL: SELECT * FROM `menu` WHERE ( father = 1 AND trash = '0' ) ORDER BY sort ASC  [ RunTime:0.0002s ]
SQL: SELECT * FROM `menu` WHERE ( father = 2 AND trash = '0' ) ORDER BY sort ASC  [ RunTime:0.0002s ]
SQL: SELECT * FROM `menu` WHERE ( father = 3 AND trash = '0' ) ORDER BY sort ASC  [ RunTime:0.0002s ]
SQL: SELECT * FROM `menu` WHERE ( father = 6 AND trash = '0' ) ORDER BY sort ASC  [ RunTime:0.0002s ]
SQL: SELECT * FROM `menu` WHERE ( father = 7 AND trash = '0' ) ORDER BY sort ASC  [ RunTime:0.0002s ]
SQL: SHOW COLUMNS FROM `poster_place` [ RunTime:0.0039s ]
SQL: SHOW COLUMNS FROM `poster` [ RunTime:0.0042s ]
SQL: SHOW COLUMNS FROM `poster_btn` [ RunTime:0.0069s ]
SQL: SELECT * FROM `poster_place` WHERE ( trash = 0 )  [ RunTime:0.0002s ]
ERR: 模板不存在:./Application/Extra/View//post_manage.html

[ 2016-08-17T16:01:09+08:00 ] 127.0.0.1 /Extra/Index/post_manage
INFO: [ app_init ] --START--
INFO: Run Behavior\BuildLiteBehavior [ RunTime:0.000008s ]
INFO: [ app_init ] --END-- [ RunTime:0.000256s ]
INFO: [ app_begin ] --START--
INFO: Run Behavior\ReadHtmlCacheBehavior [ RunTime:0.000389s ]
INFO: [ app_begin ] --END-- [ RunTime:0.000422s ]
SQL: SHOW COLUMNS FROM `menu` [ RunTime:0.0059s ]
SQL: SELECT * FROM `menu` WHERE ( level = 1 AND trash = '0' ) ORDER BY sort ASC  [ RunTime:0.0003s ]
SQL: SELECT * FROM `menu` WHERE ( father = 1 AND trash = '0' ) ORDER BY sort ASC  [ RunTime:0.0002s ]
SQL: SELECT * FROM `menu` WHERE ( father = 2 AND trash = '0' ) ORDER BY sort ASC  [ RunTime:0.0002s ]
SQL: SELECT * FROM `menu` WHERE ( father = 3 AND trash = '0' ) ORDER BY sort ASC  [ RunTime:0.0002s ]
SQL: SELECT * FROM `menu` WHERE ( father = 6 AND trash = '0' ) ORDER BY sort ASC  [ RunTime:0.0002s ]
SQL: SELECT * FROM `menu` WHERE ( father = 7 AND trash = '0' ) ORDER BY sort ASC  [ RunTime:0.0002s ]
SQL: SHOW COLUMNS FROM `poster_place` [ RunTime:0.0097s ]
SQL: SHOW COLUMNS FROM `poster` [ RunTime:0.0043s ]
SQL: SHOW COLUMNS FROM `poster_btn` [ RunTime:0.0043s ]
ERR: 非法操作:post_manage

[ 2016-08-17T16:01:12+08:00 ] 127.0.0.1 /Extra/Index/post_manage
INFO: [ app_init ] --START--
INFO: Run Behavior\BuildLiteBehavior [ RunTime:0.000009s ]
INFO: [ app_init ] --END-- [ RunTime:0.000254s ]
INFO: [ app_begin ] --START--
INFO: Run Behavior\ReadHtmlCacheBehavior [ RunTime:0.000397s ]
INFO: [ app_begin ] --END-- [ RunTime:0.000431s ]
SQL: SHOW COLUMNS FROM `menu` [ RunTime:0.0065s ]
SQL: SELECT * FROM `menu` WHERE ( level = 1 AND trash = '0' ) ORDER BY sort ASC  [ RunTime:0.0003s ]
SQL: SELECT * FROM `menu` WHERE ( father = 1 AND trash = '0' ) ORDER BY sort ASC  [ RunTime:0.0002s ]
SQL: SELECT * FROM `menu` WHERE ( father = 2 AND trash = '0' ) ORDER BY sort ASC  [ RunTime:0.0002s ]
SQL: SELECT * FROM `menu` WHERE ( father = 3 AND trash = '0' ) ORDER BY sort ASC  [ RunTime:0.0002s ]
SQL: SELECT * FROM `menu` WHERE ( father = 6 AND trash = '0' ) ORDER BY sort ASC  [ RunTime:0.0002s ]
SQL: SELECT * FROM `menu` WHERE ( father = 7 AND trash = '0' ) ORDER BY sort ASC  [ RunTime:0.0001s ]
SQL: SHOW COLUMNS FROM `poster_place` [ RunTime:0.0058s ]
SQL: SHOW COLUMNS FROM `poster` [ RunTime:0.0046s ]
SQL: SHOW COLUMNS FROM `poster_btn` [ RunTime:0.0048s ]
ERR: 非法操作:post_manage

[ 2016-08-17T16:01:45+08:00 ] 127.0.0.1 /Extra/Index/post_manage
INFO: [ app_init ] --START--
INFO: Run Behavior\BuildLiteBehavior [ RunTime:0.000008s ]
INFO: [ app_init ] --END-- [ RunTime:0.000249s ]
INFO: [ app_begin ] --START--
INFO: Run Behavior\ReadHtmlCacheBehavior [ RunTime:0.000520s ]
INFO: [ app_begin ] --END-- [ RunTime:0.000555s ]
SQL: SHOW COLUMNS FROM `menu` [ RunTime:0.0066s ]
SQL: SELECT * FROM `menu` WHERE ( level = 1 AND trash = '0' ) ORDER BY sort ASC  [ RunTime:0.0003s ]
SQL: SELECT * FROM `menu` WHERE ( father = 1 AND trash = '0' ) ORDER BY sort ASC  [ RunTime:0.0002s ]
SQL: SELECT * FROM `menu` WHERE ( father = 2 AND trash = '0' ) ORDER BY sort ASC  [ RunTime:0.0143s ]
SQL: SELECT * FROM `menu` WHERE ( father = 3 AND trash = '0' ) ORDER BY sort ASC  [ RunTime:0.0004s ]
SQL: SELECT * FROM `menu` WHERE ( father = 6 AND trash = '0' ) ORDER BY sort ASC  [ RunTime:0.0002s ]
SQL: SELECT * FROM `menu` WHERE ( father = 7 AND trash = '0' ) ORDER BY sort ASC  [ RunTime:0.0002s ]
SQL: SHOW COLUMNS FROM `poster_place` [ RunTime:0.0042s ]
SQL: SHOW COLUMNS FROM `poster` [ RunTime:0.0054s ]
SQL: SHOW COLUMNS FROM `poster_btn` [ RunTime:0.0045s ]
ERR: 非法操作:post_manage

[ 2016-08-17T16:01:59+08:00 ] 127.0.0.1 /Extra/Index/poster_manage
INFO: [ app_init ] --START--
INFO: Run Behavior\BuildLiteBehavior [ RunTime:0.000009s ]
INFO: [ app_init ] --END-- [ RunTime:0.000253s ]
INFO: [ app_begin ] --START--
INFO: Run Behavior\ReadHtmlCacheBehavior [ RunTime:0.000397s ]
INFO: [ app_begin ] --END-- [ RunTime:0.000432s ]
SQL: SHOW COLUMNS FROM `menu` [ RunTime:0.0061s ]
SQL: SELECT * FROM `menu` WHERE ( level = 1 AND trash = '0' ) ORDER BY sort ASC  [ RunTime:0.0003s ]
SQL: SELECT * FROM `menu` WHERE ( father = 1 AND trash = '0' ) ORDER BY sort ASC  [ RunTime:0.0003s ]
SQL: SELECT * FROM `menu` WHERE ( father = 2 AND trash = '0' ) ORDER BY sort ASC  [ RunTime:0.0002s ]
SQL: SELECT * FROM `menu` WHERE ( father = 3 AND trash = '0' ) ORDER BY sort ASC  [ RunTime:0.0002s ]
SQL: SELECT * FROM `menu` WHERE ( father = 6 AND trash = '0' ) ORDER BY sort ASC  [ RunTime:0.0002s ]
SQL: SELECT * FROM `menu` WHERE ( father = 7 AND trash = '0' ) ORDER BY sort ASC  [ RunTime:0.0002s ]
SQL: SHOW COLUMNS FROM `poster_place` [ RunTime:0.0041s ]
SQL: SHOW COLUMNS FROM `poster` [ RunTime:0.0051s ]
SQL: SHOW COLUMNS FROM `poster_btn` [ RunTime:0.0035s ]
SQL: SELECT * FROM `poster_place` WHERE ( trash = 0 )  [ RunTime:0.0002s ]
INFO: [ view_parse ] --START--
INFO: [ template_filter ] --START--
INFO: Run Behavior\ContentReplaceBehavior [ RunTime:0.000043s ]
INFO: [ template_filter ] --END-- [ RunTime:0.000095s ]
NOTIC: [8] Use of undefined constant poster_place - assumed 'poster_place' D:\www\ctspace\Application\Runtime\Cache\Extra\1d50a370ef2387876126677e11554798.php 第 23 行.
NOTIC: [2] Invalid argument supplied for foreach() D:\www\ctspace\Application\Runtime\Cache\Extra\1d50a370ef2387876126677e11554798.php 第 23 行.
INFO: Run Behavior\ParseTemplateBehavior [ RunTime:0.009448s ]
INFO: [ view_parse ] --END-- [ RunTime:0.009482s ]
INFO: [ view_filter ] --START--
INFO: Run Behavior\WriteHtmlCacheBehavior [ RunTime:0.000283s ]
INFO: [ view_filter ] --END-- [ RunTime:0.000306s ]
INFO: [ app_end ] --START--
INFO: Run Behavior\ShowPageTraceBehavior [ RunTime:0.000354s ]
INFO: [ app_end ] --END-- [ RunTime:0.000379s ]

[ 2016-08-17T17:07:15+08:00 ] 127.0.0.1 /Extra/Index/poster_manage
INFO: [ app_init ] --START--
INFO: Run Behavior\BuildLiteBehavior [ RunTime:0.000010s ]
INFO: [ app_init ] --END-- [ RunTime:0.000265s ]
INFO: [ app_begin ] --START--
INFO: Run Behavior\ReadHtmlCacheBehavior [ RunTime:0.000388s ]
INFO: [ app_begin ] --END-- [ RunTime:0.000421s ]
SQL: SHOW COLUMNS FROM `menu` [ RunTime:0.0067s ]
SQL: SELECT * FROM `menu` WHERE ( level = 1 AND trash = '0' ) ORDER BY sort ASC  [ RunTime:0.0003s ]
SQL: SELECT * FROM `menu` WHERE ( father = 1 AND trash = '0' ) ORDER BY sort ASC  [ RunTime:0.0002s ]
SQL: SELECT * FROM `menu` WHERE ( father = 2 AND trash = '0' ) ORDER BY sort ASC  [ RunTime:0.0002s ]
SQL: SELECT * FROM `menu` WHERE ( father = 3 AND trash = '0' ) ORDER BY sort ASC  [ RunTime:0.0002s ]
SQL: SELECT * FROM `menu` WHERE ( father = 6 AND trash = '0' ) ORDER BY sort ASC  [ RunTime:0.0002s ]
SQL: SELECT * FROM `menu` WHERE ( father = 7 AND trash = '0' ) ORDER BY sort ASC  [ RunTime:0.0002s ]
SQL: SHOW COLUMNS FROM `poster_place` [ RunTime:0.0042s ]
SQL: SHOW COLUMNS FROM `poster` [ RunTime:0.0042s ]
SQL: SHOW COLUMNS FROM `poster_btn` [ RunTime:0.0048s ]
SQL: SELECT * FROM `poster_place` WHERE ( trash = 0 )  [ RunTime:0.0003s ]
INFO: [ view_parse ] --START--
INFO: [ template_filter ] --START--
INFO: Run Behavior\ContentReplaceBehavior [ RunTime:0.000030s ]
INFO: [ template_filter ] --END-- [ RunTime:0.000060s ]
NOTIC: [8] Use of undefined constant poster_place - assumed 'poster_place' D:\www\ctspace\Application\Runtime\Cache\Extra\1d50a370ef2387876126677e11554798.php 第 23 行.
NOTIC: [2] Invalid argument supplied for foreach() D:\www\ctspace\Application\Runtime\Cache\Extra\1d50a370ef2387876126677e11554798.php 第 23 行.
INFO: Run Behavior\ParseTemplateBehavior [ RunTime:0.008776s ]
INFO: [ view_parse ] --END-- [ RunTime:0.008808s ]
INFO: [ view_filter ] --START--
INFO: Run Behavior\WriteHtmlCacheBehavior [ RunTime:0.000250s ]
INFO: [ view_filter ] --END-- [ RunTime:0.000273s ]
INFO: [ app_end ] --START--
INFO: Run Behavior\ShowPageTraceBehavior [ RunTime:0.000409s ]
INFO: [ app_end ] --END-- [ RunTime:0.000433s ]

[ 2016-08-17T17:07:16+08:00 ] 127.0.0.1 /Extra/Index/add_poster_place?action=add
INFO: [ app_init ] --START--
INFO: Run Behavior\BuildLiteBehavior [ RunTime:0.000010s ]
INFO: [ app_init ] --END-- [ RunTime:0.000267s ]
INFO: [ app_begin ] --START--
INFO: Run Behavior\ReadHtmlCacheBehavior [ RunTime:0.000391s ]
INFO: [ app_begin ] --END-- [ RunTime:0.000425s ]
SQL: SHOW COLUMNS FROM `menu` [ RunTime:0.0064s ]
SQL: SELECT * FROM `menu` WHERE ( level = 1 AND trash = '0' ) ORDER BY sort ASC  [ RunTime:0.0004s ]
SQL: SELECT * FROM `menu` WHERE ( father = 1 AND trash = '0' ) ORDER BY sort ASC  [ RunTime:0.0002s ]
SQL: SELECT * FROM `menu` WHERE ( father = 2 AND trash = '0' ) ORDER BY sort ASC  [ RunTime:0.0002s ]
SQL: SELECT * FROM `menu` WHERE ( father = 3 AND trash = '0' ) ORDER BY sort ASC  [ RunTime:0.0002s ]
SQL: SELECT * FROM `menu` WHERE ( father = 6 AND trash = '0' ) ORDER BY sort ASC  [ RunTime:0.0002s ]
SQL: SELECT * FROM `menu` WHERE ( father = 7 AND trash = '0' ) ORDER BY sort ASC  [ RunTime:0.0002s ]
SQL: SHOW COLUMNS FROM `poster_place` [ RunTime:0.0040s ]
SQL: SHOW COLUMNS FROM `poster` [ RunTime:0.0044s ]
SQL: SHOW COLUMNS FROM `poster_btn` [ RunTime:0.0043s ]
INFO: [ view_parse ] --START--
INFO: [ template_filter ] --START--
INFO: Run Behavior\ContentReplaceBehavior [ RunTime:0.000030s ]
INFO: [ template_filter ] --END-- [ RunTime:0.000065s ]
NOTIC: [8] Undefined variable: action D:\www\ctspace\Application\Runtime\Cache\Extra\91cb69449598a815f44efdcef149bd30.php 第 12 行.
NOTIC: [8] Undefined variable: action D:\www\ctspace\Application\Runtime\Cache\Extra\91cb69449598a815f44efdcef149bd30.php 第 17 行.
NOTIC: [8] Undefined variable: id D:\www\ctspace\Application\Runtime\Cache\Extra\91cb69449598a815f44efdcef149bd30.php 第 18 行.
NOTIC: [8] Undefined variable: action D:\www\ctspace\Application\Runtime\Cache\Extra\91cb69449598a815f44efdcef149bd30.php 第 19 行.
NOTIC: [8] Undefined variable: action D:\www\ctspace\Application\Runtime\Cache\Extra\91cb69449598a815f44efdcef149bd30.php 第 27 行.
NOTIC: [8] Undefined variable: cname D:\www\ctspace\Application\Runtime\Cache\Extra\91cb69449598a815f44efdcef149bd30.php 第 35 行.
INFO: Run Behavior\ParseTemplateBehavior [ RunTime:0.008190s ]
INFO: [ view_parse ] --END-- [ RunTime:0.008227s ]
INFO: [ view_filter ] --START--
INFO: Run Behavior\WriteHtmlCacheBehavior [ RunTime:0.000253s ]
INFO: [ view_filter ] --END-- [ RunTime:0.000278s ]
INFO: [ app_end ] --START--
INFO: Run Behavior\ShowPageTraceBehavior [ RunTime:0.000395s ]
INFO: [ app_end ] --END-- [ RunTime:0.000423s ]

[ 2016-08-17T17:08:10+08:00 ] 127.0.0.1 /Extra/Index/poster_manage
INFO: [ app_init ] --START--
INFO: Run Behavior\BuildLiteBehavior [ RunTime:0.000008s ]
INFO: [ app_init ] --END-- [ RunTime:0.000263s ]
INFO: [ app_begin ] --START--
INFO: Run Behavior\ReadHtmlCacheBehavior [ RunTime:0.000390s ]
INFO: [ app_begin ] --END-- [ RunTime:0.000423s ]
SQL: SHOW COLUMNS FROM `menu` [ RunTime:0.0078s ]
SQL: SELECT * FROM `menu` WHERE ( level = 1 AND trash = '0' ) ORDER BY sort ASC  [ RunTime:0.0004s ]
SQL: SELECT * FROM `menu` WHERE ( father = 1 AND trash = '0' ) ORDER BY sort ASC  [ RunTime:0.0004s ]
SQL: SELECT * FROM `menu` WHERE ( father = 2 AND trash = '0' ) ORDER BY sort ASC  [ RunTime:0.0002s ]
SQL: SELECT * FROM `menu` WHERE ( father = 3 AND trash = '0' ) ORDER BY sort ASC  [ RunTime:0.0003s ]
SQL: SELECT * FROM `menu` WHERE ( father = 6 AND trash = '0' ) ORDER BY sort ASC  [ RunTime:0.0002s ]
SQL: SELECT * FROM `menu` WHERE ( father = 7 AND trash = '0' ) ORDER BY sort ASC  [ RunTime:0.0002s ]
SQL: SHOW COLUMNS FROM `poster_place` [ RunTime:0.0042s ]
SQL: SHOW COLUMNS FROM `poster` [ RunTime:0.0056s ]
SQL: SHOW COLUMNS FROM `poster_btn` [ RunTime:0.0041s ]
SQL: SELECT * FROM `poster_place` WHERE ( trash = 0 )  [ RunTime:0.0002s ]
INFO: [ view_parse ] --START--
INFO: [ template_filter ] --START--
INFO: Run Behavior\ContentReplaceBehavior [ RunTime:0.000030s ]
INFO: [ template_filter ] --END-- [ RunTime:0.000059s ]
NOTIC: [8] Use of undefined constant poster_place - assumed 'poster_place' D:\www\ctspace\Application\Runtime\Cache\Extra\1d50a370ef2387876126677e11554798.php 第 23 行.
NOTIC: [2] Invalid argument supplied for foreach() D:\www\ctspace\Application\Runtime\Cache\Extra\1d50a370ef2387876126677e11554798.php 第 23 行.
INFO: Run Behavior\ParseTemplateBehavior [ RunTime:0.004431s ]
INFO: [ view_parse ] --END-- [ RunTime:0.004459s ]
INFO: [ view_filter ] --START--
INFO: Run Behavior\WriteHtmlCacheBehavior [ RunTime:0.000216s ]
INFO: [ view_filter ] --END-- [ RunTime:0.000239s ]
INFO: [ app_end ] --START--
INFO: Run Behavior\ShowPageTraceBehavior [ RunTime:0.000336s ]
INFO: [ app_end ] --END-- [ RunTime:0.000361s ]

[ 2016-08-17T17:08:11+08:00 ] 127.0.0.1 /Extra/Index/add_poster_place?action=add
INFO: [ app_init ] --START--
INFO: Run Behavior\BuildLiteBehavior [ RunTime:0.000010s ]
INFO: [ app_init ] --END-- [ RunTime:0.000233s ]
INFO: [ app_begin ] --START--
INFO: Run Behavior\ReadHtmlCacheBehavior [ RunTime:0.000375s ]
INFO: [ app_begin ] --END-- [ RunTime:0.000408s ]
SQL: SHOW COLUMNS FROM `menu` [ RunTime:0.0065s ]
SQL: SELECT * FROM `menu` WHERE ( level = 1 AND trash = '0' ) ORDER BY sort ASC  [ RunTime:0.0003s ]
SQL: SELECT * FROM `menu` WHERE ( father = 1 AND trash = '0' ) ORDER BY sort ASC  [ RunTime:0.0002s ]
SQL: SELECT * FROM `menu` WHERE ( father = 2 AND trash = '0' ) ORDER BY sort ASC  [ RunTime:0.0002s ]
SQL: SELECT * FROM `menu` WHERE ( father = 3 AND trash = '0' ) ORDER BY sort ASC  [ RunTime:0.0002s ]
SQL: SELECT * FROM `menu` WHERE ( father = 6 AND trash = '0' ) ORDER BY sort ASC  [ RunTime:0.0002s ]
SQL: SELECT * FROM `menu` WHERE ( father = 7 AND trash = '0' ) ORDER BY sort ASC  [ RunTime:0.0002s ]
SQL: SHOW COLUMNS FROM `poster_place` [ RunTime:0.0040s ]
SQL: SHOW COLUMNS FROM `poster` [ RunTime:0.0043s ]
SQL: SHOW COLUMNS FROM `poster_btn` [ RunTime:0.0045s ]
INFO: [ view_parse ] --START--
INFO: [ template_filter ] --START--
INFO: Run Behavior\ContentReplaceBehavior [ RunTime:0.000029s ]
INFO: [ template_filter ] --END-- [ RunTime:0.000061s ]
NOTIC: [8] Undefined variable: action D:\www\ctspace\Application\Runtime\Cache\Extra\91cb69449598a815f44efdcef149bd30.php 第 12 行.
NOTIC: [8] Undefined variable: action D:\www\ctspace\Application\Runtime\Cache\Extra\91cb69449598a815f44efdcef149bd30.php 第 17 行.
NOTIC: [8] Undefined variable: id D:\www\ctspace\Application\Runtime\Cache\Extra\91cb69449598a815f44efdcef149bd30.php 第 18 行.
NOTIC: [8] Undefined variable: action D:\www\ctspace\Application\Runtime\Cache\Extra\91cb69449598a815f44efdcef149bd30.php 第 19 行.
NOTIC: [8] Undefined variable: action D:\www\ctspace\Application\Runtime\Cache\Extra\91cb69449598a815f44efdcef149bd30.php 第 27 行.
NOTIC: [8] Undefined variable: cname D:\www\ctspace\Application\Runtime\Cache\Extra\91cb69449598a815f44efdcef149bd30.php 第 35 行.
INFO: Run Behavior\ParseTemplateBehavior [ RunTime:0.004440s ]
INFO: [ view_parse ] --END-- [ RunTime:0.004472s ]
INFO: [ view_filter ] --START--
INFO: Run Behavior\WriteHtmlCacheBehavior [ RunTime:0.000238s ]
INFO: [ view_filter ] --END-- [ RunTime:0.000262s ]
INFO: [ app_end ] --START--
INFO: Run Behavior\ShowPageTraceBehavior [ RunTime:0.000372s ]
INFO: [ app_end ] --END-- [ RunTime:0.000401s ]

[ 2016-08-17T17:08:42+08:00 ] 127.0.0.1 /Extra/Index/poster_manage
INFO: [ app_init ] --START--
INFO: Run Behavior\BuildLiteBehavior [ RunTime:0.000009s ]
INFO: [ app_init ] --END-- [ RunTime:0.000255s ]
INFO: [ app_begin ] --START--
INFO: Run Behavior\ReadHtmlCacheBehavior [ RunTime:0.000388s ]
INFO: [ app_begin ] --END-- [ RunTime:0.000421s ]
SQL: SHOW COLUMNS FROM `menu` [ RunTime:0.0064s ]
SQL: SELECT * FROM `menu` WHERE ( level = 1 AND trash = '0' ) ORDER BY sort ASC  [ RunTime:0.0003s ]
SQL: SELECT * FROM `menu` WHERE ( father = 1 AND trash = '0' ) ORDER BY sort ASC  [ RunTime:0.0002s ]
SQL: SELECT * FROM `menu` WHERE ( father = 2 AND trash = '0' ) ORDER BY sort ASC  [ RunTime:0.0002s ]
SQL: SELECT * FROM `menu` WHERE ( father = 3 AND trash = '0' ) ORDER BY sort ASC  [ RunTime:0.0002s ]
SQL: SELECT * FROM `menu` WHERE ( father = 6 AND trash = '0' ) ORDER BY sort ASC  [ RunTime:0.0002s ]
SQL: SELECT * FROM `menu` WHERE ( father = 7 AND trash = '0' ) ORDER BY sort ASC  [ RunTime:0.0001s ]
SQL: SHOW COLUMNS FROM `poster_place` [ RunTime:0.0049s ]
SQL: SHOW COLUMNS FROM `poster` [ RunTime:0.0038s ]
SQL: SHOW COLUMNS FROM `poster_btn` [ RunTime:0.0049s ]
SQL: SELECT * FROM `poster_place` WHERE ( trash = 0 )  [ RunTime:0.0002s ]
INFO: [ view_parse ] --START--
INFO: [ template_filter ] --START--
INFO: Run Behavior\ContentReplaceBehavior [ RunTime:0.000030s ]
INFO: [ template_filter ] --END-- [ RunTime:0.000061s ]
NOTIC: [8] Use of undefined constant poster_place - assumed 'poster_place' D:\www\ctspace\Application\Runtime\Cache\Extra\1d50a370ef2387876126677e11554798.php 第 23 行.
NOTIC: [2] Invalid argument supplied for foreach() D:\www\ctspace\Application\Runtime\Cache\Extra\1d50a370ef2387876126677e11554798.php 第 23 行.
INFO: Run Behavior\ParseTemplateBehavior [ RunTime:0.004651s ]
INFO: [ view_parse ] --END-- [ RunTime:0.004681s ]
INFO: [ view_filter ] --START--
INFO: Run Behavior\WriteHtmlCacheBehavior [ RunTime:0.000216s ]
INFO: [ view_filter ] --END-- [ RunTime:0.000240s ]
INFO: [ app_end ] --START--
INFO: Run Behavior\ShowPageTraceBehavior [ RunTime:0.000340s ]
INFO: [ app_end ] --END-- [ RunTime:0.000365s ]

[ 2016-08-17T17:08:43+08:00 ] 127.0.0.1 /Extra/Index/add_poster_place?action=add
INFO: [ app_init ] --START--
INFO: Run Behavior\BuildLiteBehavior [ RunTime:0.000008s ]
INFO: [ app_init ] --END-- [ RunTime:0.000248s ]
INFO: [ app_begin ] --START--
INFO: Run Behavior\ReadHtmlCacheBehavior [ RunTime:0.000368s ]
INFO: [ app_begin ] --END-- [ RunTime:0.000401s ]
SQL: SHOW COLUMNS FROM `menu` [ RunTime:0.0060s ]
SQL: SELECT * FROM `menu` WHERE ( level = 1 AND trash = '0' ) ORDER BY sort ASC  [ RunTime:0.0003s ]
SQL: SELECT * FROM `menu` WHERE ( father = 1 AND trash = '0' ) ORDER BY sort ASC  [ RunTime:0.0002s ]
SQL: SELECT * FROM `menu` WHERE ( father = 2 AND trash = '0' ) ORDER BY sort ASC  [ RunTime:0.0002s ]
SQL: SELECT * FROM `menu` WHERE ( father = 3 AND trash = '0' ) ORDER BY sort ASC  [ RunTime:0.0002s ]
SQL: SELECT * FROM `menu` WHERE ( father = 6 AND trash = '0' ) ORDER BY sort ASC  [ RunTime:0.0002s ]
SQL: SELECT * FROM `menu` WHERE ( father = 7 AND trash = '0' ) ORDER BY sort ASC  [ RunTime:0.0002s ]
SQL: SHOW COLUMNS FROM `poster_place` [ RunTime:0.0057s ]
SQL: SHOW COLUMNS FROM `poster` [ RunTime:0.0043s ]
SQL: SHOW COLUMNS FROM `poster_btn` [ RunTime:0.0038s ]
INFO: [ view_parse ] --START--
INFO: [ template_filter ] --START--
INFO: Run Behavior\ContentReplaceBehavior [ RunTime:0.000031s ]
INFO: [ template_filter ] --END-- [ RunTime:0.000063s ]
NOTIC: [8] Undefined variable: action D:\www\ctspace\Application\Runtime\Cache\Extra\91cb69449598a815f44efdcef149bd30.php 第 12 行.
NOTIC: [8] Undefined variable: action D:\www\ctspace\Application\Runtime\Cache\Extra\91cb69449598a815f44efdcef149bd30.php 第 17 行.
NOTIC: [8] Undefined variable: id D:\www\ctspace\Application\Runtime\Cache\Extra\91cb69449598a815f44efdcef149bd30.php 第 18 行.
NOTIC: [8] Undefined variable: action D:\www\ctspace\Application\Runtime\Cache\Extra\91cb69449598a815f44efdcef149bd30.php 第 19 行.
NOTIC: [8] Undefined variable: action D:\www\ctspace\Application\Runtime\Cache\Extra\91cb69449598a815f44efdcef149bd30.php 第 27 行.
NOTIC: [8] Undefined variable: cname D:\www\ctspace\Application\Runtime\Cache\Extra\91cb69449598a815f44efdcef149bd30.php 第 35 行.
INFO: Run Behavior\ParseTemplateBehavior [ RunTime:0.004409s ]
INFO: [ view_parse ] --END-- [ RunTime:0.004442s ]
INFO: [ view_filter ] --START--
INFO: Run Behavior\WriteHtmlCacheBehavior [ RunTime:0.000244s ]
INFO: [ view_filter ] --END-- [ RunTime:0.000268s ]
INFO: [ app_end ] --START--
INFO: Run Behavior\ShowPageTraceBehavior [ RunTime:0.000373s ]
INFO: [ app_end ] --END-- [ RunTime:0.000428s ]

[ 2016-08-17T17:17:51+08:00 ] 127.0.0.1 /Extra/Index/add_poster_place?action=add
INFO: [ app_init ] --START--
INFO: Run Behavior\BuildLiteBehavior [ RunTime:0.000007s ]
INFO: [ app_init ] --END-- [ RunTime:0.000238s ]
INFO: [ app_begin ] --START--
INFO: Run Behavior\ReadHtmlCacheBehavior [ RunTime:0.000616s ]
INFO: [ app_begin ] --END-- [ RunTime:0.000658s ]
SQL: SHOW COLUMNS FROM `menu` [ RunTime:0.0063s ]
SQL: SELECT * FROM `menu` WHERE ( level = 1 AND trash = '0' ) ORDER BY sort ASC  [ RunTime:0.0004s ]
SQL: SELECT * FROM `menu` WHERE ( father = 1 AND trash = '0' ) ORDER BY sort ASC  [ RunTime:0.0003s ]
SQL: SELECT * FROM `menu` WHERE ( father = 2 AND trash = '0' ) ORDER BY sort ASC  [ RunTime:0.0003s ]
SQL: SELECT * FROM `menu` WHERE ( father = 3 AND trash = '0' ) ORDER BY sort ASC  [ RunTime:0.0002s ]
SQL: SELECT * FROM `menu` WHERE ( father = 6 AND trash = '0' ) ORDER BY sort ASC  [ RunTime:0.0002s ]
SQL: SELECT * FROM `menu` WHERE ( father = 7 AND trash = '0' ) ORDER BY sort ASC  [ RunTime:0.0002s ]
SQL: SHOW COLUMNS FROM `poster_place` [ RunTime:0.0049s ]
SQL: SHOW COLUMNS FROM `poster` [ RunTime:0.0043s ]
SQL: SHOW COLUMNS FROM `poster_btn` [ RunTime:0.0037s ]
INFO: [ view_parse ] --START--
INFO: [ template_filter ] --START--
INFO: Run Behavior\ContentReplaceBehavior [ RunTime:0.000032s ]
INFO: [ template_filter ] --END-- [ RunTime:0.000069s ]
NOTIC: [8] Undefined variable: action D:\www\ctspace\Application\Runtime\Cache\Extra\91cb69449598a815f44efdcef149bd30.php 第 12 行.
NOTIC: [8] Undefined variable: action D:\www\ctspace\Application\Runtime\Cache\Extra\91cb69449598a815f44efdcef149bd30.php 第 17 行.
NOTIC: [8] Undefined variable: id D:\www\ctspace\Application\Runtime\Cache\Extra\91cb69449598a815f44efdcef149bd30.php 第 18 行.
NOTIC: [8] Undefined variable: action D:\www\ctspace\Application\Runtime\Cache\Extra\91cb69449598a815f44efdcef149bd30.php 第 19 行.
NOTIC: [8] Undefined variable: action D:\www\ctspace\Application\Runtime\Cache\Extra\91cb69449598a815f44efdcef149bd30.php 第 27 行.
NOTIC: [8] Undefined variable: cname D:\www\ctspace\Application\Runtime\Cache\Extra\91cb69449598a815f44efdcef149bd30.php 第 35 行.
INFO: Run Behavior\ParseTemplateBehavior [ RunTime:0.004639s ]
INFO: [ view_parse ] --END-- [ RunTime:0.004672s ]
INFO: [ view_filter ] --START--
INFO: Run Behavior\WriteHtmlCacheBehavior [ RunTime:0.000225s ]
INFO: [ view_filter ] --END-- [ RunTime:0.000247s ]
INFO: [ app_end ] --START--
INFO: Run Behavior\ShowPageTraceBehavior [ RunTime:0.000374s ]
INFO: [ app_end ] --END-- [ RunTime:0.000410s ]

[ 2016-08-17T17:25:48+08:00 ] 127.0.0.1 /Extra/Index/add_poster_place?action=add
INFO: [ app_init ] --START--
INFO: Run Behavior\BuildLiteBehavior [ RunTime:0.000010s ]
INFO: [ app_init ] --END-- [ RunTime:0.000262s ]
INFO: [ app_begin ] --START--
INFO: Run Behavior\ReadHtmlCacheBehavior [ RunTime:0.000751s ]
INFO: [ app_begin ] --END-- [ RunTime:0.000842s ]
SQL: SHOW COLUMNS FROM `menu` [ RunTime:0.0089s ]
SQL: SELECT * FROM `menu` WHERE ( level = 1 AND trash = '0' ) ORDER BY sort ASC  [ RunTime:0.0007s ]
SQL: SELECT * FROM `menu` WHERE ( father = 1 AND trash = '0' ) ORDER BY sort ASC  [ RunTime:0.0004s ]
SQL: SELECT * FROM `menu` WHERE ( father = 2 AND trash = '0' ) ORDER BY sort ASC  [ RunTime:0.0002s ]
SQL: SELECT * FROM `menu` WHERE ( father = 3 AND trash = '0' ) ORDER BY sort ASC  [ RunTime:0.0002s ]
SQL: SELECT * FROM `menu` WHERE ( father = 6 AND trash = '0' ) ORDER BY sort ASC  [ RunTime:0.0003s ]
SQL: SELECT * FROM `menu` WHERE ( father = 7 AND trash = '0' ) ORDER BY sort ASC  [ RunTime:0.0002s ]
SQL: SHOW COLUMNS FROM `poster_place` [ RunTime:0.0046s ]
SQL: SHOW COLUMNS FROM `poster` [ RunTime:0.0045s ]
SQL: SHOW COLUMNS FROM `poster_btn` [ RunTime:0.0053s ]
INFO: [ view_parse ] --START--
INFO: [ template_filter ] --START--
INFO: Run Behavior\ContentReplaceBehavior [ RunTime:0.000029s ]
INFO: [ template_filter ] --END-- [ RunTime:0.000058s ]
NOTIC: [8] Undefined variable: action D:\www\ctspace\Application\Runtime\Cache\Extra\91cb69449598a815f44efdcef149bd30.php 第 12 行.
NOTIC: [8] Undefined variable: action D:\www\ctspace\Application\Runtime\Cache\Extra\91cb69449598a815f44efdcef149bd30.php 第 17 行.
NOTIC: [8] Undefined variable: id D:\www\ctspace\Application\Runtime\Cache\Extra\91cb69449598a815f44efdcef149bd30.php 第 18 行.
NOTIC: [8] Undefined variable: action D:\www\ctspace\Application\Runtime\Cache\Extra\91cb69449598a815f44efdcef149bd30.php 第 19 行.
NOTIC: [8] Undefined variable: action D:\www\ctspace\Application\Runtime\Cache\Extra\91cb69449598a815f44efdcef149bd30.php 第 27 行.
NOTIC: [8] Undefined variable: cname D:\www\ctspace\Application\Runtime\Cache\Extra\91cb69449598a815f44efdcef149bd30.php 第 35 行.
INFO: Run Behavior\ParseTemplateBehavior [ RunTime:0.010223s ]
INFO: [ view_parse ] --END-- [ RunTime:0.010264s ]
INFO: [ view_filter ] --START--
INFO: Run Behavior\WriteHtmlCacheBehavior [ RunTime:0.000307s ]
INFO: [ view_filter ] --END-- [ RunTime:0.000343s ]
INFO: [ app_end ] --START--
INFO: Run Behavior\ShowPageTraceBehavior [ RunTime:0.000469s ]
INFO: [ app_end ] --END-- [ RunTime:0.000496s ]

[ 2016-08-17T17:25:54+08:00 ] 127.0.0.1 /Extra/Index/add_poster_place?action=add
INFO: [ app_init ] --START--
INFO: Run Behavior\BuildLiteBehavior [ RunTime:0.000020s ]
INFO: [ app_init ] --END-- [ RunTime:0.000641s ]
INFO: [ app_begin ] --START--
INFO: Run Behavior\ReadHtmlCacheBehavior [ RunTime:0.001140s ]
INFO: [ app_begin ] --END-- [ RunTime:0.001228s ]
SQL: SHOW COLUMNS FROM `menu` [ RunTime:0.0081s ]
SQL: SELECT * FROM `menu` WHERE ( level = 1 AND trash = '0' ) ORDER BY sort ASC  [ RunTime:0.0003s ]
SQL: SELECT * FROM `menu` WHERE ( father = 1 AND trash = '0' ) ORDER BY sort ASC  [ RunTime:0.0002s ]
SQL: SELECT * FROM `menu` WHERE ( father = 2 AND trash = '0' ) ORDER BY sort ASC  [ RunTime:0.0002s ]
SQL: SELECT * FROM `menu` WHERE ( father = 3 AND trash = '0' ) ORDER BY sort ASC  [ RunTime:0.0003s ]
SQL: SELECT * FROM `menu` WHERE ( father = 6 AND trash = '0' ) ORDER BY sort ASC  [ RunTime:0.0003s ]
SQL: SELECT * FROM `menu` WHERE ( father = 7 AND trash = '0' ) ORDER BY sort ASC  [ RunTime:0.0002s ]
SQL: SHOW COLUMNS FROM `poster_place` [ RunTime:0.0045s ]
SQL: SHOW COLUMNS FROM `poster` [ RunTime:0.0065s ]
SQL: SHOW COLUMNS FROM `poster_btn` [ RunTime:0.0045s ]
INFO: [ view_parse ] --START--
INFO: [ template_filter ] --START--
INFO: Run Behavior\ContentReplaceBehavior [ RunTime:0.000032s ]
INFO: [ template_filter ] --END-- [ RunTime:0.000069s ]
NOTIC: [8] Undefined variable: action D:\www\ctspace\Application\Runtime\Cache\Extra\91cb69449598a815f44efdcef149bd30.php 第 12 行.
NOTIC: [8] Undefined variable: action D:\www\ctspace\Application\Runtime\Cache\Extra\91cb69449598a815f44efdcef149bd30.php 第 17 行.
NOTIC: [8] Undefined variable: id D:\www\ctspace\Application\Runtime\Cache\Extra\91cb69449598a815f44efdcef149bd30.php 第 18 行.
NOTIC: [8] Undefined variable: action D:\www\ctspace\Application\Runtime\Cache\Extra\91cb69449598a815f44efdcef149bd30.php 第 19 行.
NOTIC: [8] Undefined variable: action D:\www\ctspace\Application\Runtime\Cache\Extra\91cb69449598a815f44efdcef149bd30.php 第 27 行.
NOTIC: [8] Undefined variable: cname D:\www\ctspace\Application\Runtime\Cache\Extra\91cb69449598a815f44efdcef149bd30.php 第 35 行.
INFO: Run Behavior\ParseTemplateBehavior [ RunTime:0.004974s ]
INFO: [ view_parse ] --END-- [ RunTime:0.005011s ]
INFO: [ view_filter ] --START--
INFO: Run Behavior\WriteHtmlCacheBehavior [ RunTime:0.000307s ]
INFO: [ view_filter ] --END-- [ RunTime:0.000330s ]
INFO: [ app_end ] --START--
INFO: Run Behavior\ShowPageTraceBehavior [ RunTime:0.000542s ]
INFO: [ app_end ] --END-- [ RunTime:0.000586s ]

[ 2016-08-17T17:25:54+08:00 ] 127.0.0.1 /Extra/Index/add_poster_place?action=add
INFO: [ app_init ] --START--
INFO: Run Behavior\BuildLiteBehavior [ RunTime:0.000011s ]
INFO: [ app_init ] --END-- [ RunTime:0.000301s ]
INFO: [ app_begin ] --START--
INFO: Run Behavior\ReadHtmlCacheBehavior [ RunTime:0.000496s ]
INFO: [ app_begin ] --END-- [ RunTime:0.000533s ]
SQL: SHOW COLUMNS FROM `menu` [ RunTime:0.0102s ]
SQL: SELECT * FROM `menu` WHERE ( level = 1 AND trash = '0' ) ORDER BY sort ASC  [ RunTime:0.0003s ]
SQL: SELECT * FROM `menu` WHERE ( father = 1 AND trash = '0' ) ORDER BY sort ASC  [ RunTime:0.0002s ]
SQL: SELECT * FROM `menu` WHERE ( father = 2 AND trash = '0' ) ORDER BY sort ASC  [ RunTime:0.0002s ]
SQL: SELECT * FROM `menu` WHERE ( father = 3 AND trash = '0' ) ORDER BY sort ASC  [ RunTime:0.0002s ]
SQL: SELECT * FROM `menu` WHERE ( father = 6 AND trash = '0' ) ORDER BY sort ASC  [ RunTime:0.0002s ]
SQL: SELECT * FROM `menu` WHERE ( father = 7 AND trash = '0' ) ORDER BY sort ASC  [ RunTime:0.0002s ]
SQL: SHOW COLUMNS FROM `poster_place` [ RunTime:0.0028s ]
SQL: SHOW COLUMNS FROM `poster` [ RunTime:0.0020s ]
SQL: SHOW COLUMNS FROM `poster_btn` [ RunTime:0.0028s ]
INFO: [ view_parse ] --START--
INFO: [ template_filter ] --START--
INFO: Run Behavior\ContentReplaceBehavior [ RunTime:0.000037s ]
INFO: [ template_filter ] --END-- [ RunTime:0.000081s ]
NOTIC: [8] Undefined variable: action D:\www\ctspace\Application\Runtime\Cache\Extra\91cb69449598a815f44efdcef149bd30.php 第 12 行.
NOTIC: [8] Undefined variable: action D:\www\ctspace\Application\Runtime\Cache\Extra\91cb69449598a815f44efdcef149bd30.php 第 17 行.
NOTIC: [8] Undefined variable: id D:\www\ctspace\Application\Runtime\Cache\Extra\91cb69449598a815f44efdcef149bd30.php 第 18 行.
NOTIC: [8] Undefined variable: action D:\www\ctspace\Application\Runtime\Cache\Extra\91cb69449598a815f44efdcef149bd30.php 第 19 行.
NOTIC: [8] Undefined variable: action D:\www\ctspace\Application\Runtime\Cache\Extra\91cb69449598a815f44efdcef149bd30.php 第 27 行.
NOTIC: [8] Undefined variable: cname D:\www\ctspace\Application\Runtime\Cache\Extra\91cb69449598a815f44efdcef149bd30.php 第 35 行.
INFO: Run Behavior\ParseTemplateBehavior [ RunTime:0.005571s ]
INFO: [ view_parse ] --END-- [ RunTime:0.005611s ]
INFO: [ view_filter ] --START--
INFO: Run Behavior\WriteHtmlCacheBehavior [ RunTime:0.000368s ]
INFO: [ view_filter ] --END-- [ RunTime:0.000398s ]
INFO: [ app_end ] --START--
INFO: Run Behavior\ShowPageTraceBehavior [ RunTime:0.000509s ]
INFO: [ app_end ] --END-- [ RunTime:0.000543s ]

[ 2016-08-17T17:26:15+08:00 ] 127.0.0.1 /Extra/Index/add_poster_place?action=add
INFO: [ app_init ] --START--
INFO: Run Behavior\BuildLiteBehavior [ RunTime:0.000009s ]
INFO: [ app_init ] --END-- [ RunTime:0.000257s ]
INFO: [ app_begin ] --START--
INFO: Run Behavior\ReadHtmlCacheBehavior [ RunTime:0.000397s ]
INFO: [ app_begin ] --END-- [ RunTime:0.000428s ]
SQL: SHOW COLUMNS FROM `menu` [ RunTime:0.0058s ]
SQL: SELECT * FROM `menu` WHERE ( level = 1 AND trash = '0' ) ORDER BY sort ASC  [ RunTime:0.0003s ]
SQL: SELECT * FROM `menu` WHERE ( father = 1 AND trash = '0' ) ORDER BY sort ASC  [ RunTime:0.0002s ]
SQL: SELECT * FROM `menu` WHERE ( father = 2 AND trash = '0' ) ORDER BY sort ASC  [ RunTime:0.0002s ]
SQL: SELECT * FROM `menu` WHERE ( father = 3 AND trash = '0' ) ORDER BY sort ASC  [ RunTime:0.0002s ]
SQL: SELECT * FROM `menu` WHERE ( father = 6 AND trash = '0' ) ORDER BY sort ASC  [ RunTime:0.0002s ]
SQL: SELECT * FROM `menu` WHERE ( father = 7 AND trash = '0' ) ORDER BY sort ASC  [ RunTime:0.0002s ]
SQL: SHOW COLUMNS FROM `poster_place` [ RunTime:0.0043s ]
SQL: SHOW COLUMNS FROM `poster` [ RunTime:0.0052s ]
SQL: SHOW COLUMNS FROM `poster_btn` [ RunTime:0.0068s ]
INFO: [ view_parse ] --START--
INFO: [ template_filter ] --START--
INFO: Run Behavior\ContentReplaceBehavior [ RunTime:0.000031s ]
INFO: [ template_filter ] --END-- [ RunTime:0.000068s ]
NOTIC: [8] Undefined variable: action D:\www\ctspace\Application\Runtime\Cache\Extra\91cb69449598a815f44efdcef149bd30.php 第 12 行.
NOTIC: [8] Undefined variable: action D:\www\ctspace\Application\Runtime\Cache\Extra\91cb69449598a815f44efdcef149bd30.php 第 17 行.
NOTIC: [8] Undefined variable: id D:\www\ctspace\Application\Runtime\Cache\Extra\91cb69449598a815f44efdcef149bd30.php 第 18 行.
NOTIC: [8] Undefined variable: action D:\www\ctspace\Application\Runtime\Cache\Extra\91cb69449598a815f44efdcef149bd30.php 第 19 行.
NOTIC: [8] Undefined variable: action D:\www\ctspace\Application\Runtime\Cache\Extra\91cb69449598a815f44efdcef149bd30.php 第 27 行.
NOTIC: [8] Undefined variable: cname D:\www\ctspace\Application\Runtime\Cache\Extra\91cb69449598a815f44efdcef149bd30.php 第 35 行.
INFO: Run Behavior\ParseTemplateBehavior [ RunTime:0.004758s ]
INFO: [ view_parse ] --END-- [ RunTime:0.004787s ]
INFO: [ view_filter ] --START--
INFO: Run Behavior\WriteHtmlCacheBehavior [ RunTime:0.000274s ]
INFO: [ view_filter ] --END-- [ RunTime:0.000299s ]
INFO: [ app_end ] --START--
INFO: Run Behavior\ShowPageTraceBehavior [ RunTime:0.000385s ]
INFO: [ app_end ] --END-- [ RunTime:0.000413s ]

[ 2016-08-17T17:34:56+08:00 ] 127.0.0.1 /Extra/Index/add_poster_place?action=add
INFO: [ app_init ] --START--
INFO: Run Behavior\BuildLiteBehavior [ RunTime:0.000013s ]
INFO: [ app_init ] --END-- [ RunTime:0.000362s ]
INFO: [ app_begin ] --START--
INFO: Run Behavior\ReadHtmlCacheBehavior [ RunTime:0.000488s ]
INFO: [ app_begin ] --END-- [ RunTime:0.000539s ]
SQL: SHOW COLUMNS FROM `menu` [ RunTime:0.0091s ]
SQL: SELECT * FROM `menu` WHERE ( level = 1 AND trash = '0' ) ORDER BY sort ASC  [ RunTime:0.0004s ]
SQL: SELECT * FROM `menu` WHERE ( father = 1 AND trash = '0' ) ORDER BY sort ASC  [ RunTime:0.0002s ]
SQL: SELECT * FROM `menu` WHERE ( father = 2 AND trash = '0' ) ORDER BY sort ASC  [ RunTime:0.0002s ]
SQL: SELECT * FROM `menu` WHERE ( father = 3 AND trash = '0' ) ORDER BY sort ASC  [ RunTime:0.0002s ]
SQL: SELECT * FROM `menu` WHERE ( father = 6 AND trash = '0' ) ORDER BY sort ASC  [ RunTime:0.0002s ]
SQL: SELECT * FROM `menu` WHERE ( father = 7 AND trash = '0' ) ORDER BY sort ASC  [ RunTime:0.0001s ]
SQL: SHOW COLUMNS FROM `poster_place` [ RunTime:0.0041s ]
SQL: SHOW COLUMNS FROM `poster` [ RunTime:0.0038s ]
SQL: SHOW COLUMNS FROM `poster_btn` [ RunTime:0.0053s ]
INFO: [ view_parse ] --START--
INFO: [ template_filter ] --START--
INFO: Run Behavior\ContentReplaceBehavior [ RunTime:0.000029s ]
INFO: [ template_filter ] --END-- [ RunTime:0.000057s ]
NOTIC: [8] Undefined variable: action D:\www\ctspace\Application\Runtime\Cache\Extra\91cb69449598a815f44efdcef149bd30.php 第 12 行.
NOTIC: [8] Undefined variable: action D:\www\ctspace\Application\Runtime\Cache\Extra\91cb69449598a815f44efdcef149bd30.php 第 17 行.
NOTIC: [8] Undefined variable: id D:\www\ctspace\Application\Runtime\Cache\Extra\91cb69449598a815f44efdcef149bd30.php 第 18 行.
NOTIC: [8] Undefined variable: action D:\www\ctspace\Application\Runtime\Cache\Extra\91cb69449598a815f44efdcef149bd30.php 第 19 行.
NOTIC: [8] Undefined variable: action D:\www\ctspace\Application\Runtime\Cache\Extra\91cb69449598a815f44efdcef149bd30.php 第 27 行.
NOTIC: [8] Undefined variable: cname D:\www\ctspace\Application\Runtime\Cache\Extra\91cb69449598a815f44efdcef149bd30.php 第 35 行.
INFO: Run Behavior\ParseTemplateBehavior [ RunTime:0.010119s ]
INFO: [ view_parse ] --END-- [ RunTime:0.010158s ]
INFO: [ view_filter ] --START--
INFO: Run Behavior\WriteHtmlCacheBehavior [ RunTime:0.000258s ]
INFO: [ view_filter ] --END-- [ RunTime:0.000282s ]
INFO: [ app_end ] --START--
INFO: Run Behavior\ShowPageTraceBehavior [ RunTime:0.000386s ]
INFO: [ app_end ] --END-- [ RunTime:0.000413s ]

[ 2016-08-17T17:36:03+08:00 ] 127.0.0.1 /Extra/Index/add_poster_place?action=add
INFO: [ app_init ] --START--
INFO: Run Behavior\BuildLiteBehavior [ RunTime:0.000013s ]
INFO: [ app_init ] --END-- [ RunTime:0.000300s ]
INFO: [ app_begin ] --START--
INFO: Run Behavior\ReadHtmlCacheBehavior [ RunTime:0.000408s ]
INFO: [ app_begin ] --END-- [ RunTime:0.000451s ]
SQL: SHOW COLUMNS FROM `menu` [ RunTime:0.0105s ]
SQL: SELECT * FROM `menu` WHERE ( level = 1 AND trash = '0' ) ORDER BY sort ASC  [ RunTime:0.0004s ]
SQL: SELECT * FROM `menu` WHERE ( father = 1 AND trash = '0' ) ORDER BY sort ASC  [ RunTime:0.0002s ]
SQL: SELECT * FROM `menu` WHERE ( father = 2 AND trash = '0' ) ORDER BY sort ASC  [ RunTime:0.0002s ]
SQL: SELECT * FROM `menu` WHERE ( father = 3 AND trash = '0' ) ORDER BY sort ASC  [ RunTime:0.0003s ]
SQL: SELECT * FROM `menu` WHERE ( father = 6 AND trash = '0' ) ORDER BY sort ASC  [ RunTime:0.0003s ]
SQL: SELECT * FROM `menu` WHERE ( father = 7 AND trash = '0' ) ORDER BY sort ASC  [ RunTime:0.0003s ]
SQL: SHOW COLUMNS FROM `poster_place` [ RunTime:0.0050s ]
SQL: SHOW COLUMNS FROM `poster` [ RunTime:0.0228s ]
SQL: SHOW COLUMNS FROM `poster_btn` [ RunTime:0.0045s ]
INFO: [ view_parse ] --START--
INFO: [ template_filter ] --START--
INFO: Run Behavior\ContentReplaceBehavior [ RunTime:0.000029s ]
INFO: [ template_filter ] --END-- [ RunTime:0.000061s ]
NOTIC: [8] Undefined variable: action D:\www\ctspace\Application\Runtime\Cache\Extra\91cb69449598a815f44efdcef149bd30.php 第 12 行.
NOTIC: [8] Undefined variable: action D:\www\ctspace\Application\Runtime\Cache\Extra\91cb69449598a815f44efdcef149bd30.php 第 17 行.
NOTIC: [8] Undefined variable: id D:\www\ctspace\Application\Runtime\Cache\Extra\91cb69449598a815f44efdcef149bd30.php 第 18 行.
NOTIC: [8] Undefined variable: action D:\www\ctspace\Application\Runtime\Cache\Extra\91cb69449598a815f44efdcef149bd30.php 第 19 行.
NOTIC: [8] Undefined variable: action D:\www\ctspace\Application\Runtime\Cache\Extra\91cb69449598a815f44efdcef149bd30.php 第 27 行.
NOTIC: [8] Undefined variable: cname D:\www\ctspace\Application\Runtime\Cache\Extra\91cb69449598a815f44efdcef149bd30.php 第 35 行.
INFO: Run Behavior\ParseTemplateBehavior [ RunTime:0.008162s ]
INFO: [ view_parse ] --END-- [ RunTime:0.008197s ]
INFO: [ view_filter ] --START--
INFO: Run Behavior\WriteHtmlCacheBehavior [ RunTime:0.000246s ]
INFO: [ view_filter ] --END-- [ RunTime:0.000270s ]
INFO: [ app_end ] --START--
INFO: Run Behavior\ShowPageTraceBehavior [ RunTime:0.000371s ]
INFO: [ app_end ] --END-- [ RunTime:0.000398s ]

[ 2016-08-17T17:36:45+08:00 ] 127.0.0.1 /Extra/Index/add_poster_place?action=add
INFO: [ app_init ] --START--
INFO: Run Behavior\BuildLiteBehavior [ RunTime:0.000014s ]
INFO: [ app_init ] --END-- [ RunTime:0.000385s ]
INFO: [ app_begin ] --START--
INFO: Run Behavior\ReadHtmlCacheBehavior [ RunTime:0.000891s ]
INFO: [ app_begin ] --END-- [ RunTime:0.000965s ]
SQL: SHOW COLUMNS FROM `menu` [ RunTime:0.0073s ]
SQL: SELECT * FROM `menu` WHERE ( level = 1 AND trash = '0' ) ORDER BY sort ASC  [ RunTime:0.0003s ]
SQL: SELECT * FROM `menu` WHERE ( father = 1 AND trash = '0' ) ORDER BY sort ASC  [ RunTime:0.0002s ]
SQL: SELECT * FROM `menu` WHERE ( father = 2 AND trash = '0' ) ORDER BY sort ASC  [ RunTime:0.0002s ]
SQL: SELECT * FROM `menu` WHERE ( father = 3 AND trash = '0' ) ORDER BY sort ASC  [ RunTime:0.0002s ]
SQL: SELECT * FROM `menu` WHERE ( father = 6 AND trash = '0' ) ORDER BY sort ASC  [ RunTime:0.0002s ]
SQL: SELECT * FROM `menu` WHERE ( father = 7 AND trash = '0' ) ORDER BY sort ASC  [ RunTime:0.0002s ]
SQL: SHOW COLUMNS FROM `poster_place` [ RunTime:0.0040s ]
SQL: SHOW COLUMNS FROM `poster` [ RunTime:0.0064s ]
SQL: SHOW COLUMNS FROM `poster_btn` [ RunTime:0.0039s ]
INFO: [ view_parse ] --START--
INFO: [ template_filter ] --START--
INFO: Run Behavior\ContentReplaceBehavior [ RunTime:0.000040s ]
INFO: [ template_filter ] --END-- [ RunTime:0.000071s ]
NOTIC: [8] Undefined variable: action D:\www\ctspace\Application\Runtime\Cache\Extra\91cb69449598a815f44efdcef149bd30.php 第 12 行.
NOTIC: [8] Undefined variable: action D:\www\ctspace\Application\Runtime\Cache\Extra\91cb69449598a815f44efdcef149bd30.php 第 17 行.
NOTIC: [8] Undefined variable: id D:\www\ctspace\Application\Runtime\Cache\Extra\91cb69449598a815f44efdcef149bd30.php 第 18 行.
NOTIC: [8] Undefined variable: action D:\www\ctspace\Application\Runtime\Cache\Extra\91cb69449598a815f44efdcef149bd30.php 第 19 行.
NOTIC: [8] Undefined variable: action D:\www\ctspace\Application\Runtime\Cache\Extra\91cb69449598a815f44efdcef149bd30.php 第 27 行.
NOTIC: [8] Undefined variable: cname D:\www\ctspace\Application\Runtime\Cache\Extra\91cb69449598a815f44efdcef149bd30.php 第 35 行.
INFO: Run Behavior\ParseTemplateBehavior [ RunTime:0.009636s ]
INFO: [ view_parse ] --END-- [ RunTime:0.009676s ]
INFO: [ view_filter ] --START--
INFO: Run Behavior\WriteHtmlCacheBehavior [ RunTime:0.000314s ]
INFO: [ view_filter ] --END-- [ RunTime:0.000340s ]
INFO: [ app_end ] --START--
INFO: Run Behavior\ShowPageTraceBehavior [ RunTime:0.000432s ]
INFO: [ app_end ] --END-- [ RunTime:0.000459s ]

[ 2016-08-17T17:36:47+08:00 ] 127.0.0.1 /Extra/Index/add_poster_place?action=add
INFO: [ app_init ] --START--
INFO: Run Behavior\BuildLiteBehavior [ RunTime:0.000023s ]
INFO: [ app_init ] --END-- [ RunTime:0.000519s ]
INFO: [ app_begin ] --START--
INFO: Run Behavior\ReadHtmlCacheBehavior [ RunTime:0.000366s ]
INFO: [ app_begin ] --END-- [ RunTime:0.000397s ]
SQL: SHOW COLUMNS FROM `menu` [ RunTime:0.0078s ]
SQL: SELECT * FROM `menu` WHERE ( level = 1 AND trash = '0' ) ORDER BY sort ASC  [ RunTime:0.0003s ]
SQL: SELECT * FROM `menu` WHERE ( father = 1 AND trash = '0' ) ORDER BY sort ASC  [ RunTime:0.0002s ]
SQL: SELECT * FROM `menu` WHERE ( father = 2 AND trash = '0' ) ORDER BY sort ASC  [ RunTime:0.0001s ]
SQL: SELECT * FROM `menu` WHERE ( father = 3 AND trash = '0' ) ORDER BY sort ASC  [ RunTime:0.0002s ]
SQL: SELECT * FROM `menu` WHERE ( father = 6 AND trash = '0' ) ORDER BY sort ASC  [ RunTime:0.0002s ]
SQL: SELECT * FROM `menu` WHERE ( father = 7 AND trash = '0' ) ORDER BY sort ASC  [ RunTime:0.0002s ]
SQL: SHOW COLUMNS FROM `poster_place` [ RunTime:0.0045s ]
SQL: SHOW COLUMNS FROM `poster` [ RunTime:0.0047s ]
SQL: SHOW COLUMNS FROM `poster_btn` [ RunTime:0.0055s ]
INFO: [ view_parse ] --START--
INFO: [ template_filter ] --START--
INFO: Run Behavior\ContentReplaceBehavior [ RunTime:0.000029s ]
INFO: [ template_filter ] --END-- [ RunTime:0.000063s ]
NOTIC: [8] Undefined variable: action D:\www\ctspace\Application\Runtime\Cache\Extra\91cb69449598a815f44efdcef149bd30.php 第 12 行.
NOTIC: [8] Undefined variable: action D:\www\ctspace\Application\Runtime\Cache\Extra\91cb69449598a815f44efdcef149bd30.php 第 17 行.
NOTIC: [8] Undefined variable: id D:\www\ctspace\Application\Runtime\Cache\Extra\91cb69449598a815f44efdcef149bd30.php 第 18 行.
NOTIC: [8] Undefined variable: action D:\www\ctspace\Application\Runtime\Cache\Extra\91cb69449598a815f44efdcef149bd30.php 第 19 行.
NOTIC: [8] Undefined variable: action D:\www\ctspace\Application\Runtime\Cache\Extra\91cb69449598a815f44efdcef149bd30.php 第 27 行.
NOTIC: [8] Undefined variable: cname D:\www\ctspace\Application\Runtime\Cache\Extra\91cb69449598a815f44efdcef149bd30.php 第 35 行.
INFO: Run Behavior\ParseTemplateBehavior [ RunTime:0.004546s ]
INFO: [ view_parse ] --END-- [ RunTime:0.004583s ]
INFO: [ view_filter ] --START--
INFO: Run Behavior\WriteHtmlCacheBehavior [ RunTime:0.000288s ]
INFO: [ view_filter ] --END-- [ RunTime:0.000312s ]
INFO: [ app_end ] --START--
INFO: Run Behavior\ShowPageTraceBehavior [ RunTime:0.000493s ]
INFO: [ app_end ] --END-- [ RunTime:0.000520s ]

[ 2016-08-17T17:37:31+08:00 ] 127.0.0.1 /Extra/Index/add_poster_place?action=add
INFO: [ app_init ] --START--
INFO: Run Behavior\BuildLiteBehavior [ RunTime:0.000011s ]
INFO: [ app_init ] --END-- [ RunTime:0.000335s ]
INFO: [ app_begin ] --START--
INFO: Run Behavior\ReadHtmlCacheBehavior [ RunTime:0.000642s ]
INFO: [ app_begin ] --END-- [ RunTime:0.000698s ]
SQL: SHOW COLUMNS FROM `menu` [ RunTime:0.0071s ]
SQL: SELECT * FROM `menu` WHERE ( level = 1 AND trash = '0' ) ORDER BY sort ASC  [ RunTime:0.0003s ]
SQL: SELECT * FROM `menu` WHERE ( father = 1 AND trash = '0' ) ORDER BY sort ASC  [ RunTime:0.0002s ]
SQL: SELECT * FROM `menu` WHERE ( father = 2 AND trash = '0' ) ORDER BY sort ASC  [ RunTime:0.0002s ]
SQL: SELECT * FROM `menu` WHERE ( father = 3 AND trash = '0' ) ORDER BY sort ASC  [ RunTime:0.0002s ]
SQL: SELECT * FROM `menu` WHERE ( father = 6 AND trash = '0' ) ORDER BY sort ASC  [ RunTime:0.0002s ]
SQL: SELECT * FROM `menu` WHERE ( father = 7 AND trash = '0' ) ORDER BY sort ASC  [ RunTime:0.0001s ]
SQL: SHOW COLUMNS FROM `poster_place` [ RunTime:0.0038s ]
SQL: SHOW COLUMNS FROM `poster` [ RunTime:0.0037s ]
SQL: SHOW COLUMNS FROM `poster_btn` [ RunTime:0.0066s ]
INFO: [ view_parse ] --START--
INFO: [ template_filter ] --START--
INFO: Run Behavior\ContentReplaceBehavior [ RunTime:0.000028s ]
INFO: [ template_filter ] --END-- [ RunTime:0.000057s ]
NOTIC: [8] Undefined variable: action D:\www\ctspace\Application\Runtime\Cache\Extra\91cb69449598a815f44efdcef149bd30.php 第 12 行.
NOTIC: [8] Undefined variable: action D:\www\ctspace\Application\Runtime\Cache\Extra\91cb69449598a815f44efdcef149bd30.php 第 17 行.
NOTIC: [8] Undefined variable: id D:\www\ctspace\Application\Runtime\Cache\Extra\91cb69449598a815f44efdcef149bd30.php 第 18 行.
NOTIC: [8] Undefined variable: action D:\www\ctspace\Application\Runtime\Cache\Extra\91cb69449598a815f44efdcef149bd30.php 第 19 行.
NOTIC: [8] Undefined variable: action D:\www\ctspace\Application\Runtime\Cache\Extra\91cb69449598a815f44efdcef149bd30.php 第 27 行.
NOTIC: [8] Undefined variable: cname D:\www\ctspace\Application\Runtime\Cache\Extra\91cb69449598a815f44efdcef149bd30.php 第 35 行.
INFO: Run Behavior\ParseTemplateBehavior [ RunTime:0.004634s ]
INFO: [ view_parse ] --END-- [ RunTime:0.004668s ]
INFO: [ view_filter ] --START--
INFO: Run Behavior\WriteHtmlCacheBehavior [ RunTime:0.000289s ]
INFO: [ view_filter ] --END-- [ RunTime:0.000313s ]
INFO: [ app_end ] --START--
INFO: Run Behavior\ShowPageTraceBehavior [ RunTime:0.000437s ]
INFO: [ app_end ] --END-- [ RunTime:0.000464s ]

[ 2016-08-17T17:37:32+08:00 ] 127.0.0.1 /Extra/Index/add_poster_place?action=add
INFO: [ app_init ] --START--
INFO: Run Behavior\BuildLiteBehavior [ RunTime:0.000010s ]
INFO: [ app_init ] --END-- [ RunTime:0.000313s ]
INFO: [ app_begin ] --START--
INFO: Run Behavior\ReadHtmlCacheBehavior [ RunTime:0.000463s ]
INFO: [ app_begin ] --END-- [ RunTime:0.000505s ]
SQL: SHOW COLUMNS FROM `menu` [ RunTime:0.0228s ]
SQL: SELECT * FROM `menu` WHERE ( level = 1 AND trash = '0' ) ORDER BY sort ASC  [ RunTime:0.0006s ]
SQL: SELECT * FROM `menu` WHERE ( father = 1 AND trash = '0' ) ORDER BY sort ASC  [ RunTime:0.0005s ]
SQL: SELECT * FROM `menu` WHERE ( father = 2 AND trash = '0' ) ORDER BY sort ASC  [ RunTime:0.0003s ]
SQL: SELECT * FROM `menu` WHERE ( father = 3 AND trash = '0' ) ORDER BY sort ASC  [ RunTime:0.0002s ]
SQL: SELECT * FROM `menu` WHERE ( father = 6 AND trash = '0' ) ORDER BY sort ASC  [ RunTime:0.0003s ]
SQL: SELECT * FROM `menu` WHERE ( father = 7 AND trash = '0' ) ORDER BY sort ASC  [ RunTime:0.0004s ]
SQL: SHOW COLUMNS FROM `poster_place` [ RunTime:0.0460s ]
SQL: SHOW COLUMNS FROM `poster` [ RunTime:0.0199s ]
SQL: SHOW COLUMNS FROM `poster_btn` [ RunTime:0.0044s ]
INFO: [ view_parse ] --START--
INFO: [ template_filter ] --START--
INFO: Run Behavior\ContentReplaceBehavior [ RunTime:0.000029s ]
INFO: [ template_filter ] --END-- [ RunTime:0.000058s ]
NOTIC: [8] Undefined variable: action D:\www\ctspace\Application\Runtime\Cache\Extra\91cb69449598a815f44efdcef149bd30.php 第 12 行.
NOTIC: [8] Undefined variable: action D:\www\ctspace\Application\Runtime\Cache\Extra\91cb69449598a815f44efdcef149bd30.php 第 17 行.
NOTIC: [8] Undefined variable: id D:\www\ctspace\Application\Runtime\Cache\Extra\91cb69449598a815f44efdcef149bd30.php 第 18 行.
NOTIC: [8] Undefined variable: action D:\www\ctspace\Application\Runtime\Cache\Extra\91cb69449598a815f44efdcef149bd30.php 第 19 行.
NOTIC: [8] Undefined variable: action D:\www\ctspace\Application\Runtime\Cache\Extra\91cb69449598a815f44efdcef149bd30.php 第 27 行.
NOTIC: [8] Undefined variable: cname D:\www\ctspace\Application\Runtime\Cache\Extra\91cb69449598a815f44efdcef149bd30.php 第 35 行.
INFO: Run Behavior\ParseTemplateBehavior [ RunTime:0.004233s ]
INFO: [ view_parse ] --END-- [ RunTime:0.004263s ]
INFO: [ view_filter ] --START--
INFO: Run Behavior\WriteHtmlCacheBehavior [ RunTime:0.000228s ]
INFO: [ view_filter ] --END-- [ RunTime:0.000267s ]
INFO: [ app_end ] --START--
INFO: Run Behavior\ShowPageTraceBehavior [ RunTime:0.000461s ]
INFO: [ app_end ] --END-- [ RunTime:0.000500s ]

[ 2016-08-17T17:37:50+08:00 ] 127.0.0.1 /Extra/Index/add_poster_place?action=add
INFO: [ app_init ] --START--
INFO: Run Behavior\BuildLiteBehavior [ RunTime:0.000011s ]
INFO: [ app_init ] --END-- [ RunTime:0.000509s ]
INFO: [ app_begin ] --START--
INFO: Run Behavior\ReadHtmlCacheBehavior [ RunTime:0.000941s ]
INFO: [ app_begin ] --END-- [ RunTime:0.001031s ]
SQL: SHOW COLUMNS FROM `menu` [ RunTime:0.0113s ]
SQL: SELECT * FROM `menu` WHERE ( level = 1 AND trash = '0' ) ORDER BY sort ASC  [ RunTime:0.0003s ]
SQL: SELECT * FROM `menu` WHERE ( father = 1 AND trash = '0' ) ORDER BY sort ASC  [ RunTime:0.0002s ]
SQL: SELECT * FROM `menu` WHERE ( father = 2 AND trash = '0' ) ORDER BY sort ASC  [ RunTime:0.0002s ]
SQL: SELECT * FROM `menu` WHERE ( father = 3 AND trash = '0' ) ORDER BY sort ASC  [ RunTime:0.0002s ]
SQL: SELECT * FROM `menu` WHERE ( father = 6 AND trash = '0' ) ORDER BY sort ASC  [ RunTime:0.0002s ]
SQL: SELECT * FROM `menu` WHERE ( father = 7 AND trash = '0' ) ORDER BY sort ASC  [ RunTime:0.0001s ]
SQL: SHOW COLUMNS FROM `poster_place` [ RunTime:0.0041s ]
SQL: SHOW COLUMNS FROM `poster` [ RunTime:0.0069s ]
SQL: SHOW COLUMNS FROM `poster_btn` [ RunTime:0.0040s ]
INFO: [ view_parse ] --START--
INFO: [ template_filter ] --START--
INFO: Run Behavior\ContentReplaceBehavior [ RunTime:0.000028s ]
INFO: [ template_filter ] --END-- [ RunTime:0.000058s ]
NOTIC: [8] Undefined variable: action D:\www\ctspace\Application\Runtime\Cache\Extra\91cb69449598a815f44efdcef149bd30.php 第 12 行.
NOTIC: [8] Undefined variable: action D:\www\ctspace\Application\Runtime\Cache\Extra\91cb69449598a815f44efdcef149bd30.php 第 17 行.
NOTIC: [8] Undefined variable: id D:\www\ctspace\Application\Runtime\Cache\Extra\91cb69449598a815f44efdcef149bd30.php 第 18 行.
NOTIC: [8] Undefined variable: action D:\www\ctspace\Application\Runtime\Cache\Extra\91cb69449598a815f44efdcef149bd30.php 第 19 行.
NOTIC: [8] Undefined variable: action D:\www\ctspace\Application\Runtime\Cache\Extra\91cb69449598a815f44efdcef149bd30.php 第 27 行.
NOTIC: [8] Undefined variable: cname D:\www\ctspace\Application\Runtime\Cache\Extra\91cb69449598a815f44efdcef149bd30.php 第 35 行.
INFO: Run Behavior\ParseTemplateBehavior [ RunTime:0.004650s ]
INFO: [ view_parse ] --END-- [ RunTime:0.004682s ]
INFO: [ view_filter ] --START--
INFO: Run Behavior\WriteHtmlCacheBehavior [ RunTime:0.000283s ]
INFO: [ view_filter ] --END-- [ RunTime:0.000307s ]
INFO: [ app_end ] --START--
INFO: Run Behavior\ShowPageTraceBehavior [ RunTime:0.000406s ]
INFO: [ app_end ] --END-- [ RunTime:0.000432s ]

[ 2016-08-17T17:37:59+08:00 ] 127.0.0.1 /Extra/Index/add_poster_place?action=add
INFO: [ app_init ] --START--
INFO: Run Behavior\BuildLiteBehavior [ RunTime:0.000021s ]
INFO: [ app_init ] --END-- [ RunTime:0.000328s ]
INFO: [ app_begin ] --START--
INFO: Run Behavior\ReadHtmlCacheBehavior [ RunTime:0.000534s ]
INFO: [ app_begin ] --END-- [ RunTime:0.000596s ]
SQL: SHOW COLUMNS FROM `menu` [ RunTime:0.0084s ]
SQL: SELECT * FROM `menu` WHERE ( level = 1 AND trash = '0' ) ORDER BY sort ASC  [ RunTime:0.0003s ]
SQL: SELECT * FROM `menu` WHERE ( father = 1 AND trash = '0' ) ORDER BY sort ASC  [ RunTime:0.0002s ]
SQL: SELECT * FROM `menu` WHERE ( father = 2 AND trash = '0' ) ORDER BY sort ASC  [ RunTime:0.0001s ]
SQL: SELECT * FROM `menu` WHERE ( father = 3 AND trash = '0' ) ORDER BY sort ASC  [ RunTime:0.0002s ]
SQL: SELECT * FROM `menu` WHERE ( father = 6 AND trash = '0' ) ORDER BY sort ASC  [ RunTime:0.0001s ]
SQL: SELECT * FROM `menu` WHERE ( father = 7 AND trash = '0' ) ORDER BY sort ASC  [ RunTime:0.0001s ]
SQL: SHOW COLUMNS FROM `poster_place` [ RunTime:0.0068s ]
SQL: SHOW COLUMNS FROM `poster` [ RunTime:0.0044s ]
SQL: SHOW COLUMNS FROM `poster_btn` [ RunTime:0.0047s ]
INFO: [ view_parse ] --START--
INFO: [ template_filter ] --START--
INFO: Run Behavior\ContentReplaceBehavior [ RunTime:0.000031s ]
INFO: [ template_filter ] --END-- [ RunTime:0.000069s ]
NOTIC: [8] Undefined variable: action D:\www\ctspace\Application\Runtime\Cache\Extra\91cb69449598a815f44efdcef149bd30.php 第 12 行.
NOTIC: [8] Undefined variable: action D:\www\ctspace\Application\Runtime\Cache\Extra\91cb69449598a815f44efdcef149bd30.php 第 17 行.
NOTIC: [8] Undefined variable: id D:\www\ctspace\Application\Runtime\Cache\Extra\91cb69449598a815f44efdcef149bd30.php 第 18 行.
NOTIC: [8] Undefined variable: action D:\www\ctspace\Application\Runtime\Cache\Extra\91cb69449598a815f44efdcef149bd30.php 第 19 行.
NOTIC: [8] Undefined variable: action D:\www\ctspace\Application\Runtime\Cache\Extra\91cb69449598a815f44efdcef149bd30.php 第 27 行.
NOTIC: [8] Undefined variable: cname D:\www\ctspace\Application\Runtime\Cache\Extra\91cb69449598a815f44efdcef149bd30.php 第 35 行.
INFO: Run Behavior\ParseTemplateBehavior [ RunTime:0.004961s ]
INFO: [ view_parse ] --END-- [ RunTime:0.004992s ]
INFO: [ view_filter ] --START--
INFO: Run Behavior\WriteHtmlCacheBehavior [ RunTime:0.000240s ]
INFO: [ view_filter ] --END-- [ RunTime:0.000263s ]
INFO: [ app_end ] --START--
INFO: Run Behavior\ShowPageTraceBehavior [ RunTime:0.000364s ]
INFO: [ app_end ] --END-- [ RunTime:0.000390s ]

[ 2016-08-17T17:40:03+08:00 ] 127.0.0.1 /Extra/Index/add_poster_place?action=add
INFO: [ app_init ] --START--
INFO: Run Behavior\BuildLiteBehavior [ RunTime:0.000012s ]
INFO: [ app_init ] --END-- [ RunTime:0.000577s ]
INFO: [ app_begin ] --START--
INFO: Run Behavior\ReadHtmlCacheBehavior [ RunTime:0.000820s ]
INFO: [ app_begin ] --END-- [ RunTime:0.000892s ]
SQL: SHOW COLUMNS FROM `menu` [ RunTime:0.0088s ]
SQL: SELECT * FROM `menu` WHERE ( level = 1 AND trash = '0' ) ORDER BY sort ASC  [ RunTime:0.0003s ]
SQL: SELECT * FROM `menu` WHERE ( father = 1 AND trash = '0' ) ORDER BY sort ASC  [ RunTime:0.0002s ]
SQL: SELECT * FROM `menu` WHERE ( father = 2 AND trash = '0' ) ORDER BY sort ASC  [ RunTime:0.0002s ]
SQL: SELECT * FROM `menu` WHERE ( father = 3 AND trash = '0' ) ORDER BY sort ASC  [ RunTime:0.0002s ]
SQL: SELECT * FROM `menu` WHERE ( father = 6 AND trash = '0' ) ORDER BY sort ASC  [ RunTime:0.0002s ]
SQL: SELECT * FROM `menu` WHERE ( father = 7 AND trash = '0' ) ORDER BY sort ASC  [ RunTime:0.0001s ]
SQL: SHOW COLUMNS FROM `poster_place` [ RunTime:0.0041s ]
SQL: SHOW COLUMNS FROM `poster` [ RunTime:0.0044s ]
SQL: SHOW COLUMNS FROM `poster_btn` [ RunTime:0.0072s ]
INFO: [ view_parse ] --START--
INFO: [ template_filter ] --START--
INFO: Run Behavior\ContentReplaceBehavior [ RunTime:0.000028s ]
INFO: [ template_filter ] --END-- [ RunTime:0.000057s ]
NOTIC: [8] Undefined variable: action D:\www\ctspace\Application\Runtime\Cache\Extra\91cb69449598a815f44efdcef149bd30.php 第 12 行.
NOTIC: [8] Undefined variable: action D:\www\ctspace\Application\Runtime\Cache\Extra\91cb69449598a815f44efdcef149bd30.php 第 17 行.
NOTIC: [8] Undefined variable: id D:\www\ctspace\Application\Runtime\Cache\Extra\91cb69449598a815f44efdcef149bd30.php 第 18 行.
NOTIC: [8] Undefined variable: action D:\www\ctspace\Application\Runtime\Cache\Extra\91cb69449598a815f44efdcef149bd30.php 第 19 行.
NOTIC: [8] Undefined variable: action D:\www\ctspace\Application\Runtime\Cache\Extra\91cb69449598a815f44efdcef149bd30.php 第 27 行.
NOTIC: [8] Undefined variable: cname D:\www\ctspace\Application\Runtime\Cache\Extra\91cb69449598a815f44efdcef149bd30.php 第 35 行.
INFO: Run Behavior\ParseTemplateBehavior [ RunTime:0.004440s ]
INFO: [ view_parse ] --END-- [ RunTime:0.004470s ]
INFO: [ view_filter ] --START--
INFO: Run Behavior\WriteHtmlCacheBehavior [ RunTime:0.000275s ]
INFO: [ view_filter ] --END-- [ RunTime:0.000300s ]
INFO: [ app_end ] --START--
INFO: Run Behavior\ShowPageTraceBehavior [ RunTime:0.000475s ]
INFO: [ app_end ] --END-- [ RunTime:0.000501s ]

[ 2016-08-17T17:40:14+08:00 ] 127.0.0.1 /Extra/Index/add_poster_place?action=add
INFO: [ app_init ] --START--
INFO: Run Behavior\BuildLiteBehavior [ RunTime:0.000018s ]
INFO: [ app_init ] --END-- [ RunTime:0.000615s ]
INFO: [ app_begin ] --START--
INFO: Run Behavior\ReadHtmlCacheBehavior [ RunTime:0.000749s ]
INFO: [ app_begin ] --END-- [ RunTime:0.000814s ]
SQL: SHOW COLUMNS FROM `menu` [ RunTime:0.0082s ]
SQL: SELECT * FROM `menu` WHERE ( level = 1 AND trash = '0' ) ORDER BY sort ASC  [ RunTime:0.0003s ]
SQL: SELECT * FROM `menu` WHERE ( father = 1 AND trash = '0' ) ORDER BY sort ASC  [ RunTime:0.0002s ]
SQL: SELECT * FROM `menu` WHERE ( father = 2 AND trash = '0' ) ORDER BY sort ASC  [ RunTime:0.0002s ]
SQL: SELECT * FROM `menu` WHERE ( father = 3 AND trash = '0' ) ORDER BY sort ASC  [ RunTime:0.0002s ]
SQL: SELECT * FROM `menu` WHERE ( father = 6 AND trash = '0' ) ORDER BY sort ASC  [ RunTime:0.0001s ]
SQL: SELECT * FROM `menu` WHERE ( father = 7 AND trash = '0' ) ORDER BY sort ASC  [ RunTime:0.0001s ]
SQL: SHOW COLUMNS FROM `poster_place` [ RunTime:0.0040s ]
SQL: SHOW COLUMNS FROM `poster` [ RunTime:0.0044s ]
SQL: SHOW COLUMNS FROM `poster_btn` [ RunTime:0.0045s ]
INFO: [ view_parse ] --START--
INFO: [ template_filter ] --START--
INFO: Run Behavior\ContentReplaceBehavior [ RunTime:0.000029s ]
INFO: [ template_filter ] --END-- [ RunTime:0.000058s ]
NOTIC: [8] Undefined variable: action D:\www\ctspace\Application\Runtime\Cache\Extra\91cb69449598a815f44efdcef149bd30.php 第 12 行.
NOTIC: [8] Undefined variable: action D:\www\ctspace\Application\Runtime\Cache\Extra\91cb69449598a815f44efdcef149bd30.php 第 17 行.
NOTIC: [8] Undefined variable: id D:\www\ctspace\Application\Runtime\Cache\Extra\91cb69449598a815f44efdcef149bd30.php 第 18 行.
NOTIC: [8] Undefined variable: action D:\www\ctspace\Application\Runtime\Cache\Extra\91cb69449598a815f44efdcef149bd30.php 第 19 行.
NOTIC: [8] Undefined variable: action D:\www\ctspace\Application\Runtime\Cache\Extra\91cb69449598a815f44efdcef149bd30.php 第 27 行.
NOTIC: [8] Undefined variable: cname D:\www\ctspace\Application\Runtime\Cache\Extra\91cb69449598a815f44efdcef149bd30.php 第 35 行.
INFO: Run Behavior\ParseTemplateBehavior [ RunTime:0.004646s ]
INFO: [ view_parse ] --END-- [ RunTime:0.004680s ]
INFO: [ view_filter ] --START--
INFO: Run Behavior\WriteHtmlCacheBehavior [ RunTime:0.000262s ]
INFO: [ view_filter ] --END-- [ RunTime:0.000288s ]
INFO: [ app_end ] --START--
INFO: Run Behavior\ShowPageTraceBehavior [ RunTime:0.000380s ]
INFO: [ app_end ] --END-- [ RunTime:0.000406s ]

[ 2016-08-17T17:40:44+08:00 ] 127.0.0.1 /Extra/Index/add_poster_place?action=add
INFO: [ app_init ] --START--
INFO: Run Behavior\BuildLiteBehavior [ RunTime:0.000008s ]
INFO: [ app_init ] --END-- [ RunTime:0.000238s ]
INFO: [ app_begin ] --START--
INFO: Run Behavior\ReadHtmlCacheBehavior [ RunTime:0.000403s ]
INFO: [ app_begin ] --END-- [ RunTime:0.000435s ]
SQL: SHOW COLUMNS FROM `menu` [ RunTime:0.0063s ]
SQL: SELECT * FROM `menu` WHERE ( level = 1 AND trash = '0' ) ORDER BY sort ASC  [ RunTime:0.0002s ]
SQL: SELECT * FROM `menu` WHERE ( father = 1 AND trash = '0' ) ORDER BY sort ASC  [ RunTime:0.0002s ]
SQL: SELECT * FROM `menu` WHERE ( father = 2 AND trash = '0' ) ORDER BY sort ASC  [ RunTime:0.0001s ]
SQL: SELECT * FROM `menu` WHERE ( father = 3 AND trash = '0' ) ORDER BY sort ASC  [ RunTime:0.0001s ]
SQL: SELECT * FROM `menu` WHERE ( father = 6 AND trash = '0' ) ORDER BY sort ASC  [ RunTime:0.0001s ]
SQL: SELECT * FROM `menu` WHERE ( father = 7 AND trash = '0' ) ORDER BY sort ASC  [ RunTime:0.0001s ]
SQL: SHOW COLUMNS FROM `poster_place` [ RunTime:0.0066s ]
SQL: SHOW COLUMNS FROM `poster` [ RunTime:0.0037s ]
SQL: SHOW COLUMNS FROM `poster_btn` [ RunTime:0.0035s ]
INFO: [ view_parse ] --START--
INFO: [ template_filter ] --START--
INFO: Run Behavior\ContentReplaceBehavior [ RunTime:0.000033s ]
INFO: [ template_filter ] --END-- [ RunTime:0.000070s ]
NOTIC: [8] Undefined variable: action D:\www\ctspace\Application\Runtime\Cache\Extra\91cb69449598a815f44efdcef149bd30.php 第 12 行.
NOTIC: [8] Undefined variable: action D:\www\ctspace\Application\Runtime\Cache\Extra\91cb69449598a815f44efdcef149bd30.php 第 17 行.
NOTIC: [8] Undefined variable: id D:\www\ctspace\Application\Runtime\Cache\Extra\91cb69449598a815f44efdcef149bd30.php 第 18 行.
NOTIC: [8] Undefined variable: action D:\www\ctspace\Application\Runtime\Cache\Extra\91cb69449598a815f44efdcef149bd30.php 第 19 行.
NOTIC: [8] Undefined variable: action D:\www\ctspace\Application\Runtime\Cache\Extra\91cb69449598a815f44efdcef149bd30.php 第 27 行.
NOTIC: [8] Undefined variable: cname D:\www\ctspace\Application\Runtime\Cache\Extra\91cb69449598a815f44efdcef149bd30.php 第 35 行.
INFO: Run Behavior\ParseTemplateBehavior [ RunTime:0.006424s ]
INFO: [ view_parse ] --END-- [ RunTime:0.006461s ]
INFO: [ view_filter ] --START--
INFO: Run Behavior\WriteHtmlCacheBehavior [ RunTime:0.000308s ]
INFO: [ view_filter ] --END-- [ RunTime:0.000334s ]
INFO: [ app_end ] --START--
INFO: Run Behavior\ShowPageTraceBehavior [ RunTime:0.000427s ]
INFO: [ app_end ] --END-- [ RunTime:0.000453s ]

[ 2016-08-17T17:40:59+08:00 ] 127.0.0.1 /Extra/Index/add_poster_place?action=add
INFO: [ app_init ] --START--
INFO: Run Behavior\BuildLiteBehavior [ RunTime:0.000010s ]
INFO: [ app_init ] --END-- [ RunTime:0.000251s ]
INFO: [ app_begin ] --START--
INFO: Run Behavior\ReadHtmlCacheBehavior [ RunTime:0.000736s ]
INFO: [ app_begin ] --END-- [ RunTime:0.000854s ]
SQL: SHOW COLUMNS FROM `menu` [ RunTime:0.0085s ]
SQL: SELECT * FROM `menu` WHERE ( level = 1 AND trash = '0' ) ORDER BY sort ASC  [ RunTime:0.0003s ]
SQL: SELECT * FROM `menu` WHERE ( father = 1 AND trash = '0' ) ORDER BY sort ASC  [ RunTime:0.0002s ]
SQL: SELECT * FROM `menu` WHERE ( father = 2 AND trash = '0' ) ORDER BY sort ASC  [ RunTime:0.0002s ]
SQL: SELECT * FROM `menu` WHERE ( father = 3 AND trash = '0' ) ORDER BY sort ASC  [ RunTime:0.0002s ]
SQL: SELECT * FROM `menu` WHERE ( father = 6 AND trash = '0' ) ORDER BY sort ASC  [ RunTime:0.0002s ]
SQL: SELECT * FROM `menu` WHERE ( father = 7 AND trash = '0' ) ORDER BY sort ASC  [ RunTime:0.0001s ]
SQL: SHOW COLUMNS FROM `poster_place` [ RunTime:0.0051s ]
SQL: SHOW COLUMNS FROM `poster` [ RunTime:0.0209s ]
SQL: SHOW COLUMNS FROM `poster_btn` [ RunTime:0.0045s ]
INFO: [ view_parse ] --START--
INFO: [ template_filter ] --START--
INFO: Run Behavior\ContentReplaceBehavior [ RunTime:0.000040s ]
INFO: [ template_filter ] --END-- [ RunTime:0.000072s ]
NOTIC: [8] Undefined variable: action D:\www\ctspace\Application\Runtime\Cache\Extra\91cb69449598a815f44efdcef149bd30.php 第 12 行.
NOTIC: [8] Undefined variable: action D:\www\ctspace\Application\Runtime\Cache\Extra\91cb69449598a815f44efdcef149bd30.php 第 17 行.
NOTIC: [8] Undefined variable: id D:\www\ctspace\Application\Runtime\Cache\Extra\91cb69449598a815f44efdcef149bd30.php 第 18 行.
NOTIC: [8] Undefined variable: action D:\www\ctspace\Application\Runtime\Cache\Extra\91cb69449598a815f44efdcef149bd30.php 第 19 行.
NOTIC: [8] Undefined variable: action D:\www\ctspace\Application\Runtime\Cache\Extra\91cb69449598a815f44efdcef149bd30.php 第 27 行.
NOTIC: [8] Undefined variable: cname D:\www\ctspace\Application\Runtime\Cache\Extra\91cb69449598a815f44efdcef149bd30.php 第 35 行.
INFO: Run Behavior\ParseTemplateBehavior [ RunTime:0.004869s ]
INFO: [ view_parse ] --END-- [ RunTime:0.004903s ]
INFO: [ view_filter ] --START--
INFO: Run Behavior\WriteHtmlCacheBehavior [ RunTime:0.000294s ]
INFO: [ view_filter ] --END-- [ RunTime:0.000319s ]
INFO: [ app_end ] --START--
INFO: Run Behavior\ShowPageTraceBehavior [ RunTime:0.000427s ]
INFO: [ app_end ] --END-- [ RunTime:0.000464s ]

[ 2016-08-17T17:41:32+08:00 ] 127.0.0.1 /Extra/Index/add_poster_place?action=add
INFO: [ app_init ] --START--
INFO: Run Behavior\BuildLiteBehavior [ RunTime:0.000012s ]
INFO: [ app_init ] --END-- [ RunTime:0.000286s ]
INFO: [ app_begin ] --START--
INFO: Run Behavior\ReadHtmlCacheBehavior [ RunTime:0.000554s ]
INFO: [ app_begin ] --END-- [ RunTime:0.000611s ]
SQL: SHOW COLUMNS FROM `menu` [ RunTime:0.0116s ]
SQL: SELECT * FROM `menu` WHERE ( level = 1 AND trash = '0' ) ORDER BY sort ASC  [ RunTime:0.0004s ]
SQL: SELECT * FROM `menu` WHERE ( father = 1 AND trash = '0' ) ORDER BY sort ASC  [ RunTime:0.0002s ]
SQL: SELECT * FROM `menu` WHERE ( father = 2 AND trash = '0' ) ORDER BY sort ASC  [ RunTime:0.0002s ]
SQL: SELECT * FROM `menu` WHERE ( father = 3 AND trash = '0' ) ORDER BY sort ASC  [ RunTime:0.0002s ]
SQL: SELECT * FROM `menu` WHERE ( father = 6 AND trash = '0' ) ORDER BY sort ASC  [ RunTime:0.0002s ]
SQL: SELECT * FROM `menu` WHERE ( father = 7 AND trash = '0' ) ORDER BY sort ASC  [ RunTime:0.0001s ]
SQL: SHOW COLUMNS FROM `poster_place` [ RunTime:0.0055s ]
SQL: SHOW COLUMNS FROM `poster` [ RunTime:0.0079s ]
SQL: SHOW COLUMNS FROM `poster_btn` [ RunTime:0.0072s ]
INFO: [ view_parse ] --START--
INFO: [ template_filter ] --START--
INFO: Run Behavior\ContentReplaceBehavior [ RunTime:0.000036s ]
INFO: [ template_filter ] --END-- [ RunTime:0.000090s ]
NOTIC: [8] Undefined variable: action D:\www\ctspace\Application\Runtime\Cache\Extra\91cb69449598a815f44efdcef149bd30.php 第 12 行.
NOTIC: [8] Undefined variable: action D:\www\ctspace\Application\Runtime\Cache\Extra\91cb69449598a815f44efdcef149bd30.php 第 17 行.
NOTIC: [8] Undefined variable: id D:\www\ctspace\Application\Runtime\Cache\Extra\91cb69449598a815f44efdcef149bd30.php 第 18 行.
NOTIC: [8] Undefined variable: action D:\www\ctspace\Application\Runtime\Cache\Extra\91cb69449598a815f44efdcef149bd30.php 第 19 行.
NOTIC: [8] Undefined variable: action D:\www\ctspace\Application\Runtime\Cache\Extra\91cb69449598a815f44efdcef149bd30.php 第 27 行.
NOTIC: [8] Undefined variable: cname D:\www\ctspace\Application\Runtime\Cache\Extra\91cb69449598a815f44efdcef149bd30.php 第 35 行.
INFO: Run Behavior\ParseTemplateBehavior [ RunTime:0.007063s ]
INFO: [ view_parse ] --END-- [ RunTime:0.007103s ]
INFO: [ view_filter ] --START--
INFO: Run Behavior\WriteHtmlCacheBehavior [ RunTime:0.000253s ]
INFO: [ view_filter ] --END-- [ RunTime:0.000289s ]
INFO: [ app_end ] --START--
INFO: Run Behavior\ShowPageTraceBehavior [ RunTime:0.000391s ]
INFO: [ app_end ] --END-- [ RunTime:0.000458s ]

[ 2016-08-17T17:47:56+08:00 ] 127.0.0.1 /Extra/Index/poster_manage
INFO: [ app_init ] --START--
INFO: Run Behavior\BuildLiteBehavior [ RunTime:0.000008s ]
INFO: [ app_init ] --END-- [ RunTime:0.000254s ]
INFO: [ app_begin ] --START--
INFO: Run Behavior\ReadHtmlCacheBehavior [ RunTime:0.000458s ]
INFO: [ app_begin ] --END-- [ RunTime:0.000491s ]
SQL: SHOW COLUMNS FROM `menu` [ RunTime:0.0059s ]
SQL: SELECT * FROM `menu` WHERE ( level = 1 AND trash = '0' ) ORDER BY sort ASC  [ RunTime:0.0003s ]
SQL: SELECT * FROM `menu` WHERE ( father = 1 AND trash = '0' ) ORDER BY sort ASC  [ RunTime:0.0002s ]
SQL: SELECT * FROM `menu` WHERE ( father = 2 AND trash = '0' ) ORDER BY sort ASC  [ RunTime:0.0002s ]
SQL: SELECT * FROM `menu` WHERE ( father = 3 AND trash = '0' ) ORDER BY sort ASC  [ RunTime:0.0273s ]
SQL: SELECT * FROM `menu` WHERE ( father = 6 AND trash = '0' ) ORDER BY sort ASC  [ RunTime:0.0003s ]
SQL: SELECT * FROM `menu` WHERE ( father = 7 AND trash = '0' ) ORDER BY sort ASC  [ RunTime:0.0002s ]
SQL: SHOW COLUMNS FROM `poster_place` [ RunTime:0.0042s ]
SQL: SHOW COLUMNS FROM `poster` [ RunTime:0.0059s ]
SQL: SHOW COLUMNS FROM `poster_btn` [ RunTime:0.0065s ]
SQL: SELECT * FROM `poster_place` WHERE ( trash = 0 )  [ RunTime:0.0003s ]
INFO: [ view_parse ] --START--
INFO: [ template_filter ] --START--
INFO: Run Behavior\ContentReplaceBehavior [ RunTime:0.000104s ]
INFO: [ template_filter ] --END-- [ RunTime:0.000155s ]
NOTIC: [8] Use of undefined constant poster_place - assumed 'poster_place' D:\www\ctspace\Application\Runtime\Cache\Extra\1d50a370ef2387876126677e11554798.php 第 23 行.
NOTIC: [2] Invalid argument supplied for foreach() D:\www\ctspace\Application\Runtime\Cache\Extra\1d50a370ef2387876126677e11554798.php 第 23 行.
INFO: Run Behavior\ParseTemplateBehavior [ RunTime:0.012052s ]
INFO: [ view_parse ] --END-- [ RunTime:0.012087s ]
INFO: [ view_filter ] --START--
INFO: Run Behavior\WriteHtmlCacheBehavior [ RunTime:0.000452s ]
INFO: [ view_filter ] --END-- [ RunTime:0.000480s ]
INFO: [ app_end ] --START--
INFO: Run Behavior\ShowPageTraceBehavior [ RunTime:0.000494s ]
INFO: [ app_end ] --END-- [ RunTime:0.000519s ]

[ 2016-08-17T17:47:56+08:00 ] 127.0.0.1 /Extra/Index/add_poster_place?action=add
INFO: [ app_init ] --START--
INFO: Run Behavior\BuildLiteBehavior [ RunTime:0.000011s ]
INFO: [ app_init ] --END-- [ RunTime:0.000274s ]
INFO: [ app_begin ] --START--
INFO: Run Behavior\ReadHtmlCacheBehavior [ RunTime:0.000439s ]
INFO: [ app_begin ] --END-- [ RunTime:0.000473s ]
SQL: SHOW COLUMNS FROM `menu` [ RunTime:0.0088s ]
SQL: SELECT * FROM `menu` WHERE ( level = 1 AND trash = '0' ) ORDER BY sort ASC  [ RunTime:0.0002s ]
SQL: SELECT * FROM `menu` WHERE ( father = 1 AND trash = '0' ) ORDER BY sort ASC  [ RunTime:0.0002s ]
SQL: SELECT * FROM `menu` WHERE ( father = 2 AND trash = '0' ) ORDER BY sort ASC  [ RunTime:0.0001s ]
SQL: SELECT * FROM `menu` WHERE ( father = 3 AND trash = '0' ) ORDER BY sort ASC  [ RunTime:0.0002s ]
SQL: SELECT * FROM `menu` WHERE ( father = 6 AND trash = '0' ) ORDER BY sort ASC  [ RunTime:0.0001s ]
SQL: SELECT * FROM `menu` WHERE ( father = 7 AND trash = '0' ) ORDER BY sort ASC  [ RunTime:0.0002s ]
SQL: SHOW COLUMNS FROM `poster_place` [ RunTime:0.0033s ]
SQL: SHOW COLUMNS FROM `poster` [ RunTime:0.0020s ]
SQL: SHOW COLUMNS FROM `poster_btn` [ RunTime:0.0018s ]
INFO: [ view_parse ] --START--
INFO: [ template_filter ] --START--
INFO: Run Behavior\ContentReplaceBehavior [ RunTime:0.000029s ]
INFO: [ template_filter ] --END-- [ RunTime:0.000058s ]
NOTIC: [8] Undefined variable: action D:\www\ctspace\Application\Runtime\Cache\Extra\91cb69449598a815f44efdcef149bd30.php 第 12 行.
NOTIC: [8] Undefined variable: action D:\www\ctspace\Application\Runtime\Cache\Extra\91cb69449598a815f44efdcef149bd30.php 第 17 行.
NOTIC: [8] Undefined variable: id D:\www\ctspace\Application\Runtime\Cache\Extra\91cb69449598a815f44efdcef149bd30.php 第 18 行.
NOTIC: [8] Undefined variable: action D:\www\ctspace\Application\Runtime\Cache\Extra\91cb69449598a815f44efdcef149bd30.php 第 19 行.
NOTIC: [8] Undefined variable: action D:\www\ctspace\Application\Runtime\Cache\Extra\91cb69449598a815f44efdcef149bd30.php 第 27 行.
NOTIC: [8] Undefined variable: cname D:\www\ctspace\Application\Runtime\Cache\Extra\91cb69449598a815f44efdcef149bd30.php 第 35 行.
INFO: Run Behavior\ParseTemplateBehavior [ RunTime:0.004392s ]
INFO: [ view_parse ] --END-- [ RunTime:0.004423s ]
INFO: [ view_filter ] --START--
INFO: Run Behavior\WriteHtmlCacheBehavior [ RunTime:0.000285s ]
INFO: [ view_filter ] --END-- [ RunTime:0.000309s ]
INFO: [ app_end ] --START--
INFO: Run Behavior\ShowPageTraceBehavior [ RunTime:0.000405s ]
INFO: [ app_end ] --END-- [ RunTime:0.000430s ]

[ 2016-08-17T17:48:01+08:00 ] 127.0.0.1 /Extra/Index/poster_manage
INFO: [ app_init ] --START--
INFO: Run Behavior\BuildLiteBehavior [ RunTime:0.000009s ]
INFO: [ app_init ] --END-- [ RunTime:0.000253s ]
INFO: [ app_begin ] --START--
INFO: Run Behavior\ReadHtmlCacheBehavior [ RunTime:0.000437s ]
INFO: [ app_begin ] --END-- [ RunTime:0.000470s ]
SQL: SHOW COLUMNS FROM `menu` [ RunTime:0.0074s ]
SQL: SELECT * FROM `menu` WHERE ( level = 1 AND trash = '0' ) ORDER BY sort ASC  [ RunTime:0.0003s ]
SQL: SELECT * FROM `menu` WHERE ( father = 1 AND trash = '0' ) ORDER BY sort ASC  [ RunTime:0.0002s ]
SQL: SELECT * FROM `menu` WHERE ( father = 2 AND trash = '0' ) ORDER BY sort ASC  [ RunTime:0.0002s ]
SQL: SELECT * FROM `menu` WHERE ( father = 3 AND trash = '0' ) ORDER BY sort ASC  [ RunTime:0.0002s ]
SQL: SELECT * FROM `menu` WHERE ( father = 6 AND trash = '0' ) ORDER BY sort ASC  [ RunTime:0.0002s ]
SQL: SELECT * FROM `menu` WHERE ( father = 7 AND trash = '0' ) ORDER BY sort ASC  [ RunTime:0.0002s ]
SQL: SHOW COLUMNS FROM `poster_place` [ RunTime:0.0042s ]
SQL: SHOW COLUMNS FROM `poster` [ RunTime:0.0047s ]
SQL: SHOW COLUMNS FROM `poster_btn` [ RunTime:0.0043s ]
SQL: SELECT * FROM `poster_place` WHERE ( trash = 0 )  [ RunTime:0.0002s ]
INFO: [ view_parse ] --START--
INFO: [ template_filter ] --START--
INFO: Run Behavior\ContentReplaceBehavior [ RunTime:0.000030s ]
INFO: [ template_filter ] --END-- [ RunTime:0.000061s ]
NOTIC: [8] Use of undefined constant poster_place - assumed 'poster_place' D:\www\ctspace\Application\Runtime\Cache\Extra\1d50a370ef2387876126677e11554798.php 第 23 行.
NOTIC: [2] Invalid argument supplied for foreach() D:\www\ctspace\Application\Runtime\Cache\Extra\1d50a370ef2387876126677e11554798.php 第 23 行.
INFO: Run Behavior\ParseTemplateBehavior [ RunTime:0.004735s ]
INFO: [ view_parse ] --END-- [ RunTime:0.004764s ]
INFO: [ view_filter ] --START--
INFO: Run Behavior\WriteHtmlCacheBehavior [ RunTime:0.000284s ]
INFO: [ view_filter ] --END-- [ RunTime:0.000308s ]
INFO: [ app_end ] --START--
INFO: Run Behavior\ShowPageTraceBehavior [ RunTime:0.000448s ]
INFO: [ app_end ] --END-- [ RunTime:0.000474s ]

[ 2016-08-17T17:48:54+08:00 ] 127.0.0.1 /Extra/Index/poster_manage
INFO: [ app_init ] --START--
INFO: Run Behavior\BuildLiteBehavior [ RunTime:0.000008s ]
INFO: [ app_init ] --END-- [ RunTime:0.000251s ]
INFO: [ app_begin ] --START--
INFO: Run Behavior\ReadHtmlCacheBehavior [ RunTime:0.000394s ]
INFO: [ app_begin ] --END-- [ RunTime:0.000428s ]
SQL: SHOW COLUMNS FROM `menu` [ RunTime:0.0058s ]
SQL: SELECT * FROM `menu` WHERE ( level = 1 AND trash = '0' ) ORDER BY sort ASC  [ RunTime:0.0003s ]
SQL: SELECT * FROM `menu` WHERE ( father = 1 AND trash = '0' ) ORDER BY sort ASC  [ RunTime:0.0002s ]
SQL: SELECT * FROM `menu` WHERE ( father = 2 AND trash = '0' ) ORDER BY sort ASC  [ RunTime:0.0002s ]
SQL: SELECT * FROM `menu` WHERE ( father = 3 AND trash = '0' ) ORDER BY sort ASC  [ RunTime:0.0002s ]
SQL: SELECT * FROM `menu` WHERE ( father = 6 AND trash = '0' ) ORDER BY sort ASC  [ RunTime:0.0002s ]
SQL: SELECT * FROM `menu` WHERE ( father = 7 AND trash = '0' ) ORDER BY sort ASC  [ RunTime:0.0002s ]
SQL: SHOW COLUMNS FROM `poster_place` [ RunTime:0.0058s ]
SQL: SHOW COLUMNS FROM `poster` [ RunTime:0.0038s ]
SQL: SHOW COLUMNS FROM `poster_btn` [ RunTime:0.0294s ]
SQL: SELECT * FROM `poster_place` WHERE ( trash = 0 )  [ RunTime:0.0002s ]
INFO: [ view_parse ] --START--
INFO: [ template_filter ] --START--
INFO: Run Behavior\ContentReplaceBehavior [ RunTime:0.000032s ]
INFO: [ template_filter ] --END-- [ RunTime:0.000065s ]
NOTIC: [8] Use of undefined constant poster_place - assumed 'poster_place' D:\www\ctspace\Application\Runtime\Cache\Extra\1d50a370ef2387876126677e11554798.php 第 23 行.
NOTIC: [2] Invalid argument supplied for foreach() D:\www\ctspace\Application\Runtime\Cache\Extra\1d50a370ef2387876126677e11554798.php 第 23 行.
INFO: Run Behavior\ParseTemplateBehavior [ RunTime:0.004545s ]
INFO: [ view_parse ] --END-- [ RunTime:0.004577s ]
INFO: [ view_filter ] --START--
INFO: Run Behavior\WriteHtmlCacheBehavior [ RunTime:0.000258s ]
INFO: [ view_filter ] --END-- [ RunTime:0.000284s ]
INFO: [ app_end ] --START--
INFO: Run Behavior\ShowPageTraceBehavior [ RunTime:0.000389s ]
INFO: [ app_end ] --END-- [ RunTime:0.000417s ]

[ 2016-08-17T17:48:55+08:00 ] 127.0.0.1 /Extra/Index/add_poster_place?action=add
INFO: [ app_init ] --START--
INFO: Run Behavior\BuildLiteBehavior [ RunTime:0.000009s ]
INFO: [ app_init ] --END-- [ RunTime:0.000259s ]
INFO: [ app_begin ] --START--
INFO: Run Behavior\ReadHtmlCacheBehavior [ RunTime:0.000383s ]
INFO: [ app_begin ] --END-- [ RunTime:0.000416s ]
SQL: SHOW COLUMNS FROM `menu` [ RunTime:0.0068s ]
SQL: SELECT * FROM `menu` WHERE ( level = 1 AND trash = '0' ) ORDER BY sort ASC  [ RunTime:0.0003s ]
SQL: SELECT * FROM `menu` WHERE ( father = 1 AND trash = '0' ) ORDER BY sort ASC  [ RunTime:0.0002s ]
SQL: SELECT * FROM `menu` WHERE ( father = 2 AND trash = '0' ) ORDER BY sort ASC  [ RunTime:0.0002s ]
SQL: SELECT * FROM `menu` WHERE ( father = 3 AND trash = '0' ) ORDER BY sort ASC  [ RunTime:0.0002s ]
SQL: SELECT * FROM `menu` WHERE ( father = 6 AND trash = '0' ) ORDER BY sort ASC  [ RunTime:0.0002s ]
SQL: SELECT * FROM `menu` WHERE ( father = 7 AND trash = '0' ) ORDER BY sort ASC  [ RunTime:0.0002s ]
SQL: SHOW COLUMNS FROM `poster_place` [ RunTime:0.0044s ]
SQL: SHOW COLUMNS FROM `poster` [ RunTime:0.0048s ]
SQL: SHOW COLUMNS FROM `poster_btn` [ RunTime:0.0048s ]
INFO: [ view_parse ] --START--
INFO: [ template_filter ] --START--
INFO: Run Behavior\ContentReplaceBehavior [ RunTime:0.000030s ]
INFO: [ template_filter ] --END-- [ RunTime:0.000064s ]
NOTIC: [8] Undefined variable: id D:\www\ctspace\Application\Runtime\Cache\Extra\91cb69449598a815f44efdcef149bd30.php 第 18 行.
NOTIC: [8] Undefined variable: cname D:\www\ctspace\Application\Runtime\Cache\Extra\91cb69449598a815f44efdcef149bd30.php 第 35 行.
INFO: Run Behavior\ParseTemplateBehavior [ RunTime:0.004694s ]
INFO: [ view_parse ] --END-- [ RunTime:0.004727s ]
INFO: [ view_filter ] --START--
INFO: Run Behavior\WriteHtmlCacheBehavior [ RunTime:0.000259s ]
INFO: [ view_filter ] --END-- [ RunTime:0.000285s ]
INFO: [ app_end ] --START--
INFO: Run Behavior\ShowPageTraceBehavior [ RunTime:0.000366s ]
INFO: [ app_end ] --END-- [ RunTime:0.000390s ]

[ 2016-08-17T17:50:30+08:00 ] 127.0.0.1 /Extra/Index/add_poster_place_submit
INFO: [ app_init ] --START--
INFO: Run Behavior\BuildLiteBehavior [ RunTime:0.000016s ]
INFO: [ app_init ] --END-- [ RunTime:0.000405s ]
INFO: [ app_begin ] --START--
INFO: Run Behavior\ReadHtmlCacheBehavior [ RunTime:0.000377s ]
INFO: [ app_begin ] --END-- [ RunTime:0.000409s ]
SQL: SHOW COLUMNS FROM `menu` [ RunTime:0.0206s ]
SQL: SELECT * FROM `menu` WHERE ( level = 1 AND trash = '0' ) ORDER BY sort ASC  [ RunTime:0.0006s ]
SQL: SELECT * FROM `menu` WHERE ( father = 1 AND trash = '0' ) ORDER BY sort ASC  [ RunTime:0.0003s ]
SQL: SELECT * FROM `menu` WHERE ( father = 2 AND trash = '0' ) ORDER BY sort ASC  [ RunTime:0.0002s ]
SQL: SELECT * FROM `menu` WHERE ( father = 3 AND trash = '0' ) ORDER BY sort ASC  [ RunTime:0.0002s ]
SQL: SELECT * FROM `menu` WHERE ( father = 6 AND trash = '0' ) ORDER BY sort ASC  [ RunTime:0.0002s ]
SQL: SELECT * FROM `menu` WHERE ( father = 7 AND trash = '0' ) ORDER BY sort ASC  [ RunTime:0.0002s ]
SQL: SHOW COLUMNS FROM `poster_place` [ RunTime:0.0244s ]
SQL: SHOW COLUMNS FROM `poster` [ RunTime:0.0060s ]
SQL: SHOW COLUMNS FROM `poster_btn` [ RunTime:0.0054s ]
SQL: INSERT INTO `poster_place` (`name`,`cname`,`is_show`) VALUES ('index_section_btn','主页版块按钮','Y') [ RunTime:0.0625s ]
INFO: [ view_parse ] --START--
INFO: [ template_filter ] --START--
INFO: Run Behavior\ContentReplaceBehavior [ RunTime:0.000026s ]
INFO: [ template_filter ] --END-- [ RunTime:0.000054s ]
INFO: Run Behavior\ParseTemplateBehavior [ RunTime:0.013065s ]
INFO: [ view_parse ] --END-- [ RunTime:0.013111s ]
INFO: [ view_filter ] --START--
INFO: Run Behavior\WriteHtmlCacheBehavior [ RunTime:0.000248s ]
INFO: [ view_filter ] --END-- [ RunTime:0.000271s ]
INFO: [ app_end ] --START--
INFO: Run Behavior\ShowPageTraceBehavior [ RunTime:0.000533s ]
INFO: [ app_end ] --END-- [ RunTime:0.000557s ]

[ 2016-08-17T17:50:31+08:00 ] 127.0.0.1 /Extra/Index/poster_manage
INFO: [ app_init ] --START--
INFO: Run Behavior\BuildLiteBehavior [ RunTime:0.000011s ]
INFO: [ app_init ] --END-- [ RunTime:0.000300s ]
INFO: [ app_begin ] --START--
INFO: Run Behavior\ReadHtmlCacheBehavior [ RunTime:0.000460s ]
INFO: [ app_begin ] --END-- [ RunTime:0.000500s ]
SQL: SHOW COLUMNS FROM `menu` [ RunTime:0.0150s ]
SQL: SELECT * FROM `menu` WHERE ( level = 1 AND trash = '0' ) ORDER BY sort ASC  [ RunTime:0.0003s ]
SQL: SELECT * FROM `menu` WHERE ( father = 1 AND trash = '0' ) ORDER BY sort ASC  [ RunTime:0.0002s ]
SQL: SELECT * FROM `menu` WHERE ( father = 2 AND trash = '0' ) ORDER BY sort ASC  [ RunTime:0.0002s ]
SQL: SELECT * FROM `menu` WHERE ( father = 3 AND trash = '0' ) ORDER BY sort ASC  [ RunTime:0.0002s ]
SQL: SELECT * FROM `menu` WHERE ( father = 6 AND trash = '0' ) ORDER BY sort ASC  [ RunTime:0.0002s ]
SQL: SELECT * FROM `menu` WHERE ( father = 7 AND trash = '0' ) ORDER BY sort ASC  [ RunTime:0.0002s ]
SQL: SHOW COLUMNS FROM `poster_place` [ RunTime:0.0053s ]
SQL: SHOW COLUMNS FROM `poster` [ RunTime:0.0059s ]
SQL: SHOW COLUMNS FROM `poster_btn` [ RunTime:0.0044s ]
SQL: SELECT * FROM `poster_place` WHERE ( trash = 0 )  [ RunTime:0.0002s ]
INFO: [ view_parse ] --START--
INFO: [ template_filter ] --START--
INFO: Run Behavior\ContentReplaceBehavior [ RunTime:0.000044s ]
INFO: [ template_filter ] --END-- [ RunTime:0.000115s ]
NOTIC: [8] Use of undefined constant poster_place - assumed 'poster_place' D:\www\ctspace\Application\Runtime\Cache\Extra\1d50a370ef2387876126677e11554798.php 第 23 行.
NOTIC: [2] Invalid argument supplied for foreach() D:\www\ctspace\Application\Runtime\Cache\Extra\1d50a370ef2387876126677e11554798.php 第 23 行.
INFO: Run Behavior\ParseTemplateBehavior [ RunTime:0.005472s ]
INFO: [ view_parse ] --END-- [ RunTime:0.005509s ]
INFO: [ view_filter ] --START--
INFO: Run Behavior\WriteHtmlCacheBehavior [ RunTime:0.000309s ]
INFO: [ view_filter ] --END-- [ RunTime:0.000342s ]
INFO: [ app_end ] --START--
INFO: Run Behavior\ShowPageTraceBehavior [ RunTime:0.000462s ]
INFO: [ app_end ] --END-- [ RunTime:0.000495s ]

