[ 2016-09-22T14:53:11+08:00 ] 127.0.0.1 /Extra/Index/poster_manage
INFO: [ app_init ] --START--
INFO: Run Behavior\BuildLiteBehavior [ RunTime:0.000010s ]
INFO: [ app_init ] --END-- [ RunTime:0.000289s ]
INFO: [ app_begin ] --START--
INFO: Run Behavior\ReadHtmlCacheBehavior [ RunTime:0.000517s ]
INFO: [ app_begin ] --END-- [ RunTime:0.000561s ]
SQL: SHOW COLUMNS FROM `menu` [ RunTime:0.0062s ]
SQL: SELECT * FROM `menu` WHERE ( level = 1 AND trash = '0' ) ORDER BY sort ASC  [ RunTime:0.0003s ]
SQL: SELECT * FROM `menu` WHERE ( father = 1 AND trash = '0' ) ORDER BY sort ASC  [ RunTime:0.0002s ]
SQL: SELECT * FROM `menu` WHERE ( father = 2 AND trash = '0' ) ORDER BY sort ASC  [ RunTime:0.0002s ]
SQL: SELECT * FROM `menu` WHERE ( father = 3 AND trash = '0' ) ORDER BY sort ASC  [ RunTime:0.0002s ]
SQL: SELECT * FROM `menu` WHERE ( father = 6 AND trash = '0' ) ORDER BY sort ASC  [ RunTime:0.0002s ]
SQL: SELECT * FROM `menu` WHERE ( father = 7 AND trash = '0' ) ORDER BY sort ASC  [ RunTime:0.0002s ]
SQL: SHOW COLUMNS FROM `poster_place` [ RunTime:0.0044s ]
SQL: SHOW COLUMNS FROM `poster` [ RunTime:0.0038s ]
SQL: SHOW COLUMNS FROM `poster_btn` [ RunTime:0.0414s ]
SQL: SELECT * FROM `poster_place` WHERE ( trash = '0' )  [ RunTime:0.0003s ]
INFO: [ view_parse ] --START--
INFO: [ template_filter ] --START--
INFO: Run Behavior\ContentReplaceBehavior [ RunTime:0.000032s ]
INFO: [ template_filter ] --END-- [ RunTime:0.000071s ]
INFO: Run Behavior\ParseTemplateBehavior [ RunTime:0.023123s ]
INFO: [ view_parse ] --END-- [ RunTime:0.023174s ]
INFO: [ view_filter ] --START--
INFO: Run Behavior\WriteHtmlCacheBehavior [ RunTime:0.000358s ]
INFO: [ view_filter ] --END-- [ RunTime:0.000385s ]
INFO: [ app_end ] --START--
INFO: Run Behavior\ShowPageTraceBehavior [ RunTime:0.000486s ]
INFO: [ app_end ] --END-- [ RunTime:0.000516s ]

[ 2016-09-22T14:53:12+08:00 ] 127.0.0.1 /Extra/Index/add_poster_place?action=add
INFO: [ app_init ] --START--
INFO: Run Behavior\BuildLiteBehavior [ RunTime:0.000009s ]
INFO: [ app_init ] --END-- [ RunTime:0.000285s ]
INFO: [ app_begin ] --START--
INFO: Run Behavior\ReadHtmlCacheBehavior [ RunTime:0.000471s ]
INFO: [ app_begin ] --END-- [ RunTime:0.000505s ]
SQL: SHOW COLUMNS FROM `menu` [ RunTime:0.0063s ]
SQL: SELECT * FROM `menu` WHERE ( level = 1 AND trash = '0' ) ORDER BY sort ASC  [ RunTime:0.0003s ]
SQL: SELECT * FROM `menu` WHERE ( father = 1 AND trash = '0' ) ORDER BY sort ASC  [ RunTime:0.0002s ]
SQL: SELECT * FROM `menu` WHERE ( father = 2 AND trash = '0' ) ORDER BY sort ASC  [ RunTime:0.0002s ]
SQL: SELECT * FROM `menu` WHERE ( father = 3 AND trash = '0' ) ORDER BY sort ASC  [ RunTime:0.0002s ]
SQL: SELECT * FROM `menu` WHERE ( father = 6 AND trash = '0' ) ORDER BY sort ASC  [ RunTime:0.0002s ]
SQL: SELECT * FROM `menu` WHERE ( father = 7 AND trash = '0' ) ORDER BY sort ASC  [ RunTime:0.0001s ]
SQL: SHOW COLUMNS FROM `poster_place` [ RunTime:0.0049s ]
SQL: SHOW COLUMNS FROM `poster` [ RunTime:0.0045s ]
SQL: SHOW COLUMNS FROM `poster_btn` [ RunTime:0.0040s ]
INFO: [ view_parse ] --START--
INFO: [ template_filter ] --START--
INFO: Run Behavior\ContentReplaceBehavior [ RunTime:0.000067s ]
INFO: [ template_filter ] --END-- [ RunTime:0.000154s ]
NOTIC: [8] Undefined variable: id D:\www\ctspace\Application\Runtime\Cache\Extra\91cb69449598a815f44efdcef149bd30.php 第 18 行.
NOTIC: [8] Undefined variable: cname D:\www\ctspace\Application\Runtime\Cache\Extra\91cb69449598a815f44efdcef149bd30.php 第 35 行.
INFO: Run Behavior\ParseTemplateBehavior [ RunTime:0.011401s ]
INFO: [ view_parse ] --END-- [ RunTime:0.011441s ]
INFO: [ view_filter ] --START--
INFO: Run Behavior\WriteHtmlCacheBehavior [ RunTime:0.000349s ]
INFO: [ view_filter ] --END-- [ RunTime:0.000376s ]
INFO: [ app_end ] --START--
INFO: Run Behavior\ShowPageTraceBehavior [ RunTime:0.000481s ]
INFO: [ app_end ] --END-- [ RunTime:0.000509s ]

[ 2016-09-22T14:53:14+08:00 ] 127.0.0.1 /Extra/Index/poster_manage
INFO: [ app_init ] --START--
INFO: Run Behavior\BuildLiteBehavior [ RunTime:0.000009s ]
INFO: [ app_init ] --END-- [ RunTime:0.000288s ]
INFO: [ app_begin ] --START--
INFO: Run Behavior\ReadHtmlCacheBehavior [ RunTime:0.000483s ]
INFO: [ app_begin ] --END-- [ RunTime:0.000520s ]
SQL: SHOW COLUMNS FROM `menu` [ RunTime:0.0080s ]
SQL: SELECT * FROM `menu` WHERE ( level = 1 AND trash = '0' ) ORDER BY sort ASC  [ RunTime:0.0003s ]
SQL: SELECT * FROM `menu` WHERE ( father = 1 AND trash = '0' ) ORDER BY sort ASC  [ RunTime:0.0012s ]
SQL: SELECT * FROM `menu` WHERE ( father = 2 AND trash = '0' ) ORDER BY sort ASC  [ RunTime:0.0002s ]
SQL: SELECT * FROM `menu` WHERE ( father = 3 AND trash = '0' ) ORDER BY sort ASC  [ RunTime:0.0002s ]
SQL: SELECT * FROM `menu` WHERE ( father = 6 AND trash = '0' ) ORDER BY sort ASC  [ RunTime:0.0001s ]
SQL: SELECT * FROM `menu` WHERE ( father = 7 AND trash = '0' ) ORDER BY sort ASC  [ RunTime:0.0001s ]
SQL: SHOW COLUMNS FROM `poster_place` [ RunTime:0.0042s ]
SQL: SHOW COLUMNS FROM `poster` [ RunTime:0.0042s ]
SQL: SHOW COLUMNS FROM `poster_btn` [ RunTime:0.0063s ]
SQL: SELECT * FROM `poster_place` WHERE ( trash = '0' )  [ RunTime:0.0002s ]
INFO: [ view_parse ] --START--
INFO: [ template_filter ] --START--
INFO: Run Behavior\ContentReplaceBehavior [ RunTime:0.000032s ]
INFO: [ template_filter ] --END-- [ RunTime:0.000068s ]
INFO: Run Behavior\ParseTemplateBehavior [ RunTime:0.004801s ]
INFO: [ view_parse ] --END-- [ RunTime:0.004842s ]
INFO: [ view_filter ] --START--
INFO: Run Behavior\WriteHtmlCacheBehavior [ RunTime:0.000334s ]
INFO: [ view_filter ] --END-- [ RunTime:0.000359s ]
INFO: [ app_end ] --START--
INFO: Run Behavior\ShowPageTraceBehavior [ RunTime:0.000456s ]
INFO: [ app_end ] --END-- [ RunTime:0.000482s ]

[ 2016-09-22T14:53:16+08:00 ] 127.0.0.1 /Extra/Index/add_poster_place?action=edit&id=1
INFO: [ app_init ] --START--
INFO: Run Behavior\BuildLiteBehavior [ RunTime:0.000009s ]
INFO: [ app_init ] --END-- [ RunTime:0.000291s ]
INFO: [ app_begin ] --START--
INFO: Run Behavior\ReadHtmlCacheBehavior [ RunTime:0.000472s ]
INFO: [ app_begin ] --END-- [ RunTime:0.000506s ]
SQL: SHOW COLUMNS FROM `menu` [ RunTime:0.0079s ]
SQL: SELECT * FROM `menu` WHERE ( level = 1 AND trash = '0' ) ORDER BY sort ASC  [ RunTime:0.0003s ]
SQL: SELECT * FROM `menu` WHERE ( father = 1 AND trash = '0' ) ORDER BY sort ASC  [ RunTime:0.0002s ]
SQL: SELECT * FROM `menu` WHERE ( father = 2 AND trash = '0' ) ORDER BY sort ASC  [ RunTime:0.0001s ]
SQL: SELECT * FROM `menu` WHERE ( father = 3 AND trash = '0' ) ORDER BY sort ASC  [ RunTime:0.0002s ]
SQL: SELECT * FROM `menu` WHERE ( father = 6 AND trash = '0' ) ORDER BY sort ASC  [ RunTime:0.0001s ]
SQL: SELECT * FROM `menu` WHERE ( father = 7 AND trash = '0' ) ORDER BY sort ASC  [ RunTime:0.0001s ]
SQL: SHOW COLUMNS FROM `poster_place` [ RunTime:0.0044s ]
SQL: SHOW COLUMNS FROM `poster` [ RunTime:0.0040s ]
SQL: SHOW COLUMNS FROM `poster_btn` [ RunTime:0.0053s ]
SQL: SELECT * FROM `poster_place` WHERE ( id = 1 ) LIMIT 1   [ RunTime:0.0002s ]
INFO: [ view_parse ] --START--
INFO: [ template_filter ] --START--
INFO: Run Behavior\ContentReplaceBehavior [ RunTime:0.000029s ]
INFO: [ template_filter ] --END-- [ RunTime:0.000062s ]
INFO: Run Behavior\ParseTemplateBehavior [ RunTime:0.004884s ]
INFO: [ view_parse ] --END-- [ RunTime:0.004920s ]
INFO: [ view_filter ] --START--
INFO: Run Behavior\WriteHtmlCacheBehavior [ RunTime:0.000319s ]
INFO: [ view_filter ] --END-- [ RunTime:0.000343s ]
INFO: [ app_end ] --START--
INFO: Run Behavior\ShowPageTraceBehavior [ RunTime:0.000432s ]
INFO: [ app_end ] --END-- [ RunTime:0.000457s ]

[ 2016-09-22T14:53:19+08:00 ] 127.0.0.1 /Extra/Index/poster_manage
INFO: [ app_init ] --START--
INFO: Run Behavior\BuildLiteBehavior [ RunTime:0.000008s ]
INFO: [ app_init ] --END-- [ RunTime:0.000280s ]
INFO: [ app_begin ] --START--
INFO: Run Behavior\ReadHtmlCacheBehavior [ RunTime:0.000465s ]
INFO: [ app_begin ] --END-- [ RunTime:0.000498s ]
SQL: SHOW COLUMNS FROM `menu` [ RunTime:0.0069s ]
SQL: SELECT * FROM `menu` WHERE ( level = 1 AND trash = '0' ) ORDER BY sort ASC  [ RunTime:0.0003s ]
SQL: SELECT * FROM `menu` WHERE ( father = 1 AND trash = '0' ) ORDER BY sort ASC  [ RunTime:0.0002s ]
SQL: SELECT * FROM `menu` WHERE ( father = 2 AND trash = '0' ) ORDER BY sort ASC  [ RunTime:0.0002s ]
SQL: SELECT * FROM `menu` WHERE ( father = 3 AND trash = '0' ) ORDER BY sort ASC  [ RunTime:0.0002s ]
SQL: SELECT * FROM `menu` WHERE ( father = 6 AND trash = '0' ) ORDER BY sort ASC  [ RunTime:0.0002s ]
SQL: SELECT * FROM `menu` WHERE ( father = 7 AND trash = '0' ) ORDER BY sort ASC  [ RunTime:0.0002s ]
SQL: SHOW COLUMNS FROM `poster_place` [ RunTime:0.0043s ]
SQL: SHOW COLUMNS FROM `poster` [ RunTime:0.0050s ]
SQL: SHOW COLUMNS FROM `poster_btn` [ RunTime:0.0039s ]
SQL: SELECT * FROM `poster_place` WHERE ( trash = '0' )  [ RunTime:0.0002s ]
INFO: [ view_parse ] --START--
INFO: [ template_filter ] --START--
INFO: Run Behavior\ContentReplaceBehavior [ RunTime:0.000032s ]
INFO: [ template_filter ] --END-- [ RunTime:0.000068s ]
INFO: Run Behavior\ParseTemplateBehavior [ RunTime:0.005203s ]
INFO: [ view_parse ] --END-- [ RunTime:0.005258s ]
INFO: [ view_filter ] --START--
INFO: Run Behavior\WriteHtmlCacheBehavior [ RunTime:0.000371s ]
INFO: [ view_filter ] --END-- [ RunTime:0.000400s ]
INFO: [ app_end ] --START--
INFO: Run Behavior\ShowPageTraceBehavior [ RunTime:0.000488s ]
INFO: [ app_end ] --END-- [ RunTime:0.000515s ]

[ 2016-09-22T14:53:26+08:00 ] 127.0.0.1 /Extra/Index/poster?id=1
INFO: [ app_init ] --START--
INFO: Run Behavior\BuildLiteBehavior [ RunTime:0.000009s ]
INFO: [ app_init ] --END-- [ RunTime:0.000279s ]
INFO: [ app_begin ] --START--
INFO: Run Behavior\ReadHtmlCacheBehavior [ RunTime:0.000575s ]
INFO: [ app_begin ] --END-- [ RunTime:0.000615s ]
SQL: SHOW COLUMNS FROM `menu` [ RunTime:0.0062s ]
SQL: SELECT * FROM `menu` WHERE ( level = 1 AND trash = '0' ) ORDER BY sort ASC  [ RunTime:0.0003s ]
SQL: SELECT * FROM `menu` WHERE ( father = 1 AND trash = '0' ) ORDER BY sort ASC  [ RunTime:0.0002s ]
SQL: SELECT * FROM `menu` WHERE ( father = 2 AND trash = '0' ) ORDER BY sort ASC  [ RunTime:0.0002s ]
SQL: SELECT * FROM `menu` WHERE ( father = 3 AND trash = '0' ) ORDER BY sort ASC  [ RunTime:0.0002s ]
SQL: SELECT * FROM `menu` WHERE ( father = 6 AND trash = '0' ) ORDER BY sort ASC  [ RunTime:0.0002s ]
SQL: SELECT * FROM `menu` WHERE ( father = 7 AND trash = '0' ) ORDER BY sort ASC  [ RunTime:0.0002s ]
SQL: SHOW COLUMNS FROM `poster_place` [ RunTime:0.0047s ]
SQL: SHOW COLUMNS FROM `poster` [ RunTime:0.0048s ]
SQL: SHOW COLUMNS FROM `poster_btn` [ RunTime:0.0043s ]
SQL: SELECT * FROM `poster` WHERE ( place_id = 1 AND trash = '0' )  [ RunTime:0.0004s ]
INFO: [ view_parse ] --START--
INFO: [ template_filter ] --START--
INFO: Run Behavior\ContentReplaceBehavior [ RunTime:0.000030s ]
INFO: [ template_filter ] --END-- [ RunTime:0.000067s ]
INFO: Run Behavior\ParseTemplateBehavior [ RunTime:0.031526s ]
INFO: [ view_parse ] --END-- [ RunTime:0.031604s ]
INFO: [ view_filter ] --START--
INFO: Run Behavior\WriteHtmlCacheBehavior [ RunTime:0.000361s ]
INFO: [ view_filter ] --END-- [ RunTime:0.000386s ]
INFO: [ app_end ] --START--
INFO: Run Behavior\ShowPageTraceBehavior [ RunTime:0.000467s ]
INFO: [ app_end ] --END-- [ RunTime:0.000495s ]

[ 2016-09-22T14:53:27+08:00 ] 127.0.0.1 /Extra/Index/add_poster?action=add
INFO: [ app_init ] --START--
INFO: Run Behavior\BuildLiteBehavior [ RunTime:0.000009s ]
INFO: [ app_init ] --END-- [ RunTime:0.000290s ]
INFO: [ app_begin ] --START--
INFO: Run Behavior\ReadHtmlCacheBehavior [ RunTime:0.000485s ]
INFO: [ app_begin ] --END-- [ RunTime:0.000528s ]
SQL: SHOW COLUMNS FROM `menu` [ RunTime:0.0059s ]
SQL: SELECT * FROM `menu` WHERE ( level = 1 AND trash = '0' ) ORDER BY sort ASC  [ RunTime:0.0003s ]
SQL: SELECT * FROM `menu` WHERE ( father = 1 AND trash = '0' ) ORDER BY sort ASC  [ RunTime:0.0002s ]
SQL: SELECT * FROM `menu` WHERE ( father = 2 AND trash = '0' ) ORDER BY sort ASC  [ RunTime:0.0002s ]
SQL: SELECT * FROM `menu` WHERE ( father = 3 AND trash = '0' ) ORDER BY sort ASC  [ RunTime:0.0002s ]
SQL: SELECT * FROM `menu` WHERE ( father = 6 AND trash = '0' ) ORDER BY sort ASC  [ RunTime:0.0002s ]
SQL: SELECT * FROM `menu` WHERE ( father = 7 AND trash = '0' ) ORDER BY sort ASC  [ RunTime:0.0002s ]
SQL: SHOW COLUMNS FROM `poster_place` [ RunTime:0.0050s ]
SQL: SHOW COLUMNS FROM `poster` [ RunTime:0.0052s ]
SQL: SHOW COLUMNS FROM `poster_btn` [ RunTime:0.0051s ]
INFO: [ view_parse ] --START--
INFO: [ template_filter ] --START--
INFO: Run Behavior\ContentReplaceBehavior [ RunTime:0.000030s ]
INFO: [ template_filter ] --END-- [ RunTime:0.000067s ]
NOTIC: [8] Undefined variable: id D:\www\ctspace\Application\Runtime\Cache\Extra\7484b9376c7b4d23a6068dc35a4ef335.php 第 21 行.
NOTIC: [8] Undefined variable: name D:\www\ctspace\Application\Runtime\Cache\Extra\7484b9376c7b4d23a6068dc35a4ef335.php 第 30 行.
INFO: Run Behavior\ParseTemplateBehavior [ RunTime:0.030367s ]
INFO: [ view_parse ] --END-- [ RunTime:0.030406s ]
INFO: [ view_filter ] --START--
INFO: Run Behavior\WriteHtmlCacheBehavior [ RunTime:0.000327s ]
INFO: [ view_filter ] --END-- [ RunTime:0.000355s ]
INFO: [ app_end ] --START--
INFO: Run Behavior\ShowPageTraceBehavior [ RunTime:0.000442s ]
INFO: [ app_end ] --END-- [ RunTime:0.000468s ]

[ 2016-09-22T14:54:09+08:00 ] 127.0.0.1 /Extra/Index/poster_manage
INFO: [ app_init ] --START--
INFO: Run Behavior\BuildLiteBehavior [ RunTime:0.000008s ]
INFO: [ app_init ] --END-- [ RunTime:0.000286s ]
INFO: [ app_begin ] --START--
INFO: Run Behavior\ReadHtmlCacheBehavior [ RunTime:0.000440s ]
INFO: [ app_begin ] --END-- [ RunTime:0.000479s ]
SQL: SHOW COLUMNS FROM `menu` [ RunTime:0.0065s ]
SQL: SELECT * FROM `menu` WHERE ( level = 1 AND trash = '0' ) ORDER BY sort ASC  [ RunTime:0.0003s ]
SQL: SELECT * FROM `menu` WHERE ( father = 1 AND trash = '0' ) ORDER BY sort ASC  [ RunTime:0.0002s ]
SQL: SELECT * FROM `menu` WHERE ( father = 2 AND trash = '0' ) ORDER BY sort ASC  [ RunTime:0.0003s ]
SQL: SELECT * FROM `menu` WHERE ( father = 3 AND trash = '0' ) ORDER BY sort ASC  [ RunTime:0.0004s ]
SQL: SELECT * FROM `menu` WHERE ( father = 6 AND trash = '0' ) ORDER BY sort ASC  [ RunTime:0.0003s ]
SQL: SELECT * FROM `menu` WHERE ( father = 7 AND trash = '0' ) ORDER BY sort ASC  [ RunTime:0.0002s ]
SQL: SHOW COLUMNS FROM `poster_place` [ RunTime:0.0044s ]
SQL: SHOW COLUMNS FROM `poster` [ RunTime:0.0041s ]
SQL: SHOW COLUMNS FROM `poster_btn` [ RunTime:0.0062s ]
SQL: SELECT * FROM `poster_place` WHERE ( trash = '0' )  [ RunTime:0.0002s ]
INFO: [ view_parse ] --START--
INFO: [ template_filter ] --START--
INFO: Run Behavior\ContentReplaceBehavior [ RunTime:0.000033s ]
INFO: [ template_filter ] --END-- [ RunTime:0.000065s ]
INFO: Run Behavior\ParseTemplateBehavior [ RunTime:0.009416s ]
INFO: [ view_parse ] --END-- [ RunTime:0.009466s ]
INFO: [ view_filter ] --START--
INFO: Run Behavior\WriteHtmlCacheBehavior [ RunTime:0.000310s ]
INFO: [ view_filter ] --END-- [ RunTime:0.000337s ]
INFO: [ app_end ] --START--
INFO: Run Behavior\ShowPageTraceBehavior [ RunTime:0.000422s ]
INFO: [ app_end ] --END-- [ RunTime:0.000449s ]

