[ 2016-09-22T14:52:30+08:00 ] 127.0.0.1 /admin.php
INFO: [ app_init ] --START--
INFO: Run Behavior\BuildLiteBehavior [ RunTime:0.000009s ]
INFO: [ app_init ] --END-- [ RunTime:0.000283s ]
INFO: [ app_begin ] --START--
INFO: Run Behavior\ReadHtmlCacheBehavior [ RunTime:0.000446s ]
INFO: [ app_begin ] --END-- [ RunTime:0.000482s ]
SQL: SHOW COLUMNS FROM `menu` [ RunTime:0.0235s ]
SQL: SELECT * FROM `menu` WHERE ( level = 1 AND trash = '0' ) ORDER BY sort ASC  [ RunTime:0.0006s ]
SQL: SELECT * FROM `menu` WHERE ( father = 1 AND trash = '0' ) ORDER BY sort ASC  [ RunTime:0.0002s ]
SQL: SELECT * FROM `menu` WHERE ( father = 2 AND trash = '0' ) ORDER BY sort ASC  [ RunTime:0.0002s ]
SQL: SELECT * FROM `menu` WHERE ( father = 3 AND trash = '0' ) ORDER BY sort ASC  [ RunTime:0.0002s ]
SQL: SELECT * FROM `menu` WHERE ( father = 6 AND trash = '0' ) ORDER BY sort ASC  [ RunTime:0.0002s ]
SQL: SELECT * FROM `menu` WHERE ( father = 7 AND trash = '0' ) ORDER BY sort ASC  [ RunTime:0.0001s ]

[ 2016-09-22T14:52:33+08:00 ] 127.0.0.1 /index.php/Admin/Index/login.html
INFO: [ app_init ] --START--
INFO: Run Behavior\BuildLiteBehavior [ RunTime:0.000024s ]
INFO: [ app_init ] --END-- [ RunTime:0.000506s ]
INFO: [ app_begin ] --START--
INFO: Run Behavior\ReadHtmlCacheBehavior [ RunTime:0.000815s ]
INFO: [ app_begin ] --END-- [ RunTime:0.000875s ]
SQL: SHOW COLUMNS FROM `menu` [ RunTime:0.0104s ]
SQL: SELECT * FROM `menu` WHERE ( level = 1 AND trash = '0' ) ORDER BY sort ASC  [ RunTime:0.0003s ]
SQL: SELECT * FROM `menu` WHERE ( father = 1 AND trash = '0' ) ORDER BY sort ASC  [ RunTime:0.0002s ]
SQL: SELECT * FROM `menu` WHERE ( father = 2 AND trash = '0' ) ORDER BY sort ASC  [ RunTime:0.0002s ]
SQL: SELECT * FROM `menu` WHERE ( father = 3 AND trash = '0' ) ORDER BY sort ASC  [ RunTime:0.0002s ]
SQL: SELECT * FROM `menu` WHERE ( father = 6 AND trash = '0' ) ORDER BY sort ASC  [ RunTime:0.0002s ]
SQL: SELECT * FROM `menu` WHERE ( father = 7 AND trash = '0' ) ORDER BY sort ASC  [ RunTime:0.0001s ]
INFO: [ view_parse ] --START--
INFO: [ template_filter ] --START--
INFO: Run Behavior\ContentReplaceBehavior [ RunTime:0.000038s ]
INFO: [ template_filter ] --END-- [ RunTime:0.000079s ]
INFO: Run Behavior\ParseTemplateBehavior [ RunTime:0.077455s ]
INFO: [ view_parse ] --END-- [ RunTime:0.077498s ]
INFO: [ view_filter ] --START--
INFO: Run Behavior\WriteHtmlCacheBehavior [ RunTime:0.000303s ]
INFO: [ view_filter ] --END-- [ RunTime:0.000328s ]
INFO: [ app_end ] --START--
INFO: Run Behavior\ShowPageTraceBehavior [ RunTime:0.000468s ]
INFO: [ app_end ] --END-- [ RunTime:0.000494s ]

[ 2016-09-22T14:52:33+08:00 ] 127.0.0.1 /index.php/Admin/Index/verify_c.html
INFO: [ app_init ] --START--
INFO: Run Behavior\BuildLiteBehavior [ RunTime:0.000011s ]
INFO: [ app_init ] --END-- [ RunTime:0.000297s ]
INFO: [ app_begin ] --START--
INFO: Run Behavior\ReadHtmlCacheBehavior [ RunTime:0.000427s ]
INFO: [ app_begin ] --END-- [ RunTime:0.000466s ]
SQL: SHOW COLUMNS FROM `menu` [ RunTime:0.0037s ]
SQL: SELECT * FROM `menu` WHERE ( level = 1 AND trash = '0' ) ORDER BY sort ASC  [ RunTime:0.0007s ]
SQL: SELECT * FROM `menu` WHERE ( father = 1 AND trash = '0' ) ORDER BY sort ASC  [ RunTime:0.0002s ]
SQL: SELECT * FROM `menu` WHERE ( father = 2 AND trash = '0' ) ORDER BY sort ASC  [ RunTime:0.0002s ]
SQL: SELECT * FROM `menu` WHERE ( father = 3 AND trash = '0' ) ORDER BY sort ASC  [ RunTime:0.0002s ]
SQL: SELECT * FROM `menu` WHERE ( father = 6 AND trash = '0' ) ORDER BY sort ASC  [ RunTime:0.0002s ]
SQL: SELECT * FROM `menu` WHERE ( father = 7 AND trash = '0' ) ORDER BY sort ASC  [ RunTime:0.0002s ]
INFO: [ app_end ] --START--
INFO: Run Behavior\ShowPageTraceBehavior [ RunTime:0.000544s ]
INFO: [ app_end ] --END-- [ RunTime:0.000598s ]

[ 2016-09-22T14:52:40+08:00 ] 127.0.0.1 /Admin/Index/ajax_check_login
INFO: [ app_init ] --START--
INFO: Run Behavior\BuildLiteBehavior [ RunTime:0.000009s ]
INFO: [ app_init ] --END-- [ RunTime:0.000282s ]
INFO: [ app_begin ] --START--
INFO: Run Behavior\ReadHtmlCacheBehavior [ RunTime:0.000465s ]
INFO: [ app_begin ] --END-- [ RunTime:0.000500s ]
SQL: SHOW COLUMNS FROM `menu` [ RunTime:0.0087s ]
SQL: SELECT * FROM `menu` WHERE ( level = 1 AND trash = '0' ) ORDER BY sort ASC  [ RunTime:0.0003s ]
SQL: SELECT * FROM `menu` WHERE ( father = 1 AND trash = '0' ) ORDER BY sort ASC  [ RunTime:0.0002s ]
SQL: SELECT * FROM `menu` WHERE ( father = 2 AND trash = '0' ) ORDER BY sort ASC  [ RunTime:0.0002s ]
SQL: SELECT * FROM `menu` WHERE ( father = 3 AND trash = '0' ) ORDER BY sort ASC  [ RunTime:0.0002s ]
SQL: SELECT * FROM `menu` WHERE ( father = 6 AND trash = '0' ) ORDER BY sort ASC  [ RunTime:0.0002s ]
SQL: SELECT * FROM `menu` WHERE ( father = 7 AND trash = '0' ) ORDER BY sort ASC  [ RunTime:0.0002s ]
SQL: SHOW COLUMNS FROM `admin_user` [ RunTime:0.0301s ]
SQL: SELECT * FROM `admin_user` WHERE ( admin_name ='admin' AND trash = '0' ) LIMIT 1   [ RunTime:0.0003s ]
SQL: UPDATE `admin_user` SET `login_time`='1474527160',`login_ip`='127.0.0.1' WHERE ( admin_name = 'admin' ) [ RunTime:0.1214s ]
INFO: [ view_parse ] --START--
INFO: [ template_filter ] --START--
INFO: Run Behavior\ContentReplaceBehavior [ RunTime:0.000307s ]
INFO: [ template_filter ] --END-- [ RunTime:0.000560s ]
INFO: Run Behavior\ParseTemplateBehavior [ RunTime:0.108743s ]
INFO: [ view_parse ] --END-- [ RunTime:0.108872s ]
INFO: [ view_filter ] --START--
INFO: Run Behavior\WriteHtmlCacheBehavior [ RunTime:0.000789s ]
INFO: [ view_filter ] --END-- [ RunTime:0.000850s ]
INFO: [ app_end ] --START--
INFO: Run Behavior\ShowPageTraceBehavior [ RunTime:0.001060s ]
INFO: [ app_end ] --END-- [ RunTime:0.001125s ]

[ 2016-09-22T14:52:42+08:00 ] 127.0.0.1 /Admin/Index/index
INFO: [ app_init ] --START--
INFO: Run Behavior\BuildLiteBehavior [ RunTime:0.000022s ]
INFO: [ app_init ] --END-- [ RunTime:0.000746s ]
INFO: [ app_begin ] --START--
INFO: Run Behavior\ReadHtmlCacheBehavior [ RunTime:0.001267s ]
INFO: [ app_begin ] --END-- [ RunTime:0.001362s ]
SQL: SHOW COLUMNS FROM `menu` [ RunTime:0.0169s ]
SQL: SELECT * FROM `menu` WHERE ( level = 1 AND trash = '0' ) ORDER BY sort ASC  [ RunTime:0.0003s ]
SQL: SELECT * FROM `menu` WHERE ( father = 1 AND trash = '0' ) ORDER BY sort ASC  [ RunTime:0.0002s ]
SQL: SELECT * FROM `menu` WHERE ( father = 2 AND trash = '0' ) ORDER BY sort ASC  [ RunTime:0.0002s ]
SQL: SELECT * FROM `menu` WHERE ( father = 3 AND trash = '0' ) ORDER BY sort ASC  [ RunTime:0.0002s ]
SQL: SELECT * FROM `menu` WHERE ( father = 6 AND trash = '0' ) ORDER BY sort ASC  [ RunTime:0.0002s ]
SQL: SELECT * FROM `menu` WHERE ( father = 7 AND trash = '0' ) ORDER BY sort ASC  [ RunTime:0.0002s ]
INFO: [ view_parse ] --START--
INFO: [ template_filter ] --START--
INFO: Run Behavior\ContentReplaceBehavior [ RunTime:0.000030s ]
INFO: [ template_filter ] --END-- [ RunTime:0.000072s ]
INFO: Run Behavior\ParseTemplateBehavior [ RunTime:0.079514s ]
INFO: [ view_parse ] --END-- [ RunTime:0.079605s ]
INFO: [ view_filter ] --START--
INFO: Run Behavior\WriteHtmlCacheBehavior [ RunTime:0.001011s ]
INFO: [ view_filter ] --END-- [ RunTime:0.001086s ]
INFO: [ app_end ] --START--
INFO: Run Behavior\ShowPageTraceBehavior [ RunTime:0.001359s ]
INFO: [ app_end ] --END-- [ RunTime:0.001438s ]

[ 2016-09-22T14:52:44+08:00 ] 127.0.0.1 /Admin/Menu/menu_manage
INFO: [ app_init ] --START--
INFO: Run Behavior\BuildLiteBehavior [ RunTime:0.000010s ]
INFO: [ app_init ] --END-- [ RunTime:0.000288s ]
INFO: [ app_begin ] --START--
INFO: Run Behavior\ReadHtmlCacheBehavior [ RunTime:0.000591s ]
INFO: [ app_begin ] --END-- [ RunTime:0.000634s ]
SQL: SHOW COLUMNS FROM `menu` [ RunTime:0.0210s ]
SQL: SELECT * FROM `menu` WHERE ( level = 1 AND trash = '0' ) ORDER BY sort ASC  [ RunTime:0.0003s ]
SQL: SELECT * FROM `menu` WHERE ( father = 1 AND trash = '0' ) ORDER BY sort ASC  [ RunTime:0.0002s ]
SQL: SELECT * FROM `menu` WHERE ( father = 2 AND trash = '0' ) ORDER BY sort ASC  [ RunTime:0.0001s ]
SQL: SELECT * FROM `menu` WHERE ( father = 3 AND trash = '0' ) ORDER BY sort ASC  [ RunTime:0.0002s ]
SQL: SELECT * FROM `menu` WHERE ( father = 6 AND trash = '0' ) ORDER BY sort ASC  [ RunTime:0.0001s ]
SQL: SELECT * FROM `menu` WHERE ( father = 7 AND trash = '0' ) ORDER BY sort ASC  [ RunTime:0.0001s ]
SQL: SELECT * FROM `menu` WHERE ( level = 1 ) ORDER BY sort ASC  [ RunTime:0.0001s ]
SQL: SELECT * FROM `menu` WHERE ( father = 1 ) ORDER BY sort ASC  [ RunTime:0.0001s ]
SQL: SELECT * FROM `menu` WHERE ( father = 2 ) ORDER BY sort ASC  [ RunTime:0.0001s ]
SQL: SELECT * FROM `menu` WHERE ( father = 3 ) ORDER BY sort ASC  [ RunTime:0.0002s ]
SQL: SELECT * FROM `menu` WHERE ( father = 6 ) ORDER BY sort ASC  [ RunTime:0.0024s ]
SQL: SELECT * FROM `menu` WHERE ( father = 7 ) ORDER BY sort ASC  [ RunTime:0.0003s ]
INFO: [ view_parse ] --START--
INFO: [ template_filter ] --START--
INFO: Run Behavior\ContentReplaceBehavior [ RunTime:0.000037s ]
INFO: [ template_filter ] --END-- [ RunTime:0.000080s ]
NOTIC: [8] Undefined index: father_name D:\www\ctspace\Application\Runtime\Cache\Admin\62b8354ec8c78dbf763d96dacbca4309.php 第 33 行.
NOTIC: [8] Undefined index: father_name D:\www\ctspace\Application\Runtime\Cache\Admin\62b8354ec8c78dbf763d96dacbca4309.php 第 33 行.
INFO: Run Behavior\ParseTemplateBehavior [ RunTime:0.045898s ]
INFO: [ view_parse ] --END-- [ RunTime:0.045938s ]
INFO: [ view_filter ] --START--
INFO: Run Behavior\WriteHtmlCacheBehavior [ RunTime:0.000370s ]
INFO: [ view_filter ] --END-- [ RunTime:0.000400s ]
INFO: [ app_end ] --START--
INFO: Run Behavior\ShowPageTraceBehavior [ RunTime:0.000493s ]
INFO: [ app_end ] --END-- [ RunTime:0.000524s ]

[ 2016-09-22T14:52:47+08:00 ] 127.0.0.1 /Admin/Admin/admin_manage
INFO: [ app_init ] --START--
INFO: Run Behavior\BuildLiteBehavior [ RunTime:0.000009s ]
INFO: [ app_init ] --END-- [ RunTime:0.000283s ]
INFO: [ app_begin ] --START--
INFO: Run Behavior\ReadHtmlCacheBehavior [ RunTime:0.000469s ]
INFO: [ app_begin ] --END-- [ RunTime:0.000503s ]
SQL: SHOW COLUMNS FROM `menu` [ RunTime:0.0084s ]
SQL: SELECT * FROM `menu` WHERE ( level = 1 AND trash = '0' ) ORDER BY sort ASC  [ RunTime:0.0003s ]
SQL: SELECT * FROM `menu` WHERE ( father = 1 AND trash = '0' ) ORDER BY sort ASC  [ RunTime:0.0003s ]
SQL: SELECT * FROM `menu` WHERE ( father = 2 AND trash = '0' ) ORDER BY sort ASC  [ RunTime:0.0002s ]
SQL: SELECT * FROM `menu` WHERE ( father = 3 AND trash = '0' ) ORDER BY sort ASC  [ RunTime:0.0002s ]
SQL: SELECT * FROM `menu` WHERE ( father = 6 AND trash = '0' ) ORDER BY sort ASC  [ RunTime:0.0002s ]
SQL: SELECT * FROM `menu` WHERE ( father = 7 AND trash = '0' ) ORDER BY sort ASC  [ RunTime:0.0002s ]
SQL: SHOW COLUMNS FROM `admin_user` [ RunTime:0.0043s ]
SQL: SELECT * FROM `admin_user` WHERE ( level > 0 ) ORDER BY level ASC  [ RunTime:0.0004s ]
INFO: [ view_parse ] --START--
INFO: [ template_filter ] --START--
INFO: Run Behavior\ContentReplaceBehavior [ RunTime:0.000032s ]
INFO: [ template_filter ] --END-- [ RunTime:0.000094s ]
INFO: Run Behavior\ParseTemplateBehavior [ RunTime:0.017212s ]
INFO: [ view_parse ] --END-- [ RunTime:0.017255s ]
INFO: [ view_filter ] --START--
INFO: Run Behavior\WriteHtmlCacheBehavior [ RunTime:0.000323s ]
INFO: [ view_filter ] --END-- [ RunTime:0.000349s ]
INFO: [ app_end ] --START--
INFO: Run Behavior\ShowPageTraceBehavior [ RunTime:0.000465s ]
INFO: [ app_end ] --END-- [ RunTime:0.000500s ]

