[ 2016-09-12T14:21:08+08:00 ] 127.0.0.1 /index.php/Admin/Index/login.html
INFO: [ app_init ] --START--
INFO: Run Behavior\BuildLiteBehavior [ RunTime:0.000016s ]
INFO: [ app_init ] --END-- [ RunTime:0.000470s ]
INFO: [ app_begin ] --START--
INFO: Run Behavior\ReadHtmlCacheBehavior [ RunTime:0.000604s ]
INFO: [ app_begin ] --END-- [ RunTime:0.000674s ]
SQL: SHOW COLUMNS FROM `menu` [ RunTime:0.0302s ]
SQL: SELECT * FROM `menu` WHERE ( level = 1 AND trash = '0' ) ORDER BY sort ASC  [ RunTime:0.0003s ]
SQL: SELECT * FROM `menu` WHERE ( father = 1 AND trash = '0' ) ORDER BY sort ASC  [ RunTime:0.0002s ]
SQL: SELECT * FROM `menu` WHERE ( father = 2 AND trash = '0' ) ORDER BY sort ASC  [ RunTime:0.0002s ]
SQL: SELECT * FROM `menu` WHERE ( father = 3 AND trash = '0' ) ORDER BY sort ASC  [ RunTime:0.0002s ]
SQL: SELECT * FROM `menu` WHERE ( father = 6 AND trash = '0' ) ORDER BY sort ASC  [ RunTime:0.0002s ]
SQL: SELECT * FROM `menu` WHERE ( father = 7 AND trash = '0' ) ORDER BY sort ASC  [ RunTime:0.0002s ]
INFO: [ view_parse ] --START--
INFO: [ template_filter ] --START--
INFO: Run Behavior\ContentReplaceBehavior [ RunTime:0.000049s ]
INFO: [ template_filter ] --END-- [ RunTime:0.000100s ]
INFO: Run Behavior\ParseTemplateBehavior [ RunTime:0.108213s ]
INFO: [ view_parse ] --END-- [ RunTime:0.108257s ]
INFO: [ view_filter ] --START--
INFO: Run Behavior\WriteHtmlCacheBehavior [ RunTime:0.004744s ]
INFO: [ view_filter ] --END-- [ RunTime:0.004774s ]
INFO: [ app_end ] --START--
INFO: Run Behavior\ShowPageTraceBehavior [ RunTime:0.005504s ]
INFO: [ app_end ] --END-- [ RunTime:0.005544s ]

[ 2016-09-12T14:21:08+08:00 ] 127.0.0.1 /index.php/Admin/Index/verify_c.html
INFO: [ app_init ] --START--
INFO: Run Behavior\BuildLiteBehavior [ RunTime:0.000012s ]
INFO: [ app_init ] --END-- [ RunTime:0.000392s ]
INFO: [ app_begin ] --START--
INFO: Run Behavior\ReadHtmlCacheBehavior [ RunTime:0.000382s ]
INFO: [ app_begin ] --END-- [ RunTime:0.000428s ]
SQL: SHOW COLUMNS FROM `menu` [ RunTime:0.0451s ]
SQL: SELECT * FROM `menu` WHERE ( level = 1 AND trash = '0' ) ORDER BY sort ASC  [ RunTime:0.0003s ]
SQL: SELECT * FROM `menu` WHERE ( father = 1 AND trash = '0' ) ORDER BY sort ASC  [ RunTime:0.0002s ]
SQL: SELECT * FROM `menu` WHERE ( father = 2 AND trash = '0' ) ORDER BY sort ASC  [ RunTime:0.0001s ]
SQL: SELECT * FROM `menu` WHERE ( father = 3 AND trash = '0' ) ORDER BY sort ASC  [ RunTime:0.0001s ]
SQL: SELECT * FROM `menu` WHERE ( father = 6 AND trash = '0' ) ORDER BY sort ASC  [ RunTime:0.0001s ]
SQL: SELECT * FROM `menu` WHERE ( father = 7 AND trash = '0' ) ORDER BY sort ASC  [ RunTime:0.0002s ]
INFO: [ app_end ] --START--
INFO: Run Behavior\ShowPageTraceBehavior [ RunTime:0.000628s ]
INFO: [ app_end ] --END-- [ RunTime:0.000687s ]

[ 2016-09-12T14:21:14+08:00 ] 127.0.0.1 /Admin/Index/ajax_check_login
INFO: [ app_init ] --START--
INFO: Run Behavior\BuildLiteBehavior [ RunTime:0.000010s ]
INFO: [ app_init ] --END-- [ RunTime:0.000309s ]
INFO: [ app_begin ] --START--
INFO: Run Behavior\ReadHtmlCacheBehavior [ RunTime:0.000408s ]
INFO: [ app_begin ] --END-- [ RunTime:0.000446s ]
SQL: SHOW COLUMNS FROM `menu` [ RunTime:0.0131s ]
SQL: SELECT * FROM `menu` WHERE ( level = 1 AND trash = '0' ) ORDER BY sort ASC  [ RunTime:0.0003s ]
SQL: SELECT * FROM `menu` WHERE ( father = 1 AND trash = '0' ) ORDER BY sort ASC  [ RunTime:0.0002s ]
SQL: SELECT * FROM `menu` WHERE ( father = 2 AND trash = '0' ) ORDER BY sort ASC  [ RunTime:0.0003s ]
SQL: SELECT * FROM `menu` WHERE ( father = 3 AND trash = '0' ) ORDER BY sort ASC  [ RunTime:0.0003s ]
SQL: SELECT * FROM `menu` WHERE ( father = 6 AND trash = '0' ) ORDER BY sort ASC  [ RunTime:0.0003s ]
SQL: SELECT * FROM `menu` WHERE ( father = 7 AND trash = '0' ) ORDER BY sort ASC  [ RunTime:0.0003s ]
INFO: [ view_parse ] --START--
INFO: [ template_filter ] --START--
INFO: Run Behavior\ContentReplaceBehavior [ RunTime:0.000031s ]
INFO: [ template_filter ] --END-- [ RunTime:0.000079s ]
INFO: Run Behavior\ParseTemplateBehavior [ RunTime:0.015440s ]
INFO: [ view_parse ] --END-- [ RunTime:0.015484s ]
INFO: [ view_filter ] --START--
INFO: Run Behavior\WriteHtmlCacheBehavior [ RunTime:0.000283s ]
INFO: [ view_filter ] --END-- [ RunTime:0.000308s ]

[ 2016-09-12T14:21:17+08:00 ] 127.0.0.1 /Admin/Index/login
INFO: [ app_init ] --START--
INFO: Run Behavior\BuildLiteBehavior [ RunTime:0.000014s ]
INFO: [ app_init ] --END-- [ RunTime:0.000399s ]
INFO: [ app_begin ] --START--
INFO: Run Behavior\ReadHtmlCacheBehavior [ RunTime:0.000500s ]
INFO: [ app_begin ] --END-- [ RunTime:0.000556s ]
SQL: SHOW COLUMNS FROM `menu` [ RunTime:0.0157s ]
SQL: SELECT * FROM `menu` WHERE ( level = 1 AND trash = '0' ) ORDER BY sort ASC  [ RunTime:0.0003s ]
SQL: SELECT * FROM `menu` WHERE ( father = 1 AND trash = '0' ) ORDER BY sort ASC  [ RunTime:0.0002s ]
SQL: SELECT * FROM `menu` WHERE ( father = 2 AND trash = '0' ) ORDER BY sort ASC  [ RunTime:0.0002s ]
SQL: SELECT * FROM `menu` WHERE ( father = 3 AND trash = '0' ) ORDER BY sort ASC  [ RunTime:0.0002s ]
SQL: SELECT * FROM `menu` WHERE ( father = 6 AND trash = '0' ) ORDER BY sort ASC  [ RunTime:0.0002s ]
SQL: SELECT * FROM `menu` WHERE ( father = 7 AND trash = '0' ) ORDER BY sort ASC  [ RunTime:0.0002s ]
INFO: [ view_parse ] --START--
INFO: [ template_filter ] --START--
INFO: Run Behavior\ContentReplaceBehavior [ RunTime:0.000030s ]
INFO: [ template_filter ] --END-- [ RunTime:0.000060s ]
INFO: Run Behavior\ParseTemplateBehavior [ RunTime:0.009607s ]
INFO: [ view_parse ] --END-- [ RunTime:0.009649s ]
INFO: [ view_filter ] --START--
INFO: Run Behavior\WriteHtmlCacheBehavior [ RunTime:0.000288s ]
INFO: [ view_filter ] --END-- [ RunTime:0.000313s ]
INFO: [ app_end ] --START--
INFO: Run Behavior\ShowPageTraceBehavior [ RunTime:0.000404s ]
INFO: [ app_end ] --END-- [ RunTime:0.000430s ]

[ 2016-09-12T14:21:17+08:00 ] 127.0.0.1 /index.php/Admin/Index/verify_c.html
INFO: [ app_init ] --START--
INFO: Run Behavior\BuildLiteBehavior [ RunTime:0.000008s ]
INFO: [ app_init ] --END-- [ RunTime:0.000219s ]
INFO: [ app_begin ] --START--
INFO: Run Behavior\ReadHtmlCacheBehavior [ RunTime:0.000277s ]
INFO: [ app_begin ] --END-- [ RunTime:0.000307s ]
SQL: SHOW COLUMNS FROM `menu` [ RunTime:0.0533s ]
SQL: SELECT * FROM `menu` WHERE ( level = 1 AND trash = '0' ) ORDER BY sort ASC  [ RunTime:0.0017s ]
SQL: SELECT * FROM `menu` WHERE ( father = 1 AND trash = '0' ) ORDER BY sort ASC  [ RunTime:0.0004s ]
SQL: SELECT * FROM `menu` WHERE ( father = 2 AND trash = '0' ) ORDER BY sort ASC  [ RunTime:0.0002s ]
SQL: SELECT * FROM `menu` WHERE ( father = 3 AND trash = '0' ) ORDER BY sort ASC  [ RunTime:0.0002s ]
SQL: SELECT * FROM `menu` WHERE ( father = 6 AND trash = '0' ) ORDER BY sort ASC  [ RunTime:0.0002s ]
SQL: SELECT * FROM `menu` WHERE ( father = 7 AND trash = '0' ) ORDER BY sort ASC  [ RunTime:0.0002s ]
INFO: [ app_end ] --START--
INFO: Run Behavior\ShowPageTraceBehavior [ RunTime:0.001289s ]
INFO: [ app_end ] --END-- [ RunTime:0.001393s ]

[ 2016-09-12T14:21:22+08:00 ] 127.0.0.1 /Admin/Index/ajax_check_login
INFO: [ app_init ] --START--
INFO: Run Behavior\BuildLiteBehavior [ RunTime:0.000008s ]
INFO: [ app_init ] --END-- [ RunTime:0.000238s ]
INFO: [ app_begin ] --START--
INFO: Run Behavior\ReadHtmlCacheBehavior [ RunTime:0.000357s ]
INFO: [ app_begin ] --END-- [ RunTime:0.000398s ]
SQL: SHOW COLUMNS FROM `menu` [ RunTime:0.0304s ]
SQL: SELECT * FROM `menu` WHERE ( level = 1 AND trash = '0' ) ORDER BY sort ASC  [ RunTime:0.0004s ]
SQL: SELECT * FROM `menu` WHERE ( father = 1 AND trash = '0' ) ORDER BY sort ASC  [ RunTime:0.0002s ]
SQL: SELECT * FROM `menu` WHERE ( father = 2 AND trash = '0' ) ORDER BY sort ASC  [ RunTime:0.0002s ]
SQL: SELECT * FROM `menu` WHERE ( father = 3 AND trash = '0' ) ORDER BY sort ASC  [ RunTime:0.0003s ]
SQL: SELECT * FROM `menu` WHERE ( father = 6 AND trash = '0' ) ORDER BY sort ASC  [ RunTime:0.0002s ]
SQL: SELECT * FROM `menu` WHERE ( father = 7 AND trash = '0' ) ORDER BY sort ASC  [ RunTime:0.0002s ]
SQL: SHOW COLUMNS FROM `admin_user` [ RunTime:0.1567s ]
SQL: SELECT * FROM `admin_user` WHERE ( admin_name ='admin' AND trash = '0' ) LIMIT 1   [ RunTime:0.0005s ]
SQL: UPDATE `admin_user` SET `login_time`='1473661282',`login_ip`='127.0.0.1' WHERE ( admin_name = 'admin' ) [ RunTime:0.1762s ]
INFO: [ view_parse ] --START--
INFO: [ template_filter ] --START--
INFO: Run Behavior\ContentReplaceBehavior [ RunTime:0.000099s ]
INFO: [ template_filter ] --END-- [ RunTime:0.000230s ]
INFO: Run Behavior\ParseTemplateBehavior [ RunTime:0.040554s ]
INFO: [ view_parse ] --END-- [ RunTime:0.040706s ]
INFO: [ view_filter ] --START--
INFO: Run Behavior\WriteHtmlCacheBehavior [ RunTime:0.002691s ]
INFO: [ view_filter ] --END-- [ RunTime:0.002819s ]
INFO: [ app_end ] --START--
INFO: Run Behavior\ShowPageTraceBehavior [ RunTime:0.001878s ]
INFO: [ app_end ] --END-- [ RunTime:0.001996s ]

[ 2016-09-12T14:21:23+08:00 ] 127.0.0.1 /Admin/Index/index
INFO: [ app_init ] --START--
INFO: Run Behavior\BuildLiteBehavior [ RunTime:0.000012s ]
INFO: [ app_init ] --END-- [ RunTime:0.000264s ]
INFO: [ app_begin ] --START--
INFO: Run Behavior\ReadHtmlCacheBehavior [ RunTime:0.000332s ]
INFO: [ app_begin ] --END-- [ RunTime:0.000368s ]
SQL: SHOW COLUMNS FROM `menu` [ RunTime:0.0188s ]
SQL: SELECT * FROM `menu` WHERE ( level = 1 AND trash = '0' ) ORDER BY sort ASC  [ RunTime:0.0004s ]
SQL: SELECT * FROM `menu` WHERE ( father = 1 AND trash = '0' ) ORDER BY sort ASC  [ RunTime:0.0005s ]
SQL: SELECT * FROM `menu` WHERE ( father = 2 AND trash = '0' ) ORDER BY sort ASC  [ RunTime:0.0003s ]
SQL: SELECT * FROM `menu` WHERE ( father = 3 AND trash = '0' ) ORDER BY sort ASC  [ RunTime:0.0004s ]
SQL: SELECT * FROM `menu` WHERE ( father = 6 AND trash = '0' ) ORDER BY sort ASC  [ RunTime:0.0002s ]
SQL: SELECT * FROM `menu` WHERE ( father = 7 AND trash = '0' ) ORDER BY sort ASC  [ RunTime:0.0002s ]
INFO: [ view_parse ] --START--
INFO: [ template_filter ] --START--
INFO: Run Behavior\ContentReplaceBehavior [ RunTime:0.000026s ]
INFO: [ template_filter ] --END-- [ RunTime:0.000067s ]
INFO: Run Behavior\ParseTemplateBehavior [ RunTime:0.017812s ]
INFO: [ view_parse ] --END-- [ RunTime:0.017859s ]
INFO: [ view_filter ] --START--
INFO: Run Behavior\WriteHtmlCacheBehavior [ RunTime:0.000333s ]
INFO: [ view_filter ] --END-- [ RunTime:0.000357s ]
INFO: [ app_end ] --START--
INFO: Run Behavior\ShowPageTraceBehavior [ RunTime:0.000425s ]
INFO: [ app_end ] --END-- [ RunTime:0.000494s ]

[ 2016-09-12T15:23:10+08:00 ] 127.0.0.1 /index.php/Admin/Index/login.html
INFO: [ app_init ] --START--
INFO: Run Behavior\BuildLiteBehavior [ RunTime:0.000016s ]
INFO: [ app_init ] --END-- [ RunTime:0.000457s ]
INFO: [ app_begin ] --START--
INFO: Run Behavior\ReadHtmlCacheBehavior [ RunTime:0.000587s ]
INFO: [ app_begin ] --END-- [ RunTime:0.000654s ]
SQL: SHOW COLUMNS FROM `menu` [ RunTime:0.0096s ]
SQL: SELECT * FROM `menu` WHERE ( level = 1 AND trash = '0' ) ORDER BY sort ASC  [ RunTime:0.0003s ]
SQL: SELECT * FROM `menu` WHERE ( father = 1 AND trash = '0' ) ORDER BY sort ASC  [ RunTime:0.0002s ]
SQL: SELECT * FROM `menu` WHERE ( father = 2 AND trash = '0' ) ORDER BY sort ASC  [ RunTime:0.0002s ]
SQL: SELECT * FROM `menu` WHERE ( father = 3 AND trash = '0' ) ORDER BY sort ASC  [ RunTime:0.0002s ]
SQL: SELECT * FROM `menu` WHERE ( father = 6 AND trash = '0' ) ORDER BY sort ASC  [ RunTime:0.0003s ]
SQL: SELECT * FROM `menu` WHERE ( father = 7 AND trash = '0' ) ORDER BY sort ASC  [ RunTime:0.0002s ]
INFO: [ view_parse ] --START--
INFO: [ template_filter ] --START--
INFO: Run Behavior\ContentReplaceBehavior [ RunTime:0.000030s ]
INFO: [ template_filter ] --END-- [ RunTime:0.000059s ]
INFO: Run Behavior\ParseTemplateBehavior [ RunTime:0.009065s ]
INFO: [ view_parse ] --END-- [ RunTime:0.009105s ]
INFO: [ view_filter ] --START--
INFO: Run Behavior\WriteHtmlCacheBehavior [ RunTime:0.000290s ]
INFO: [ view_filter ] --END-- [ RunTime:0.000315s ]
INFO: [ app_end ] --START--
INFO: Run Behavior\ShowPageTraceBehavior [ RunTime:0.000411s ]
INFO: [ app_end ] --END-- [ RunTime:0.000435s ]

[ 2016-09-12T15:23:10+08:00 ] 127.0.0.1 /index.php/Admin/Index/verify_c.html
INFO: [ app_init ] --START--
INFO: Run Behavior\BuildLiteBehavior [ RunTime:0.000011s ]
INFO: [ app_init ] --END-- [ RunTime:0.000290s ]
INFO: [ app_begin ] --START--
INFO: Run Behavior\ReadHtmlCacheBehavior [ RunTime:0.000322s ]
INFO: [ app_begin ] --END-- [ RunTime:0.000359s ]
SQL: SHOW COLUMNS FROM `menu` [ RunTime:0.0032s ]
SQL: SELECT * FROM `menu` WHERE ( level = 1 AND trash = '0' ) ORDER BY sort ASC  [ RunTime:0.0009s ]
SQL: SELECT * FROM `menu` WHERE ( father = 1 AND trash = '0' ) ORDER BY sort ASC  [ RunTime:0.0002s ]
SQL: SELECT * FROM `menu` WHERE ( father = 2 AND trash = '0' ) ORDER BY sort ASC  [ RunTime:0.0002s ]
SQL: SELECT * FROM `menu` WHERE ( father = 3 AND trash = '0' ) ORDER BY sort ASC  [ RunTime:0.0004s ]
SQL: SELECT * FROM `menu` WHERE ( father = 6 AND trash = '0' ) ORDER BY sort ASC  [ RunTime:0.0002s ]
SQL: SELECT * FROM `menu` WHERE ( father = 7 AND trash = '0' ) ORDER BY sort ASC  [ RunTime:0.0002s ]
INFO: [ app_end ] --START--
INFO: Run Behavior\ShowPageTraceBehavior [ RunTime:0.000507s ]
INFO: [ app_end ] --END-- [ RunTime:0.000554s ]

[ 2016-09-12T15:23:15+08:00 ] 127.0.0.1 /Admin/Index/ajax_check_login
INFO: [ app_init ] --START--
INFO: Run Behavior\BuildLiteBehavior [ RunTime:0.000008s ]
INFO: [ app_init ] --END-- [ RunTime:0.000286s ]
INFO: [ app_begin ] --START--
INFO: Run Behavior\ReadHtmlCacheBehavior [ RunTime:0.000399s ]
INFO: [ app_begin ] --END-- [ RunTime:0.000436s ]
SQL: SHOW COLUMNS FROM `menu` [ RunTime:0.0160s ]
SQL: SELECT * FROM `menu` WHERE ( level = 1 AND trash = '0' ) ORDER BY sort ASC  [ RunTime:0.0003s ]
SQL: SELECT * FROM `menu` WHERE ( father = 1 AND trash = '0' ) ORDER BY sort ASC  [ RunTime:0.0002s ]
SQL: SELECT * FROM `menu` WHERE ( father = 2 AND trash = '0' ) ORDER BY sort ASC  [ RunTime:0.0001s ]
SQL: SELECT * FROM `menu` WHERE ( father = 3 AND trash = '0' ) ORDER BY sort ASC  [ RunTime:0.0002s ]
SQL: SELECT * FROM `menu` WHERE ( father = 6 AND trash = '0' ) ORDER BY sort ASC  [ RunTime:0.0003s ]
SQL: SELECT * FROM `menu` WHERE ( father = 7 AND trash = '0' ) ORDER BY sort ASC  [ RunTime:0.0002s ]
SQL: SHOW COLUMNS FROM `admin_user` [ RunTime:0.0280s ]
SQL: SELECT * FROM `admin_user` WHERE ( admin_name ='admin' AND trash = '0' ) LIMIT 1   [ RunTime:0.0003s ]
SQL: UPDATE `admin_user` SET `login_time`='1473664995',`login_ip`='127.0.0.1' WHERE ( admin_name = 'admin' ) [ RunTime:0.0948s ]
INFO: [ view_parse ] --START--
INFO: [ template_filter ] --START--
INFO: Run Behavior\ContentReplaceBehavior [ RunTime:0.000103s ]
INFO: [ template_filter ] --END-- [ RunTime:0.000232s ]
INFO: Run Behavior\ParseTemplateBehavior [ RunTime:0.047961s ]
INFO: [ view_parse ] --END-- [ RunTime:0.048071s ]
INFO: [ view_filter ] --START--
INFO: Run Behavior\WriteHtmlCacheBehavior [ RunTime:0.000579s ]
INFO: [ view_filter ] --END-- [ RunTime:0.000632s ]
INFO: [ app_end ] --START--
INFO: Run Behavior\ShowPageTraceBehavior [ RunTime:0.000834s ]
INFO: [ app_end ] --END-- [ RunTime:0.000887s ]

[ 2016-09-12T15:23:16+08:00 ] 127.0.0.1 /Admin/Index/index
INFO: [ app_init ] --START--
INFO: Run Behavior\BuildLiteBehavior [ RunTime:0.000014s ]
INFO: [ app_init ] --END-- [ RunTime:0.000410s ]
INFO: [ app_begin ] --START--
INFO: Run Behavior\ReadHtmlCacheBehavior [ RunTime:0.000505s ]
INFO: [ app_begin ] --END-- [ RunTime:0.000558s ]
SQL: SHOW COLUMNS FROM `menu` [ RunTime:0.0121s ]
SQL: SELECT * FROM `menu` WHERE ( level = 1 AND trash = '0' ) ORDER BY sort ASC  [ RunTime:0.0004s ]
SQL: SELECT * FROM `menu` WHERE ( father = 1 AND trash = '0' ) ORDER BY sort ASC  [ RunTime:0.0004s ]
SQL: SELECT * FROM `menu` WHERE ( father = 2 AND trash = '0' ) ORDER BY sort ASC  [ RunTime:0.0003s ]
SQL: SELECT * FROM `menu` WHERE ( father = 3 AND trash = '0' ) ORDER BY sort ASC  [ RunTime:0.0003s ]
SQL: SELECT * FROM `menu` WHERE ( father = 6 AND trash = '0' ) ORDER BY sort ASC  [ RunTime:0.0002s ]
SQL: SELECT * FROM `menu` WHERE ( father = 7 AND trash = '0' ) ORDER BY sort ASC  [ RunTime:0.0002s ]
INFO: [ view_parse ] --START--
INFO: [ template_filter ] --START--
INFO: Run Behavior\ContentReplaceBehavior [ RunTime:0.000024s ]
INFO: [ template_filter ] --END-- [ RunTime:0.000055s ]
INFO: Run Behavior\ParseTemplateBehavior [ RunTime:0.009461s ]
INFO: [ view_parse ] --END-- [ RunTime:0.009508s ]
INFO: [ view_filter ] --START--
INFO: Run Behavior\WriteHtmlCacheBehavior [ RunTime:0.000307s ]
INFO: [ view_filter ] --END-- [ RunTime:0.000334s ]
INFO: [ app_end ] --START--
INFO: Run Behavior\ShowPageTraceBehavior [ RunTime:0.000438s ]
INFO: [ app_end ] --END-- [ RunTime:0.000467s ]

