[ 2016-08-17T11:55:51+08:00 ] 127.0.0.1 /admin
INFO: [ app_init ] --START--
INFO: Run Behavior\BuildLiteBehavior [ RunTime:0.000014s ]
INFO: [ app_init ] --END-- [ RunTime:0.012931s ]
INFO: [ app_begin ] --START--
INFO: Run Behavior\ReadHtmlCacheBehavior [ RunTime:0.008494s ]
INFO: [ app_begin ] --END-- [ RunTime:0.008545s ]
SQL: SHOW COLUMNS FROM `menu` [ RunTime:0.0583s ]
SQL: SELECT * FROM `menu` WHERE ( level = 1 AND trash = '0' ) ORDER BY sort ASC  [ RunTime:0.0004s ]
SQL: SELECT * FROM `menu` WHERE ( father = 1 AND trash = '0' ) ORDER BY sort ASC  [ RunTime:0.0002s ]
SQL: SELECT * FROM `menu` WHERE ( father = 2 AND trash = '0' ) ORDER BY sort ASC  [ RunTime:0.0002s ]
SQL: SELECT * FROM `menu` WHERE ( father = 3 AND trash = '0' ) ORDER BY sort ASC  [ RunTime:0.0002s ]
SQL: SELECT * FROM `menu` WHERE ( father = 6 AND trash = '0' ) ORDER BY sort ASC  [ RunTime:0.0003s ]
SQL: SELECT * FROM `menu` WHERE ( father = 7 AND trash = '0' ) ORDER BY sort ASC  [ RunTime:0.0001s ]

[ 2016-08-17T11:55:54+08:00 ] 127.0.0.1 /index.php/Admin/Index/login.html
INFO: [ app_init ] --START--
INFO: Run Behavior\BuildLiteBehavior [ RunTime:0.000019s ]
INFO: [ app_init ] --END-- [ RunTime:0.000615s ]
INFO: [ app_begin ] --START--
INFO: Run Behavior\ReadHtmlCacheBehavior [ RunTime:0.000743s ]
INFO: [ app_begin ] --END-- [ RunTime:0.000808s ]
SQL: SHOW COLUMNS FROM `menu` [ RunTime:0.0187s ]
SQL: SELECT * FROM `menu` WHERE ( level = 1 AND trash = '0' ) ORDER BY sort ASC  [ RunTime:0.0005s ]
SQL: SELECT * FROM `menu` WHERE ( father = 1 AND trash = '0' ) ORDER BY sort ASC  [ RunTime:0.0004s ]
SQL: SELECT * FROM `menu` WHERE ( father = 2 AND trash = '0' ) ORDER BY sort ASC  [ RunTime:0.0003s ]
SQL: SELECT * FROM `menu` WHERE ( father = 3 AND trash = '0' ) ORDER BY sort ASC  [ RunTime:0.0003s ]
SQL: SELECT * FROM `menu` WHERE ( father = 6 AND trash = '0' ) ORDER BY sort ASC  [ RunTime:0.0003s ]
SQL: SELECT * FROM `menu` WHERE ( father = 7 AND trash = '0' ) ORDER BY sort ASC  [ RunTime:0.0003s ]
INFO: [ view_parse ] --START--
INFO: [ template_filter ] --START--
INFO: Run Behavior\ContentReplaceBehavior [ RunTime:0.000044s ]
INFO: [ template_filter ] --END-- [ RunTime:0.000088s ]
INFO: Run Behavior\ParseTemplateBehavior [ RunTime:0.118590s ]
INFO: [ view_parse ] --END-- [ RunTime:0.118652s ]
INFO: [ view_filter ] --START--
INFO: Run Behavior\WriteHtmlCacheBehavior [ RunTime:0.010800s ]
INFO: [ view_filter ] --END-- [ RunTime:0.010842s ]
INFO: [ app_end ] --START--
INFO: Run Behavior\ShowPageTraceBehavior [ RunTime:0.006083s ]
INFO: [ app_end ] --END-- [ RunTime:0.006126s ]

[ 2016-08-17T11:55:54+08:00 ] 127.0.0.1 /index.php/Admin/Index/verify_c.html
INFO: [ app_init ] --START--
INFO: Run Behavior\BuildLiteBehavior [ RunTime:0.000012s ]
INFO: [ app_init ] --END-- [ RunTime:0.000281s ]
INFO: [ app_begin ] --START--
INFO: Run Behavior\ReadHtmlCacheBehavior [ RunTime:0.000524s ]
INFO: [ app_begin ] --END-- [ RunTime:0.000571s ]
SQL: SHOW COLUMNS FROM `menu` [ RunTime:0.0034s ]
SQL: SELECT * FROM `menu` WHERE ( level = 1 AND trash = '0' ) ORDER BY sort ASC  [ RunTime:0.0003s ]
SQL: SELECT * FROM `menu` WHERE ( father = 1 AND trash = '0' ) ORDER BY sort ASC  [ RunTime:0.0002s ]
SQL: SELECT * FROM `menu` WHERE ( father = 2 AND trash = '0' ) ORDER BY sort ASC  [ RunTime:0.0002s ]
SQL: SELECT * FROM `menu` WHERE ( father = 3 AND trash = '0' ) ORDER BY sort ASC  [ RunTime:0.0002s ]
SQL: SELECT * FROM `menu` WHERE ( father = 6 AND trash = '0' ) ORDER BY sort ASC  [ RunTime:0.0002s ]
SQL: SELECT * FROM `menu` WHERE ( father = 7 AND trash = '0' ) ORDER BY sort ASC  [ RunTime:0.0001s ]
INFO: [ app_end ] --START--
INFO: Run Behavior\ShowPageTraceBehavior [ RunTime:0.000462s ]
INFO: [ app_end ] --END-- [ RunTime:0.000513s ]

[ 2016-08-17T11:55:59+08:00 ] 127.0.0.1 /Admin/Index/ajax_check_login
INFO: [ app_init ] --START--
INFO: Run Behavior\BuildLiteBehavior [ RunTime:0.000009s ]
INFO: [ app_init ] --END-- [ RunTime:0.000253s ]
INFO: [ app_begin ] --START--
INFO: Run Behavior\ReadHtmlCacheBehavior [ RunTime:0.000380s ]
INFO: [ app_begin ] --END-- [ RunTime:0.000414s ]
SQL: SHOW COLUMNS FROM `menu` [ RunTime:0.0148s ]
SQL: SELECT * FROM `menu` WHERE ( level = 1 AND trash = '0' ) ORDER BY sort ASC  [ RunTime:0.0003s ]
SQL: SELECT * FROM `menu` WHERE ( father = 1 AND trash = '0' ) ORDER BY sort ASC  [ RunTime:0.0002s ]
SQL: SELECT * FROM `menu` WHERE ( father = 2 AND trash = '0' ) ORDER BY sort ASC  [ RunTime:0.0001s ]
SQL: SELECT * FROM `menu` WHERE ( father = 3 AND trash = '0' ) ORDER BY sort ASC  [ RunTime:0.0002s ]
SQL: SELECT * FROM `menu` WHERE ( father = 6 AND trash = '0' ) ORDER BY sort ASC  [ RunTime:0.0002s ]
SQL: SELECT * FROM `menu` WHERE ( father = 7 AND trash = '0' ) ORDER BY sort ASC  [ RunTime:0.0001s ]
SQL: SHOW COLUMNS FROM `admin_user` [ RunTime:0.0854s ]
SQL: SELECT * FROM `admin_user` WHERE ( admin_name ='admin' AND trash = '0' ) LIMIT 1   [ RunTime:0.0004s ]
SQL: UPDATE `admin_user` SET `login_time`='1471406159',`login_ip`='127.0.0.1' WHERE ( admin_name = 'admin' ) [ RunTime:0.0329s ]
INFO: [ view_parse ] --START--
INFO: [ template_filter ] --START--
INFO: Run Behavior\ContentReplaceBehavior [ RunTime:0.000066s ]
INFO: [ template_filter ] --END-- [ RunTime:0.000152s ]
INFO: Run Behavior\ParseTemplateBehavior [ RunTime:0.063234s ]
INFO: [ view_parse ] --END-- [ RunTime:0.063356s ]
INFO: [ view_filter ] --START--
INFO: Run Behavior\WriteHtmlCacheBehavior [ RunTime:0.000647s ]
INFO: [ view_filter ] --END-- [ RunTime:0.000713s ]
INFO: [ app_end ] --START--
INFO: Run Behavior\ShowPageTraceBehavior [ RunTime:0.000983s ]
INFO: [ app_end ] --END-- [ RunTime:0.001059s ]

[ 2016-08-17T11:56:00+08:00 ] 127.0.0.1 /Admin/Index/index
INFO: [ app_init ] --START--
INFO: Run Behavior\BuildLiteBehavior [ RunTime:0.000028s ]
INFO: [ app_init ] --END-- [ RunTime:0.000668s ]
INFO: [ app_begin ] --START--
INFO: Run Behavior\ReadHtmlCacheBehavior [ RunTime:0.000687s ]
INFO: [ app_begin ] --END-- [ RunTime:0.000751s ]
SQL: SHOW COLUMNS FROM `menu` [ RunTime:0.0100s ]
SQL: SELECT * FROM `menu` WHERE ( level = 1 AND trash = '0' ) ORDER BY sort ASC  [ RunTime:0.0003s ]
SQL: SELECT * FROM `menu` WHERE ( father = 1 AND trash = '0' ) ORDER BY sort ASC  [ RunTime:0.0002s ]
SQL: SELECT * FROM `menu` WHERE ( father = 2 AND trash = '0' ) ORDER BY sort ASC  [ RunTime:0.0002s ]
SQL: SELECT * FROM `menu` WHERE ( father = 3 AND trash = '0' ) ORDER BY sort ASC  [ RunTime:0.0002s ]
SQL: SELECT * FROM `menu` WHERE ( father = 6 AND trash = '0' ) ORDER BY sort ASC  [ RunTime:0.0002s ]
SQL: SELECT * FROM `menu` WHERE ( father = 7 AND trash = '0' ) ORDER BY sort ASC  [ RunTime:0.0002s ]
INFO: [ view_parse ] --START--
INFO: [ template_filter ] --START--
INFO: Run Behavior\ContentReplaceBehavior [ RunTime:0.000083s ]
INFO: [ template_filter ] --END-- [ RunTime:0.000161s ]
INFO: Run Behavior\ParseTemplateBehavior [ RunTime:0.032472s ]
INFO: [ view_parse ] --END-- [ RunTime:0.032524s ]
INFO: [ view_filter ] --START--
INFO: Run Behavior\WriteHtmlCacheBehavior [ RunTime:0.000318s ]
INFO: [ view_filter ] --END-- [ RunTime:0.000346s ]
INFO: [ app_end ] --START--
INFO: Run Behavior\ShowPageTraceBehavior [ RunTime:0.000385s ]
INFO: [ app_end ] --END-- [ RunTime:0.000414s ]

[ 2016-08-17T14:34:20+08:00 ] 127.0.0.1 /Admin/Index/index
INFO: [ app_init ] --START--
INFO: Run Behavior\BuildLiteBehavior [ RunTime:0.000010s ]
INFO: [ app_init ] --END-- [ RunTime:0.000277s ]
INFO: [ app_begin ] --START--
INFO: Run Behavior\ReadHtmlCacheBehavior [ RunTime:0.000465s ]
INFO: [ app_begin ] --END-- [ RunTime:0.000499s ]
SQL: SHOW COLUMNS FROM `menu` [ RunTime:0.0303s ]
SQL: SELECT * FROM `menu` WHERE ( level = 1 AND trash = '0' ) ORDER BY sort ASC  [ RunTime:0.0006s ]
SQL: SELECT * FROM `menu` WHERE ( father = 1 AND trash = '0' ) ORDER BY sort ASC  [ RunTime:0.0002s ]
SQL: SELECT * FROM `menu` WHERE ( father = 2 AND trash = '0' ) ORDER BY sort ASC  [ RunTime:0.0002s ]
SQL: SELECT * FROM `menu` WHERE ( father = 3 AND trash = '0' ) ORDER BY sort ASC  [ RunTime:0.0004s ]
SQL: SELECT * FROM `menu` WHERE ( father = 6 AND trash = '0' ) ORDER BY sort ASC  [ RunTime:0.0003s ]
SQL: SELECT * FROM `menu` WHERE ( father = 7 AND trash = '0' ) ORDER BY sort ASC  [ RunTime:0.0003s ]

[ 2016-08-17T14:34:23+08:00 ] 127.0.0.1 /index.php/Admin/Index/login.html
INFO: [ app_init ] --START--
INFO: Run Behavior\BuildLiteBehavior [ RunTime:0.000016s ]
INFO: [ app_init ] --END-- [ RunTime:0.000484s ]
INFO: [ app_begin ] --START--
INFO: Run Behavior\ReadHtmlCacheBehavior [ RunTime:0.000833s ]
INFO: [ app_begin ] --END-- [ RunTime:0.000898s ]
SQL: SHOW COLUMNS FROM `menu` [ RunTime:0.0353s ]
SQL: SELECT * FROM `menu` WHERE ( level = 1 AND trash = '0' ) ORDER BY sort ASC  [ RunTime:0.0005s ]
SQL: SELECT * FROM `menu` WHERE ( father = 1 AND trash = '0' ) ORDER BY sort ASC  [ RunTime:0.0004s ]
SQL: SELECT * FROM `menu` WHERE ( father = 2 AND trash = '0' ) ORDER BY sort ASC  [ RunTime:0.0003s ]
SQL: SELECT * FROM `menu` WHERE ( father = 3 AND trash = '0' ) ORDER BY sort ASC  [ RunTime:0.0003s ]
SQL: SELECT * FROM `menu` WHERE ( father = 6 AND trash = '0' ) ORDER BY sort ASC  [ RunTime:0.0003s ]
SQL: SELECT * FROM `menu` WHERE ( father = 7 AND trash = '0' ) ORDER BY sort ASC  [ RunTime:0.0004s ]
INFO: [ view_parse ] --START--
INFO: [ template_filter ] --START--
INFO: Run Behavior\ContentReplaceBehavior [ RunTime:0.000067s ]
INFO: [ template_filter ] --END-- [ RunTime:0.000137s ]
INFO: Run Behavior\ParseTemplateBehavior [ RunTime:0.019095s ]
INFO: [ view_parse ] --END-- [ RunTime:0.019174s ]
INFO: [ view_filter ] --START--
INFO: Run Behavior\WriteHtmlCacheBehavior [ RunTime:0.000605s ]
INFO: [ view_filter ] --END-- [ RunTime:0.000656s ]
INFO: [ app_end ] --START--
INFO: Run Behavior\ShowPageTraceBehavior [ RunTime:0.000864s ]
INFO: [ app_end ] --END-- [ RunTime:0.000919s ]

[ 2016-08-17T14:34:23+08:00 ] 127.0.0.1 /index.php/Admin/Index/verify_c.html
INFO: [ app_init ] --START--
INFO: Run Behavior\BuildLiteBehavior [ RunTime:0.000011s ]
INFO: [ app_init ] --END-- [ RunTime:0.000293s ]
INFO: [ app_begin ] --START--
INFO: Run Behavior\ReadHtmlCacheBehavior [ RunTime:0.000481s ]
INFO: [ app_begin ] --END-- [ RunTime:0.000520s ]
SQL: SHOW COLUMNS FROM `menu` [ RunTime:0.0027s ]
SQL: SELECT * FROM `menu` WHERE ( level = 1 AND trash = '0' ) ORDER BY sort ASC  [ RunTime:0.0003s ]
SQL: SELECT * FROM `menu` WHERE ( father = 1 AND trash = '0' ) ORDER BY sort ASC  [ RunTime:0.0002s ]
SQL: SELECT * FROM `menu` WHERE ( father = 2 AND trash = '0' ) ORDER BY sort ASC  [ RunTime:0.0002s ]
SQL: SELECT * FROM `menu` WHERE ( father = 3 AND trash = '0' ) ORDER BY sort ASC  [ RunTime:0.0002s ]
SQL: SELECT * FROM `menu` WHERE ( father = 6 AND trash = '0' ) ORDER BY sort ASC  [ RunTime:0.0002s ]
SQL: SELECT * FROM `menu` WHERE ( father = 7 AND trash = '0' ) ORDER BY sort ASC  [ RunTime:0.0002s ]
INFO: [ app_end ] --START--
INFO: Run Behavior\ShowPageTraceBehavior [ RunTime:0.000528s ]
INFO: [ app_end ] --END-- [ RunTime:0.000573s ]

[ 2016-08-17T14:34:29+08:00 ] 127.0.0.1 /Admin/Index/ajax_check_login
INFO: [ app_init ] --START--
INFO: Run Behavior\BuildLiteBehavior [ RunTime:0.000010s ]
INFO: [ app_init ] --END-- [ RunTime:0.000271s ]
INFO: [ app_begin ] --START--
INFO: Run Behavior\ReadHtmlCacheBehavior [ RunTime:0.000379s ]
INFO: [ app_begin ] --END-- [ RunTime:0.000415s ]
SQL: SHOW COLUMNS FROM `menu` [ RunTime:0.0253s ]
SQL: SELECT * FROM `menu` WHERE ( level = 1 AND trash = '0' ) ORDER BY sort ASC  [ RunTime:0.0003s ]
SQL: SELECT * FROM `menu` WHERE ( father = 1 AND trash = '0' ) ORDER BY sort ASC  [ RunTime:0.0002s ]
SQL: SELECT * FROM `menu` WHERE ( father = 2 AND trash = '0' ) ORDER BY sort ASC  [ RunTime:0.0001s ]
SQL: SELECT * FROM `menu` WHERE ( father = 3 AND trash = '0' ) ORDER BY sort ASC  [ RunTime:0.0002s ]
SQL: SELECT * FROM `menu` WHERE ( father = 6 AND trash = '0' ) ORDER BY sort ASC  [ RunTime:0.0002s ]
SQL: SELECT * FROM `menu` WHERE ( father = 7 AND trash = '0' ) ORDER BY sort ASC  [ RunTime:0.0001s ]
INFO: [ view_parse ] --START--
INFO: [ template_filter ] --START--
INFO: Run Behavior\ContentReplaceBehavior [ RunTime:0.000030s ]
INFO: [ template_filter ] --END-- [ RunTime:0.000066s ]
INFO: Run Behavior\ParseTemplateBehavior [ RunTime:0.012186s ]
INFO: [ view_parse ] --END-- [ RunTime:0.012233s ]
INFO: [ view_filter ] --START--
INFO: Run Behavior\WriteHtmlCacheBehavior [ RunTime:0.000267s ]
INFO: [ view_filter ] --END-- [ RunTime:0.000295s ]

[ 2016-08-17T14:34:32+08:00 ] 127.0.0.1 /Admin/Index/login
INFO: [ app_init ] --START--
INFO: Run Behavior\BuildLiteBehavior [ RunTime:0.000033s ]
INFO: [ app_init ] --END-- [ RunTime:0.001002s ]
INFO: [ app_begin ] --START--
INFO: Run Behavior\ReadHtmlCacheBehavior [ RunTime:0.000740s ]
INFO: [ app_begin ] --END-- [ RunTime:0.000805s ]
SQL: SHOW COLUMNS FROM `menu` [ RunTime:0.0115s ]
SQL: SELECT * FROM `menu` WHERE ( level = 1 AND trash = '0' ) ORDER BY sort ASC  [ RunTime:0.0005s ]
SQL: SELECT * FROM `menu` WHERE ( father = 1 AND trash = '0' ) ORDER BY sort ASC  [ RunTime:0.0004s ]
SQL: SELECT * FROM `menu` WHERE ( father = 2 AND trash = '0' ) ORDER BY sort ASC  [ RunTime:0.0003s ]
SQL: SELECT * FROM `menu` WHERE ( father = 3 AND trash = '0' ) ORDER BY sort ASC  [ RunTime:0.0003s ]
SQL: SELECT * FROM `menu` WHERE ( father = 6 AND trash = '0' ) ORDER BY sort ASC  [ RunTime:0.0003s ]
SQL: SELECT * FROM `menu` WHERE ( father = 7 AND trash = '0' ) ORDER BY sort ASC  [ RunTime:0.0003s ]
INFO: [ view_parse ] --START--
INFO: [ template_filter ] --START--
INFO: Run Behavior\ContentReplaceBehavior [ RunTime:0.000038s ]
INFO: [ template_filter ] --END-- [ RunTime:0.000078s ]
INFO: Run Behavior\ParseTemplateBehavior [ RunTime:0.005107s ]
INFO: [ view_parse ] --END-- [ RunTime:0.005159s ]
INFO: [ view_filter ] --START--
INFO: Run Behavior\WriteHtmlCacheBehavior [ RunTime:0.000319s ]
INFO: [ view_filter ] --END-- [ RunTime:0.000351s ]
INFO: [ app_end ] --START--
INFO: Run Behavior\ShowPageTraceBehavior [ RunTime:0.000488s ]
INFO: [ app_end ] --END-- [ RunTime:0.000527s ]

[ 2016-08-17T14:34:32+08:00 ] 127.0.0.1 /index.php/Admin/Index/verify_c.html
INFO: [ app_init ] --START--
INFO: Run Behavior\BuildLiteBehavior [ RunTime:0.000014s ]
INFO: [ app_init ] --END-- [ RunTime:0.000613s ]
INFO: [ app_begin ] --START--
INFO: Run Behavior\ReadHtmlCacheBehavior [ RunTime:0.000615s ]
INFO: [ app_begin ] --END-- [ RunTime:0.000683s ]
SQL: SHOW COLUMNS FROM `menu` [ RunTime:0.0092s ]
SQL: SELECT * FROM `menu` WHERE ( level = 1 AND trash = '0' ) ORDER BY sort ASC  [ RunTime:0.0005s ]
SQL: SELECT * FROM `menu` WHERE ( father = 1 AND trash = '0' ) ORDER BY sort ASC  [ RunTime:0.0003s ]
SQL: SELECT * FROM `menu` WHERE ( father = 2 AND trash = '0' ) ORDER BY sort ASC  [ RunTime:0.0003s ]
SQL: SELECT * FROM `menu` WHERE ( father = 3 AND trash = '0' ) ORDER BY sort ASC  [ RunTime:0.0003s ]
SQL: SELECT * FROM `menu` WHERE ( father = 6 AND trash = '0' ) ORDER BY sort ASC  [ RunTime:0.0002s ]
SQL: SELECT * FROM `menu` WHERE ( father = 7 AND trash = '0' ) ORDER BY sort ASC  [ RunTime:0.0002s ]
INFO: [ app_end ] --START--
INFO: Run Behavior\ShowPageTraceBehavior [ RunTime:0.000531s ]
INFO: [ app_end ] --END-- [ RunTime:0.000573s ]

[ 2016-08-17T14:34:37+08:00 ] 127.0.0.1 /Admin/Index/ajax_check_login
INFO: [ app_init ] --START--
INFO: Run Behavior\BuildLiteBehavior [ RunTime:0.000009s ]
INFO: [ app_init ] --END-- [ RunTime:0.000255s ]
INFO: [ app_begin ] --START--
INFO: Run Behavior\ReadHtmlCacheBehavior [ RunTime:0.000380s ]
INFO: [ app_begin ] --END-- [ RunTime:0.000414s ]
SQL: SHOW COLUMNS FROM `menu` [ RunTime:0.0157s ]
SQL: SELECT * FROM `menu` WHERE ( level = 1 AND trash = '0' ) ORDER BY sort ASC  [ RunTime:0.0003s ]
SQL: SELECT * FROM `menu` WHERE ( father = 1 AND trash = '0' ) ORDER BY sort ASC  [ RunTime:0.0002s ]
SQL: SELECT * FROM `menu` WHERE ( father = 2 AND trash = '0' ) ORDER BY sort ASC  [ RunTime:0.0002s ]
SQL: SELECT * FROM `menu` WHERE ( father = 3 AND trash = '0' ) ORDER BY sort ASC  [ RunTime:0.0002s ]
SQL: SELECT * FROM `menu` WHERE ( father = 6 AND trash = '0' ) ORDER BY sort ASC  [ RunTime:0.0002s ]
SQL: SELECT * FROM `menu` WHERE ( father = 7 AND trash = '0' ) ORDER BY sort ASC  [ RunTime:0.0002s ]
SQL: SHOW COLUMNS FROM `admin_user` [ RunTime:0.0191s ]
SQL: SELECT * FROM `admin_user` WHERE ( admin_name ='admin' AND trash = '0' ) LIMIT 1   [ RunTime:0.0003s ]
SQL: UPDATE `admin_user` SET `login_time`='1471415677',`login_ip`='127.0.0.1' WHERE ( admin_name = 'admin' ) [ RunTime:0.0725s ]
INFO: [ view_parse ] --START--
INFO: [ template_filter ] --START--
INFO: Run Behavior\ContentReplaceBehavior [ RunTime:0.000029s ]
INFO: [ template_filter ] --END-- [ RunTime:0.000061s ]
INFO: Run Behavior\ParseTemplateBehavior [ RunTime:0.004106s ]
INFO: [ view_parse ] --END-- [ RunTime:0.004142s ]
INFO: [ view_filter ] --START--
INFO: Run Behavior\WriteHtmlCacheBehavior [ RunTime:0.000247s ]
INFO: [ view_filter ] --END-- [ RunTime:0.000272s ]
INFO: [ app_end ] --START--
INFO: Run Behavior\ShowPageTraceBehavior [ RunTime:0.000383s ]
INFO: [ app_end ] --END-- [ RunTime:0.000410s ]

[ 2016-08-17T14:34:39+08:00 ] 127.0.0.1 /Admin/Index/index
INFO: [ app_init ] --START--
INFO: Run Behavior\BuildLiteBehavior [ RunTime:0.000016s ]
INFO: [ app_init ] --END-- [ RunTime:0.000654s ]
INFO: [ app_begin ] --START--
INFO: Run Behavior\ReadHtmlCacheBehavior [ RunTime:0.000646s ]
INFO: [ app_begin ] --END-- [ RunTime:0.000705s ]
SQL: SHOW COLUMNS FROM `menu` [ RunTime:0.0094s ]
SQL: SELECT * FROM `menu` WHERE ( level = 1 AND trash = '0' ) ORDER BY sort ASC  [ RunTime:0.0004s ]
SQL: SELECT * FROM `menu` WHERE ( father = 1 AND trash = '0' ) ORDER BY sort ASC  [ RunTime:0.0003s ]
SQL: SELECT * FROM `menu` WHERE ( father = 2 AND trash = '0' ) ORDER BY sort ASC  [ RunTime:0.0003s ]
SQL: SELECT * FROM `menu` WHERE ( father = 3 AND trash = '0' ) ORDER BY sort ASC  [ RunTime:0.0003s ]
SQL: SELECT * FROM `menu` WHERE ( father = 6 AND trash = '0' ) ORDER BY sort ASC  [ RunTime:0.0003s ]
SQL: SELECT * FROM `menu` WHERE ( father = 7 AND trash = '0' ) ORDER BY sort ASC  [ RunTime:0.0003s ]
INFO: [ view_parse ] --START--
INFO: [ template_filter ] --START--
INFO: Run Behavior\ContentReplaceBehavior [ RunTime:0.000023s ]
INFO: [ template_filter ] --END-- [ RunTime:0.000056s ]
INFO: Run Behavior\ParseTemplateBehavior [ RunTime:0.009599s ]
INFO: [ view_parse ] --END-- [ RunTime:0.009657s ]
INFO: [ view_filter ] --START--
INFO: Run Behavior\WriteHtmlCacheBehavior [ RunTime:0.000273s ]
INFO: [ view_filter ] --END-- [ RunTime:0.000297s ]
INFO: [ app_end ] --START--
INFO: Run Behavior\ShowPageTraceBehavior [ RunTime:0.000362s ]
INFO: [ app_end ] --END-- [ RunTime:0.000389s ]

[ 2016-08-17T15:16:00+08:00 ] 127.0.0.1 /Admin/index/index
INFO: [ app_init ] --START--
INFO: Run Behavior\BuildLiteBehavior [ RunTime:0.000009s ]
INFO: [ app_init ] --END-- [ RunTime:0.000256s ]
INFO: [ app_begin ] --START--
INFO: Run Behavior\ReadHtmlCacheBehavior [ RunTime:0.000388s ]
INFO: [ app_begin ] --END-- [ RunTime:0.000423s ]
SQL: SHOW COLUMNS FROM `menu` [ RunTime:0.0254s ]
SQL: SELECT * FROM `menu` WHERE ( level = 1 AND trash = '0' ) ORDER BY sort ASC  [ RunTime:0.0003s ]
SQL: SELECT * FROM `menu` WHERE ( father = 1 AND trash = '0' ) ORDER BY sort ASC  [ RunTime:0.0002s ]
SQL: SELECT * FROM `menu` WHERE ( father = 2 AND trash = '0' ) ORDER BY sort ASC  [ RunTime:0.0001s ]
SQL: SELECT * FROM `menu` WHERE ( father = 3 AND trash = '0' ) ORDER BY sort ASC  [ RunTime:0.0002s ]
SQL: SELECT * FROM `menu` WHERE ( father = 6 AND trash = '0' ) ORDER BY sort ASC  [ RunTime:0.0001s ]
SQL: SELECT * FROM `menu` WHERE ( father = 7 AND trash = '0' ) ORDER BY sort ASC  [ RunTime:0.0002s ]
INFO: [ view_parse ] --START--
INFO: [ template_filter ] --START--
INFO: Run Behavior\ContentReplaceBehavior [ RunTime:0.000031s ]
INFO: [ template_filter ] --END-- [ RunTime:0.000073s ]
INFO: Run Behavior\ParseTemplateBehavior [ RunTime:0.004237s ]
INFO: [ view_parse ] --END-- [ RunTime:0.004273s ]
INFO: [ view_filter ] --START--
INFO: Run Behavior\WriteHtmlCacheBehavior [ RunTime:0.000259s ]
INFO: [ view_filter ] --END-- [ RunTime:0.000284s ]
INFO: [ app_end ] --START--
INFO: Run Behavior\ShowPageTraceBehavior [ RunTime:0.000400s ]
INFO: [ app_end ] --END-- [ RunTime:0.000429s ]

[ 2016-08-17T15:18:29+08:00 ] 127.0.0.1 /Admin/index/index
INFO: [ app_init ] --START--
INFO: Run Behavior\BuildLiteBehavior [ RunTime:0.000008s ]
INFO: [ app_init ] --END-- [ RunTime:0.000254s ]
INFO: [ app_begin ] --START--
INFO: Run Behavior\ReadHtmlCacheBehavior [ RunTime:0.000400s ]
INFO: [ app_begin ] --END-- [ RunTime:0.000434s ]
SQL: SHOW COLUMNS FROM `menu` [ RunTime:0.0058s ]
SQL: SELECT * FROM `menu` WHERE ( level = 1 AND trash = '0' ) ORDER BY sort ASC  [ RunTime:0.0003s ]
SQL: SELECT * FROM `menu` WHERE ( father = 1 AND trash = '0' ) ORDER BY sort ASC  [ RunTime:0.0002s ]
SQL: SELECT * FROM `menu` WHERE ( father = 2 AND trash = '0' ) ORDER BY sort ASC  [ RunTime:0.0002s ]
SQL: SELECT * FROM `menu` WHERE ( father = 3 AND trash = '0' ) ORDER BY sort ASC  [ RunTime:0.0002s ]
SQL: SELECT * FROM `menu` WHERE ( father = 6 AND trash = '0' ) ORDER BY sort ASC  [ RunTime:0.0002s ]
SQL: SELECT * FROM `menu` WHERE ( father = 7 AND trash = '0' ) ORDER BY sort ASC  [ RunTime:0.0001s ]
INFO: [ view_parse ] --START--
INFO: [ template_filter ] --START--
INFO: Run Behavior\ContentReplaceBehavior [ RunTime:0.000080s ]
INFO: [ template_filter ] --END-- [ RunTime:0.000230s ]
INFO: Run Behavior\ParseTemplateBehavior [ RunTime:0.006651s ]
INFO: [ view_parse ] --END-- [ RunTime:0.006695s ]
INFO: [ view_filter ] --START--
INFO: Run Behavior\WriteHtmlCacheBehavior [ RunTime:0.000243s ]
INFO: [ view_filter ] --END-- [ RunTime:0.000267s ]
INFO: [ app_end ] --START--
INFO: Run Behavior\ShowPageTraceBehavior [ RunTime:0.000369s ]
INFO: [ app_end ] --END-- [ RunTime:0.000395s ]

[ 2016-08-17T15:21:15+08:00 ] 127.0.0.1 /Admin/index/index
INFO: [ app_init ] --START--
INFO: Run Behavior\BuildLiteBehavior [ RunTime:0.000047s ]
INFO: [ app_init ] --END-- [ RunTime:0.001180s ]
INFO: [ app_begin ] --START--
INFO: Run Behavior\ReadHtmlCacheBehavior [ RunTime:0.000695s ]
INFO: [ app_begin ] --END-- [ RunTime:0.000757s ]
SQL: SHOW COLUMNS FROM `menu` [ RunTime:0.0073s ]
SQL: SELECT * FROM `menu` WHERE ( level = 1 AND trash = '0' ) ORDER BY sort ASC  [ RunTime:0.0003s ]
SQL: SELECT * FROM `menu` WHERE ( father = 1 AND trash = '0' ) ORDER BY sort ASC  [ RunTime:0.0002s ]
SQL: SELECT * FROM `menu` WHERE ( father = 2 AND trash = '0' ) ORDER BY sort ASC  [ RunTime:0.0002s ]
SQL: SELECT * FROM `menu` WHERE ( father = 3 AND trash = '0' ) ORDER BY sort ASC  [ RunTime:0.0002s ]
SQL: SELECT * FROM `menu` WHERE ( father = 6 AND trash = '0' ) ORDER BY sort ASC  [ RunTime:0.0002s ]
SQL: SELECT * FROM `menu` WHERE ( father = 7 AND trash = '0' ) ORDER BY sort ASC  [ RunTime:0.0002s ]
INFO: [ view_parse ] --START--
INFO: [ template_filter ] --START--
INFO: Run Behavior\ContentReplaceBehavior [ RunTime:0.000028s ]
INFO: [ template_filter ] --END-- [ RunTime:0.000063s ]
INFO: Run Behavior\ParseTemplateBehavior [ RunTime:0.011699s ]
INFO: [ view_parse ] --END-- [ RunTime:0.011750s ]
INFO: [ view_filter ] --START--
INFO: Run Behavior\WriteHtmlCacheBehavior [ RunTime:0.000285s ]
INFO: [ view_filter ] --END-- [ RunTime:0.000313s ]
INFO: [ app_end ] --START--
INFO: Run Behavior\ShowPageTraceBehavior [ RunTime:0.000426s ]
INFO: [ app_end ] --END-- [ RunTime:0.000458s ]

[ 2016-08-17T15:59:16+08:00 ] 127.0.0.1 /Admin/index/index
INFO: [ app_init ] --START--
INFO: Run Behavior\BuildLiteBehavior [ RunTime:0.000014s ]
INFO: [ app_init ] --END-- [ RunTime:0.000441s ]
INFO: [ app_begin ] --START--
INFO: Run Behavior\ReadHtmlCacheBehavior [ RunTime:0.000740s ]
INFO: [ app_begin ] --END-- [ RunTime:0.000798s ]
SQL: SHOW COLUMNS FROM `menu` [ RunTime:0.0122s ]
SQL: SELECT * FROM `menu` WHERE ( level = 1 AND trash = '0' ) ORDER BY sort ASC  [ RunTime:0.0004s ]
SQL: SELECT * FROM `menu` WHERE ( father = 1 AND trash = '0' ) ORDER BY sort ASC  [ RunTime:0.0002s ]
SQL: SELECT * FROM `menu` WHERE ( father = 2 AND trash = '0' ) ORDER BY sort ASC  [ RunTime:0.0002s ]
SQL: SELECT * FROM `menu` WHERE ( father = 3 AND trash = '0' ) ORDER BY sort ASC  [ RunTime:0.0002s ]
SQL: SELECT * FROM `menu` WHERE ( father = 6 AND trash = '0' ) ORDER BY sort ASC  [ RunTime:0.0002s ]
SQL: SELECT * FROM `menu` WHERE ( father = 7 AND trash = '0' ) ORDER BY sort ASC  [ RunTime:0.0002s ]

[ 2016-08-17T15:59:19+08:00 ] 127.0.0.1 /index.php/Admin/Index/login.html
INFO: [ app_init ] --START--
INFO: Run Behavior\BuildLiteBehavior [ RunTime:0.000018s ]
INFO: [ app_init ] --END-- [ RunTime:0.000547s ]
INFO: [ app_begin ] --START--
INFO: Run Behavior\ReadHtmlCacheBehavior [ RunTime:0.000948s ]
INFO: [ app_begin ] --END-- [ RunTime:0.001029s ]
SQL: SHOW COLUMNS FROM `menu` [ RunTime:0.0073s ]
SQL: SELECT * FROM `menu` WHERE ( level = 1 AND trash = '0' ) ORDER BY sort ASC  [ RunTime:0.0003s ]
SQL: SELECT * FROM `menu` WHERE ( father = 1 AND trash = '0' ) ORDER BY sort ASC  [ RunTime:0.0002s ]
SQL: SELECT * FROM `menu` WHERE ( father = 2 AND trash = '0' ) ORDER BY sort ASC  [ RunTime:0.0002s ]
SQL: SELECT * FROM `menu` WHERE ( father = 3 AND trash = '0' ) ORDER BY sort ASC  [ RunTime:0.0002s ]
SQL: SELECT * FROM `menu` WHERE ( father = 6 AND trash = '0' ) ORDER BY sort ASC  [ RunTime:0.0002s ]
SQL: SELECT * FROM `menu` WHERE ( father = 7 AND trash = '0' ) ORDER BY sort ASC  [ RunTime:0.0002s ]
INFO: [ view_parse ] --START--
INFO: [ template_filter ] --START--
INFO: Run Behavior\ContentReplaceBehavior [ RunTime:0.000042s ]
INFO: [ template_filter ] --END-- [ RunTime:0.000082s ]
INFO: Run Behavior\ParseTemplateBehavior [ RunTime:0.005307s ]
INFO: [ view_parse ] --END-- [ RunTime:0.005349s ]
INFO: [ view_filter ] --START--
INFO: Run Behavior\WriteHtmlCacheBehavior [ RunTime:0.000290s ]
INFO: [ view_filter ] --END-- [ RunTime:0.000324s ]
INFO: [ app_end ] --START--
INFO: Run Behavior\ShowPageTraceBehavior [ RunTime:0.000468s ]
INFO: [ app_end ] --END-- [ RunTime:0.000502s ]

[ 2016-08-17T15:59:19+08:00 ] 127.0.0.1 /index.php/Admin/Index/verify_c.html
INFO: [ app_init ] --START--
INFO: Run Behavior\BuildLiteBehavior [ RunTime:0.000009s ]
INFO: [ app_init ] --END-- [ RunTime:0.000239s ]
INFO: [ app_begin ] --START--
INFO: Run Behavior\ReadHtmlCacheBehavior [ RunTime:0.000396s ]
INFO: [ app_begin ] --END-- [ RunTime:0.000428s ]
SQL: SHOW COLUMNS FROM `menu` [ RunTime:0.0073s ]
SQL: SELECT * FROM `menu` WHERE ( level = 1 AND trash = '0' ) ORDER BY sort ASC  [ RunTime:0.0005s ]
SQL: SELECT * FROM `menu` WHERE ( father = 1 AND trash = '0' ) ORDER BY sort ASC  [ RunTime:0.0004s ]
SQL: SELECT * FROM `menu` WHERE ( father = 2 AND trash = '0' ) ORDER BY sort ASC  [ RunTime:0.0002s ]
SQL: SELECT * FROM `menu` WHERE ( father = 3 AND trash = '0' ) ORDER BY sort ASC  [ RunTime:0.0003s ]
SQL: SELECT * FROM `menu` WHERE ( father = 6 AND trash = '0' ) ORDER BY sort ASC  [ RunTime:0.0002s ]
SQL: SELECT * FROM `menu` WHERE ( father = 7 AND trash = '0' ) ORDER BY sort ASC  [ RunTime:0.0002s ]
INFO: [ app_end ] --START--
INFO: Run Behavior\ShowPageTraceBehavior [ RunTime:0.000680s ]
INFO: [ app_end ] --END-- [ RunTime:0.000734s ]

[ 2016-08-17T15:59:46+08:00 ] 127.0.0.1 /Admin/Index/ajax_check_login
INFO: [ app_init ] --START--
INFO: Run Behavior\BuildLiteBehavior [ RunTime:0.000010s ]
INFO: [ app_init ] --END-- [ RunTime:0.000260s ]
INFO: [ app_begin ] --START--
INFO: Run Behavior\ReadHtmlCacheBehavior [ RunTime:0.000381s ]
INFO: [ app_begin ] --END-- [ RunTime:0.000416s ]
SQL: SHOW COLUMNS FROM `menu` [ RunTime:0.0175s ]
SQL: SELECT * FROM `menu` WHERE ( level = 1 AND trash = '0' ) ORDER BY sort ASC  [ RunTime:0.0003s ]
SQL: SELECT * FROM `menu` WHERE ( father = 1 AND trash = '0' ) ORDER BY sort ASC  [ RunTime:0.0002s ]
SQL: SELECT * FROM `menu` WHERE ( father = 2 AND trash = '0' ) ORDER BY sort ASC  [ RunTime:0.0002s ]
SQL: SELECT * FROM `menu` WHERE ( father = 3 AND trash = '0' ) ORDER BY sort ASC  [ RunTime:0.0002s ]
SQL: SELECT * FROM `menu` WHERE ( father = 6 AND trash = '0' ) ORDER BY sort ASC  [ RunTime:0.0002s ]
SQL: SELECT * FROM `menu` WHERE ( father = 7 AND trash = '0' ) ORDER BY sort ASC  [ RunTime:0.0001s ]
SQL: SHOW COLUMNS FROM `admin_user` [ RunTime:0.0296s ]
SQL: SELECT * FROM `admin_user` WHERE ( admin_name ='admin' AND trash = '0' ) LIMIT 1   [ RunTime:0.0003s ]
SQL: UPDATE `admin_user` SET `login_time`='1471420786',`login_ip`='127.0.0.1' WHERE ( admin_name = 'admin' ) [ RunTime:0.0433s ]
INFO: [ view_parse ] --START--
INFO: [ template_filter ] --START--
INFO: Run Behavior\ContentReplaceBehavior [ RunTime:0.000029s ]
INFO: [ template_filter ] --END-- [ RunTime:0.000060s ]
INFO: Run Behavior\ParseTemplateBehavior [ RunTime:0.012383s ]
INFO: [ view_parse ] --END-- [ RunTime:0.012438s ]
INFO: [ view_filter ] --START--
INFO: Run Behavior\WriteHtmlCacheBehavior [ RunTime:0.000323s ]
INFO: [ view_filter ] --END-- [ RunTime:0.000351s ]
INFO: [ app_end ] --START--
INFO: Run Behavior\ShowPageTraceBehavior [ RunTime:0.000441s ]
INFO: [ app_end ] --END-- [ RunTime:0.000477s ]

[ 2016-08-17T15:59:47+08:00 ] 127.0.0.1 /Admin/Index/index
INFO: [ app_init ] --START--
INFO: Run Behavior\BuildLiteBehavior [ RunTime:0.000023s ]
INFO: [ app_init ] --END-- [ RunTime:0.000816s ]
INFO: [ app_begin ] --START--
INFO: Run Behavior\ReadHtmlCacheBehavior [ RunTime:0.001051s ]
INFO: [ app_begin ] --END-- [ RunTime:0.001140s ]
SQL: SHOW COLUMNS FROM `menu` [ RunTime:0.0070s ]
SQL: SELECT * FROM `menu` WHERE ( level = 1 AND trash = '0' ) ORDER BY sort ASC  [ RunTime:0.0003s ]
SQL: SELECT * FROM `menu` WHERE ( father = 1 AND trash = '0' ) ORDER BY sort ASC  [ RunTime:0.0002s ]
SQL: SELECT * FROM `menu` WHERE ( father = 2 AND trash = '0' ) ORDER BY sort ASC  [ RunTime:0.0003s ]
SQL: SELECT * FROM `menu` WHERE ( father = 3 AND trash = '0' ) ORDER BY sort ASC  [ RunTime:0.0004s ]
SQL: SELECT * FROM `menu` WHERE ( father = 6 AND trash = '0' ) ORDER BY sort ASC  [ RunTime:0.0009s ]
SQL: SELECT * FROM `menu` WHERE ( father = 7 AND trash = '0' ) ORDER BY sort ASC  [ RunTime:0.0005s ]
INFO: [ view_parse ] --START--
INFO: [ template_filter ] --START--
INFO: Run Behavior\ContentReplaceBehavior [ RunTime:0.000033s ]
INFO: [ template_filter ] --END-- [ RunTime:0.000081s ]
INFO: Run Behavior\ParseTemplateBehavior [ RunTime:0.010126s ]
INFO: [ view_parse ] --END-- [ RunTime:0.010197s ]
INFO: [ view_filter ] --START--
INFO: Run Behavior\WriteHtmlCacheBehavior [ RunTime:0.000334s ]
INFO: [ view_filter ] --END-- [ RunTime:0.000367s ]
INFO: [ app_end ] --START--
INFO: Run Behavior\ShowPageTraceBehavior [ RunTime:0.000506s ]
INFO: [ app_end ] --END-- [ RunTime:0.000542s ]

[ 2016-08-17T16:01:10+08:00 ] 127.0.0.1 /Admin/Index/index
INFO: [ app_init ] --START--
INFO: Run Behavior\BuildLiteBehavior [ RunTime:0.000015s ]
INFO: [ app_init ] --END-- [ RunTime:0.000432s ]
INFO: [ app_begin ] --START--
INFO: Run Behavior\ReadHtmlCacheBehavior [ RunTime:0.001348s ]
INFO: [ app_begin ] --END-- [ RunTime:0.001514s ]
SQL: SHOW COLUMNS FROM `menu` [ RunTime:0.0096s ]
SQL: SELECT * FROM `menu` WHERE ( level = 1 AND trash = '0' ) ORDER BY sort ASC  [ RunTime:0.0003s ]
SQL: SELECT * FROM `menu` WHERE ( father = 1 AND trash = '0' ) ORDER BY sort ASC  [ RunTime:0.0002s ]
SQL: SELECT * FROM `menu` WHERE ( father = 2 AND trash = '0' ) ORDER BY sort ASC  [ RunTime:0.0002s ]
SQL: SELECT * FROM `menu` WHERE ( father = 3 AND trash = '0' ) ORDER BY sort ASC  [ RunTime:0.0002s ]
SQL: SELECT * FROM `menu` WHERE ( father = 6 AND trash = '0' ) ORDER BY sort ASC  [ RunTime:0.0002s ]
SQL: SELECT * FROM `menu` WHERE ( father = 7 AND trash = '0' ) ORDER BY sort ASC  [ RunTime:0.0001s ]
INFO: [ view_parse ] --START--
INFO: [ template_filter ] --START--
INFO: Run Behavior\ContentReplaceBehavior [ RunTime:0.000027s ]
INFO: [ template_filter ] --END-- [ RunTime:0.000060s ]
INFO: Run Behavior\ParseTemplateBehavior [ RunTime:0.004443s ]
INFO: [ view_parse ] --END-- [ RunTime:0.004477s ]
INFO: [ view_filter ] --START--
INFO: Run Behavior\WriteHtmlCacheBehavior [ RunTime:0.000238s ]
INFO: [ view_filter ] --END-- [ RunTime:0.000274s ]
INFO: [ app_end ] --START--
INFO: Run Behavior\ShowPageTraceBehavior [ RunTime:0.000361s ]
INFO: [ app_end ] --END-- [ RunTime:0.000387s ]

[ 2016-08-17T16:01:37+08:00 ] 127.0.0.1 /Admin/Menu/menu_manage
INFO: [ app_init ] --START--
INFO: Run Behavior\BuildLiteBehavior [ RunTime:0.000009s ]
INFO: [ app_init ] --END-- [ RunTime:0.000250s ]
INFO: [ app_begin ] --START--
INFO: Run Behavior\ReadHtmlCacheBehavior [ RunTime:0.000449s ]
INFO: [ app_begin ] --END-- [ RunTime:0.000483s ]
SQL: SHOW COLUMNS FROM `menu` [ RunTime:0.0058s ]
SQL: SELECT * FROM `menu` WHERE ( level = 1 AND trash = '0' ) ORDER BY sort ASC  [ RunTime:0.0003s ]
SQL: SELECT * FROM `menu` WHERE ( father = 1 AND trash = '0' ) ORDER BY sort ASC  [ RunTime:0.0002s ]
SQL: SELECT * FROM `menu` WHERE ( father = 2 AND trash = '0' ) ORDER BY sort ASC  [ RunTime:0.0002s ]
SQL: SELECT * FROM `menu` WHERE ( father = 3 AND trash = '0' ) ORDER BY sort ASC  [ RunTime:0.0002s ]
SQL: SELECT * FROM `menu` WHERE ( father = 6 AND trash = '0' ) ORDER BY sort ASC  [ RunTime:0.0002s ]
SQL: SELECT * FROM `menu` WHERE ( father = 7 AND trash = '0' ) ORDER BY sort ASC  [ RunTime:0.0002s ]
SQL: SELECT * FROM `menu` WHERE ( level = 1 ) ORDER BY sort ASC  [ RunTime:0.0002s ]
SQL: SELECT * FROM `menu` WHERE ( father = 1 ) ORDER BY sort ASC  [ RunTime:0.0002s ]
SQL: SELECT * FROM `menu` WHERE ( father = 2 ) ORDER BY sort ASC  [ RunTime:0.0002s ]
SQL: SELECT * FROM `menu` WHERE ( father = 3 ) ORDER BY sort ASC  [ RunTime:0.0002s ]
SQL: SELECT * FROM `menu` WHERE ( father = 6 ) ORDER BY sort ASC  [ RunTime:0.0002s ]
SQL: SELECT * FROM `menu` WHERE ( father = 7 ) ORDER BY sort ASC  [ RunTime:0.0002s ]
INFO: [ view_parse ] --START--
INFO: [ template_filter ] --START--
INFO: Run Behavior\ContentReplaceBehavior [ RunTime:0.000036s ]
INFO: [ template_filter ] --END-- [ RunTime:0.000076s ]
NOTIC: [8] Undefined index: father_name D:\www\ctspace\Application\Runtime\Cache\Admin\62b8354ec8c78dbf763d96dacbca4309.php 第 33 行.
NOTIC: [8] Undefined index: father_name D:\www\ctspace\Application\Runtime\Cache\Admin\62b8354ec8c78dbf763d96dacbca4309.php 第 33 行.
INFO: Run Behavior\ParseTemplateBehavior [ RunTime:0.039057s ]
INFO: [ view_parse ] --END-- [ RunTime:0.039096s ]
INFO: [ view_filter ] --START--
INFO: Run Behavior\WriteHtmlCacheBehavior [ RunTime:0.000328s ]
INFO: [ view_filter ] --END-- [ RunTime:0.000356s ]
INFO: [ app_end ] --START--
INFO: Run Behavior\ShowPageTraceBehavior [ RunTime:0.000462s ]
INFO: [ app_end ] --END-- [ RunTime:0.000493s ]

[ 2016-08-17T16:01:39+08:00 ] 127.0.0.1 /Admin/Menu/add_menu?action=edit&menuid=7
INFO: [ app_init ] --START--
INFO: Run Behavior\BuildLiteBehavior [ RunTime:0.000010s ]
INFO: [ app_init ] --END-- [ RunTime:0.000305s ]
INFO: [ app_begin ] --START--
INFO: Run Behavior\ReadHtmlCacheBehavior [ RunTime:0.000441s ]
INFO: [ app_begin ] --END-- [ RunTime:0.000475s ]
SQL: SHOW COLUMNS FROM `menu` [ RunTime:0.0059s ]
SQL: SELECT * FROM `menu` WHERE ( level = 1 AND trash = '0' ) ORDER BY sort ASC  [ RunTime:0.0004s ]
SQL: SELECT * FROM `menu` WHERE ( father = 1 AND trash = '0' ) ORDER BY sort ASC  [ RunTime:0.0002s ]
SQL: SELECT * FROM `menu` WHERE ( father = 2 AND trash = '0' ) ORDER BY sort ASC  [ RunTime:0.0002s ]
SQL: SELECT * FROM `menu` WHERE ( father = 3 AND trash = '0' ) ORDER BY sort ASC  [ RunTime:0.0002s ]
SQL: SELECT * FROM `menu` WHERE ( father = 6 AND trash = '0' ) ORDER BY sort ASC  [ RunTime:0.0002s ]
SQL: SELECT * FROM `menu` WHERE ( father = 7 AND trash = '0' ) ORDER BY sort ASC  [ RunTime:0.0002s ]
SQL: SELECT * FROM `menu` WHERE ( menuid = 7 ) LIMIT 1   [ RunTime:0.0002s ]
SQL: SELECT * FROM `menu` WHERE ( level <> 3 ) ORDER BY sort ASC  [ RunTime:0.0002s ]
INFO: [ view_parse ] --START--
INFO: [ template_filter ] --START--
INFO: Run Behavior\ContentReplaceBehavior [ RunTime:0.000032s ]
INFO: [ template_filter ] --END-- [ RunTime:0.000072s ]
INFO: Run Behavior\ParseTemplateBehavior [ RunTime:0.030071s ]
INFO: [ view_parse ] --END-- [ RunTime:0.030115s ]
INFO: [ view_filter ] --START--
INFO: Run Behavior\WriteHtmlCacheBehavior [ RunTime:0.000287s ]
INFO: [ view_filter ] --END-- [ RunTime:0.000312s ]
INFO: [ app_end ] --START--
INFO: Run Behavior\ShowPageTraceBehavior [ RunTime:0.000903s ]
INFO: [ app_end ] --END-- [ RunTime:0.000954s ]

[ 2016-08-17T16:01:42+08:00 ] 127.0.0.1 /Admin/Menu/add_menu_submit?action=edit
INFO: [ app_init ] --START--
INFO: Run Behavior\BuildLiteBehavior [ RunTime:0.000008s ]
INFO: [ app_init ] --END-- [ RunTime:0.000234s ]
INFO: [ app_begin ] --START--
INFO: Run Behavior\ReadHtmlCacheBehavior [ RunTime:0.000798s ]
INFO: [ app_begin ] --END-- [ RunTime:0.000841s ]
SQL: SHOW COLUMNS FROM `menu` [ RunTime:0.0140s ]
SQL: SELECT * FROM `menu` WHERE ( level = 1 AND trash = '0' ) ORDER BY sort ASC  [ RunTime:0.0003s ]
SQL: SELECT * FROM `menu` WHERE ( father = 1 AND trash = '0' ) ORDER BY sort ASC  [ RunTime:0.0002s ]
SQL: SELECT * FROM `menu` WHERE ( father = 2 AND trash = '0' ) ORDER BY sort ASC  [ RunTime:0.0002s ]
SQL: SELECT * FROM `menu` WHERE ( father = 3 AND trash = '0' ) ORDER BY sort ASC  [ RunTime:0.0002s ]
SQL: SELECT * FROM `menu` WHERE ( father = 6 AND trash = '0' ) ORDER BY sort ASC  [ RunTime:0.0002s ]
SQL: SELECT * FROM `menu` WHERE ( father = 7 AND trash = '0' ) ORDER BY sort ASC  [ RunTime:0.0002s ]
SQL: UPDATE `menu` SET `father`='6',`name`='广告',`level`='3',`m`='Extra',`c`='Index',`a`='poster_manage',`sort`='0',`update_id`='1',`update_time`='1471420902',`update_name`='admin' WHERE ( menuid = 7 ) [ RunTime:0.1259s ]
INFO: [ view_parse ] --START--
INFO: [ template_filter ] --START--
INFO: Run Behavior\ContentReplaceBehavior [ RunTime:0.000057s ]
INFO: [ template_filter ] --END-- [ RunTime:0.000133s ]
INFO: Run Behavior\ParseTemplateBehavior [ RunTime:0.007384s ]
INFO: [ view_parse ] --END-- [ RunTime:0.007448s ]
INFO: [ view_filter ] --START--
INFO: Run Behavior\WriteHtmlCacheBehavior [ RunTime:0.000775s ]
INFO: [ view_filter ] --END-- [ RunTime:0.000840s ]
INFO: [ app_end ] --START--
INFO: Run Behavior\ShowPageTraceBehavior [ RunTime:0.001200s ]
INFO: [ app_end ] --END-- [ RunTime:0.001274s ]

[ 2016-08-17T16:01:43+08:00 ] 127.0.0.1 /Admin/Menu/menu_manage
INFO: [ app_init ] --START--
INFO: Run Behavior\BuildLiteBehavior [ RunTime:0.000017s ]
INFO: [ app_init ] --END-- [ RunTime:0.000515s ]
INFO: [ app_begin ] --START--
INFO: Run Behavior\ReadHtmlCacheBehavior [ RunTime:0.000861s ]
INFO: [ app_begin ] --END-- [ RunTime:0.000929s ]
SQL: SHOW COLUMNS FROM `menu` [ RunTime:0.0062s ]
SQL: SELECT * FROM `menu` WHERE ( level = 1 AND trash = '0' ) ORDER BY sort ASC  [ RunTime:0.0003s ]
SQL: SELECT * FROM `menu` WHERE ( father = 1 AND trash = '0' ) ORDER BY sort ASC  [ RunTime:0.0002s ]
SQL: SELECT * FROM `menu` WHERE ( father = 2 AND trash = '0' ) ORDER BY sort ASC  [ RunTime:0.0002s ]
SQL: SELECT * FROM `menu` WHERE ( father = 3 AND trash = '0' ) ORDER BY sort ASC  [ RunTime:0.0002s ]
SQL: SELECT * FROM `menu` WHERE ( father = 6 AND trash = '0' ) ORDER BY sort ASC  [ RunTime:0.0002s ]
SQL: SELECT * FROM `menu` WHERE ( father = 7 AND trash = '0' ) ORDER BY sort ASC  [ RunTime:0.0001s ]
SQL: SELECT * FROM `menu` WHERE ( level = 1 ) ORDER BY sort ASC  [ RunTime:0.0001s ]
SQL: SELECT * FROM `menu` WHERE ( father = 1 ) ORDER BY sort ASC  [ RunTime:0.0002s ]
SQL: SELECT * FROM `menu` WHERE ( father = 2 ) ORDER BY sort ASC  [ RunTime:0.0002s ]
SQL: SELECT * FROM `menu` WHERE ( father = 3 ) ORDER BY sort ASC  [ RunTime:0.0002s ]
SQL: SELECT * FROM `menu` WHERE ( father = 6 ) ORDER BY sort ASC  [ RunTime:0.0001s ]
SQL: SELECT * FROM `menu` WHERE ( father = 7 ) ORDER BY sort ASC  [ RunTime:0.0002s ]
INFO: [ view_parse ] --START--
INFO: [ template_filter ] --START--
INFO: Run Behavior\ContentReplaceBehavior [ RunTime:0.000031s ]
INFO: [ template_filter ] --END-- [ RunTime:0.000064s ]
NOTIC: [8] Undefined index: father_name D:\www\ctspace\Application\Runtime\Cache\Admin\62b8354ec8c78dbf763d96dacbca4309.php 第 33 行.
NOTIC: [8] Undefined index: father_name D:\www\ctspace\Application\Runtime\Cache\Admin\62b8354ec8c78dbf763d96dacbca4309.php 第 33 行.
INFO: Run Behavior\ParseTemplateBehavior [ RunTime:0.004895s ]
INFO: [ view_parse ] --END-- [ RunTime:0.004925s ]
INFO: [ view_filter ] --START--
INFO: Run Behavior\WriteHtmlCacheBehavior [ RunTime:0.000283s ]
INFO: [ view_filter ] --END-- [ RunTime:0.000309s ]
INFO: [ app_end ] --START--
INFO: Run Behavior\ShowPageTraceBehavior [ RunTime:0.000401s ]
INFO: [ app_end ] --END-- [ RunTime:0.000428s ]

[ 2016-08-17T16:01:54+08:00 ] 127.0.0.1 /Admin/Index/index
INFO: [ app_init ] --START--
INFO: Run Behavior\BuildLiteBehavior [ RunTime:0.000011s ]
INFO: [ app_init ] --END-- [ RunTime:0.000265s ]
INFO: [ app_begin ] --START--
INFO: Run Behavior\ReadHtmlCacheBehavior [ RunTime:0.000671s ]
INFO: [ app_begin ] --END-- [ RunTime:0.000731s ]
SQL: SHOW COLUMNS FROM `menu` [ RunTime:0.0060s ]
SQL: SELECT * FROM `menu` WHERE ( level = 1 AND trash = '0' ) ORDER BY sort ASC  [ RunTime:0.0003s ]
SQL: SELECT * FROM `menu` WHERE ( father = 1 AND trash = '0' ) ORDER BY sort ASC  [ RunTime:0.0002s ]
SQL: SELECT * FROM `menu` WHERE ( father = 2 AND trash = '0' ) ORDER BY sort ASC  [ RunTime:0.0002s ]
SQL: SELECT * FROM `menu` WHERE ( father = 3 AND trash = '0' ) ORDER BY sort ASC  [ RunTime:0.0002s ]
SQL: SELECT * FROM `menu` WHERE ( father = 6 AND trash = '0' ) ORDER BY sort ASC  [ RunTime:0.0002s ]
SQL: SELECT * FROM `menu` WHERE ( father = 7 AND trash = '0' ) ORDER BY sort ASC  [ RunTime:0.0002s ]
INFO: [ view_parse ] --START--
INFO: [ template_filter ] --START--
INFO: Run Behavior\ContentReplaceBehavior [ RunTime:0.000028s ]
INFO: [ template_filter ] --END-- [ RunTime:0.000070s ]
INFO: Run Behavior\ParseTemplateBehavior [ RunTime:0.004508s ]
INFO: [ view_parse ] --END-- [ RunTime:0.004547s ]
INFO: [ view_filter ] --START--
INFO: Run Behavior\WriteHtmlCacheBehavior [ RunTime:0.000310s ]
INFO: [ view_filter ] --END-- [ RunTime:0.000337s ]
INFO: [ app_end ] --START--
INFO: Run Behavior\ShowPageTraceBehavior [ RunTime:0.000435s ]
INFO: [ app_end ] --END-- [ RunTime:0.000465s ]

[ 2016-08-17T16:01:56+08:00 ] 127.0.0.1 /Admin/Menu/menu_manage
INFO: [ app_init ] --START--
INFO: Run Behavior\BuildLiteBehavior [ RunTime:0.000010s ]
INFO: [ app_init ] --END-- [ RunTime:0.000345s ]
INFO: [ app_begin ] --START--
INFO: Run Behavior\ReadHtmlCacheBehavior [ RunTime:0.000441s ]
INFO: [ app_begin ] --END-- [ RunTime:0.000486s ]
SQL: SHOW COLUMNS FROM `menu` [ RunTime:0.0058s ]
SQL: SELECT * FROM `menu` WHERE ( level = 1 AND trash = '0' ) ORDER BY sort ASC  [ RunTime:0.0003s ]
SQL: SELECT * FROM `menu` WHERE ( father = 1 AND trash = '0' ) ORDER BY sort ASC  [ RunTime:0.0002s ]
SQL: SELECT * FROM `menu` WHERE ( father = 2 AND trash = '0' ) ORDER BY sort ASC  [ RunTime:0.0002s ]
SQL: SELECT * FROM `menu` WHERE ( father = 3 AND trash = '0' ) ORDER BY sort ASC  [ RunTime:0.0002s ]
SQL: SELECT * FROM `menu` WHERE ( father = 6 AND trash = '0' ) ORDER BY sort ASC  [ RunTime:0.0002s ]
SQL: SELECT * FROM `menu` WHERE ( father = 7 AND trash = '0' ) ORDER BY sort ASC  [ RunTime:0.0002s ]
SQL: SELECT * FROM `menu` WHERE ( level = 1 ) ORDER BY sort ASC  [ RunTime:0.0002s ]
SQL: SELECT * FROM `menu` WHERE ( father = 1 ) ORDER BY sort ASC  [ RunTime:0.0002s ]
SQL: SELECT * FROM `menu` WHERE ( father = 2 ) ORDER BY sort ASC  [ RunTime:0.0002s ]
SQL: SELECT * FROM `menu` WHERE ( father = 3 ) ORDER BY sort ASC  [ RunTime:0.0002s ]
SQL: SELECT * FROM `menu` WHERE ( father = 6 ) ORDER BY sort ASC  [ RunTime:0.0002s ]
SQL: SELECT * FROM `menu` WHERE ( father = 7 ) ORDER BY sort ASC  [ RunTime:0.0002s ]
INFO: [ view_parse ] --START--
INFO: [ template_filter ] --START--
INFO: Run Behavior\ContentReplaceBehavior [ RunTime:0.000035s ]
INFO: [ template_filter ] --END-- [ RunTime:0.000072s ]
NOTIC: [8] Undefined index: father_name D:\www\ctspace\Application\Runtime\Cache\Admin\62b8354ec8c78dbf763d96dacbca4309.php 第 33 行.
NOTIC: [8] Undefined index: father_name D:\www\ctspace\Application\Runtime\Cache\Admin\62b8354ec8c78dbf763d96dacbca4309.php 第 33 行.
INFO: Run Behavior\ParseTemplateBehavior [ RunTime:0.004909s ]
INFO: [ view_parse ] --END-- [ RunTime:0.004942s ]
INFO: [ view_filter ] --START--
INFO: Run Behavior\WriteHtmlCacheBehavior [ RunTime:0.000267s ]
INFO: [ view_filter ] --END-- [ RunTime:0.000294s ]
INFO: [ app_end ] --START--
INFO: Run Behavior\ShowPageTraceBehavior [ RunTime:0.000400s ]
INFO: [ app_end ] --END-- [ RunTime:0.000429s ]

[ 2016-08-17T17:06:57+08:00 ] 127.0.0.1 /Admin/Index/index
INFO: [ app_init ] --START--
INFO: Run Behavior\BuildLiteBehavior [ RunTime:0.000013s ]
INFO: [ app_init ] --END-- [ RunTime:0.000353s ]
INFO: [ app_begin ] --START--
INFO: Run Behavior\ReadHtmlCacheBehavior [ RunTime:0.000487s ]
INFO: [ app_begin ] --END-- [ RunTime:0.000550s ]
SQL: SHOW COLUMNS FROM `menu` [ RunTime:0.0100s ]
SQL: SELECT * FROM `menu` WHERE ( level = 1 AND trash = '0' ) ORDER BY sort ASC  [ RunTime:0.0005s ]
SQL: SELECT * FROM `menu` WHERE ( father = 1 AND trash = '0' ) ORDER BY sort ASC  [ RunTime:0.0002s ]
SQL: SELECT * FROM `menu` WHERE ( father = 2 AND trash = '0' ) ORDER BY sort ASC  [ RunTime:0.0003s ]
SQL: SELECT * FROM `menu` WHERE ( father = 3 AND trash = '0' ) ORDER BY sort ASC  [ RunTime:0.0003s ]
SQL: SELECT * FROM `menu` WHERE ( father = 6 AND trash = '0' ) ORDER BY sort ASC  [ RunTime:0.0002s ]
SQL: SELECT * FROM `menu` WHERE ( father = 7 AND trash = '0' ) ORDER BY sort ASC  [ RunTime:0.0002s ]

[ 2016-08-17T17:07:00+08:00 ] 127.0.0.1 /index.php/Admin/Index/login.html
INFO: [ app_init ] --START--
INFO: Run Behavior\BuildLiteBehavior [ RunTime:0.000020s ]
INFO: [ app_init ] --END-- [ RunTime:0.000594s ]
INFO: [ app_begin ] --START--
INFO: Run Behavior\ReadHtmlCacheBehavior [ RunTime:0.000846s ]
INFO: [ app_begin ] --END-- [ RunTime:0.000921s ]
SQL: SHOW COLUMNS FROM `menu` [ RunTime:0.0076s ]
SQL: SELECT * FROM `menu` WHERE ( level = 1 AND trash = '0' ) ORDER BY sort ASC  [ RunTime:0.0004s ]
SQL: SELECT * FROM `menu` WHERE ( father = 1 AND trash = '0' ) ORDER BY sort ASC  [ RunTime:0.0002s ]
SQL: SELECT * FROM `menu` WHERE ( father = 2 AND trash = '0' ) ORDER BY sort ASC  [ RunTime:0.0002s ]
SQL: SELECT * FROM `menu` WHERE ( father = 3 AND trash = '0' ) ORDER BY sort ASC  [ RunTime:0.0003s ]
SQL: SELECT * FROM `menu` WHERE ( father = 6 AND trash = '0' ) ORDER BY sort ASC  [ RunTime:0.0003s ]
SQL: SELECT * FROM `menu` WHERE ( father = 7 AND trash = '0' ) ORDER BY sort ASC  [ RunTime:0.0003s ]
INFO: [ view_parse ] --START--
INFO: [ template_filter ] --START--
INFO: Run Behavior\ContentReplaceBehavior [ RunTime:0.000043s ]
INFO: [ template_filter ] --END-- [ RunTime:0.000085s ]
INFO: Run Behavior\ParseTemplateBehavior [ RunTime:0.011131s ]
INFO: [ view_parse ] --END-- [ RunTime:0.011193s ]
INFO: [ view_filter ] --START--
INFO: Run Behavior\WriteHtmlCacheBehavior [ RunTime:0.000354s ]
INFO: [ view_filter ] --END-- [ RunTime:0.000387s ]
INFO: [ app_end ] --START--
INFO: Run Behavior\ShowPageTraceBehavior [ RunTime:0.000789s ]
INFO: [ app_end ] --END-- [ RunTime:0.000828s ]

[ 2016-08-17T17:07:00+08:00 ] 127.0.0.1 /index.php/Admin/Index/verify_c.html
INFO: [ app_init ] --START--
INFO: Run Behavior\BuildLiteBehavior [ RunTime:0.000025s ]
INFO: [ app_init ] --END-- [ RunTime:0.000289s ]
INFO: [ app_begin ] --START--
INFO: Run Behavior\ReadHtmlCacheBehavior [ RunTime:0.000377s ]
INFO: [ app_begin ] --END-- [ RunTime:0.000420s ]
SQL: SHOW COLUMNS FROM `menu` [ RunTime:0.0032s ]
SQL: SELECT * FROM `menu` WHERE ( level = 1 AND trash = '0' ) ORDER BY sort ASC  [ RunTime:0.0003s ]
SQL: SELECT * FROM `menu` WHERE ( father = 1 AND trash = '0' ) ORDER BY sort ASC  [ RunTime:0.0003s ]
SQL: SELECT * FROM `menu` WHERE ( father = 2 AND trash = '0' ) ORDER BY sort ASC  [ RunTime:0.0002s ]
SQL: SELECT * FROM `menu` WHERE ( father = 3 AND trash = '0' ) ORDER BY sort ASC  [ RunTime:0.0002s ]
SQL: SELECT * FROM `menu` WHERE ( father = 6 AND trash = '0' ) ORDER BY sort ASC  [ RunTime:0.0002s ]
SQL: SELECT * FROM `menu` WHERE ( father = 7 AND trash = '0' ) ORDER BY sort ASC  [ RunTime:0.0002s ]
INFO: [ app_end ] --START--
INFO: Run Behavior\ShowPageTraceBehavior [ RunTime:0.000786s ]
INFO: [ app_end ] --END-- [ RunTime:0.000878s ]

[ 2016-08-17T17:07:05+08:00 ] 127.0.0.1 /Admin/Index/ajax_check_login
INFO: [ app_init ] --START--
INFO: Run Behavior\BuildLiteBehavior [ RunTime:0.000010s ]
INFO: [ app_init ] --END-- [ RunTime:0.000258s ]
INFO: [ app_begin ] --START--
INFO: Run Behavior\ReadHtmlCacheBehavior [ RunTime:0.000381s ]
INFO: [ app_begin ] --END-- [ RunTime:0.000415s ]
SQL: SHOW COLUMNS FROM `menu` [ RunTime:0.0072s ]
SQL: SELECT * FROM `menu` WHERE ( level = 1 AND trash = '0' ) ORDER BY sort ASC  [ RunTime:0.0003s ]
SQL: SELECT * FROM `menu` WHERE ( father = 1 AND trash = '0' ) ORDER BY sort ASC  [ RunTime:0.0002s ]
SQL: SELECT * FROM `menu` WHERE ( father = 2 AND trash = '0' ) ORDER BY sort ASC  [ RunTime:0.0002s ]
SQL: SELECT * FROM `menu` WHERE ( father = 3 AND trash = '0' ) ORDER BY sort ASC  [ RunTime:0.0002s ]
SQL: SELECT * FROM `menu` WHERE ( father = 6 AND trash = '0' ) ORDER BY sort ASC  [ RunTime:0.0002s ]
SQL: SELECT * FROM `menu` WHERE ( father = 7 AND trash = '0' ) ORDER BY sort ASC  [ RunTime:0.0001s ]
INFO: [ view_parse ] --START--
INFO: [ template_filter ] --START--
INFO: Run Behavior\ContentReplaceBehavior [ RunTime:0.000042s ]
INFO: [ template_filter ] --END-- [ RunTime:0.000097s ]
INFO: Run Behavior\ParseTemplateBehavior [ RunTime:0.004673s ]
INFO: [ view_parse ] --END-- [ RunTime:0.004719s ]
INFO: [ view_filter ] --START--
INFO: Run Behavior\WriteHtmlCacheBehavior [ RunTime:0.000276s ]
INFO: [ view_filter ] --END-- [ RunTime:0.000303s ]

[ 2016-08-17T17:07:08+08:00 ] 127.0.0.1 /Admin/Index/login
INFO: [ app_init ] --START--
INFO: Run Behavior\BuildLiteBehavior [ RunTime:0.000017s ]
INFO: [ app_init ] --END-- [ RunTime:0.000491s ]
INFO: [ app_begin ] --START--
INFO: Run Behavior\ReadHtmlCacheBehavior [ RunTime:0.000744s ]
INFO: [ app_begin ] --END-- [ RunTime:0.000808s ]
SQL: SHOW COLUMNS FROM `menu` [ RunTime:0.0113s ]
SQL: SELECT * FROM `menu` WHERE ( level = 1 AND trash = '0' ) ORDER BY sort ASC  [ RunTime:0.0004s ]
SQL: SELECT * FROM `menu` WHERE ( father = 1 AND trash = '0' ) ORDER BY sort ASC  [ RunTime:0.0003s ]
SQL: SELECT * FROM `menu` WHERE ( father = 2 AND trash = '0' ) ORDER BY sort ASC  [ RunTime:0.0002s ]
SQL: SELECT * FROM `menu` WHERE ( father = 3 AND trash = '0' ) ORDER BY sort ASC  [ RunTime:0.0003s ]
SQL: SELECT * FROM `menu` WHERE ( father = 6 AND trash = '0' ) ORDER BY sort ASC  [ RunTime:0.0003s ]
SQL: SELECT * FROM `menu` WHERE ( father = 7 AND trash = '0' ) ORDER BY sort ASC  [ RunTime:0.0002s ]
INFO: [ view_parse ] --START--
INFO: [ template_filter ] --START--
INFO: Run Behavior\ContentReplaceBehavior [ RunTime:0.000049s ]
INFO: [ template_filter ] --END-- [ RunTime:0.000092s ]
INFO: Run Behavior\ParseTemplateBehavior [ RunTime:0.005255s ]
INFO: [ view_parse ] --END-- [ RunTime:0.005299s ]
INFO: [ view_filter ] --START--
INFO: Run Behavior\WriteHtmlCacheBehavior [ RunTime:0.000382s ]
INFO: [ view_filter ] --END-- [ RunTime:0.000416s ]
INFO: [ app_end ] --START--
INFO: Run Behavior\ShowPageTraceBehavior [ RunTime:0.000503s ]
INFO: [ app_end ] --END-- [ RunTime:0.000540s ]

[ 2016-08-17T17:07:08+08:00 ] 127.0.0.1 /index.php/Admin/Index/verify_c.html
INFO: [ app_init ] --START--
INFO: Run Behavior\BuildLiteBehavior [ RunTime:0.000022s ]
INFO: [ app_init ] --END-- [ RunTime:0.000447s ]
INFO: [ app_begin ] --START--
INFO: Run Behavior\ReadHtmlCacheBehavior [ RunTime:0.000787s ]
INFO: [ app_begin ] --END-- [ RunTime:0.000862s ]
SQL: SHOW COLUMNS FROM `menu` [ RunTime:0.0041s ]
SQL: SELECT * FROM `menu` WHERE ( level = 1 AND trash = '0' ) ORDER BY sort ASC  [ RunTime:0.0004s ]
SQL: SELECT * FROM `menu` WHERE ( father = 1 AND trash = '0' ) ORDER BY sort ASC  [ RunTime:0.0002s ]
SQL: SELECT * FROM `menu` WHERE ( father = 2 AND trash = '0' ) ORDER BY sort ASC  [ RunTime:0.0003s ]
SQL: SELECT * FROM `menu` WHERE ( father = 3 AND trash = '0' ) ORDER BY sort ASC  [ RunTime:0.0003s ]
SQL: SELECT * FROM `menu` WHERE ( father = 6 AND trash = '0' ) ORDER BY sort ASC  [ RunTime:0.0002s ]
SQL: SELECT * FROM `menu` WHERE ( father = 7 AND trash = '0' ) ORDER BY sort ASC  [ RunTime:0.0002s ]
INFO: [ app_end ] --START--
INFO: Run Behavior\ShowPageTraceBehavior [ RunTime:0.001872s ]
INFO: [ app_end ] --END-- [ RunTime:0.002159s ]

[ 2016-08-17T17:07:10+08:00 ] 127.0.0.1 /index.php/Admin/Index/verify_c.html?c=0.3495401949621737
INFO: [ app_init ] --START--
INFO: Run Behavior\BuildLiteBehavior [ RunTime:0.000010s ]
INFO: [ app_init ] --END-- [ RunTime:0.000273s ]
INFO: [ app_begin ] --START--
INFO: Run Behavior\ReadHtmlCacheBehavior [ RunTime:0.000389s ]
INFO: [ app_begin ] --END-- [ RunTime:0.000423s ]
SQL: SHOW COLUMNS FROM `menu` [ RunTime:0.0062s ]
SQL: SELECT * FROM `menu` WHERE ( level = 1 AND trash = '0' ) ORDER BY sort ASC  [ RunTime:0.0003s ]
SQL: SELECT * FROM `menu` WHERE ( father = 1 AND trash = '0' ) ORDER BY sort ASC  [ RunTime:0.0002s ]
SQL: SELECT * FROM `menu` WHERE ( father = 2 AND trash = '0' ) ORDER BY sort ASC  [ RunTime:0.0002s ]
SQL: SELECT * FROM `menu` WHERE ( father = 3 AND trash = '0' ) ORDER BY sort ASC  [ RunTime:0.0002s ]
SQL: SELECT * FROM `menu` WHERE ( father = 6 AND trash = '0' ) ORDER BY sort ASC  [ RunTime:0.0002s ]
SQL: SELECT * FROM `menu` WHERE ( father = 7 AND trash = '0' ) ORDER BY sort ASC  [ RunTime:0.0002s ]
INFO: [ app_end ] --START--
INFO: Run Behavior\ShowPageTraceBehavior [ RunTime:0.000409s ]
INFO: [ app_end ] --END-- [ RunTime:0.000446s ]

[ 2016-08-17T17:07:12+08:00 ] 127.0.0.1 /Admin/Index/ajax_check_login
INFO: [ app_init ] --START--
INFO: Run Behavior\BuildLiteBehavior [ RunTime:0.000009s ]
INFO: [ app_init ] --END-- [ RunTime:0.000259s ]
INFO: [ app_begin ] --START--
INFO: Run Behavior\ReadHtmlCacheBehavior [ RunTime:0.000381s ]
INFO: [ app_begin ] --END-- [ RunTime:0.000416s ]
SQL: SHOW COLUMNS FROM `menu` [ RunTime:0.0176s ]
SQL: SELECT * FROM `menu` WHERE ( level = 1 AND trash = '0' ) ORDER BY sort ASC  [ RunTime:0.0003s ]
SQL: SELECT * FROM `menu` WHERE ( father = 1 AND trash = '0' ) ORDER BY sort ASC  [ RunTime:0.0002s ]
SQL: SELECT * FROM `menu` WHERE ( father = 2 AND trash = '0' ) ORDER BY sort ASC  [ RunTime:0.0002s ]
SQL: SELECT * FROM `menu` WHERE ( father = 3 AND trash = '0' ) ORDER BY sort ASC  [ RunTime:0.0002s ]
SQL: SELECT * FROM `menu` WHERE ( father = 6 AND trash = '0' ) ORDER BY sort ASC  [ RunTime:0.0002s ]
SQL: SELECT * FROM `menu` WHERE ( father = 7 AND trash = '0' ) ORDER BY sort ASC  [ RunTime:0.0002s ]
SQL: SHOW COLUMNS FROM `admin_user` [ RunTime:0.0318s ]
SQL: SELECT * FROM `admin_user` WHERE ( admin_name ='admin' AND trash = '0' ) LIMIT 1   [ RunTime:0.0003s ]
SQL: UPDATE `admin_user` SET `login_time`='1471424832',`login_ip`='127.0.0.1' WHERE ( admin_name = 'admin' ) [ RunTime:0.0696s ]
INFO: [ view_parse ] --START--
INFO: [ template_filter ] --START--
INFO: Run Behavior\ContentReplaceBehavior [ RunTime:0.000029s ]
INFO: [ template_filter ] --END-- [ RunTime:0.000062s ]
INFO: Run Behavior\ParseTemplateBehavior [ RunTime:0.004263s ]
INFO: [ view_parse ] --END-- [ RunTime:0.004301s ]
INFO: [ view_filter ] --START--
INFO: Run Behavior\WriteHtmlCacheBehavior [ RunTime:0.000257s ]
INFO: [ view_filter ] --END-- [ RunTime:0.000283s ]
INFO: [ app_end ] --START--
INFO: Run Behavior\ShowPageTraceBehavior [ RunTime:0.000387s ]
INFO: [ app_end ] --END-- [ RunTime:0.000414s ]

[ 2016-08-17T17:07:14+08:00 ] 127.0.0.1 /Admin/Index/index
INFO: [ app_init ] --START--
INFO: Run Behavior\BuildLiteBehavior [ RunTime:0.000023s ]
INFO: [ app_init ] --END-- [ RunTime:0.000641s ]
INFO: [ app_begin ] --START--
INFO: Run Behavior\ReadHtmlCacheBehavior [ RunTime:0.000962s ]
INFO: [ app_begin ] --END-- [ RunTime:0.001051s ]
SQL: SHOW COLUMNS FROM `menu` [ RunTime:0.0071s ]
SQL: SELECT * FROM `menu` WHERE ( level = 1 AND trash = '0' ) ORDER BY sort ASC  [ RunTime:0.0003s ]
SQL: SELECT * FROM `menu` WHERE ( father = 1 AND trash = '0' ) ORDER BY sort ASC  [ RunTime:0.0002s ]
SQL: SELECT * FROM `menu` WHERE ( father = 2 AND trash = '0' ) ORDER BY sort ASC  [ RunTime:0.0002s ]
SQL: SELECT * FROM `menu` WHERE ( father = 3 AND trash = '0' ) ORDER BY sort ASC  [ RunTime:0.0002s ]
SQL: SELECT * FROM `menu` WHERE ( father = 6 AND trash = '0' ) ORDER BY sort ASC  [ RunTime:0.0002s ]
SQL: SELECT * FROM `menu` WHERE ( father = 7 AND trash = '0' ) ORDER BY sort ASC  [ RunTime:0.0002s ]
INFO: [ view_parse ] --START--
INFO: [ template_filter ] --START--
INFO: Run Behavior\ContentReplaceBehavior [ RunTime:0.000029s ]
INFO: [ template_filter ] --END-- [ RunTime:0.000065s ]
INFO: Run Behavior\ParseTemplateBehavior [ RunTime:0.007790s ]
INFO: [ view_parse ] --END-- [ RunTime:0.007836s ]
INFO: [ view_filter ] --START--
INFO: Run Behavior\WriteHtmlCacheBehavior [ RunTime:0.000279s ]
INFO: [ view_filter ] --END-- [ RunTime:0.000307s ]
INFO: [ app_end ] --START--
INFO: Run Behavior\ShowPageTraceBehavior [ RunTime:0.000416s ]
INFO: [ app_end ] --END-- [ RunTime:0.000445s ]

[ 2016-08-17T17:08:08+08:00 ] 127.0.0.1 /Admin/Index/index
INFO: [ app_init ] --START--
INFO: Run Behavior\BuildLiteBehavior [ RunTime:0.000013s ]
INFO: [ app_init ] --END-- [ RunTime:0.000361s ]
INFO: [ app_begin ] --START--
INFO: Run Behavior\ReadHtmlCacheBehavior [ RunTime:0.000622s ]
INFO: [ app_begin ] --END-- [ RunTime:0.000670s ]
SQL: SHOW COLUMNS FROM `menu` [ RunTime:0.0090s ]
SQL: SELECT * FROM `menu` WHERE ( level = 1 AND trash = '0' ) ORDER BY sort ASC  [ RunTime:0.0004s ]
SQL: SELECT * FROM `menu` WHERE ( father = 1 AND trash = '0' ) ORDER BY sort ASC  [ RunTime:0.0003s ]
SQL: SELECT * FROM `menu` WHERE ( father = 2 AND trash = '0' ) ORDER BY sort ASC  [ RunTime:0.0002s ]
SQL: SELECT * FROM `menu` WHERE ( father = 3 AND trash = '0' ) ORDER BY sort ASC  [ RunTime:0.0002s ]
SQL: SELECT * FROM `menu` WHERE ( father = 6 AND trash = '0' ) ORDER BY sort ASC  [ RunTime:0.0002s ]
SQL: SELECT * FROM `menu` WHERE ( father = 7 AND trash = '0' ) ORDER BY sort ASC  [ RunTime:0.0002s ]
INFO: [ view_parse ] --START--
INFO: [ template_filter ] --START--
INFO: Run Behavior\ContentReplaceBehavior [ RunTime:0.000032s ]
INFO: [ template_filter ] --END-- [ RunTime:0.000077s ]
INFO: Run Behavior\ParseTemplateBehavior [ RunTime:0.005744s ]
INFO: [ view_parse ] --END-- [ RunTime:0.005800s ]
INFO: [ view_filter ] --START--
INFO: Run Behavior\WriteHtmlCacheBehavior [ RunTime:0.000356s ]
INFO: [ view_filter ] --END-- [ RunTime:0.000390s ]
INFO: [ app_end ] --START--
INFO: Run Behavior\ShowPageTraceBehavior [ RunTime:0.000560s ]
INFO: [ app_end ] --END-- [ RunTime:0.000603s ]

[ 2016-08-17T17:08:41+08:00 ] 127.0.0.1 /Admin/Index/index
INFO: [ app_init ] --START--
INFO: Run Behavior\BuildLiteBehavior [ RunTime:0.000014s ]
INFO: [ app_init ] --END-- [ RunTime:0.000440s ]
INFO: [ app_begin ] --START--
INFO: Run Behavior\ReadHtmlCacheBehavior [ RunTime:0.000634s ]
INFO: [ app_begin ] --END-- [ RunTime:0.000690s ]
SQL: SHOW COLUMNS FROM `menu` [ RunTime:0.0092s ]
SQL: SELECT * FROM `menu` WHERE ( level = 1 AND trash = '0' ) ORDER BY sort ASC  [ RunTime:0.0005s ]
SQL: SELECT * FROM `menu` WHERE ( father = 1 AND trash = '0' ) ORDER BY sort ASC  [ RunTime:0.0004s ]
SQL: SELECT * FROM `menu` WHERE ( father = 2 AND trash = '0' ) ORDER BY sort ASC  [ RunTime:0.0004s ]
SQL: SELECT * FROM `menu` WHERE ( father = 3 AND trash = '0' ) ORDER BY sort ASC  [ RunTime:0.0004s ]
SQL: SELECT * FROM `menu` WHERE ( father = 6 AND trash = '0' ) ORDER BY sort ASC  [ RunTime:0.0005s ]
SQL: SELECT * FROM `menu` WHERE ( father = 7 AND trash = '0' ) ORDER BY sort ASC  [ RunTime:0.0003s ]
INFO: [ view_parse ] --START--
INFO: [ template_filter ] --START--
INFO: Run Behavior\ContentReplaceBehavior [ RunTime:0.000042s ]
INFO: [ template_filter ] --END-- [ RunTime:0.000100s ]
INFO: Run Behavior\ParseTemplateBehavior [ RunTime:0.006667s ]
INFO: [ view_parse ] --END-- [ RunTime:0.006733s ]
INFO: [ view_filter ] --START--
INFO: Run Behavior\WriteHtmlCacheBehavior [ RunTime:0.000425s ]
INFO: [ view_filter ] --END-- [ RunTime:0.000467s ]
INFO: [ app_end ] --START--
INFO: Run Behavior\ShowPageTraceBehavior [ RunTime:0.000652s ]
INFO: [ app_end ] --END-- [ RunTime:0.000699s ]

[ 2016-08-17T17:47:54+08:00 ] 127.0.0.1 /Admin/Index/index
INFO: [ app_init ] --START--
INFO: Run Behavior\BuildLiteBehavior [ RunTime:0.000010s ]
INFO: [ app_init ] --END-- [ RunTime:0.000280s ]
INFO: [ app_begin ] --START--
INFO: Run Behavior\ReadHtmlCacheBehavior [ RunTime:0.000423s ]
INFO: [ app_begin ] --END-- [ RunTime:0.000460s ]
SQL: SHOW COLUMNS FROM `menu` [ RunTime:0.0110s ]
SQL: SELECT * FROM `menu` WHERE ( level = 1 AND trash = '0' ) ORDER BY sort ASC  [ RunTime:0.0003s ]
SQL: SELECT * FROM `menu` WHERE ( father = 1 AND trash = '0' ) ORDER BY sort ASC  [ RunTime:0.0002s ]
SQL: SELECT * FROM `menu` WHERE ( father = 2 AND trash = '0' ) ORDER BY sort ASC  [ RunTime:0.0002s ]
SQL: SELECT * FROM `menu` WHERE ( father = 3 AND trash = '0' ) ORDER BY sort ASC  [ RunTime:0.0003s ]
SQL: SELECT * FROM `menu` WHERE ( father = 6 AND trash = '0' ) ORDER BY sort ASC  [ RunTime:0.0003s ]
SQL: SELECT * FROM `menu` WHERE ( father = 7 AND trash = '0' ) ORDER BY sort ASC  [ RunTime:0.0002s ]
INFO: [ view_parse ] --START--
INFO: [ template_filter ] --START--
INFO: Run Behavior\ContentReplaceBehavior [ RunTime:0.000024s ]
INFO: [ template_filter ] --END-- [ RunTime:0.000054s ]
INFO: Run Behavior\ParseTemplateBehavior [ RunTime:0.027779s ]
INFO: [ view_parse ] --END-- [ RunTime:0.027826s ]
INFO: [ view_filter ] --START--
INFO: Run Behavior\WriteHtmlCacheBehavior [ RunTime:0.000257s ]
INFO: [ view_filter ] --END-- [ RunTime:0.000282s ]
INFO: [ app_end ] --START--
INFO: Run Behavior\ShowPageTraceBehavior [ RunTime:0.000407s ]
INFO: [ app_end ] --END-- [ RunTime:0.000433s ]

[ 2016-08-17T17:48:53+08:00 ] 127.0.0.1 /Admin/Index/index
INFO: [ app_init ] --START--
INFO: Run Behavior\BuildLiteBehavior [ RunTime:0.000008s ]
INFO: [ app_init ] --END-- [ RunTime:0.000281s ]
INFO: [ app_begin ] --START--
INFO: Run Behavior\ReadHtmlCacheBehavior [ RunTime:0.000417s ]
INFO: [ app_begin ] --END-- [ RunTime:0.000448s ]
SQL: SHOW COLUMNS FROM `menu` [ RunTime:0.0062s ]
SQL: SELECT * FROM `menu` WHERE ( level = 1 AND trash = '0' ) ORDER BY sort ASC  [ RunTime:0.0004s ]
SQL: SELECT * FROM `menu` WHERE ( father = 1 AND trash = '0' ) ORDER BY sort ASC  [ RunTime:0.0003s ]
SQL: SELECT * FROM `menu` WHERE ( father = 2 AND trash = '0' ) ORDER BY sort ASC  [ RunTime:0.0003s ]
SQL: SELECT * FROM `menu` WHERE ( father = 3 AND trash = '0' ) ORDER BY sort ASC  [ RunTime:0.0003s ]
SQL: SELECT * FROM `menu` WHERE ( father = 6 AND trash = '0' ) ORDER BY sort ASC  [ RunTime:0.0002s ]
SQL: SELECT * FROM `menu` WHERE ( father = 7 AND trash = '0' ) ORDER BY sort ASC  [ RunTime:0.0002s ]
INFO: [ view_parse ] --START--
INFO: [ template_filter ] --START--
INFO: Run Behavior\ContentReplaceBehavior [ RunTime:0.000043s ]
INFO: [ template_filter ] --END-- [ RunTime:0.000102s ]
INFO: Run Behavior\ParseTemplateBehavior [ RunTime:0.006018s ]
INFO: [ view_parse ] --END-- [ RunTime:0.006067s ]
INFO: [ view_filter ] --START--
INFO: Run Behavior\WriteHtmlCacheBehavior [ RunTime:0.000362s ]
INFO: [ view_filter ] --END-- [ RunTime:0.000387s ]
INFO: [ app_end ] --START--
INFO: Run Behavior\ShowPageTraceBehavior [ RunTime:0.000518s ]
INFO: [ app_end ] --END-- [ RunTime:0.000546s ]

